1600863001.860621000 0
1600863001.860783000 1
1600863002.080451000 1
1600863002.080729000 1401
1600863002.132012000 2801
1600863002.132116000 4201
1600863002.132271000 5649
1600863002.183025000 7001
1600863002.183122000 8401
1600863002.183273000 9849
1600863002.232295000 11201
1600863002.232390000 12601
1600863002.232544000 14049
1600863002.530582000 15401
1600863002.530684000 16801
1600863002.530833000 18249
1600863002.930738000 19601
1600863002.930839000 21001
1600863002.930995000 22449
1600863003.180884000 23801
1600863003.180987000 25201
1600863003.181134000 26649
1600863003.379944000 28001
1600863003.380043000 29401
1600863003.380197000 30849
1600863003.581519000 32201
1600863003.581618000 33601
1600863003.581771000 35049
1600863003.779988000 36401
1600863003.780084000 37801
1600863003.780234000 39249
1600863004.029605000 40601
1600863004.029701000 42001
1600863004.029858000 43449
1600863004.081628000 44801
1600863004.081721000 46201
1600863004.081876000 47649
1600863004.331266000 49001
1600863004.331368000 50401
1600863004.331456000 51849
1600863004.629880000 53201
1600863004.630129000 54601
1600863004.830812000 56001
1600863004.830913000 57401
1600863004.831065000 58849
1600863005.029717000 60201
1600863005.029813000 61601
1600863005.029968000 63049
1600863005.084136000 64401
1600863005.084228000 65801
1600863005.084297000 67249
1600863005.084362000 68697
1600863005.084406000 70145
1600863005.084535000 71401
1600863005.084591000 72849
1600863005.084683000 74201
1600863005.084725000 75649
1600863005.084840000 77001
1600863005.084905000 78449
1600863005.084958000 79897
1600863005.580796000 81201
1600863005.580901000 82601
1600863005.581047000 84049
1600863005.779217000 85401
1600863005.779315000 86801
1600863005.779443000 88249
1600863006.029182000 89601
1600863006.029283000 91001
1600863006.029368000 92449
1600863006.230055000 93801
1600863006.230169000 95201
1600863006.230312000 96649
1600863006.428794000 98001
1600863006.428898000 99401
1600863006.429052000 100849
1600863006.628942000 102201
1600863006.629045000 103601
1600863006.629139000 105049
1600863006.778795000 106401
1600863006.779035000 107801
1600863006.928910000 109201
1600863006.929012000 110601
1600863006.929115000 112049
1600863007.128714000 113401
1600863007.128816000 114801
1600863007.128970000 116249
1600863007.279335000 117601
1600863007.279440000 119001
1600863007.279555000 120449
1600863007.478831000 121801
1600863007.478931000 123201
1600863007.479081000 124649
1600863007.628711000 126001
1600863007.628810000 127401
1600863007.628918000 128849
1600863007.778534000 130201
1600863007.778633000 131601
1600863007.778733000 133049
1600863008.028374000 134401
1600863008.028474000 135801
1600863008.028629000 137249
1600863008.084832000 138601
1600863008.084932000 140001
1600863008.085005000 141449
1600863008.085070000 142897
1600863008.085116000 144345
1600863008.085243000 145601
1600863008.085313000 147001
1600863008.085381000 148449
1600863008.085464000 149801
1600863008.085519000 151249
1600863008.085584000 152601
1600863008.085648000 154049
1600863008.085713000 155401
1600863008.085777000 156849
1600863008.085854000 158201
1600863008.085929000 159649
1600863008.085999000 161001
1600863008.086071000 162449
1600863008.086136000 163801
1600863008.086207000 165249
1600863008.086271000 166601
1600863008.086344000 168049
1600863008.086471000 169401
1600863008.128477000 170801
1600863008.128575000 172201
1600863008.128813000 173649
1600863008.678062000 175001
1600863008.678171000 176401
1600863008.678325000 177849
1600863009.378113000 179201
1600863009.378230000 180601
1600863009.378391000 182049
1600863009.627865000 183401
1600863009.627967000 184801
1600863009.628071000 186249
1600863009.877897000 187601
1600863009.878000000 189001
1600863009.878134000 190449
1600863010.027738000 191801
1600863010.027835000 193201
1600863010.027983000 194649
1600863010.228336000 196001
1600863010.228434000 197401
1600863010.228586000 198849
1600863010.377870000 200201
1600863010.377978000 201601
1600863010.378123000 203049
1600863010.527721000 204401
1600863010.527818000 205801
1600863010.527967000 207249
1600863010.728304000 208601
1600863010.728405000 210001
1600863010.728563000 211449
1600863010.828983000 212801
1600863010.829079000 214201
1600863010.829475000 215649
1600863011.085766000 217001
1600863011.085871000 218401
1600863011.085934000 219849
1600863011.085999000 221297
1600863011.086045000 222745
1600863011.086175000 224001
1600863011.086244000 225401
1600863011.086312000 226849
1600863011.086377000 228201
1600863011.086444000 229649
1600863011.086524000 231001
1600863011.086577000 232449
1600863011.086669000 233801
1600863011.086719000 235249
1600863011.086826000 236601
1600863011.086867000 238049
1600863011.086969000 239401
1600863011.087015000 240849
1600863011.087111000 242201
1600863011.087151000 243649
1600863011.087263000 245001
1600863011.087304000 246449
1600863011.087407000 247801
1600863011.087451000 249249
1600863011.087550000 250601
1600863011.087591000 252049
1600863011.087714000 253401
1600863011.087754000 254849
1600863011.087862000 256201
1600863011.087904000 257649
1600863011.087997000 259001
1600863011.088038000 260449
1600863011.088161000 261801
1600863011.088227000 263201
1600863011.088292000 264649
1600863011.177335000 266001
1600863011.177433000 267401
1600863011.177584000 268849
1600863011.727762000 270201
1600863011.727868000 271601
1600863011.728028000 273049
1600863012.276887000 274401
1600863012.277142000 275801
1600863012.926799000 277201
1600863012.926903000 278601
1600863012.927056000 280049
1600863013.426685000 281401
1600863013.426790000 282801
1600863013.426944000 284249
1600863013.676661000 285601
1600863013.676767000 287001
1600863013.676888000 288449
1600863013.876885000 289801
1600863013.876990000 291201
1600863013.877145000 292649
1600863014.026517000 294001
1600863014.026618000 295401
1600863014.026769000 296849
1600863014.085433000 298201
1600863014.085530000 299601
1600863014.085599000 301049
1600863014.085665000 302497
1600863014.085709000 303945
1600863014.085834000 305201
1600863014.085905000 306601
1600863014.085973000 308049
1600863014.086050000 309401
1600863014.086128000 310849
1600863014.086196000 312201
1600863014.086268000 313649
1600863014.086333000 315001
1600863014.086405000 316449
1600863014.086481000 317801
1600863014.086551000 319249
1600863014.086614000 320601
1600863014.086692000 322049
1600863014.086736000 323497
1600863014.086830000 324801
1600863014.086886000 326249
1600863014.086950000 327601
1600863014.087024000 329049
1600863014.087092000 330401
1600863014.087157000 331849
1600863014.087234000 333201
1600863014.087309000 334649
1600863014.087371000 336001
1600863014.087443000 337449
1600863014.087509000 338801
1600863014.087575000 340249
1600863014.087651000 341601
1600863014.087707000 343049
1600863014.087770000 344401
1600863014.087839000 345849
1600863014.127124000 347201
1600863014.127222000 348601
1600863014.127481000 350049
1600863014.327801000 351401
1600863014.327897000 352801
1600863014.328140000 354249
1600863014.876190000 355601
1600863014.876297000 357001
1600863014.876451000 358449
1600863015.577365000 359801
1600863015.577468000 361201
1600863015.577625000 362649
1600863016.125822000 364001
1600863016.125922000 365401
1600863016.126076000 366849
1600863016.875611000 368201
1600863016.875713000 369601
1600863016.875809000 371049
1600863016.875960000 369601
1600863017.083928000 372401
1600863017.084030000 373801
1600863017.084101000 375249
1600863017.084168000 376697
1600863017.084212000 378145
1600863017.084337000 379401
1600863017.084379000 380849
1600863017.084469000 382201
1600863017.084509000 383649
1600863017.084629000 385001
1600863017.084670000 386449
1600863017.084790000 387801
1600863017.084866000 389201
1600863017.084920000 390649
1600863017.084987000 392001
1600863017.085047000 393449
1600863017.085130000 394801
1600863017.085175000 396249
1600863017.085241000 397601
1600863017.085304000 399049
1600863017.085368000 400401
1600863017.085434000 401849
1600863017.085512000 403201
1600863017.085582000 404649
1600863017.085629000 406097
1600863017.085737000 407401
1600863017.085781000 408849
1600863017.085873000 410201
1600863017.085923000 411649
1600863017.085988000 413001
1600863017.086052000 414449
1600863017.086095000 415897
1600863017.086199000 417201
1600863017.086240000 418649
1600863017.086372000 420001
1600863017.327001000 421401
1600863017.327107000 422801
1600863017.327189000 424249
1600863017.826852000 425601
1600863017.826957000 427001
1600863017.827095000 428449
1600863018.425150000 429801
1600863018.425252000 431201
1600863018.425405000 432649
1600863019.024954000 434001
1600863019.025058000 435401
1600863019.025186000 436849
1600863019.576278000 438201
1600863019.576493000 439601
1600863019.826272000 441001
1600863019.826377000 442401
1600863019.826524000 443849
1600863020.083132000 445201
1600863020.083232000 446601
1600863020.083303000 448049
1600863020.083359000 449497
1600863020.083429000 450801
1600863020.083500000 452249
1600863020.083567000 453601
1600863020.083630000 455049
1600863020.083710000 456401
1600863020.083780000 457849
1600863020.083857000 459201
1600863020.083907000 460649
1600863020.083972000 462001
1600863020.084025000 463449
1600863020.084143000 464801
1600863020.084211000 466201
1600863020.084268000 467649
1600863020.084347000 469001
1600863020.084403000 470449
1600863020.084467000 471801
1600863020.084536000 473249
1600863020.084602000 474601
1600863020.084671000 476049
1600863020.084752000 477401
1600863020.084805000 478849
1600863020.084868000 480201
1600863020.084939000 481649
1600863020.085005000 483001
1600863020.085071000 484449
1600863020.085147000 485801
1600863020.085203000 487249
1600863020.085268000 488601
1600863020.085347000 490049
1600863020.085411000 491401
1600863020.085477000 492849
1600863020.085602000 494201
1600863020.225328000 495601
1600863020.267373000 497001
1600863020.674486000 498401
1600863020.674601000 499801
1600863020.674689000 501249
1600863021.424202000 502601
1600863021.424316000 504001
1600863021.424448000 505449
1600863022.325486000 506801
1600863022.325595000 508201
1600863022.325722000 509649
1600863022.624073000 511001
1600863022.624176000 512401
1600863022.624323000 513849
1600863022.873896000 515201
1600863022.874002000 516601
1600863022.874075000 518049
1600863023.024495000 519401
1600863023.024593000 520801
1600863023.024741000 522249
1600863023.082133000 523601
1600863023.082231000 525001
1600863023.082304000 526449
1600863023.082351000 527897
1600863023.082458000 529201
1600863023.082509000 526449
1600863023.082556000 530649
1600863023.082666000 532001
1600863023.082709000 533449
1600863023.082813000 534801
1600863023.082898000 536249
1600863023.083001000 537601
1600863023.083054000 539049
1600863023.083119000 540401
1600863023.083196000 541849
1600863023.083282000 543201
1600863023.083346000 544649
1600863023.083388000 546097
1600863023.083501000 547401
1600863023.083553000 548849
1600863023.083629000 550201
1600863023.083683000 551649
1600863023.083774000 553001
1600863023.083832000 554449
1600863023.083901000 555801
1600863023.083988000 557249
1600863023.084077000 558601
1600863023.084135000 560049
1600863023.084199000 561401
1600863023.084272000 562849
1600863023.084338000 564201
1600863023.084402000 565649
1600863023.122867000 567097
1600863023.125540000 568401
1600863023.125634000 569801
1600863023.167385000 571249
1600863023.523577000 572601
1600863023.523679000 574001
1600863023.523782000 575449
1600863024.273521000 576801
1600863024.273631000 578201
1600863024.273710000 579649
1600863024.973302000 581001
1600863024.973406000 582401
1600863024.973483000 583849
1600863025.574540000 585201
1600863025.574642000 586601
1600863025.574790000 588049
1600863025.773196000 589401
1600863025.773313000 590801
1600863025.773414000 592249
1600863025.773596000 590801
1600863025.973007000 593601
1600863025.973112000 595001
1600863025.973261000 596449
1600863026.081184000 597801
1600863026.081287000 599201
1600863026.081358000 600649
1600863026.081406000 602097
1600863026.081514000 603401
1600863026.081556000 604849
1600863026.081659000 606201
1600863026.081701000 607649
1600863026.081827000 609001
1600863026.081895000 610401
1600863026.081963000 611849
1600863026.082028000 613201
1600863026.082096000 614649
1600863026.082177000 616001
1600863026.082241000 617449
1600863026.082283000 618897
1600863026.082394000 620201
1600863026.082436000 621649
1600863026.082527000 623001
1600863026.082580000 624449
1600863026.082646000 625801
1600863026.082710000 627249
1600863026.082754000 628697
1600863026.082912000 630001
1600863026.082957000 631449
1600863026.083064000 632801
1600863026.083130000 634249
1600863026.083194000 635601
1600863026.083274000 637049
1600863026.083344000 638401
1600863026.083409000 639849
1600863026.083451000 641297
1600863026.083561000 642601
1600863026.083603000 644049
1600863026.122868000 645401
1600863026.324264000 646801
1600863026.324362000 648201
1600863026.324456000 649649
1600863026.872564000 651001
1600863026.872669000 652401
1600863026.872822000 653849
1600863027.422454000 655201
1600863027.422575000 656601
1600863027.422705000 658049
1600863027.972254000 659401
1600863027.972510000 660801
1600863028.573444000 662201
1600863028.573551000 663601
1600863028.573629000 665049
1600863028.772169000 666401
1600863028.772270000 667801
1600863028.772423000 669249
1600863029.022006000 670601
1600863029.022106000 672001
1600863029.022250000 673449
1600863029.080255000 674801
1600863029.080360000 676201
1600863029.080432000 677649
1600863029.080475000 679097
1600863029.080579000 680401
1600863029.080626000 681849
1600863029.080749000 683201
1600863029.080816000 684601
1600863029.080884000 686049
1600863029.080950000 687401
1600863029.081015000 688849
1600863029.081097000 690201
1600863029.081146000 691649
1600863029.081210000 693001
1600863029.081273000 694449
1600863029.081337000 695801
1600863029.081406000 697249
1600863029.081483000 698601
1600863029.081538000 700049
1600863029.081602000 701401
1600863029.081672000 702849
1600863029.081738000 704201
1600863029.081799000 705649
1600863029.081880000 707001
1600863029.081924000 708449
1600863029.082016000 709801
1600863029.082062000 711249
1600863029.082166000 712601
1600863029.082209000 714049
1600863029.082305000 715401
1600863029.082361000 716849
1600863029.112869000 718201
1600863029.122422000 719601
1600863029.122517000 721001
1600863029.152865000 722449
1600863029.421786000 723801
1600863029.421888000 725201
1600863029.422045000 726649
1600863029.921630000 728001
1600863029.921735000 729401
1600863029.921887000 730849
1600863030.871340000 732201
1600863030.871447000 733601
1600863030.871566000 735049
1600863031.572810000 736401
1600863031.573016000 737801
1600863031.573065000 739249
1600863031.871252000 740601
1600863031.871350000 742001
1600863031.871456000 743449
1600863032.078756000 744801
1600863032.078856000 746201
1600863032.078925000 747649
1600863032.078968000 749097
1600863032.079075000 750401
1600863032.079117000 751849
1600863032.079224000 753201
1600863032.079268000 754649
1600863032.079377000 756001
1600863032.079418000 757449
1600863032.079507000 758801
1600863032.079599000 760249
1600863032.079670000 761601
1600863032.079743000 763049
1600863032.079821000 764401
1600863032.079887000 765849
1600863032.079928000 767297
1600863032.080052000 768601
1600863032.080094000 770049
1600863032.080193000 771401
1600863032.080250000 772849
1600863032.080315000 774201
1600863032.080394000 775649
1600863032.080463000 777001
1600863032.080536000 778449
1600863032.080615000 779801
1600863032.080677000 781249
1600863032.080741000 782601
1600863032.080813000 784049
1600863032.080878000 785401
1600863032.080949000 786849
1600863032.081086000 788201
1600863032.121369000 789601
1600863032.121468000 791001
1600863032.121637000 792449
1600863032.770688000 793801
1600863032.770795000 795201
1600863032.770949000 796649
1600863033.670472000 798001
1600863033.670576000 799401
1600863033.670732000 800849
1600863034.170468000 802201
1600863034.170568000 803601
1600863034.170718000 805049
1600863034.470395000 806401
1600863034.470496000 807801
1600863034.470646000 809249
1600863034.620502000 810601
1600863034.620597000 812001
1600863034.620732000 813449
1600863034.821786000 814801
1600863034.821882000 816201
1600863034.822017000 817649
1600863035.020308000 819001
1600863035.020404000 820401
1600863035.020526000 821849
1600863035.078402000 823201
1600863035.078504000 824601
1600863035.078576000 826049
1600863035.078642000 827401
1600863035.078707000 828849
1600863035.078772000 830201
1600863035.078850000 831649
1600863035.078892000 833097
1600863035.078999000 834401
1600863035.079042000 835849
1600863035.079143000 837201
1600863035.079188000 838649
1600863035.079276000 840001
1600863035.079352000 841449
1600863035.079418000 842897
1600863035.079466000 844345
1600863035.079573000 845601
1600863035.079616000 847049
1600863035.079704000 848401
1600863035.079758000 849849
1600863035.079822000 851201
1600863035.079886000 852649
1600863035.079929000 854097
1600863035.080041000 855401
1600863035.080083000 856849
1600863035.080187000 858201
1600863035.080234000 859649
1600863035.080323000 861001
1600863035.080366000 862449
1600863035.080469000 863801
1600863035.080512000 865249
1600863035.080644000 866601
1600863035.121144000 868001
1600863035.121245000 869401
1600863035.121428000 870849
1600863035.571334000 872201
1600863035.571445000 873601
1600863035.571524000 875049
1600863036.220516000 876401
1600863036.220620000 877801
1600863036.220757000 879249
1600863037.070841000 880601
1600863037.071103000 882001
1600863037.520747000 883401
1600863037.520856000 884801
1600863037.520960000 886249
1600863037.720099000 887601
1600863037.720197000 889001
1600863037.720299000 890449
1600863037.919377000 891801
1600863037.919475000 893201
1600863037.919565000 894649
1600863038.077492000 896001
1600863038.077589000 897401
1600863038.077663000 898849
1600863038.077706000 900297
1600863038.077809000 901601
1600863038.077864000 903049
1600863038.077983000 904401
1600863038.078026000 905849
1600863038.078134000 907201
1600863038.078196000 908649
1600863038.078239000 910097
1600863038.078360000 911401
1600863038.078402000 912849
1600863038.078492000 914201
1600863038.078568000 915649
1600863038.078635000 917001
1600863038.078699000 918449
1600863038.078743000 919897
1600863038.078847000 921201
1600863038.078901000 922649
1600863038.078977000 924001
1600863038.079051000 925449
1600863038.079116000 926801
1600863038.079197000 928249
1600863038.079240000 929697
1600863038.079331000 931001
1600863038.079398000 932449
1600863038.079462000 933801
1600863038.079539000 935249
1600863038.079609000 936601
1600863038.079681000 938049
1600863038.079761000 939401
1600863038.079831000 940849
1600863038.079900000 942201
1600863038.079978000 943649
1600863038.219998000 945001
1600863038.220098000 946401
1600863038.220325000 947849
1600863038.668994000 949201
1600863038.669103000 950601
1600863038.669256000 952049
1600863039.518846000 953401
1600863039.518955000 954801
1600863039.519109000 956249
1600863040.418500000 957601
1600863040.418604000 959001
1600863040.418761000 960449
1600863040.668449000 961801
1600863040.668552000 963201
1600863040.668702000 964649
1600863040.868498000 966001
1600863040.868599000 967401
1600863040.868756000 968849
1600863041.077425000 970201
1600863041.077525000 971601
1600863041.077597000 973049
1600863041.077640000 974497
1600863041.077747000 975801
1600863041.077790000 977249
1600863041.077894000 978601
1600863041.077971000 980049
1600863041.078053000 981401
1600863041.078111000 982849
1600863041.078177000 984201
1600863041.078246000 985649
1600863041.078313000 987001
1600863041.078382000 988449
1600863041.078459000 989801
1600863041.078517000 991249
1600863041.078594000 992601
1600863041.078656000 994049
1600863041.078721000 995401
1600863041.078792000 996849
1600863041.078856000 998201
1600863041.078924000 999649
1600863041.079000000 1001001
1600863041.079061000 1002449
1600863041.079130000 1003801
1600863041.079195000 1005249
1600863041.079260000 1006601
1600863041.079325000 1008049
1600863041.079372000 1009497
1600863041.079491000 1010801
1600863041.079534000 1012249
1600863041.079679000 1013601
1600863041.118672000 1015001
1600863041.118809000 1016401
1600863041.119025000 1017849
1600863041.668079000 1019201
1600863041.668184000 1020601
1600863041.668334000 1022049
1600863042.517942000 1023401
1600863042.518047000 1024801
1600863042.518153000 1026249
1600863043.218396000 1027601
1600863043.218501000 1029001
1600863043.218656000 1030449
1600863043.467655000 1031801
1600863043.467760000 1033201
1600863043.467909000 1034649
1600863043.667588000 1036001
1600863043.667696000 1037401
1600863043.667845000 1038849
1600863043.819110000 1040201
1600863043.819207000 1041601
1600863043.819429000 1043049
1600863044.017612000 1044401
1600863044.017871000 1045801
1600863044.075138000 1047201
1600863044.075236000 1048601
1600863044.075307000 1050049
1600863044.075349000 1051497
1600863044.075452000 1052801
1600863044.075495000 1054249
1600863044.075613000 1055601
1600863044.075677000 1057049
1600863044.075756000 1058401
1600863044.075839000 1059849
1600863044.075906000 1061201
1600863044.075984000 1062649
1600863044.076054000 1064001
1600863044.076117000 1065449
1600863044.076161000 1066897
1600863044.076268000 1068201
1600863044.076311000 1069649
1600863044.076415000 1071001
1600863044.076459000 1072449
1600863044.076548000 1073801
1600863044.076598000 1075249
1600863044.076664000 1076601
1600863044.076728000 1078049
1600863044.076772000 1079497
1600863044.076881000 1080801
1600863044.076929000 1082249
1600863044.077005000 1083601
1600863044.077072000 1085049
1600863044.077136000 1086401
1600863044.077211000 1087849
1600863044.117715000 1089201
1600863044.117810000 1090601
1600863044.117970000 1092049
1600863044.717791000 1093401
1600863044.717902000 1094801
1600863044.717994000 1096249
1600863045.516910000 1097601
1600863045.517016000 1099001
1600863045.517108000 1100449
1600863046.166750000 1101801
1600863046.166997000 1103201
1600863046.417067000 1104601
1600863046.417229000 1106001
1600863046.417278000 1107449
1600863046.616792000 1108801
1600863046.616890000 1110201
1600863046.617027000 1111649
1600863046.766628000 1113001
1600863046.766729000 1114401
1600863046.766808000 1115849
1600863046.966530000 1117201
1600863046.966626000 1118601
1600863046.966741000 1120049
1600863047.074732000 1121401
1600863047.074830000 1122801
1600863047.074900000 1124249
1600863047.074943000 1125697
1600863047.075051000 1127001
1600863047.075093000 1128449
1600863047.075200000 1129801
1600863047.075274000 1131249
1600863047.075353000 1132601
1600863047.075421000 1134049
1600863047.075485000 1135401
1600863047.075563000 1136849
1600863047.075609000 1138297
1600863047.075718000 1139601
1600863047.075760000 1141049
1600863047.075864000 1142401
1600863047.075916000 1143849
1600863047.075992000 1145201
1600863047.076072000 1146649
1600863047.076140000 1148001
1600863047.076219000 1149449
1600863047.076283000 1150801
1600863047.076346000 1152249
1600863047.076390000 1153697
1600863047.076500000 1155001
1600863047.076542000 1156449
1600863047.076643000 1157801
1600863047.076690000 1159249
1600863047.076793000 1160601
1600863047.076837000 1162049
1600863047.076926000 1163401
1600863047.076987000 1164849
1600863047.077052000 1166201
1600863047.077116000 1167649
1600863047.077159000 1169097
1600863047.317779000 1170401
1600863047.317878000 1171801
1600863047.317980000 1173249
1600863047.916214000 1174601
1600863047.916319000 1176001
1600863047.916407000 1177449
1600863048.416119000 1178801
1600863048.416282000 1180201
1600863048.416358000 1181649
1600863049.067338000 1183001
1600863049.067441000 1184401
1600863049.067560000 1185849
1600863049.615842000 1187201
1600863049.615942000 1188601
1600863049.616036000 1190049
1600863049.865960000 1191401
1600863049.866067000 1192801
1600863049.866191000 1194249
1600863050.015891000 1195601
1600863050.015987000 1197001
1600863050.016075000 1198449
1600863050.073896000 1199801
1600863050.073991000 1201201
1600863050.074062000 1202649
1600863050.074107000 1204097
1600863050.074211000 1205401
1600863050.074253000 1206849
1600863050.074359000 1208201
1600863050.074401000 1209649
1600863050.074503000 1211001
1600863050.074545000 1212449
1600863050.074650000 1213801
1600863050.074692000 1215249
1600863050.074782000 1216601
1600863050.074825000 1218049
1600863050.074927000 1219401
1600863050.074971000 1220849
1600863050.075074000 1222201
1600863050.075118000 1223649
1600863050.075207000 1225001
1600863050.075263000 1226449
1600863050.075328000 1227801
1600863050.075390000 1229249
1600863050.075442000 1230697
1600863050.075514000 1232001
1600863050.075580000 1233449
1600863050.075626000 1234897
1600863050.075694000 1236201
1600863050.075768000 1237649
1600863050.075844000 1239001
1600863050.075911000 1240449
1600863050.075954000 1241897
1600863050.076094000 1243201
1600863050.115977000 1244601
1600863050.116074000 1246001
1600863050.116274000 1247449
1600863050.465465000 1248801
1600863050.465567000 1250201
1600863050.465669000 1251649
1600863051.465048000 1253001
1600863051.465157000 1254401
1600863051.465255000 1255849
1600863051.964977000 1257201
1600863051.965081000 1258601
1600863051.965177000 1260049
1600863052.566377000 1261401
1600863052.566479000 1262801
1600863052.566581000 1264249
1600863052.816419000 1265601
1600863052.816615000 1267001
1600863052.965157000 1268401
1600863052.965254000 1269801
1600863052.965346000 1271249
1600863053.073135000 1272601
1600863053.073234000 1274001
1600863053.073305000 1275449
1600863053.073370000 1276897
1600863053.073415000 1278345
1600863053.073540000 1279601
1600863053.073583000 1281049
1600863053.073674000 1282401
1600863053.073725000 1283849
1600863053.073843000 1285201
1600863053.073887000 1286649
1600863053.074000000 1288001
1600863053.074041000 1289449
1600863053.074129000 1290801
1600863053.074184000 1292249
1600863053.074251000 1293601
1600863053.074316000 1295049
1600863053.074359000 1296497
1600863053.074464000 1297801
1600863053.074507000 1299249
1600863053.074609000 1300601
1600863053.074663000 1302049
1600863053.074726000 1303401
1600863053.074802000 1304849
1600863053.074872000 1306201
1600863053.074956000 1307649
1600863053.075036000 1309001
1600863053.075104000 1310449
1600863053.075167000 1311801
1600863053.075245000 1313249
1600863053.075288000 1314697
1600863053.075380000 1316001
1600863053.075476000 1317449
1600863053.115029000 1318801
1600863053.115125000 1320201
1600863053.115262000 1321649
1600863053.364579000 1323001
1600863053.364773000 1324401
1600863054.014346000 1325801
1600863054.014454000 1327201
1600863054.014545000 1328649
1600863054.714815000 1330001
1600863054.714921000 1331401
1600863054.715023000 1332849
1600863055.464007000 1334201
1600863055.464114000 1335601
1600863055.464262000 1337049
1600863055.714638000 1338401
1600863055.714739000 1339801
1600863055.714853000 1341249
1600863055.913859000 1342601
1600863055.913956000 1344001
1600863055.914045000 1345449
1600863056.072243000 1346801
1600863056.072356000 1348201
1600863056.072472000 1349649
1600863056.072524000 1351097
1600863056.072645000 1352401
1600863056.072689000 1353849
1600863056.072792000 1355201
1600863056.072864000 1356649
1600863056.072953000 1358001
1600863056.073019000 1359449
1600863056.073085000 1360801
1600863056.073147000 1362249
1600863056.073214000 1363601
1600863056.073286000 1365049
1600863056.073364000 1366401
1600863056.073431000 1367849
1600863056.073495000 1369201
1600863056.073571000 1370649
1600863056.073614000 1372097
1600863056.073723000 1373401
1600863056.073765000 1374849
1600863056.073866000 1376201
1600863056.073909000 1377649
1600863056.074012000 1379001
1600863056.074056000 1380449
1600863056.074160000 1381801
1600863056.074207000 1383249
1600863056.074297000 1384601
1600863056.074361000 1386049
1600863056.074424000 1387401
1600863056.074488000 1388849
1600863056.074531000 1390297
1600863056.074643000 1391601
1600863056.074684000 1393049
1600863056.074819000 1394401
1600863056.363680000 1395801
1600863056.363785000 1397201
1600863056.363876000 1398649
1600863057.013426000 1400001
1600863057.013530000 1401401
1600863057.013616000 1402849
1600863057.663229000 1404201
1600863057.663330000 1405601
1600863057.663407000 1407049
1600863058.314595000 1408401
1600863058.314700000 1409801
1600863058.314911000 1411249
1600863058.663023000 1412601
1600863058.663124000 1414001
1600863058.663208000 1415449
1600863058.863060000 1416801
1600863058.863159000 1418201
1600863058.863246000 1419649
1600863059.071323000 1421001
1600863059.071423000 1422401
1600863059.071493000 1423849
1600863059.071558000 1425297
1600863059.071627000 1426601
1600863059.071703000 1428049
1600863059.071770000 1429401
1600863059.071841000 1430849
1600863059.071906000 1432201
1600863059.071971000 1433649
1600863059.072050000 1435001
1600863059.072128000 1436449
1600863059.072170000 1437897
1600863059.072290000 1439201
1600863059.072357000 1440601
1600863059.072421000 1442049
1600863059.072504000 1443401
1600863059.072554000 1444849
1600863059.072621000 1446201
1600863059.072698000 1447649
1600863059.072743000 1449097
1600863059.072896000 1450401
1600863059.072941000 1451849
1600863059.073052000 1453201
1600863059.073107000 1454649
1600863059.073256000 1456001
1600863059.073326000 1457401
1600863059.073388000 1458849
1600863059.073463000 1460297
1600863059.073526000 1461745
1600863059.073581000 1463193
1600863059.073659000 1464401
1600863059.073742000 1465849
1600863059.073811000 1467201
1600863059.073902000 1468649
1600863059.162886000 1470001
1600863059.162987000 1471401
1600863059.163121000 1472849
1600863059.962578000 1474201
1600863059.962690000 1475601
1600863059.962785000 1477049
1600863060.862237000 1478401
1600863060.862342000 1479801
1600863060.862482000 1481249
1600863061.462324000 1482601
1600863061.462436000 1484001
1600863061.462540000 1485449
1600863061.662161000 1486801
1600863061.662334000 1488201
1600863061.862305000 1489601
1600863061.862404000 1491001
1600863061.862505000 1492449
1600863062.011907000 1493801
1600863062.012004000 1495201
1600863062.012089000 1496649
1600863062.070464000 1498001
1600863062.070563000 1499401
1600863062.070635000 1500849
1600863062.070679000 1502297
1600863062.070784000 1503601
1600863062.070836000 1505049
1600863062.070946000 1506401
1600863062.071025000 1507849
1600863062.071108000 1509297
1600863062.071175000 1510601
1600863062.071247000 1512049
1600863062.071324000 1513401
1600863062.071390000 1514849
1600863062.071434000 1516297
1600863062.071542000 1517601
1600863062.071586000 1519049
1600863062.071676000 1520401
1600863062.071756000 1521849
1600863062.071823000 1523201
1600863062.071887000 1524649
1600863062.071930000 1526097
1600863062.072039000 1527401
1600863062.072081000 1528849
1600863062.072187000 1530201
1600863062.072231000 1531649
1600863062.072321000 1533001
1600863062.072376000 1534449
1600863062.072440000 1535801
1600863062.072504000 1537249
1600863062.072547000 1538697
1600863062.072651000 1540001
1600863062.072709000 1541449
1600863062.112397000 1542801
1600863062.112532000 1544201
1600863062.112647000 1545649
1600863062.511747000 1547001
1600863062.511855000 1548401
1600863062.511963000 1549849
1600863063.212222000 1551201
1600863063.212328000 1552601
1600863063.212485000 1554049
1600863063.812826000 1555401
1600863063.812983000 1556801
1600863063.813064000 1558249
1600863064.511353000 1559601
1600863064.511458000 1561001
1600863064.511610000 1562449
1600863064.711895000 1563801
1600863064.711995000 1565201
1600863064.712149000 1566649
1600863064.961082000 1568001
1600863064.961181000 1569401
1600863064.961271000 1570849
1600863065.069377000 1572201
1600863065.069473000 1573601
1600863065.069540000 1575049
1600863065.069606000 1576401
1600863065.069670000 1577849
1600863065.069751000 1579201
1600863065.069801000 1580649
1600863065.069864000 1582001
1600863065.069924000 1583449
1600863065.069989000 1584801
1600863065.070080000 1586249
1600863065.070199000 1587601
1600863065.070265000 1589001
1600863065.070327000 1590449
1600863065.070408000 1591801
1600863065.070470000 1593249
1600863065.070533000 1594601
1600863065.070605000 1596049
1600863065.070669000 1597401
1600863065.070740000 1598849
1600863065.070806000 1600201
1600863065.070878000 1601649
1600863065.070953000 1603001
1600863065.071016000 1604449
1600863065.071083000 1605801
1600863065.071158000 1607249
1600863065.071223000 1608601
1600863065.071286000 1610049
1600863065.071332000 1611497
1600863065.071452000 1612801
1600863065.071519000 1614201
1600863065.071591000 1615649
1600863065.071656000 1617001
1600863065.071727000 1618449
1600863065.071864000 1619801
1600863065.312366000 1621201
1600863065.312468000 1622601
1600863065.312623000 1624049
1600863065.860767000 1625401
1600863065.860876000 1626801
1600863065.861022000 1628249
1600863066.610503000 1629601
1600863066.610610000 1631001
1600863066.610761000 1632449
1600863067.360482000 1633801
1600863067.360588000 1635201
1600863067.360739000 1636649
1600863067.660497000 1638001
1600863067.660606000 1639401
1600863067.660760000 1640849
1600863067.910303000 1642201
1600863067.910404000 1643601
1600863067.910546000 1645049
1600863068.068445000 1646401
1600863068.068549000 1647801
1600863068.068618000 1649249
1600863068.068682000 1650697
1600863068.068727000 1652145
1600863068.068851000 1653401
1600863068.068921000 1654801
1600863068.068996000 1656249
1600863068.069044000 1657697
1600863068.069162000 1659001
1600863068.069242000 1660401
1600863068.069304000 1661849
1600863068.069346000 1663297
1600863068.069465000 1664601
1600863068.069532000 1666001
1600863068.069594000 1667449
1600863068.069673000 1668897
1600863068.069717000 1670345
1600863068.069816000 1671601
1600863068.069858000 1673049
1600863068.069959000 1674401
1600863068.070004000 1675849
1600863068.070105000 1677201
1600863068.070162000 1678649
1600863068.070287000 1680001
1600863068.070371000 1681401
1600863068.070425000 1682849
1600863068.070488000 1684201
1600863068.070564000 1685649
1600863068.070609000 1687097
1600863068.070701000 1688401
1600863068.070743000 1689849
1600863068.070845000 1691201
1600863068.070889000 1692649
1600863068.071015000 1694001
1600863068.110616000 1695401
1600863068.110712000 1696801
1600863068.110903000 1698249
1600863068.659930000 1699601
1600863068.660039000 1701001
1600863068.660173000 1702449
1600863069.109805000 1703801
1600863069.109910000 1705201
1600863069.109974000 1706649
1600863069.959487000 1708001
1600863069.959698000 1709401
1600863070.560886000 1710801
1600863070.560988000 1712201
1600863070.561144000 1713649
1600863070.810938000 1715001
1600863070.811045000 1716401
1600863070.811141000 1717849
1600863071.067808000 1719201
1600863071.067910000 1720601
1600863071.067982000 1722049
1600863071.068027000 1723497
1600863071.068146000 1724801
1600863071.068187000 1726249
1600863071.068293000 1727601
1600863071.068343000 1729049
1600863071.068449000 1730401
1600863071.068490000 1731849
1600863071.068579000 1733201
1600863071.068653000 1734649
1600863071.068721000 1736001
1600863071.068797000 1737449
1600863071.068876000 1738801
1600863071.068923000 1740249
1600863071.068986000 1741601
1600863071.069046000 1743049
1600863071.069112000 1744401
1600863071.069186000 1745849
1600863071.069263000 1747201
1600863071.069318000 1748649
1600863071.069383000 1750001
1600863071.069459000 1751449
1600863071.069574000 1752801
1600863071.069620000 1754249
1600863071.069722000 1755601
1600863071.069780000 1757049
1600863071.069843000 1758401
1600863071.069919000 1759849
1600863071.069984000 1761201
1600863071.070058000 1762649
1600863071.070123000 1764001
1600863071.070194000 1765449
1600863071.070329000 1766801
1600863071.109666000 1768201
1600863071.109762000 1769601
1600863071.109981000 1771049
1600863071.509055000 1772401
1600863071.509157000 1773801
1600863071.509233000 1775249
1600863072.060412000 1776601
1600863072.060518000 1778001
1600863072.060654000 1779449
1600863072.810071000 1780801
1600863072.810180000 1782201
1600863072.810327000 1783649
1600863073.458625000 1785001
1600863073.458729000 1786401
1600863073.458884000 1787849
1600863073.709195000 1789201
1600863073.709293000 1790601
1600863073.709403000 1792049
1600863073.958414000 1793401
1600863073.958518000 1794801
1600863073.958669000 1796249
1600863074.066700000 1797601
1600863074.066799000 1799001
1600863074.066869000 1800449
1600863074.066914000 1801897
1600863074.067033000 1803201
1600863074.067076000 1804649
1600863074.067181000 1806001
1600863074.067223000 1807449
1600863074.067326000 1808801
1600863074.067368000 1810249
1600863074.067460000 1811601
1600863074.067501000 1813049
1600863074.067624000 1814401
1600863074.067692000 1815801
1600863074.067755000 1817249
1600863074.067822000 1818601
1600863074.067890000 1820049
1600863074.067954000 1821401
1600863074.068032000 1822849
1600863074.068111000 1824201
1600863074.068166000 1825649
1600863074.068231000 1827001
1600863074.068297000 1828449
1600863074.068364000 1829801
1600863074.068427000 1831249
1600863074.068503000 1832601
1600863074.068558000 1834049
1600863074.068623000 1835401
1600863074.068688000 1836849
1600863074.068751000 1838201
1600863074.068819000 1839649
1600863074.068968000 1841001
1600863074.108719000 1842401
1600863074.108816000 1843801
1600863074.108989000 1845249
1600863074.409403000 1846601
1600863074.409564000 1848001
1600863074.409653000 1849449
1600863075.008002000 1850801
1600863075.008110000 1852201
1600863075.008256000 1853649
1600863075.857738000 1855001
1600863075.857845000 1856401
1600863075.858000000 1857849
1600863076.457486000 1859201
1600863076.457587000 1860601
1600863076.457682000 1862049
1600863076.657681000 1863401
1600863076.657777000 1864801
1600863076.657904000 1866249
1600863076.857564000 1867601
1600863076.857659000 1869001
1600863076.857758000 1870449
1600863077.067082000 1871801
1600863077.067188000 1873201
1600863077.067251000 1874649
1600863077.067326000 1876097
1600863077.067414000 1877401
1600863077.067481000 1878849
1600863077.067528000 1880297
1600863077.067639000 1881601
1600863077.067691000 1883049
1600863077.067781000 1884401
1600863077.067844000 1885849
1600863077.067909000 1887201
1600863077.068010000 1888649
1600863077.068091000 1890001
1600863077.068137000 1891449
1600863077.068201000 1892801
1600863077.068259000 1894249
1600863077.068367000 1895601
1600863077.068408000 1897049
1600863077.068509000 1898401
1600863077.068553000 1899849
1600863077.068642000 1901201
1600863077.068686000 1902649
1600863077.068792000 1904001
1600863077.068836000 1905449
1600863077.068939000 1906801
1600863077.068985000 1908249
1600863077.069075000 1909601
1600863077.069119000 1911049
1600863077.069220000 1912401
1600863077.069263000 1913849
1600863077.069364000 1915201
1600863077.069409000 1916649
1600863077.069498000 1918001
1600863077.069550000 1919449
1600863077.157370000 1920801
1600863077.157470000 1922201
1600863077.157697000 1923649
1600863077.657070000 1925001
1600863077.657171000 1926401
1600863077.657322000 1927849
1600863078.456854000 1929201
1600863078.457109000 1930601
1600863079.308485000 1932001
1600863079.308596000 1933401
1600863079.308747000 1934849
1600863079.656682000 1936201
1600863079.656782000 1937601
1600863079.656920000 1939049
1600863079.856717000 1940401
1600863079.856815000 1941801
1600863079.856960000 1943249
1600863080.006864000 1944601
1600863080.006959000 1946001
1600863080.007098000 1947449
1600863080.065035000 1948801
1600863080.065134000 1950201
1600863080.065206000 1951649
1600863080.065251000 1953097
1600863080.065356000 1954401
1600863080.065407000 1955849
1600863080.065563000 1957201
1600863080.065631000 1958601
1600863080.065694000 1960049
1600863080.065759000 1961401
1600863080.065824000 1962849
1600863080.065902000 1964201
1600863080.065966000 1965649
1600863080.066030000 1967001
1600863080.066098000 1968449
1600863080.066161000 1969801
1600863080.066226000 1971249
1600863080.066304000 1972601
1600863080.066355000 1974049
1600863080.066418000 1975401
1600863080.066483000 1976849
1600863080.066546000 1978201
1600863080.066612000 1979649
1600863080.066693000 1981001
1600863080.066739000 1982449
1600863080.066840000 1983801
1600863080.066886000 1985249
1600863080.066976000 1986601
1600863080.067019000 1988049
1600863080.067122000 1989401
1600863080.067169000 1990849
1600863080.067304000 1992201
1600863080.106960000 1993601
1600863080.107055000 1995001
1600863080.107313000 1996449
1600863080.310080000 1997801
1600863080.310177000 1999201
1600863080.310408000 2000649
1600863081.006156000 2002001
1600863081.006261000 2003401
1600863081.006397000 2004849
1600863081.955930000 2006201
1600863081.956040000 2007601
1600863081.956188000 2009049
1600863082.505888000 2010401
1600863082.505995000 2011801
1600863082.506132000 2013249
1600863082.755787000 2014601
1600863082.755890000 2016001
1600863082.756031000 2017449
1600863082.955806000 2018801
1600863082.955901000 2020201
1600863082.956062000 2021649
1600863083.063387000 2023001
1600863083.063484000 2024401
1600863083.063554000 2025849
1600863083.063596000 2027297
1600863083.063709000 2028601
1600863083.063751000 2030049
1600863083.063857000 2031401
1600863083.063902000 2032849
1600863083.064006000 2034201
1600863083.064047000 2035649
1600863083.064142000 2037001
1600863083.064183000 2038449
1600863083.064299000 2039801
1600863083.064341000 2041249
1600863083.064443000 2042601
1600863083.064488000 2044049
1600863083.064591000 2045401
1600863083.064634000 2046849
1600863083.064724000 2048201
1600863083.064767000 2049649
1600863083.064904000 2051001
1600863083.064975000 2052401
1600863083.065047000 2053849
1600863083.065116000 2055201
1600863083.065190000 2056649
1600863083.065267000 2058001
1600863083.065328000 2059449
1600863083.065392000 2060801
1600863083.065459000 2062249
1600863083.065523000 2063601
1600863083.065591000 2065049
1600863083.065718000 2066401
1600863083.455475000 2067801
1600863083.455581000 2069201
1600863083.455732000 2070649
1600863084.105202000 2072001
1600863084.105303000 2073401
1600863084.105458000 2074849
1600863084.904977000 2076201
1600863084.905084000 2077601
1600863084.905168000 2079049
1600863085.355009000 2080401
1600863085.355120000 2081801
1600863085.355269000 2083249
1600863085.556247000 2084601
1600863085.556344000 2086001
1600863085.556498000 2087449
1600863085.705791000 2088801
1600863085.705889000 2090201
1600863085.706061000 2091649
1600863085.854920000 2093001
1600863085.855172000 2094401
1600863086.063011000 2095801
1600863086.063109000 2097201
1600863086.063184000 2098649
1600863086.063252000 2100001
1600863086.063329000 2101449
1600863086.063414000 2102801
1600863086.063466000 2104249
1600863086.063533000 2105601
1600863086.063609000 2107049
1600863086.063686000 2108401
1600863086.063738000 2109849
1600863086.063828000 2111201
1600863086.063869000 2112649
1600863086.063962000 2114001
1600863086.064010000 2115449
1600863086.064073000 2116801
1600863086.064139000 2118249
1600863086.064221000 2119601
1600863086.064286000 2121049
1600863086.064328000 2122497
1600863086.064443000 2123801
1600863086.064500000 2125249
1600863086.064626000 2126601
1600863086.064670000 2128049
1600863086.064779000 2129401
1600863086.064823000 2130849
1600863086.064924000 2132201
1600863086.064971000 2133649
1600863086.065060000 2135001
1600863086.065117000 2136449
1600863086.065181000 2137801
1600863086.065246000 2139249
1600863086.065288000 2140697
1600863086.065394000 2142001
1600863086.065435000 2143449
1600863086.065565000 2144801
1600863086.154716000 2146201
1600863086.154813000 2147601
1600863086.155047000 2149049
1600863086.654574000 2150401
1600863086.654827000 2151801
1600863087.154351000 2153201
1600863087.154468000 2154601
1600863087.154572000 2156049
1600863088.004121000 2157401
1600863088.004231000 2158801
1600863088.004383000 2160249
1600863088.604674000 2161601
1600863088.604780000 2163001
1600863088.604937000 2164449
1600863088.805485000 2165801
1600863088.805586000 2167201
1600863088.805747000 2168649
1600863089.062289000 2170001
1600863089.062391000 2171401
1600863089.062462000 2172849
1600863089.062507000 2174297
1600863089.062611000 2175601
1600863089.062662000 2177049
1600863089.062769000 2178401
1600863089.062821000 2179849
1600863089.062969000 2181201
1600863089.063036000 2182601
1600863089.063100000 2184049
1600863089.063144000 2185497
1600863089.063264000 2186801
1600863089.063332000 2188201
1600863089.063402000 2189649
1600863089.063514000 2191001
1600863089.063558000 2192449
1600863089.063663000 2193801
1600863089.063705000 2195249
1600863089.063795000 2196601
1600863089.063844000 2198049
1600863089.063910000 2199401
1600863089.063974000 2200849
1600863089.064017000 2202297
1600863089.064138000 2203601
1600863089.064213000 2205001
1600863089.064274000 2206449
1600863089.064338000 2207801
1600863089.064406000 2209249
1600863089.064470000 2210601
1600863089.064539000 2212049
1600863089.064615000 2213401
1600863089.064671000 2214849
1600863089.064734000 2216201
1600863089.064803000 2217649
1600863089.104207000 2219001
1600863089.104303000 2220401
1600863089.104467000 2221849
1600863089.503670000 2223201
1600863089.503783000 2224601
1600863089.503912000 2226049
1600863090.003500000 2227401
1600863090.003602000 2228801
1600863090.003718000 2230249
1600863090.804733000 2231601
1600863090.804840000 2233001
1600863090.804990000 2234449
1600863091.403144000 2235801
1600863091.403305000 2237201
1600863091.403388000 2238649
1600863091.468068000 2240001
1600863093.481474000 2240002
