1600863001.860425000 0
1600863001.860573000 1
1600863002.080340000 1
1600863002.080567000 1401
1600863002.131899000 2801
1600863002.131973000 4201
1600863002.132110000 5649
1600863002.182906000 7001
1600863002.183002000 8401
1600863002.183074000 9849
1600863002.232177000 11201
1600863002.232252000 12601
1600863002.232388000 14049
1600863002.530464000 15401
1600863002.530530000 16801
1600863002.530651000 18249
1600863002.930629000 19601
1600863002.930689000 21001
1600863002.930833000 22449
1600863003.180767000 23801
1600863003.180832000 25201
1600863003.180979000 26649
1600863003.379833000 28001
1600863003.379893000 29401
1600863003.380042000 30849
1600863003.581409000 32201
1600863003.581468000 33601
1600863003.581605000 35049
1600863003.779874000 36401
1600863003.779930000 37801
1600863003.780058000 39249
1600863004.029490000 40601
1600863004.029556000 42001
1600863004.029702000 43449
1600863004.081513000 44801
1600863004.081579000 46201
1600863004.081719000 47649
1600863004.331088000 49001
1600863004.331187000 50401
1600863004.331281000 51849
1600863004.629763000 53201
1600863004.629974000 54601
1600863004.830696000 56001
1600863004.830760000 57401
1600863004.830910000 58849
1600863005.029602000 60201
1600863005.029667000 61601
1600863005.029814000 63049
1600863005.084021000 64401
1600863005.084086000 65801
1600863005.084110000 67249
1600863005.084190000 68697
1600863005.084246000 70145
1600863005.084340000 71401
1600863005.084391000 72849
1600863005.084501000 74201
1600863005.084535000 75649
1600863005.084656000 77001
1600863005.084709000 78449
1600863005.084765000 79897
1600863005.580679000 81201
1600863005.580745000 82601
1600863005.580893000 84049
1600863005.779076000 85401
1600863005.779128000 86801
1600863005.779248000 88249
1600863006.028992000 89601
1600863006.029084000 91001
1600863006.029167000 92449
1600863006.229947000 93801
1600863006.230012000 95201
1600863006.230158000 96649
1600863006.428690000 98001
1600863006.428749000 99401
1600863006.428900000 100849
1600863006.628761000 102201
1600863006.628866000 103601
1600863006.628941000 105049
1600863006.778679000 106401
1600863006.778847000 107801
1600863006.928753000 109201
1600863006.928814000 110601
1600863006.928924000 112049
1600863007.128602000 113401
1600863007.128668000 114801
1600863007.128772000 116249
1600863007.279183000 117601
1600863007.279246000 119001
1600863007.279357000 120449
1600863007.478716000 121801
1600863007.478794000 123201
1600863007.478884000 124649
1600863007.628555000 126001
1600863007.628614000 127401
1600863007.628718000 128849
1600863007.778372000 130201
1600863007.778435000 131601
1600863007.778532000 133049
1600863008.028257000 134401
1600863008.028333000 135801
1600863008.028434000 137249
1600863008.084721000 138601
1600863008.084787000 140001
1600863008.084812000 141449
1600863008.084875000 142897
1600863008.084912000 144345
1600863008.085044000 145601
1600863008.085115000 147001
1600863008.085178000 148449
1600863008.085277000 149801
1600863008.085316000 151249
1600863008.085391000 152601
1600863008.085446000 154049
1600863008.085532000 155401
1600863008.085575000 156849
1600863008.085678000 158201
1600863008.085727000 159649
1600863008.085817000 161001
1600863008.085869000 162449
1600863008.085955000 163801
1600863008.086004000 165249
1600863008.086083000 166601
1600863008.086143000 168049
1600863008.086271000 169401
1600863008.128364000 170801
1600863008.128417000 172201
1600863008.128613000 173649
1600863008.677947000 175001
1600863008.678021000 176401
1600863008.678129000 177849
1600863009.378013000 179201
1600863009.378090000 180601
1600863009.378195000 182049
1600863009.627691000 183401
1600863009.627778000 184801
1600863009.627877000 186249
1600863009.877776000 187601
1600863009.877815000 189001
1600863009.877943000 190449
1600863010.027627000 191801
1600863010.027680000 193201
1600863010.027786000 194649
1600863010.228219000 196001
1600863010.228289000 197401
1600863010.228397000 198849
1600863010.377762000 200201
1600863010.377822000 201601
1600863010.377926000 203049
1600863010.527610000 204401
1600863010.527664000 205801
1600863010.527770000 207249
1600863010.728199000 208601
1600863010.728274000 210001
1600863010.728368000 211449
1600863010.828904000 212801
1600863010.829166000 214201
1600863010.829852000 215649
1600863011.085650000 217001
1600863011.085716000 218401
1600863011.085741000 219849
1600863011.085806000 221297
1600863011.085841000 222745
1600863011.085976000 224001
1600863011.086071000 225401
1600863011.086112000 226849
1600863011.086207000 228201
1600863011.086245000 229649
1600863011.086355000 231001
1600863011.086381000 232449
1600863011.086487000 233801
1600863011.086515000 235249
1600863011.086670000 236601
1600863011.086773000 239401
1600863011.086813000 240849
1600863011.086927000 242201
1600863011.086953000 243649
1600863011.087073000 245001
1600863011.087102000 246449
1600863011.087210000 247801
1600863011.087251000 249249
1600863011.087354000 250601
1600863011.087401000 252049
1600863011.087517000 253401
1600863011.087552000 254849
1600863011.087665000 256201
1600863011.087702000 257649
1600863011.087801000 259001
1600863011.087839000 260449
1600863011.087962000 261801
1600863011.088030000 263201
1600863011.088093000 264649
1600863011.177220000 266001
1600863011.177301000 267401
1600863011.177389000 268849
1600863011.727653000 270201
1600863011.727733000 271601
1600863011.727834000 273049
1600863012.276776000 274401
1600863012.276950000 275801
1600863012.926686000 277201
1600863012.926752000 278601
1600863012.926861000 280049
1600863013.426576000 281401
1600863013.426642000 282801
1600863013.426750000 284249
1600863013.676504000 285601
1600863013.676592000 287001
1600863013.676690000 288449
1600863013.876780000 289801
1600863013.876841000 291201
1600863013.876949000 292649
1600863014.026405000 294001
1600863014.026469000 295401
1600863014.026574000 296849
1600863014.085320000 298201
1600863014.085387000 299601
1600863014.085410000 301049
1600863014.085474000 302497
1600863014.085506000 303945
1600863014.085637000 305201
1600863014.085732000 306601
1600863014.085773000 308049
1600863014.085879000 309401
1600863014.085928000 310849
1600863014.086013000 312201
1600863014.086068000 313649
1600863014.086161000 315001
1600863014.086205000 316449
1600863014.086330000 317801
1600863014.086359000 319249
1600863014.086418000 320601
1600863014.086496000 322049
1600863014.086548000 323497
1600863014.086636000 324801
1600863014.086688000 326249
1600863014.086754000 327601
1600863014.086824000 329049
1600863014.086896000 330401
1600863014.086958000 331849
1600863014.087043000 333201
1600863014.087110000 334649
1600863014.087176000 336001
1600863014.087244000 337449
1600863014.087314000 338801
1600863014.087375000 340249
1600863014.087456000 341601
1600863014.087507000 343049
1600863014.087575000 344401
1600863014.087640000 345849
1600863014.127050000 347201
1600863014.127097000 348601
1600863014.127281000 350049
1600863014.327689000 351401
1600863014.327740000 352801
1600863014.327943000 354249
1600863014.876086000 355601
1600863014.876145000 357001
1600863014.876256000 358449
1600863015.577254000 359801
1600863015.577328000 361201
1600863015.577432000 362649
1600863016.125716000 364001
1600863016.125776000 365401
1600863016.125881000 366849
1600863016.875433000 368201
1600863016.875615000 371049
1600863016.875640000 369601
1600863016.875770000 369601
1600863017.083820000 372401
1600863017.083874000 373801
1600863017.083920000 375249
1600863017.083989000 376697
1600863017.084015000 378145
1600863017.084142000 379401
1600863017.084179000 380849
1600863017.084272000 382201
1600863017.084309000 383649
1600863017.084433000 385001
1600863017.084471000 386449
1600863017.084592000 387801
1600863017.084671000 389201
1600863017.084721000 390649
1600863017.084791000 392001
1600863017.084848000 393449
1600863017.084934000 394801
1600863017.084976000 396249
1600863017.085045000 397601
1600863017.085105000 399049
1600863017.085172000 400401
1600863017.085235000 401849
1600863017.085317000 403201
1600863017.085386000 404649
1600863017.085428000 406097
1600863017.085541000 407401
1600863017.085583000 408849
1600863017.085676000 410201
1600863017.085724000 411649
1600863017.085792000 413001
1600863017.085856000 414449
1600863017.085894000 415897
1600863017.086003000 417201
1600863017.086040000 418649
1600863017.086174000 420001
1600863017.326826000 421401
1600863017.326912000 422801
1600863017.327008000 424249
1600863017.826739000 425601
1600863017.826790000 427001
1600863017.826910000 428449
1600863018.425045000 429801
1600863018.425108000 431201
1600863018.425243000 432649
1600863019.024835000 434001
1600863019.024873000 435401
1600863019.025032000 436849
1600863019.576141000 438201
1600863019.576310000 439601
1600863019.826167000 441001
1600863019.826221000 442401
1600863019.826362000 443849
1600863020.082990000 445201
1600863020.083055000 446601
1600863020.083117000 448049
1600863020.083169000 449497
1600863020.083266000 450801
1600863020.083301000 452249
1600863020.083404000 453601
1600863020.083450000 455049
1600863020.083513000 456401
1600863020.083582000 457849
1600863020.083662000 459201
1600863020.083707000 460649
1600863020.083776000 462001
1600863020.083825000 463449
1600863020.083944000 464801
1600863020.084015000 466201
1600863020.084068000 467649
1600863020.084151000 469001
1600863020.084203000 470449
1600863020.084271000 471801
1600863020.084337000 473249
1600863020.084405000 474601
1600863020.084471000 476049
1600863020.084556000 477401
1600863020.084605000 478849
1600863020.084672000 480201
1600863020.084740000 481649
1600863020.084809000 483001
1600863020.084872000 484449
1600863020.084951000 485801
1600863020.085004000 487249
1600863020.085072000 488601
1600863020.085147000 490049
1600863020.085215000 491401
1600863020.085278000 492849
1600863020.085403000 494201
1600863020.225225000 495601
1600863020.267206000 497001
1600863020.674311000 498401
1600863020.674409000 499801
1600863020.674493000 501249
1600863021.424093000 502601
1600863021.424141000 504001
1600863021.424316000 505449
1600863022.325372000 506801
1600863022.325411000 508201
1600863022.325571000 509649
1600863022.623968000 511001
1600863022.624024000 512401
1600863022.624161000 513849
1600863022.873715000 515201
1600863022.873809000 516601
1600863022.873879000 518049
1600863023.024389000 519401
1600863023.024444000 520801
1600863023.024578000 522249
1600863023.081983000 523601
1600863023.082042000 525001
1600863023.082157000 527897
1600863023.082189000 526449
1600863023.082271000 529201
1600863023.082321000 526449
1600863023.082364000 530649
1600863023.082475000 532001
1600863023.082515000 533449
1600863023.082622000 534801
1600863023.082705000 536249
1600863023.082809000 537601
1600863023.082859000 539049
1600863023.082928000 540401
1600863023.083026000 541849
1600863023.083094000 543201
1600863023.083154000 544649
1600863023.083191000 546097
1600863023.083310000 547401
1600863023.083358000 548849
1600863023.083438000 550201
1600863023.083488000 551649
1600863023.083583000 553001
1600863023.083640000 554449
1600863023.083710000 555801
1600863023.083798000 557249
1600863023.083885000 558601
1600863023.083937000 560049
1600863023.084007000 561401
1600863023.084074000 562849
1600863023.084143000 564201
1600863023.084207000 565649
1600863023.122752000 567097
1600863023.125423000 568401
1600863023.125442000 569801
1600863023.167244000 571249
1600863023.523417000 572601
1600863023.523510000 574001
1600863023.523619000 575449
1600863024.273340000 576801
1600863024.273438000 578201
1600863024.273514000 579649
1600863024.973124000 581001
1600863024.973217000 582401
1600863024.973299000 583849
1600863025.574435000 585201
1600863025.574494000 586601
1600863025.574610000 588049
1600863025.773027000 589401
1600863025.773255000 592249
1600863025.773280000 590801
1600863025.773436000 590801
1600863025.972903000 593601
1600863025.972957000 595001
1600863025.973083000 596449
1600863026.081005000 597801
1600863026.081099000 599201
1600863026.081168000 600649
1600863026.081210000 602097
1600863026.081324000 603401
1600863026.081363000 604849
1600863026.081468000 606201
1600863026.081506000 607649
1600863026.081634000 609001
1600863026.081704000 610401
1600863026.081769000 611849
1600863026.081837000 613201
1600863026.081901000 614649
1600863026.081986000 616001
1600863026.082050000 617449
1600863026.082083000 618897
1600863026.082203000 620201
1600863026.082241000 621649
1600863026.082338000 623001
1600863026.082386000 624449
1600863026.082455000 625801
1600863026.082519000 627249
1600863026.082558000 628697
1600863026.082725000 630001
1600863026.082764000 631449
1600863026.082873000 632801
1600863026.082935000 634249
1600863026.083021000 635601
1600863026.083079000 637049
1600863026.083153000 638401
1600863026.083217000 639849
1600863026.083251000 641297
1600863026.083370000 642601
1600863026.083408000 644049
1600863026.122767000 645401
1600863026.324110000 646801
1600863026.324193000 648201
1600863026.324316000 649649
1600863026.872460000 651001
1600863026.872514000 652401
1600863026.872632000 653849
1600863027.422346000 655201
1600863027.422392000 656601
1600863027.422528000 658049
1600863027.972155000 659401
1600863027.972329000 660801
1600863028.573264000 662201
1600863028.573360000 663601
1600863028.573439000 665049
1600863028.772067000 666401
1600863028.772125000 667801
1600863028.772263000 669249
1600863029.021898000 670601
1600863029.021947000 672001
1600863029.022117000 673449
1600863029.080105000 674801
1600863029.080182000 676201
1600863029.080243000 677649
1600863029.080279000 679097
1600863029.080389000 680401
1600863029.080431000 681849
1600863029.080557000 683201
1600863029.080626000 684601
1600863029.080689000 686049
1600863029.080758000 687401
1600863029.080820000 688849
1600863029.080907000 690201
1600863029.080951000 691649
1600863029.081020000 693001
1600863029.081079000 694449
1600863029.081146000 695801
1600863029.081212000 697249
1600863029.081291000 698601
1600863029.081353000 700049
1600863029.081408000 701401
1600863029.081475000 702849
1600863029.081545000 704201
1600863029.081602000 705649
1600863029.081687000 707001
1600863029.081727000 708449
1600863029.081822000 709801
1600863029.081865000 711249
1600863029.081972000 712601
1600863029.082033000 714049
1600863029.082133000 715401
1600863029.082164000 716849
1600863029.112684000 718201
1600863029.122315000 719601
1600863029.122337000 721001
1600863029.152759000 722449
1600863029.421685000 723801
1600863029.421744000 725201
1600863029.421891000 726649
1600863029.921523000 728001
1600863029.921598000 729401
1600863029.921713000 730849
1600863030.871208000 732201
1600863030.871263000 733601
1600863030.871385000 735049
1600863031.572707000 736401
1600863031.572860000 737801
1600863031.572891000 739249
1600863031.871097000 740601
1600863031.871166000 742001
1600863031.871310000 743449
1600863032.078605000 744801
1600863032.078663000 746201
1600863032.078739000 747649
1600863032.078773000 749097
1600863032.078887000 750401
1600863032.078922000 751849
1600863032.079046000 753201
1600863032.079073000 754649
1600863032.079220000 756001
1600863032.079257000 757449
1600863032.079317000 758801
1600863032.079420000 760249
1600863032.079481000 761601
1600863032.079565000 763049
1600863032.079632000 764401
1600863032.079696000 765849
1600863032.079734000 767297
1600863032.079862000 768601
1600863032.079900000 770049
1600863032.080003000 771401
1600863032.080056000 772849
1600863032.080126000 774201
1600863032.080200000 775649
1600863032.080273000 777001
1600863032.080343000 778449
1600863032.080425000 779801
1600863032.080483000 781249
1600863032.080551000 782601
1600863032.080618000 784049
1600863032.080687000 785401
1600863032.080755000 786849
1600863032.080893000 788201
1600863032.121206000 789601
1600863032.121278000 791001
1600863032.121464000 792449
1600863032.770589000 793801
1600863032.770650000 795201
1600863032.770759000 796649
1600863033.670374000 798001
1600863033.670434000 799401
1600863033.670542000 800849
1600863034.170361000 802201
1600863034.170425000 803601
1600863034.170528000 805049
1600863034.470293000 806401
1600863034.470347000 807801
1600863034.470458000 809249
1600863034.620389000 810601
1600863034.620444000 812001
1600863034.620542000 813449
1600863034.821677000 814801
1600863034.821713000 816201
1600863034.821872000 817649
1600863035.020173000 819001
1600863035.020221000 820401
1600863035.020337000 821849
1600863035.078222000 823201
1600863035.078315000 824601
1600863035.078383000 826049
1600863035.078454000 827401
1600863035.078513000 828849
1600863035.078581000 830201
1600863035.078660000 831649
1600863035.078698000 833097
1600863035.078810000 834401
1600863035.078848000 835849
1600863035.078956000 837201
1600863035.079082000 838649
1600863035.079096000 840001
1600863035.079162000 841449
1600863035.079228000 842897
1600863035.079270000 844345
1600863035.079384000 845601
1600863035.079422000 847049
1600863035.079513000 848401
1600863035.079565000 849849
1600863035.079632000 851201
1600863035.079697000 852649
1600863035.079733000 854097
1600863035.079852000 855401
1600863035.079890000 856849
1600863035.079998000 858201
1600863035.080040000 859649
1600863035.080133000 861001
1600863035.080172000 862449
1600863035.080280000 863801
1600863035.080318000 865249
1600863035.080451000 866601
1600863035.121005000 868001
1600863035.121055000 869401
1600863035.121299000 870849
1600863035.571157000 872201
1600863035.571254000 873601
1600863035.571332000 875049
1600863036.220407000 876401
1600863036.220452000 877801
1600863036.220591000 879249
1600863037.070743000 880601
1600863037.070928000 882001
1600863037.520601000 883401
1600863037.520684000 884801
1600863037.520803000 886249
1600863037.719947000 887601
1600863037.720021000 889001
1600863037.720140000 890449
1600863037.919198000 891801
1600863037.919287000 893201
1600863037.919372000 894649
1600863038.077319000 896001
1600863038.077400000 897401
1600863038.077496000 898849
1600863038.077526000 900297
1600863038.077622000 901601
1600863038.077673000 903049
1600863038.077799000 904401
1600863038.077838000 905849
1600863038.077947000 907201
1600863038.078012000 908649
1600863038.078046000 910097
1600863038.078174000 911401
1600863038.078211000 912849
1600863038.078304000 914201
1600863038.078378000 915649
1600863038.078447000 917001
1600863038.078512000 918449
1600863038.078549000 919897
1600863038.078661000 921201
1600863038.078711000 922649
1600863038.078791000 924001
1600863038.078861000 925449
1600863038.078929000 926801
1600863038.079014000 928249
1600863038.079046000 929697
1600863038.079142000 931001
1600863038.079206000 932449
1600863038.079286000 933801
1600863038.079346000 935249
1600863038.079420000 936601
1600863038.079488000 938049
1600863038.079572000 939401
1600863038.079639000 940849
1600863038.079711000 942201
1600863038.079805000 943649
1600863038.219899000 945001
1600863038.219941000 946401
1600863038.220167000 947849
1600863038.668897000 949201
1600863038.668957000 950601
1600863038.669101000 952049
1600863039.518693000 953401
1600863039.518807000 954801
1600863039.518917000 956249
1600863040.418396000 957601
1600863040.418467000 959001
1600863040.418586000 960449
1600863040.668345000 961801
1600863040.668410000 963201
1600863040.668552000 964649
1600863040.868399000 966001
1600863040.868453000 967401
1600863040.868599000 968849
1600863041.077257000 970201
1600863041.077342000 971601
1600863041.077414000 973049
1600863041.077451000 974497
1600863041.077590000 975801
1600863041.077624000 977249
1600863041.077708000 978601
1600863041.077783000 980049
1600863041.077870000 981401
1600863041.077920000 982849
1600863041.077991000 984201
1600863041.078055000 985649
1600863041.078126000 987001
1600863041.078191000 988449
1600863041.078274000 989801
1600863041.078326000 991249
1600863041.078409000 992601
1600863041.078464000 994049
1600863041.078532000 995401
1600863041.078599000 996849
1600863041.078668000 998201
1600863041.078732000 999649
1600863041.078813000 1001001
1600863041.078869000 1002449
1600863041.078943000 1003801
1600863041.079005000 1005249
1600863041.079071000 1006601
1600863041.079137000 1008049
1600863041.079178000 1009497
1600863041.079303000 1010801
1600863041.079341000 1012249
1600863041.079488000 1013601
1600863041.118573000 1015001
1600863041.118653000 1016401
1600863041.118847000 1017849
1600863041.667980000 1019201
1600863041.668034000 1020601
1600863041.668177000 1022049
1600863042.517792000 1023401
1600863042.517869000 1024801
1600863042.517977000 1026249
1600863043.218300000 1027601
1600863043.218360000 1029001
1600863043.218492000 1030449
1600863043.467550000 1031801
1600863043.467615000 1033201
1600863043.467761000 1034649
1600863043.667489000 1036001
1600863043.667545000 1037401
1600863043.667665000 1038849
1600863043.819072000 1040201
1600863043.819140000 1041601
1600863043.819242000 1043049
1600863044.017506000 1044401
1600863044.017687000 1045801
1600863044.074963000 1047201
1600863044.075058000 1048601
1600863044.075119000 1050049
1600863044.075156000 1051497
1600863044.075264000 1052801
1600863044.075302000 1054249
1600863044.075425000 1055601
1600863044.075485000 1057049
1600863044.075567000 1058401
1600863044.075648000 1059849
1600863044.075719000 1061201
1600863044.075801000 1062649
1600863044.075864000 1064001
1600863044.075929000 1065449
1600863044.075967000 1066897
1600863044.076080000 1068201
1600863044.076120000 1069649
1600863044.076226000 1071001
1600863044.076267000 1072449
1600863044.076358000 1073801
1600863044.076406000 1075249
1600863044.076476000 1076601
1600863044.076540000 1078049
1600863044.076579000 1079497
1600863044.076692000 1080801
1600863044.076737000 1082249
1600863044.076816000 1083601
1600863044.076880000 1085049
1600863044.076949000 1086401
1600863044.077020000 1087849
1600863044.117542000 1089201
1600863044.117626000 1090601
1600863044.117781000 1092049
1600863044.717621000 1093401
1600863044.717717000 1094801
1600863044.717806000 1096249
1600863045.516737000 1097601
1600863045.516831000 1099001
1600863045.516919000 1100449
1600863046.166646000 1101801
1600863046.166812000 1103201
1600863046.416917000 1104601
1600863046.417076000 1106001
1600863046.417112000 1107449
1600863046.616682000 1108801
1600863046.616723000 1110201
1600863046.616846000 1111649
1600863046.766465000 1113001
1600863046.766564000 1114401
1600863046.766616000 1115849
1600863046.966392000 1117201
1600863046.966441000 1118601
1600863046.966558000 1120049
1600863047.074559000 1121401
1600863047.074643000 1122801
1600863047.074713000 1124249
1600863047.074751000 1125697
1600863047.074866000 1127001
1600863047.074903000 1128449
1600863047.075025000 1129801
1600863047.075087000 1131249
1600863047.075165000 1132601
1600863047.075237000 1134049
1600863047.075296000 1135401
1600863047.075375000 1136849
1600863047.075416000 1138297
1600863047.075530000 1139601
1600863047.075569000 1141049
1600863047.075676000 1142401
1600863047.075725000 1143849
1600863047.075803000 1145201
1600863047.075881000 1146649
1600863047.075952000 1148001
1600863047.076027000 1149449
1600863047.076095000 1150801
1600863047.076158000 1152249
1600863047.076196000 1153697
1600863047.076312000 1155001
1600863047.076351000 1156449
1600863047.076456000 1157801
1600863047.076499000 1159249
1600863047.076607000 1160601
1600863047.076645000 1162049
1600863047.076738000 1163401
1600863047.076796000 1164849
1600863047.076863000 1166201
1600863047.076928000 1167649
1600863047.076966000 1169097
1600863047.317631000 1170401
1600863047.317690000 1171801
1600863047.317793000 1173249
1600863047.916038000 1174601
1600863047.916132000 1176001
1600863047.916218000 1177449
1600863048.416007000 1178801
1600863048.416126000 1180201
1600863048.416169000 1181649
1600863049.067208000 1183001
1600863049.067263000 1184401
1600863049.067394000 1185849
1600863049.615686000 1187201
1600863049.615768000 1188601
1600863049.615849000 1190049
1600863049.865849000 1191401
1600863049.865886000 1192801
1600863049.866037000 1194249
1600863050.015732000 1195601
1600863050.015806000 1197001
1600863050.015886000 1198449
1600863050.073722000 1199801
1600863050.073807000 1201201
1600863050.073876000 1202649
1600863050.073916000 1204097
1600863050.074026000 1205401
1600863050.074072000 1206849
1600863050.074174000 1208201
1600863050.074211000 1209649
1600863050.074318000 1211001
1600863050.074355000 1212449
1600863050.074465000 1213801
1600863050.074502000 1215249
1600863050.074595000 1216601
1600863050.074636000 1218049
1600863050.074743000 1219401
1600863050.074781000 1220849
1600863050.074888000 1222201
1600863050.074928000 1223649
1600863050.075022000 1225001
1600863050.075076000 1226449
1600863050.075142000 1227801
1600863050.075205000 1229249
1600863050.075266000 1230697
1600863050.075326000 1232001
1600863050.075395000 1233449
1600863050.075436000 1234897
1600863050.075507000 1236201
1600863050.075579000 1237649
1600863050.075660000 1239001
1600863050.075728000 1240449
1600863050.075763000 1241897
1600863050.075906000 1243201
1600863050.115827000 1244601
1600863050.115891000 1246001
1600863050.116114000 1247449
1600863050.465316000 1248801
1600863050.465393000 1250201
1600863050.465484000 1251649
1600863051.464900000 1253001
1600863051.464975000 1254401
1600863051.465069000 1255849
1600863051.964825000 1257201
1600863051.964903000 1258601
1600863051.964992000 1260049
1600863052.566227000 1261401
1600863052.566306000 1262801
1600863052.566405000 1264249
1600863052.816265000 1265601
1600863052.816434000 1267001
1600863052.964988000 1268401
1600863052.965069000 1269801
1600863052.965170000 1271249
1600863053.073033000 1272601
1600863053.073099000 1274001
1600863053.073130000 1275449
1600863053.073190000 1276897
1600863053.073223000 1278345
1600863053.073357000 1279601
1600863053.073391000 1281049
1600863053.073489000 1282401
1600863053.073538000 1283849
1600863053.073666000 1285201
1600863053.073704000 1286649
1600863053.073833000 1288001
1600863053.073856000 1289449
1600863053.073946000 1290801
1600863053.074001000 1292249
1600863053.074069000 1293601
1600863053.074130000 1295049
1600863053.074169000 1296497
1600863053.074281000 1297801
1600863053.074316000 1299249
1600863053.074425000 1300601
1600863053.074473000 1302049
1600863053.074543000 1303401
1600863053.074617000 1304849
1600863053.074688000 1306201
1600863053.074767000 1307649
1600863053.074851000 1309001
1600863053.074917000 1310449
1600863053.075003000 1311801
1600863053.075072000 1313249
1600863053.075098000 1314697
1600863053.075201000 1316001
1600863053.075293000 1317449
1600863053.114858000 1318801
1600863053.114955000 1320201
1600863053.115112000 1321649
1600863053.364426000 1323001
1600863053.364588000 1324401
1600863054.014199000 1325801
1600863054.014319000 1327201
1600863054.014355000 1328649
1600863054.714647000 1330001
1600863054.714741000 1331401
1600863054.714847000 1332849
1600863055.463909000 1334201
1600863055.463964000 1335601
1600863055.464084000 1337049
1600863055.714472000 1338401
1600863055.714566000 1339801
1600863055.714667000 1341249
1600863055.913687000 1342601
1600863055.913771000 1344001
1600863055.913857000 1345449
1600863056.072139000 1346801
1600863056.072183000 1348201
1600863056.072312000 1349649
1600863056.072366000 1351097
1600863056.072515000 1352401
1600863056.072629000 1355201
1600863056.072684000 1356649
1600863056.072766000 1358001
1600863056.072827000 1359449
1600863056.072896000 1360801
1600863056.072955000 1362249
1600863056.073037000 1363601
1600863056.073097000 1365049
1600863056.073178000 1366401
1600863056.073241000 1367849
1600863056.073307000 1369201
1600863056.073386000 1370649
1600863056.073425000 1372097
1600863056.073537000 1373401
1600863056.073575000 1374849
1600863056.073681000 1376201
1600863056.073720000 1377649
1600863056.073827000 1379001
1600863056.073866000 1380449
1600863056.073974000 1381801
1600863056.074016000 1383249
1600863056.074111000 1384601
1600863056.074171000 1386049
1600863056.074237000 1387401
1600863056.074303000 1388849
1600863056.074336000 1390297
1600863056.074457000 1391601
1600863056.074494000 1393049
1600863056.074631000 1394401
1600863056.363511000 1395801
1600863056.363608000 1397201
1600863056.363703000 1398649
1600863057.013267000 1400001
1600863057.013369000 1401401
1600863057.013459000 1402849
1600863057.663052000 1404201
1600863057.663143000 1405601
1600863057.663217000 1407049
1600863058.314459000 1408401
1600863058.314648000 1409801
1600863058.314850000 1411249
1600863058.662854000 1412601
1600863058.662936000 1414001
1600863058.663019000 1415449
1600863058.862901000 1416801
1600863058.862991000 1418201
1600863058.863061000 1419649
1600863059.071202000 1421001
1600863059.071258000 1422401
1600863059.071331000 1423849
1600863059.071369000 1425297
1600863059.071490000 1426601
1600863059.071513000 1428049
1600863059.071601000 1429401
1600863059.071653000 1430849
1600863059.071748000 1432201
1600863059.071813000 1433649
1600863059.071888000 1435001
1600863059.071942000 1436449
1600863059.071980000 1437897
1600863059.072102000 1439201
1600863059.072172000 1440601
1600863059.072231000 1442049
1600863059.072319000 1443401
1600863059.072364000 1444849
1600863059.072436000 1446201
1600863059.072515000 1447649
1600863059.072551000 1449097
1600863059.072710000 1450401
1600863059.072752000 1451849
1600863059.072865000 1453201
1600863059.072918000 1454649
1600863059.073069000 1456001
1600863059.073142000 1457401
1600863059.073202000 1458849
1600863059.073278000 1460297
1600863059.073341000 1461745
1600863059.073389000 1463193
1600863059.073475000 1464401
1600863059.073555000 1465849
1600863059.073631000 1467201
1600863059.073716000 1468649
1600863059.162714000 1470001
1600863059.162806000 1471401
1600863059.162937000 1472849
1600863059.962431000 1474201
1600863059.962504000 1475601
1600863059.962600000 1477049
1600863060.862134000 1478401
1600863060.862185000 1479801
1600863060.862295000 1481249
1600863061.462174000 1482601
1600863061.462258000 1484001
1600863061.462352000 1485449
1600863061.661989000 1486801
1600863061.662182000 1488201
1600863061.862155000 1489601
1600863061.862217000 1491001
1600863061.862320000 1492449
1600863062.011749000 1493801
1600863062.011817000 1495201
1600863062.011904000 1496649
1600863062.070314000 1498001
1600863062.070383000 1499401
1600863062.070470000 1500849
1600863062.070505000 1502297
1600863062.070621000 1503601
1600863062.070674000 1505049
1600863062.070762000 1506401
1600863062.070839000 1507849
1600863062.070918000 1509297
1600863062.071038000 1510601
1600863062.071071000 1512049
1600863062.071164000 1513401
1600863062.071205000 1514849
1600863062.071243000 1516297
1600863062.071390000 1517601
1600863062.071416000 1519049
1600863062.071513000 1520401
1600863062.071569000 1521849
1600863062.071638000 1523201
1600863062.071704000 1524649
1600863062.071742000 1526097
1600863062.071853000 1527401
1600863062.071891000 1528849
1600863062.072001000 1530201
1600863062.072041000 1531649
1600863062.072134000 1533001
1600863062.072185000 1534449
1600863062.072252000 1535801
1600863062.072327000 1537249
1600863062.072355000 1538697
1600863062.072465000 1540001
1600863062.072519000 1541449
1600863062.112254000 1542801
1600863062.112350000 1544201
1600863062.112461000 1545649
1600863062.511605000 1547001
1600863062.511670000 1548401
1600863062.511777000 1549849
1600863063.212128000 1551201
1600863063.212190000 1552601
1600863063.212304000 1554049
1600863063.812700000 1555401
1600863063.812801000 1556801
1600863063.812877000 1558249
1600863064.511261000 1559601
1600863064.511313000 1561001
1600863064.511428000 1562449
1600863064.711800000 1563801
1600863064.711863000 1565201
1600863064.711972000 1566649
1600863064.960910000 1568001
1600863064.960998000 1569401
1600863064.961090000 1570849
1600863065.069195000 1572201
1600863065.069288000 1573601
1600863065.069355000 1575049
1600863065.069419000 1576401
1600863065.069478000 1577849
1600863065.069563000 1579201
1600863065.069609000 1580649
1600863065.069677000 1582001
1600863065.069733000 1583449
1600863065.069802000 1584801
1600863065.069890000 1586249
1600863065.070009000 1587601
1600863065.070079000 1589001
1600863065.070136000 1590449
1600863065.070222000 1591801
1600863065.070279000 1593249
1600863065.070346000 1594601
1600863065.070414000 1596049
1600863065.070483000 1597401
1600863065.070549000 1598849
1600863065.070618000 1600201
1600863065.070687000 1601649
1600863065.070768000 1603001
1600863065.070834000 1604449
1600863065.070896000 1605801
1600863065.070972000 1607249
1600863065.071036000 1608601
1600863065.071099000 1610049
1600863065.071138000 1611497
1600863065.071263000 1612801
1600863065.071332000 1614201
1600863065.071400000 1615649
1600863065.071468000 1617001
1600863065.071546000 1618449
1600863065.071675000 1619801
1600863065.312271000 1621201
1600863065.312330000 1622601
1600863065.312438000 1624049
1600863065.860667000 1625401
1600863065.860720000 1626801
1600863065.860834000 1628249
1600863066.610401000 1629601
1600863066.610478000 1631001
1600863066.610583000 1632449
1600863067.360379000 1633801
1600863067.360456000 1635201
1600863067.360561000 1636649
1600863067.660402000 1638001
1600863067.660461000 1639401
1600863067.660578000 1640849
1600863067.910200000 1642201
1600863067.910253000 1643601
1600863067.910360000 1645049
1600863068.068341000 1646401
1600863068.068395000 1647801
1600863068.068441000 1649249
1600863068.068495000 1650697
1600863068.068534000 1652145
1600863068.068710000 1653401
1600863068.068735000 1654801
1600863068.068818000 1656249
1600863068.068852000 1657697
1600863068.069018000 1659001
1600863068.069052000 1660401
1600863068.069118000 1661849
1600863068.069155000 1663297
1600863068.069322000 1664601
1600863068.069347000 1666001
1600863068.069407000 1667449
1600863068.069488000 1668897
1600863068.069523000 1670345
1600863068.069660000 1671601
1600863068.069683000 1673049
1600863068.069788000 1674401
1600863068.069813000 1675849
1600863068.069918000 1677201
1600863068.069971000 1678649
1600863068.070098000 1680001
1600863068.070230000 1681401
1600863068.070250000 1682849
1600863068.070300000 1684201
1600863068.070378000 1685649
1600863068.070417000 1687097
1600863068.070515000 1688401
1600863068.070551000 1689849
1600863068.070658000 1691201
1600863068.070697000 1692649
1600863068.070825000 1694001
1600863068.110511000 1695401
1600863068.110549000 1696801
1600863068.110748000 1698249
1600863068.659824000 1699601
1600863068.659869000 1701001
1600863068.659990000 1702449
1600863069.109624000 1703801
1600863069.109723000 1705201
1600863069.109786000 1706649
1600863069.959352000 1708001
1600863069.959575000 1709401
1600863070.560783000 1710801
1600863070.560856000 1712201
1600863070.560961000 1713649
1600863070.810769000 1715001
1600863070.810861000 1716401
1600863070.810962000 1717849
1600863071.067652000 1719201
1600863071.067723000 1720601
1600863071.067805000 1722049
1600863071.067835000 1723497
1600863071.067985000 1724801
1600863071.068014000 1726249
1600863071.068113000 1727601
1600863071.068152000 1729049
1600863071.068274000 1730401
1600863071.068299000 1731849
1600863071.068403000 1733201
1600863071.068474000 1734649
1600863071.068540000 1736001
1600863071.068607000 1737449
1600863071.068690000 1738801
1600863071.068732000 1740249
1600863071.068799000 1741601
1600863071.068857000 1743049
1600863071.068926000 1744401
1600863071.068996000 1745849
1600863071.069076000 1747201
1600863071.069128000 1748649
1600863071.069196000 1750001
1600863071.069268000 1751449
1600863071.069389000 1752801
1600863071.069429000 1754249
1600863071.069535000 1755601
1600863071.069590000 1757049
1600863071.069657000 1758401
1600863071.069728000 1759849
1600863071.069797000 1761201
1600863071.069867000 1762649
1600863071.069936000 1764001
1600863071.070003000 1765449
1600863071.070141000 1766801
1600863071.109567000 1768201
1600863071.109605000 1769601
1600863071.109841000 1771049
1600863071.508875000 1772401
1600863071.508970000 1773801
1600863071.509043000 1775249
1600863072.060308000 1776601
1600863072.060353000 1778001
1600863072.060474000 1779449
1600863072.809969000 1780801
1600863072.810034000 1782201
1600863072.810190000 1783649
1600863073.458521000 1785001
1600863073.458587000 1786401
1600863073.458715000 1787849
1600863073.709030000 1789201
1600863073.709115000 1790601
1600863073.709218000 1792049
1600863073.958311000 1793401
1600863073.958377000 1794801
1600863073.958522000 1796249
1600863074.066558000 1797601
1600863074.066618000 1799001
1600863074.066706000 1800449
1600863074.066724000 1801897
1600863074.066853000 1803201
1600863074.066898000 1804649
1600863074.066996000 1806001
1600863074.067039000 1807449
1600863074.067141000 1808801
1600863074.067178000 1810249
1600863074.067273000 1811601
1600863074.067311000 1813049
1600863074.067436000 1814401
1600863074.067505000 1815801
1600863074.067566000 1817249
1600863074.067636000 1818601
1600863074.067700000 1820049
1600863074.067767000 1821401
1600863074.067842000 1822849
1600863074.067926000 1824201
1600863074.067976000 1825649
1600863074.068043000 1827001
1600863074.068106000 1828449
1600863074.068177000 1829801
1600863074.068236000 1831249
1600863074.068316000 1832601
1600863074.068368000 1834049
1600863074.068436000 1835401
1600863074.068497000 1836849
1600863074.068565000 1838201
1600863074.068630000 1839649
1600863074.068781000 1841001
1600863074.108540000 1842401
1600863074.108631000 1843801
1600863074.108801000 1845249
1600863074.409300000 1846601
1600863074.409412000 1848001
1600863074.409480000 1849449
1600863075.007903000 1850801
1600863075.007954000 1852201
1600863075.008076000 1853649
1600863075.857635000 1855001
1600863075.857706000 1856401
1600863075.857861000 1857849
1600863076.457322000 1859201
1600863076.457401000 1860601
1600863076.457494000 1862049
1600863076.657551000 1863401
1600863076.657606000 1864801
1600863076.657749000 1866249
1600863076.857396000 1867601
1600863076.857473000 1869001
1600863076.857569000 1870449
1600863077.066960000 1871801
1600863077.067024000 1873201
1600863077.067138000 1876097
1600863077.067151000 1874649
1600863077.067259000 1877401
1600863077.067326000 1878849
1600863077.067360000 1880297
1600863077.067511000 1881601
1600863077.067637000 1884401
1600863077.067657000 1885849
1600863077.067722000 1887201
1600863077.067820000 1888649
1600863077.067904000 1890001
1600863077.067947000 1891449
1600863077.068014000 1892801
1600863077.068069000 1894249
1600863077.068180000 1895601
1600863077.068217000 1897049
1600863077.068322000 1898401
1600863077.068362000 1899849
1600863077.068455000 1901201
1600863077.068495000 1902649
1600863077.068606000 1904001
1600863077.068645000 1905449
1600863077.068752000 1906801
1600863077.068794000 1908249
1600863077.068889000 1909601
1600863077.068928000 1911049
1600863077.069033000 1912401
1600863077.069072000 1913849
1600863077.069177000 1915201
1600863077.069219000 1916649
1600863077.069311000 1918001
1600863077.069360000 1919449
1600863077.157263000 1920801
1600863077.157319000 1922201
1600863077.157545000 1923649
1600863077.656967000 1925001
1600863077.657032000 1926401
1600863077.657176000 1927849
1600863078.456753000 1929201
1600863078.456963000 1930601
1600863079.308388000 1932001
1600863079.308455000 1933401
1600863079.308599000 1934849
1600863079.656574000 1936201
1600863079.656618000 1937601
1600863079.656756000 1939049
1600863079.856616000 1940401
1600863079.856667000 1941801
1600863079.856805000 1943249
1600863080.006756000 1944601
1600863080.006801000 1946001
1600863080.006919000 1947449
1600863080.064888000 1948801
1600863080.064949000 1950201
1600863080.065050000 1951649
1600863080.065077000 1953097
1600863080.065199000 1954401
1600863080.065232000 1955849
1600863080.065374000 1957201
1600863080.065444000 1958601
1600863080.065503000 1960049
1600863080.065571000 1961401
1600863080.065644000 1962849
1600863080.065714000 1964201
1600863080.065776000 1965649
1600863080.065842000 1967001
1600863080.065907000 1968449
1600863080.065973000 1969801
1600863080.066035000 1971249
1600863080.066116000 1972601
1600863080.066164000 1974049
1600863080.066230000 1975401
1600863080.066292000 1976849
1600863080.066359000 1978201
1600863080.066420000 1979649
1600863080.066507000 1981001
1600863080.066548000 1982449
1600863080.066652000 1983801
1600863080.066695000 1985249
1600863080.066789000 1986601
1600863080.066828000 1988049
1600863080.066935000 1989401
1600863080.066991000 1990849
1600863080.067114000 1992201
1600863080.106856000 1993601
1600863080.106902000 1995001
1600863080.107162000 1996449
1600863080.309976000 1997801
1600863080.310029000 1999201
1600863080.310231000 2000649
1600863081.006051000 2002001
1600863081.006096000 2003401
1600863081.006213000 2004849
1600863081.955827000 2006201
1600863081.955893000 2007601
1600863081.956036000 2009049
1600863082.505785000 2010401
1600863082.505833000 2011801
1600863082.505949000 2013249
1600863082.755683000 2014601
1600863082.755732000 2016001
1600863082.755848000 2017449
1600863082.955710000 2018801
1600863082.955768000 2020201
1600863082.955897000 2021649
1600863083.063231000 2023001
1600863083.063340000 2024401
1600863083.063366000 2025849
1600863083.063413000 2027297
1600863083.063562000 2028601
1600863083.063669000 2031401
1600863083.063710000 2032849
1600863083.063817000 2034201
1600863083.063855000 2035649
1600863083.063953000 2037001
1600863083.063991000 2038449
1600863083.064111000 2039801
1600863083.064148000 2041249
1600863083.064255000 2042601
1600863083.064295000 2044049
1600863083.064402000 2045401
1600863083.064441000 2046849
1600863083.064536000 2048201
1600863083.064574000 2049649
1600863083.064714000 2051001
1600863083.064786000 2052401
1600863083.064855000 2053849
1600863083.064927000 2055201
1600863083.064998000 2056649
1600863083.065079000 2058001
1600863083.065135000 2059449
1600863083.065203000 2060801
1600863083.065268000 2062249
1600863083.065334000 2063601
1600863083.065399000 2065049
1600863083.065527000 2066401
1600863083.455375000 2067801
1600863083.455432000 2069201
1600863083.455560000 2070649
1600863084.105101000 2072001
1600863084.105167000 2073401
1600863084.105297000 2074849
1600863084.904823000 2076201
1600863084.904920000 2077601
1600863084.904981000 2079049
1600863085.354907000 2080401
1600863085.355006000 2081801
1600863085.355086000 2083249
1600863085.556148000 2084601
1600863085.556208000 2086001
1600863085.556346000 2087449
1600863085.705695000 2088801
1600863085.705765000 2090201
1600863085.705908000 2091649
1600863085.854817000 2093001
1600863085.855024000 2094401
1600863086.062833000 2095801
1600863086.062922000 2097201
1600863086.063006000 2098649
1600863086.063066000 2100001
1600863086.063139000 2101449
1600863086.063228000 2102801
1600863086.063276000 2104249
1600863086.063346000 2105601
1600863086.063418000 2107049
1600863086.063501000 2108401
1600863086.063547000 2109849
1600863086.063641000 2111201
1600863086.063679000 2112649
1600863086.063774000 2114001
1600863086.063818000 2115449
1600863086.063890000 2116801
1600863086.063953000 2118249
1600863086.064035000 2119601
1600863086.064101000 2121049
1600863086.064137000 2122497
1600863086.064258000 2123801
1600863086.064310000 2125249
1600863086.064440000 2126601
1600863086.064479000 2128049
1600863086.064591000 2129401
1600863086.064632000 2130849
1600863086.064737000 2132201
1600863086.064781000 2133649
1600863086.064872000 2135001
1600863086.064927000 2136449
1600863086.064993000 2137801
1600863086.065058000 2139249
1600863086.065096000 2140697
1600863086.065207000 2142001
1600863086.065244000 2143449
1600863086.065375000 2144801
1600863086.154622000 2146201
1600863086.154663000 2147601
1600863086.154892000 2149049
1600863086.654473000 2150401
1600863086.654669000 2151801
1600863087.154211000 2153201
1600863087.154286000 2154601
1600863087.154387000 2156049
1600863088.004018000 2157401
1600863088.004087000 2158801
1600863088.004200000 2160249
1600863088.604576000 2161601
1600863088.604643000 2163001
1600863088.604765000 2164449
1600863088.805388000 2165801
1600863088.805456000 2167201
1600863088.805561000 2168649
1600863089.062130000 2170001
1600863089.062202000 2171401
1600863089.062302000 2172849
1600863089.062328000 2174297
1600863089.062454000 2175601
1600863089.062491000 2177049
1600863089.062586000 2178401
1600863089.062653000 2179849
1600863089.062782000 2181201
1600863089.062851000 2182601
1600863089.062915000 2184049
1600863089.062951000 2185497
1600863089.063076000 2186801
1600863089.063146000 2188201
1600863089.063213000 2189649
1600863089.063330000 2191001
1600863089.063365000 2192449
1600863089.063475000 2193801
1600863089.063513000 2195249
1600863089.063607000 2196601
1600863089.063657000 2198049
1600863089.063723000 2199401
1600863089.063787000 2200849
1600863089.063823000 2202297
1600863089.063947000 2203601
1600863089.064026000 2205001
1600863089.064082000 2206449
1600863089.064149000 2207801
1600863089.064214000 2209249
1600863089.064281000 2210601
1600863089.064346000 2212049
1600863089.064426000 2213401
1600863089.064479000 2214849
1600863089.064546000 2216201
1600863089.064611000 2217649
1600863089.104094000 2219001
1600863089.104121000 2220401
1600863089.104316000 2221849
1600863089.503559000 2223201
1600863089.503602000 2224601
1600863089.503774000 2226049
1600863090.003365000 2227401
1600863090.003424000 2228801
1600863090.003533000 2230249
1600863090.804635000 2231601
1600863090.804690000 2233001
1600863090.804806000 2234449
1600863091.403026000 2235801
1600863091.403121000 2237201
1600863091.403200000 2238649
1600863091.467945000 2240001
1600863093.481255000 2240002
