1600939696.068656000 0
1600939696.166363000 0
1600939696.166932000 1
1600939696.167326000 1
1600939696.168401000 1
1600939696.168610000 1
1600939696.580397000 1
1600939696.678660000 1
1600939696.679442000 1401
1600939696.680353000 2801
1600939696.680386000 4249
1600939696.681527000 2801
1600939696.682296000 4249
1600939696.682581000 5697
1600939696.685039000 5697
1600939696.888305000 7001
1600939696.888424000 8401
1600939696.985771000 7001
1600939696.986979000 8401
1600939696.987044000 9849
1600939697.086776000 11201
1600939697.086884000 12601
1600939697.088282000 11201
1600939697.089101000 12601
1600939697.089420000 14049
1600939697.091438000 14049
1600939697.237668000 15401
1600939697.237774000 16801
1600939697.293141000 15401
1600939697.293607000 16801
1600939697.294277000 18249
1600939697.298050000 18249
1600939697.486751000 19601
1600939697.486857000 21001
1600939697.497693000 19601
1600939697.497918000 21001
1600939697.498739000 22449
1600939697.500612000 22449
1600939697.735916000 23801
1600939697.736023000 25201
1600939697.805081000 23801
1600939697.805746000 25201
1600939697.806517000 26649
1600939697.808199000 26649
1600939697.986096000 28001
1600939697.986206000 29401
1600939698.010292000 29401
1600939698.011015000 30849
1600939698.013384000 30849
1600939698.137850000 32201
1600939698.137958000 33601
1600939698.214625000 32201
1600939698.215851000 33601
1600939698.215913000 35049
1600939698.217683000 35049
1600939698.286008000 36401
1600939698.286111000 37801
1600939698.287448000 36401
1600939698.288261000 37801
1600939698.288575000 39249
1600939698.290190000 39249
1600939698.436130000 40601
1600939698.436235000 42001
1600939698.510052000 43449
1600939698.522142000 42001
1600939698.523496000 43449
1600939698.586334000 44801
1600939698.586440000 46201
1600939698.588168000 44801
1600939698.589206000 47649
1600939698.593947000 47649
1600939698.735922000 49001
1600939698.736026000 50401
1600939698.830045000 51849
1600939698.831729000 51849
1600939698.836312000 53201
1600939698.837676000 53201
1600939698.838394000 54601
1600939698.985724000 56001
1600939698.985836000 57401
1600939699.033814000 56001
1600939699.034265000 57401
1600939699.034981000 58849
1600939699.037969000 58849
1600939699.137604000 60201
1600939699.137708000 61601
1600939699.220052000 63049
1600939699.238531000 60201
1600939699.238757000 61601
1600939699.239226000 63049
1600939699.285636000 64401
1600939699.285745000 65801
1600939699.289252000 64401
1600939699.291697000 67249
1600939699.292397000 65801
1600939699.387080000 68601
1600939699.387183000 70001
1600939699.388534000 68601
1600939699.389349000 70001
1600939699.389664000 71449
1600939699.391263000 71449
1600939699.485787000 72801
1600939699.485891000 74201
1600939699.487170000 72801
1600939699.488011000 74201
1600939699.488319000 75649
1600939699.489932000 75649
1600939699.735481000 77001
1600939699.735597000 78401
1600939699.750507000 77001
1600939699.750743000 78401
1600939699.751639000 79849
1600939699.886740000 81201
1600939699.886852000 82601
1600939699.955389000 81201
1600939699.955744000 82601
1600939699.956508000 84049
1600939699.958184000 84049
1600939700.036134000 85401
1600939700.036240000 86801
1600939700.037581000 85401
1600939700.038438000 86801
1600939700.038757000 88249
1600939700.040375000 88249
1600939700.235784000 89601
1600939700.235905000 91001
1600939700.262525000 89601
1600939700.262983000 91001
1600939700.263669000 92449
1600939700.265360000 92449
1600939700.386665000 93801
1600939700.386772000 95201
1600939700.450052000 96649
1600939700.467307000 93801
1600939700.468138000 95201
1600939700.468155000 96649
1600939700.536074000 98001
1600939700.536186000 99401
1600939700.540193000 98001
1600939700.541154000 99401
1600939700.541989000 100849
1600939700.543987000 100849
1600939700.637650000 102201
1600939700.637756000 103601
1600939700.642047000 102201
1600939700.642895000 103601
1600939700.643198000 105049
1600939700.645093000 105049
1600939700.735139000 106401
1600939700.736635000 106401
1600939700.737499000 107801
1600939700.739201000 107801
1600939700.935111000 109201
1600939700.935225000 110601
1600939700.980890000 109201
1600939700.981247000 110601
1600939700.981888000 112049
1600939700.983572000 112049
1600939701.136777000 113401
1600939701.136885000 114801
1600939701.185264000 113401
1600939701.185706000 114801
1600939701.186555000 116249
1600939701.285842000 117601
1600939701.285947000 119001
1600939701.287263000 117601
1600939701.288061000 119001
1600939701.288370000 120449
1600939701.435198000 121801
1600939701.435305000 123201
1600939701.491373000 121801
1600939701.492474000 124649
1600939701.584969000 126001
1600939701.585075000 127401
1600939701.586789000 126001
1600939701.587235000 127401
1600939701.588053000 128849
1600939701.593165000 128849
1600939701.736745000 130201
1600939701.736853000 131601
1600939701.798601000 130201
1600939701.800048000 133049
1600939701.800048000 131601
1600939701.886257000 134401
1600939701.886361000 135801
1600939701.887691000 134401
1600939701.888560000 135801
1600939701.888876000 137249
1600939702.084847000 138601
1600939702.084962000 140001
1600939702.105723000 138601
1600939702.106526000 140001
1600939702.106857000 141449
1600939702.284569000 142801
1600939702.284677000 144201
1600939702.312453000 142801
1600939702.313158000 144201
1600939702.313459000 145649
1600939702.386432000 147001
1600939702.386537000 148401
1600939702.387873000 147001
1600939702.388652000 149849
1600939702.390393000 149849
1600939702.434657000 151201
1600939702.434760000 152601
1600939702.436494000 151201
1600939702.437958000 152601
1600939702.438020000 154049
1600939702.439543000 154049
1600939702.834479000 155401
1600939702.834588000 156801
1600939702.890049000 158249
1600939702.935583000 159601
1600939702.935655000 161049
1600939702.990048000 162497
1600939703.028175000 155401
1600939703.029318000 158249
1600939703.030808000 159601
1600939703.030825000 161049
1600939703.030839000 162497
1600939703.031080000 156801
1600939703.033722000 156801
1600939703.084557000 163801
1600939703.086031000 163801
1600939703.086752000 165201
1600939703.284562000 166601
1600939703.284668000 168001
1600939703.410052000 169449
1600939703.434540000 170801
1600939703.434613000 172249
1600939703.438106000 168001
1600939703.438335000 169449
1600939703.438773000 170801
1600939703.439191000 172249
1600939703.440365000 168001
1600939703.440701000 173697
1600939703.443409000 173697
1600939703.535156000 175001
1600939703.535264000 176401
1600939703.539516000 176401
1600939703.540941000 177849
1600939703.542570000 177849
1600939703.684877000 179201
1600939703.684984000 180601
1600939703.744634000 179201
1600939703.746083000 180601
1600939703.746397000 182049
1600939703.885619000 183401
1600939703.885724000 184801
1600939703.950104000 183401
1600939703.951670000 186249
1600939704.084322000 187601
1600939704.084433000 189001
1600939704.153836000 187601
1600939704.155285000 189001
1600939704.185406000 190449
1600939704.186995000 190449
1600939704.234087000 191801
1600939704.234192000 193201
1600939704.236326000 193201
1600939704.237227000 194649
1600939704.238821000 194649
1600939704.385951000 196001
1600939704.386057000 197401
1600939704.462735000 196001
1600939704.464179000 198849
1600939704.534739000 200201
1600939704.534845000 201601
1600939704.537234000 201601
1600939704.538460000 203049
1600939704.734303000 204401
1600939704.734408000 205801
1600939704.772336000 204401
1600939704.773878000 205801
1600939704.774059000 207249
1600939704.885345000 208601
1600939704.885449000 210001
1600939704.970054000 211449
1600939704.973968000 208601
1600939704.975067000 210001
1600939704.975085000 211449
1600939705.034592000 212801
1600939705.034696000 214201
1600939705.036426000 212801
1600939705.036848000 214201
1600939705.038070000 215649
1600939705.039483000 215649
1600939705.233721000 217001
1600939705.281489000 218401
1600939705.385651000 219801
1600939705.385756000 221201
1600939705.385915000 222649
1600939705.385926000 224097
1600939705.386402000 225545
1600939705.388743000 219801
1600939705.389191000 221201
1600939705.389420000 222649
1600939705.391048000 224097
1600939705.391065000 225545
1600939705.391130000 226993
1600939705.584984000 228201
1600939705.585092000 229601
1600939705.660055000 231049
1600939705.690541000 231049
1600939705.884899000 232401
1600939705.885007000 233801
1600939705.996993000 232401
1600939705.997527000 233801
1600939705.998178000 235249
1600939706.083483000 236601
1600939706.083591000 238001
1600939706.087820000 238001
1600939706.088396000 239449
1600939706.089811000 239449
1600939706.233414000 240801
1600939706.233526000 242201
1600939706.304205000 240801
1600939706.305717000 242201
1600939706.305903000 243649
1600939706.307276000 243649
1600939706.384766000 245001
1600939706.384870000 246401
1600939706.386186000 245001
1600939706.386959000 246401
1600939706.387517000 247849
1600939706.389248000 247849
1600939706.583801000 249201
1600939706.583909000 250601
1600939706.690051000 252049
1600939706.713722000 249201
1600939706.714403000 252049
1600939706.733391000 253401
1600939706.733495000 254801
1600939706.734760000 253401
1600939706.735545000 254801
1600939706.736140000 256249
1600939706.737742000 256249
1600939706.884634000 257601
1600939706.884741000 259001
1600939706.918928000 259001
1600939706.920536000 260449
1600939706.922030000 260449
1600939707.033942000 261801
1600939707.034045000 263201
1600939707.123424000 261801
1600939707.124871000 263201
1600939707.125182000 264649
1600939707.183411000 266001
1600939707.183520000 267401
1600939707.185897000 266001
1600939707.186832000 267401
1600939707.187649000 268849
1600939707.333591000 270201
1600939707.333698000 271601
1600939707.430051000 273049
1600939707.430773000 270201
1600939707.533858000 274401
1600939707.636601000 275801
1600939707.638029000 275801
1600939707.683632000 277201
1600939707.683737000 278601
1600939707.685604000 277201
1600939707.685831000 278601
1600939707.687178000 280049
1600939707.833011000 281401
1600939707.833117000 282801
1600939707.930051000 284249
1600939707.942998000 282801
1600939707.944452000 284249
1600939707.982891000 285601
1600939707.982998000 287001
1600939707.984397000 285601
1600939707.985807000 288449
1600939708.134193000 289801
1600939708.134298000 291201
1600939708.147775000 291201
1600939708.149391000 292649
1600939708.150826000 292649
1600939708.282993000 294001
1600939708.283105000 295401
1600939708.352847000 294001
1600939708.354217000 295401
1600939708.355547000 296849
1600939708.384986000 298201
1600939708.385091000 299601
1600939708.385251000 301049
1600939708.385264000 302497
1600939708.385821000 303945
1600939708.386430000 298201
1600939708.387826000 301049
1600939708.388696000 305393
1600939708.390070000 302497
1600939708.391475000 303945
1600939708.393098000 305393
1600939708.433241000 306601
1600939708.433344000 308001
1600939708.436013000 309449
1600939708.783350000 310801
1600939708.783456000 312201
1600939708.860053000 313649
1600939709.033285000 315001
1600939709.033362000 316449
1600939709.069226000 310801
1600939709.069455000 312201
1600939709.069884000 313649
1600939709.071613000 315001
1600939709.071629000 316449
1600939709.072171000 317897
1600939709.182783000 319201
1600939709.182889000 320601
1600939709.273922000 319201
1600939709.275437000 320601
1600939709.275630000 322049
1600939709.332555000 323401
1600939709.332665000 324801
1600939709.351335000 323401
1600939709.351871000 324801
1600939709.357624000 326249
1600939709.533122000 327601
1600939709.581304000 327601
1600939709.582433000 329001
1600939709.732518000 330401
1600939709.732627000 331801
1600939709.785813000 330401
1600939709.786244000 331801
1600939709.787606000 333249
1600939709.788953000 333249
1600939709.932387000 334601
1600939709.932493000 336001
1600939709.990604000 334601
1600939709.991959000 336001
1600939709.993191000 337449
1600939710.082750000 338801
1600939710.082853000 340201
1600939710.084174000 338801
1600939710.085546000 341649
1600939710.086919000 341649
1600939710.282334000 343001
1600939710.282445000 344401
1600939710.298104000 343001
1600939710.299518000 344401
1600939710.299893000 345849
1600939710.301284000 345849
1600939710.482189000 347201
1600939710.482293000 348601
1600939710.502569000 347201
1600939710.502993000 348601
1600939710.504715000 350049
1600939710.506078000 350049
1600939710.633566000 351401
1600939710.633671000 352801
1600939710.707379000 351401
1600939710.707855000 352801
1600939710.709085000 354249
1600939710.710519000 354249
1600939710.782023000 355601
1600939710.782126000 357001
1600939710.783419000 355601
1600939710.784197000 357001
1600939710.784745000 358449
1600939710.786297000 358449
1600939710.932174000 359801
1600939710.932278000 361201
1600939711.010052000 362649
1600939711.014722000 359801
1600939711.015446000 362649
1600939711.133464000 364001
1600939711.133570000 365401
1600939711.219391000 364001
1600939711.220849000 365401
1600939711.221003000 366849
1600939711.227631000 366849
1600939711.281883000 368201
1600939711.281987000 369601
1600939711.285482000 369601
1600939711.286031000 371049
1600939711.383886000 372401
1600939711.384000000 373801
1600939711.384164000 375249
1600939711.384175000 376697
1600939711.384656000 378145
1600939711.387320000 372401
1600939711.388116000 373801
1600939711.388134000 375249
1600939711.389360000 376697
1600939711.389378000 378145
1600939711.389449000 379593
1600939711.391828000 379593
1600939711.532378000 380801
1600939711.532485000 382201
1600939711.620052000 383649
1600939711.629802000 383649
1600939711.831755000 385001
1600939711.940652000 386401
1600939711.942098000 386401
1600939712.032286000 387801
1600939712.032389000 389201
1600939712.038018000 389201
1600939712.039189000 390649
1600939712.040692000 390649
1600939712.232316000 392001
1600939712.232419000 393401
1600939712.243339000 392001
1600939712.244795000 393401
1600939712.245648000 394849
1600939712.431735000 396201
1600939712.431843000 397601
1600939712.530053000 399049
1600939712.550541000 396201
1600939712.550964000 397601
1600939712.552407000 399049
1600939712.583872000 400401
1600939712.583979000 401801
1600939712.585216000 400401
1600939712.586013000 401801
1600939712.586575000 403249
1600939712.587929000 403249
1600939712.731606000 404601
1600939712.731711000 406001
1600939712.755393000 404601
1600939712.755735000 406001
1600939712.756948000 407449
1600939712.759272000 407449
1600939712.932155000 408801
1600939712.932259000 410201
1600939712.960527000 410201
1600939712.961671000 411649
1600939712.963382000 411649
1600939713.081505000 413001
1600939713.081607000 414401
1600939713.165235000 413001
1600939713.166692000 415849
1600939713.231398000 417201
1600939713.231498000 418601
1600939713.232831000 417201
1600939713.234036000 418601
1600939713.237105000 420049
1600939713.238473000 420049
1600939713.382647000 421401
1600939713.382751000 422801
1600939713.470055000 424249
1600939713.472809000 422801
1600939713.474607000 422801
1600939713.531918000 425601
1600939713.532029000 427001
1600939713.533326000 425601
1600939713.534120000 427001
1600939713.535009000 428449
1600939713.731305000 429801
1600939713.731410000 431201
1600939713.820051000 432649
1600939713.882588000 434001
1600939713.882659000 435449
1600939713.885031000 431201
1600939713.885333000 436897
1600939713.886532000 434001
1600939713.886551000 435449
1600939713.887409000 436897
1600939714.031869000 438201
1600939714.086610000 438201
1600939714.087616000 439601
1600939714.181669000 441001
1600939714.181772000 442401
1600939714.183108000 441001
1600939714.183892000 442401
1600939714.188604000 443849
1600939714.190251000 443849
1600939714.331158000 445201
1600939714.331261000 446601
1600939714.383208000 448049
1600939714.383282000 449497
1600939714.383395000 450945
1600939714.383405000 452393
1600939714.383630000 453841
1600939714.383642000 455289
1600939714.480053000 456737
1600939714.496208000 445201
1600939714.497765000 446601
1600939714.498093000 457801
1600939714.498103000 459249
1600939714.499201000 448049
1600939714.499219000 449497
1600939714.499233000 450945
1600939714.499247000 452393
1600939714.500143000 453841
1600939714.500161000 455289
1600939714.500174000 456737
1600939714.500535000 457801
1600939714.501076000 459249
1600939714.502110000 448049
1600939714.502187000 460697
1600939714.504774000 460697
1600939714.830852000 462001
1600939714.830963000 463401
1600939714.908660000 464849
1600939714.910375000 464849
1600939715.081789000 466201
1600939715.081898000 467601
1600939715.110558000 466201
1600939715.112003000 467601
1600939715.112283000 469049
1600939715.113764000 469049
1600939715.230846000 470401
1600939715.230949000 471801
1600939715.316081000 470401
1600939715.317469000 471801
1600939715.330568000 473249
1600939715.332108000 473249
1600939715.431688000 474601
1600939715.431792000 476001
1600939715.434047000 476001
1600939715.434778000 477449
1600939715.436609000 477449
1600939715.580789000 478801
1600939715.580900000 480201
1600939715.625953000 481649
1600939715.680750000 483001
1600939715.680853000 484401
1600939715.682573000 483001
1600939715.684031000 484401
1600939715.684311000 485849
1600939715.685785000 485849
1600939715.882522000 487201
1600939715.882628000 488601
1600939715.931277000 490049
1600939715.932712000 490049
1600939716.080852000 491401
1600939716.080977000 492801
1600939716.135591000 492801
1600939716.136831000 494249
1600939716.138199000 494249
1600939716.230693000 495601
1600939716.232090000 495601
1600939716.236408000 497001
1600939716.237793000 497001
1600939716.432317000 498401
1600939716.432424000 499801
1600939716.434262000 498401
1600939716.434497000 499801
1600939716.435799000 501249
1600939716.437141000 501249
1600939716.580380000 502601
1600939716.580492000 504001
1600939716.670054000 505449
1600939716.749706000 502601
1600939716.751438000 504001
1600939716.751456000 505449
1600939716.830355000 506801
1600939716.830466000 508201
1600939716.832018000 506801
1600939716.832797000 508201
1600939716.833354000 509649
1600939716.836436000 509649
1600939716.980319000 511001
1600939716.980427000 512401
1600939717.056787000 512401
1600939717.057813000 513849
1600939717.180777000 515201
1600939717.180880000 516601
1600939717.182197000 515201
1600939717.183010000 516601
1600939717.183565000 518049
1600939717.331190000 519401
1600939717.331295000 520801
1600939717.363801000 520801
1600939717.365238000 522249
1600939717.381895000 523601
1600939717.381999000 525001
1600939717.383243000 523601
1600939717.384022000 525001
1600939717.384614000 526449
1600939717.385951000 526449
1600939717.531457000 527801
1600939717.531562000 529201
1600939717.573723000 527801
1600939717.575089000 529201
1600939717.575259000 530649
1600939717.781032000 532001
1600939717.781145000 533401
1600939717.870052000 534849
1600939717.876302000 534849
1600939717.980663000 536201
1600939717.980768000 537601
1600939718.081338000 539049
1600939718.081416000 540497
1600939718.081774000 541945
1600939718.082083000 543393
1600939718.082788000 539049
1600939718.083657000 540497
1600939718.084470000 541945
1600939718.084887000 543393
1600939718.231033000 544601
1600939718.231138000 546001
1600939718.285038000 544601
1600939718.286493000 546001
1600939718.329500000 547449
1600939718.330910000 547449
1600939718.382238000 548801
1600939718.390575000 548801
1600939718.433623000 550201
1600939718.581161000 551601
1600939718.581267000 553001
1600939718.592757000 553001
1600939718.637618000 554449
1600939718.681086000 555801
1600939718.681162000 557249
1600939718.681761000 558697
1600939718.683764000 558697
1600939718.830170000 560001
1600939718.830276000 561401
1600939718.899994000 561401
1600939718.941597000 562849
1600939719.030760000 564201
1600939719.030867000 565601
1600939719.032545000 564201
1600939719.032957000 565601
1600939719.079291000 567049
1600939719.180586000 568401
1600939719.180688000 569801
1600939719.182479000 568401
1600939719.195087000 569801
1600939719.225563000 571249
1600939719.381682000 572601
1600939719.381784000 574001
1600939719.411376000 572601
1600939719.412758000 574001
1600939719.459518000 575449
1600939719.460879000 575449
1600939719.580078000 576801
1600939719.580184000 578201
1600939719.586038000 578201
1600939719.625605000 579649
1600939719.626951000 579649
1600939719.730353000 581001
1600939719.730463000 582401
1600939719.731791000 581001
1600939719.773600000 583849
1600939719.980744000 585201
1600939719.980848000 586601
1600939719.982282000 585201
1600939719.983116000 586601
1600939720.026692000 588049
1600939720.479243000 589401
1600939720.479349000 590801
1600939720.600052000 592249
1600939720.630972000 593601
1600939720.631045000 595049
1600939720.640368000 589401
1600939720.640708000 590801
1600939720.642337000 592249
1600939720.642355000 593601
1600939720.642369000 595049
1600939720.642570000 596497
1600939720.643887000 596497
1600939720.829345000 597801
1600939720.829457000 599201
1600939720.845024000 597801
1600939720.846404000 599201
1600939720.889608000 600649
1600939720.890964000 600649
1600939720.979584000 602001
1600939720.979688000 603401
1600939720.981088000 602001
1600939721.025586000 604849
1600939721.027957000 604849
1600939721.079256000 606201
1600939721.080635000 606201
1600939721.122361000 607601
1600939721.123740000 607601
1600939721.229131000 609001
1600939721.229236000 610401
1600939721.230489000 609001
1600939721.231252000 610401
1600939721.273560000 611849
1600939721.380403000 613201
1600939721.380506000 614601
1600939721.382364000 613201
1600939721.382601000 614601
1600939721.425881000 616049
1600939721.429905000 616049
1600939721.529605000 617401
1600939721.529711000 618801
1600939721.532566000 617401
1600939721.532917000 618801
1600939721.577603000 620249
1600939721.729161000 621601
1600939721.729271000 623001
1600939721.766928000 621601
1600939721.767268000 623001
1600939721.809346000 624449
1600939721.810756000 624449
1600939721.880217000 625801
1600939721.880321000 627201
1600939721.882497000 625801
1600939721.882728000 627201
1600939721.925660000 628649
1600939721.927004000 628649
1600939722.029579000 630001
1600939722.029682000 631401
1600939722.031054000 630001
1600939722.031963000 631401
1600939722.073609000 632849
1600939722.075908000 632849
1600939722.178933000 634201
1600939722.179034000 635601
1600939722.278899000 634201
1600939722.279619000 635601
1600939722.280933000 637049
1600939722.328646000 638401
1600939722.328750000 639801
1600939722.330080000 638401
1600939722.331709000 641249
1600939722.333180000 641249
1600939722.428773000 642601
1600939722.428875000 644001
1600939722.431033000 644001
1600939722.431784000 645449
1600939722.629840000 646801
1600939722.629945000 648201
1600939722.688278000 646801
1600939722.689635000 648201
1600939722.689699000 649649
1600939722.691180000 649649
1600939722.778838000 651001
1600939722.778954000 652401
1600939722.780292000 651001
1600939722.781047000 652401
1600939722.782007000 653849
1600939722.783606000 653849
1600939722.880008000 655201
1600939722.880148000 656601
1600939722.881450000 655201
1600939722.882629000 656601
1600939722.882909000 658049
1600939722.884423000 658049
1600939723.029165000 659401
1600939723.097892000 659401
1600939723.098900000 660801
1600939723.100409000 660801
1600939723.130130000 662201
1600939723.130234000 663601
1600939723.131485000 662201
1600939723.132271000 663601
1600939723.133020000 665049
1600939723.134552000 665049
1600939723.228717000 666401
1600939723.228821000 667801
1600939723.230117000 666401
1600939723.231706000 669249
1600939723.233063000 669249
1600939723.379799000 670601
1600939723.379902000 672001
1600939723.381232000 670601
1600939723.382035000 672001
1600939723.382608000 673449
1600939723.384119000 673449
1600939723.428845000 674801
1600939723.428949000 676201
1600939723.430291000 674801
1600939723.432023000 676201
1600939723.432173000 677649
1600939723.433728000 677649
1600939723.629687000 679001
1600939723.629793000 680401
1600939723.670052000 681849
1600939723.712666000 680401
1600939723.714134000 681849
1600939723.778083000 683201
1600939723.778192000 684601
1600939723.779494000 683201
1600939723.780339000 684601
1600939723.825608000 686049
1600939723.828084000 686049
1600939723.978199000 687401
1600939723.978307000 688801
1600939724.019397000 687401
1600939724.019631000 688801
1600939724.062051000 690249
1600939724.063399000 690249
1600939724.178233000 691601
1600939724.178336000 693001
1600939724.180055000 691601
1600939724.180282000 693001
1600939724.201945000 694449
1600939724.328407000 695801
1600939724.328510000 697201
1600939724.420051000 698649
1600939724.429460000 695801
1600939724.429810000 700001
1600939724.429882000 701449
1600939724.430771000 697201
1600939724.430790000 698649
1600939724.432300000 700001
1600939724.477652000 702897
1600939724.629446000 704201
1600939724.629553000 705601
1600939724.742858000 705601
1600939724.750050000 707049
1600939724.751589000 707049
1600939724.829627000 708401
1600939724.829731000 709801
1600939724.831052000 708401
1600939724.831796000 709801
1600939724.877407000 711249
1600939724.878768000 711249
1600939724.979452000 712601
1600939724.979559000 714001
1600939724.981853000 712601
1600939724.983195000 714001
1600939725.025599000 715449
1600939725.079596000 716801
1600939725.080965000 716801
1600939725.125651000 718201
1600939725.179170000 719601
1600939725.179272000 721001
1600939725.180530000 719601
1600939725.181352000 721001
1600939725.185045000 722449
1600939725.186406000 722449
1600939725.379458000 723801
1600939725.379563000 725201
1600939725.453093000 723801
1600939725.497588000 726649
1600939725.629057000 728001
1600939725.629163000 729401
1600939725.630494000 728001
1600939725.631308000 729401
1600939725.673574000 730849
1600939725.674917000 730849
1600939725.779004000 732201
1600939725.779106000 733601
1600939725.780415000 732201
1600939725.781217000 733601
1600939725.825582000 735049
1600939725.928980000 736401
1600939725.929089000 737801
1600939725.930403000 736401
1600939725.931265000 737801
1600939725.973601000 739249
1600939726.078687000 740601
1600939726.078791000 742001
1600939726.080103000 740601
1600939726.081095000 742001
1600939726.121647000 743449
1600939726.379397000 744801
1600939726.379499000 746201
1600939726.477097000 744801
1600939726.478564000 746201
1600939726.478967000 747649
1600939726.480446000 747649
1600939726.779514000 749001
1600939726.779624000 750401
1600939726.886732000 749001
1600939726.888216000 750401
1600939726.888281000 751849
1600939726.889751000 751849
1600939726.928774000 753201
1600939726.928883000 754601
1600939726.930577000 753201
1600939726.931346000 754601
1600939726.931887000 756049
1600939726.933230000 756049
1600939726.979874000 757401
1600939726.979984000 758801
1600939726.981578000 757401
1600939726.982428000 758801
1600939727.025882000 760249
1600939727.027716000 760249
1600939727.029131000 761601
1600939727.029203000 763049
1600939727.031131000 761601
1600939727.031512000 763049
1600939727.069595000 764497
1600939727.130412000 765801
1600939727.130516000 767201
1600939727.131792000 765801
1600939727.132598000 767201
1600939727.173634000 768649
1600939727.174994000 768649
1600939727.277568000 770001
1600939727.279229000 770001
1600939727.281954000 771401
1600939727.284369000 771401
1600939727.477169000 772801
1600939727.477270000 774201
1600939727.501055000 772801
1600939727.502407000 775649
1600939727.677119000 777001
1600939727.677224000 778401
1600939727.705980000 777001
1600939727.706391000 778401
1600939727.749677000 779849
1600939727.826915000 781201
1600939727.827019000 782601
1600939727.828289000 781201
1600939727.869618000 784049
1600939728.027501000 785401
1600939728.027617000 786801
1600939728.115532000 785401
1600939728.116956000 786801
1600939728.150055000 788249
1600939728.177047000 789601
1600939728.177150000 791001
1600939728.221585000 792449
1600939728.378613000 793801
1600939728.378715000 795201
1600939728.402680000 795201
1600939728.407761000 796649
1600939728.528049000 798001
1600939728.528154000 799401
1600939728.627506000 798001
1600939728.628810000 799401
1600939728.629612000 800849
1600939728.631481000 800849
1600939728.676775000 802201
1600939728.676880000 803601
1600939728.678271000 802201
1600939728.679868000 805049
1600939728.681493000 805049
1600939728.827932000 806401
1600939728.828034000 807801
1600939728.930049000 809249
1600939728.935523000 809249
1600939728.937171000 807801
1600939728.939246000 807801
1600939728.976649000 810601
1600939728.976754000 812001
1600939728.978810000 812001
1600939728.979663000 813449
1600939729.176785000 814801
1600939729.176895000 816201
1600939729.241894000 814801
1600939729.243323000 816201
1600939729.243605000 817649
1600939729.245096000 817649
1600939729.277683000 819001
1600939729.277787000 820401
1600939729.280396000 820401
1600939729.280674000 821849
1600939729.282345000 821849
1600939729.378431000 823201
1600939729.379837000 823201
1600939729.380905000 824601
1600939729.382267000 824601
1600939729.527239000 826001
1600939729.527344000 827401
1600939729.550090000 826001
1600939729.550324000 827401
1600939729.551457000 828849
1600939729.726552000 830201
1600939729.726654000 831601
1600939729.754555000 830201
1600939729.755959000 831601
1600939729.756357000 833049
1600939729.926310000 834401
1600939729.926413000 835801
1600939729.960186000 837249
1600939729.961604000 837249
1600939730.129647000 838601
1600939730.129758000 840001
1600939730.163646000 838601
1600939730.164000000 840001
1600939730.190052000 841449
1600939730.191390000 841449
1600939730.276416000 842801
1600939730.276518000 844201
1600939730.277811000 842801
1600939730.278613000 844201
1600939730.321387000 845649
1600939730.427585000 847001
1600939730.427688000 848401
1600939730.430004000 848401
1600939730.473675000 849849
1600939730.576278000 851201
1600939730.576382000 852601
1600939730.578127000 851201
1600939730.579587000 852601
1600939730.621586000 854049
1600939730.677484000 855401
1600939730.677588000 856801
1600939730.680986000 856801
1600939730.681136000 858249
1600939730.826221000 859601
1600939730.826325000 861001
1600939730.880443000 859601
1600939730.881865000 861001
1600939730.882046000 862449
1600939731.026896000 863801
1600939731.026999000 865201
1600939731.085118000 863801
1600939731.086660000 865201
1600939731.086817000 866649
1600939731.088188000 866649
1600939731.177540000 868001
1600939731.177646000 869401
1600939731.179364000 868001
1600939731.179783000 869401
1600939731.180922000 870849
1600939731.326985000 872201
1600939731.327088000 873601
1600939731.392554000 872201
1600939731.393448000 873601
1600939731.400049000 875049
1600939731.526803000 876401
1600939731.526908000 877801
1600939731.528212000 876401
1600939731.569574000 879249
1600939731.726092000 880601
1600939731.925919000 882001
1600939731.925992000 883449
1600939731.926337000 884897
1600939731.927300000 882001
1600939731.928329000 883449
1600939731.929751000 884897
1600939731.946003000 886345
1600939731.947561000 886345
1600939732.077109000 887601
1600939732.077213000 889001
1600939732.079559000 887601
1600939732.079894000 889001
1600939732.080904000 890449
1600939732.176814000 891801
1600939732.176924000 893201
1600939732.178692000 891801
1600939732.182438000 893201
1600939732.182993000 894649
1600939732.377831000 896001
1600939732.377938000 897401
1600939732.378049000 898849
1600939732.378060000 900297
1600939732.378589000 901745
1600939732.416694000 896001
1600939732.417352000 898849
1600939732.418906000 900297
1600939732.418924000 901745
1600939732.418984000 903193
1600939732.575653000 904401
1600939732.575757000 905801
1600939732.621152000 904401
1600939732.622547000 905801
1600939732.623957000 907249
1600939732.625313000 907249
1600939732.675768000 908601
1600939732.675872000 910001
1600939732.677116000 908601
1600939732.677912000 910001
1600939732.725915000 911449
1600939732.727264000 911449
1600939732.825737000 912801
1600939732.825840000 914201
1600939732.827337000 912801
1600939732.828512000 914201
1600939732.869808000 915649
1600939732.976328000 917001
1600939732.976431000 918401
1600939732.978321000 917001
1600939733.021603000 919849
1600939733.127081000 921201
1600939733.127183000 922601
1600939733.128484000 921201
1600939733.132924000 924049
1600939733.134496000 924049
1600939733.325427000 925401
1600939733.325544000 926801
1600939733.420050000 928249
1600939733.441152000 926801
1600939733.441642000 928249
1600939733.526216000 929601
1600939733.526324000 931001
1600939733.528640000 931001
1600939733.529745000 932449
1600939733.725873000 933801
1600939733.851177000 935201
1600939733.926297000 936601
1600939733.926401000 938001
1600939733.927639000 936601
1600939733.928461000 938001
1600939733.969428000 939449
1600939733.971066000 939449
1600939734.128596000 940801
1600939734.128698000 942201
1600939734.157205000 940801
1600939734.157657000 942201
1600939734.161159000 943649
1600939734.174038000 943649
1600939734.326960000 945001
1600939734.327071000 946401
1600939734.363432000 947849
1600939734.476527000 949201
1600939734.476631000 950601
1600939734.568306000 952049
1600939734.627626000 953401
1600939734.627733000 954801
1600939734.630350000 956249
1600939734.726242000 957601
1600939734.726345000 959001
1600939734.728057000 957601
1600939734.729598000 960449
1600939734.826528000 961801
1600939734.826630000 963201
1600939734.829235000 963201
1600939734.829384000 964649
1600939734.975839000 966001
1600939734.975943000 967401
1600939735.040052000 968849
1600939735.079414000 968849
1600939735.127711000 970201
1600939735.127816000 971601
1600939735.129135000 970201
1600939735.130481000 973049
1600939735.131834000 973049
1600939735.226233000 974401
1600939735.226334000 975801
1600939735.228451000 975801
1600939735.229909000 977249
1600939735.376183000 978601
1600939735.376291000 980001
1600939735.460053000 981449
1600939735.475251000 982801
1600939735.475321000 984249
1600939735.489189000 982801
1600939735.490062000 984249
1600939735.490740000 980001
1600939735.491047000 985697
1600939735.493269000 985697
1600939735.626939000 987001
1600939735.627050000 988401
1600939735.693153000 987001
1600939735.694221000 988401
1600939735.695373000 989849
1600939735.698464000 989849
1600939735.825271000 991201
1600939735.905785000 992601
1600939735.976124000 994001
1600939735.976227000 995401
1600939735.978255000 995401
1600939735.979348000 996849
1600939735.986367000 996849
1600939736.175616000 998201
1600939736.175718000 999601
1600939736.205547000 999601
1600939736.206660000 1001049
1600939736.425944000 1002401
1600939736.426053000 1003801
1600939736.510053000 1005249
1600939736.615038000 1003801
1600939736.616608000 1005249
1600939736.616805000 1003801
1600939736.618300000 1003801
1600939736.674510000 1006601
1600939736.674618000 1008001
1600939736.675934000 1006601
1600939736.677594000 1009449
1600939736.679503000 1009449
1600939736.822633000 1010801
1600939736.822737000 1012201
1600939736.922548000 1010801
1600939736.922909000 1012201
1600939736.923723000 1013649
1600939737.074227000 1015001
1600939737.074334000 1016401
1600939737.132054000 1015001
1600939737.133470000 1016401
1600939737.133772000 1017849
1600939737.325907000 1019201
1600939737.326019000 1020601
1600939737.434072000 1019201
1600939737.434761000 1020601
1600939737.436114000 1022049
1600939737.438751000 1022049
1600939737.574532000 1023401
1600939737.574638000 1024801
1600939737.674218000 1026249
1600939737.674295000 1027697
1600939737.674633000 1029145
1600939737.741528000 1024801
1600939737.743281000 1026249
1600939737.743302000 1027697
1600939737.743317000 1029145
1600939737.743378000 1030593
1600939737.875305000 1031801
1600939737.875411000 1033201
1600939737.947526000 1031801
1600939737.948937000 1033201
1600939737.949221000 1034649
1600939738.073957000 1036001
1600939738.074062000 1037401
1600939738.150766000 1036001
1600939738.152184000 1037401
1600939738.152249000 1038849
1600939738.153600000 1038849
1600939738.225464000 1040201
1600939738.225568000 1041601
1600939738.229331000 1040201
1600939738.230062000 1041601
1600939738.231186000 1043049
1600939738.232532000 1043049
1600939738.526450000 1044401
1600939738.561884000 1045801
1600939738.724380000 1047201
1600939738.724486000 1048601
1600939738.765127000 1047201
1600939738.766692000 1048601
1600939738.766847000 1050049
1600939738.769504000 1050049
1600939738.824923000 1051401
1600939738.825026000 1052801
1600939738.826727000 1051401
1600939738.827167000 1052801
1600939738.828292000 1054249
1600939738.829905000 1054249
1600939738.924841000 1055601
1600939738.924945000 1057001
1600939738.928097000 1058449
1600939738.929441000 1058449
1600939739.173676000 1059801
1600939739.173781000 1061201
1600939739.260054000 1062649
1600939739.277076000 1059801
1600939739.277939000 1061201
1600939739.277957000 1062649
1600939739.324073000 1064001
1600939739.324179000 1065401
1600939739.325475000 1064001
1600939739.326790000 1066849
1600939739.473784000 1068201
1600939739.473893000 1069601
1600939739.570052000 1071049
1600939739.596797000 1068201
1600939739.597529000 1071049
1600939739.723305000 1072401
1600939739.723412000 1073801
1600939739.789708000 1073801
1600939739.790810000 1075249
1600939739.923270000 1076601
1600939739.923375000 1078001
1600939739.995963000 1076601
1600939739.996628000 1078001
1600939739.997214000 1079449
1600939739.998813000 1079449
1600939740.073136000 1080801
1600939740.073240000 1082201
1600939740.074543000 1080801
1600939740.075306000 1082201
1600939740.075918000 1083649
1600939740.273342000 1085001
1600939740.273448000 1086401
1600939740.311520000 1085001
1600939740.312918000 1086401
1600939740.313494000 1087849
1600939740.423603000 1089201
1600939740.423706000 1090601
1600939740.505952000 1089201
1600939740.507315000 1092049
1600939740.573413000 1093401
1600939740.573521000 1094801
1600939740.578216000 1093401
1600939740.579944000 1096249
1600939740.723255000 1097601
1600939740.723358000 1099001
1600939740.813124000 1097601
1600939740.814459000 1100449
1600939740.823084000 1101801
1600939740.824454000 1101801
1600939740.825469000 1103201
1600939740.826834000 1103201
1600939740.973464000 1104601
1600939740.973567000 1106001
1600939741.018761000 1106001
1600939741.019831000 1107449
1600939741.124280000 1108801
1600939741.124387000 1110201
1600939741.220052000 1111649
1600939741.223069000 1108801
1600939741.223420000 1110201
1600939741.224859000 1111649
1600939741.272934000 1113001
1600939741.273038000 1114401
1600939741.275302000 1114401
1600939741.276408000 1115849
1600939741.374286000 1117201
1600939741.374384000 1118601
1600939741.375718000 1117201
1600939741.377097000 1120049
1600939741.523394000 1121401
1600939741.523507000 1122801
1600939741.610051000 1124249
1600939741.632860000 1124249
1600939741.722743000 1125601
1600939741.722850000 1127001
1600939741.725023000 1125601
1600939741.725433000 1127001
1600939741.726537000 1128449
1600939741.873981000 1129801
1600939741.874085000 1131201
1600939741.941005000 1132649
1600939742.023313000 1134001
1600939742.023417000 1135401
1600939742.024718000 1134001
1600939742.027220000 1136849
1600939742.027871000 1135401
1600939742.028602000 1136849
1600939742.172651000 1138201
1600939742.172755000 1139601
1600939742.248266000 1138201
1600939742.248830000 1139601
1600939742.249973000 1141049
1600939742.322544000 1142401
1600939742.322649000 1143801
1600939742.324566000 1142401
1600939742.326129000 1143801
1600939742.326281000 1145249
1600939742.472495000 1146601
1600939742.472598000 1148001
1600939742.553928000 1146601
1600939742.555426000 1148001
1600939742.555500000 1149449
1600939742.556846000 1149449
1600939742.672483000 1150801
1600939742.672594000 1152201
1600939742.758876000 1150801
1600939742.759366000 1152201
1600939742.759944000 1153649
1600939742.822448000 1155001
1600939742.824475000 1155001
1600939742.831140000 1156401
1600939742.832795000 1156401
1600939742.972396000 1157801
1600939742.972497000 1159201
1600939742.974723000 1157801
1600939742.976202000 1159201
1600939742.976481000 1160649
1600939743.123703000 1162001
1600939743.123808000 1163401
1600939743.168360000 1162001
1600939743.169872000 1163401
1600939743.170042000 1164849
1600939743.272341000 1166201
1600939743.272445000 1167601
1600939743.373091000 1166201
1600939743.374331000 1167601
1600939743.374923000 1169049
1600939743.422290000 1170401
1600939743.422391000 1171801
1600939743.425085000 1173249
1600939743.426460000 1173249
1600939743.572184000 1174601
1600939743.572303000 1176001
1600939743.680348000 1174601
1600939743.681847000 1176001
1600939743.682003000 1177449
1600939743.722134000 1178801
1600939743.722240000 1180201
1600939743.723530000 1178801
1600939743.724324000 1180201
1600939743.724962000 1181649
1600939743.726327000 1181649
1600939743.922308000 1183001
1600939743.922413000 1184401
1600939743.987974000 1184401
1600939743.989038000 1185849
1600939743.990670000 1185849
1600939744.073072000 1187201
1600939744.073175000 1188601
1600939744.075458000 1187201
1600939744.077549000 1190049
1600939744.222067000 1191401
1600939744.222169000 1192801
1600939744.294688000 1191401
1600939744.296008000 1194249
1600939744.297399000 1194249
1600939744.322687000 1195601
1600939744.322792000 1197001
1600939744.324049000 1195601
1600939744.326065000 1197001
1600939744.326237000 1198449
1600939744.327749000 1198449
1600939744.373535000 1199801
1600939744.373638000 1201201
1600939744.374977000 1199801
1600939744.375791000 1201201
1600939744.376371000 1202649
1600939744.377739000 1202649
1600939744.571897000 1204001
1600939744.572001000 1205401
1600939744.603280000 1204001
1600939744.603634000 1205401
1600939744.604807000 1206849
1600939744.771769000 1208201
1600939744.771880000 1209601
1600939744.786256000 1208201
1600939744.786843000 1209601
1600939744.787713000 1211049
1600939744.789320000 1211049
1600939744.971825000 1212401
1600939745.012731000 1213801
1600939745.123147000 1215201
1600939745.123249000 1216601
1600939745.124947000 1215201
1600939745.126477000 1216601
1600939745.126629000 1218049
1600939745.128040000 1218049
1600939745.221821000 1219401
1600939745.221923000 1220801
1600939745.223228000 1219401
1600939745.223977000 1220801
1600939745.224646000 1222249
1600939745.226026000 1222249
1600939745.322854000 1223601
1600939745.322958000 1225001
1600939745.325190000 1223601
1600939745.326053000 1225001
1600939745.326687000 1226449
1600939745.523638000 1227801
1600939745.523743000 1229201
1600939745.580051000 1230649
1600939745.626223000 1229201
1600939745.627626000 1230649
1600939745.628246000 1229201
1600939745.629750000 1229201
1600939745.672140000 1232001
1600939745.672250000 1233401
1600939745.674306000 1233401
1600939745.675110000 1234849
1600939745.822019000 1236201
1600939745.822126000 1237601
1600939745.910050000 1239049
1600939745.933436000 1236201
1600939745.933776000 1237601
1600939745.935376000 1239049
1600939745.935775000 1237601
1600939745.972431000 1240401
1600939745.972535000 1241801
1600939745.975958000 1240401
1600939745.977377000 1241801
1600939745.977654000 1243249
1600939746.123733000 1244601
1600939746.123834000 1246001
1600939746.137874000 1244601
1600939746.138228000 1246001
1600939746.139458000 1247449
1600939746.272613000 1248801
1600939746.272716000 1250201
1600939746.342670000 1248801
1600939746.344015000 1250201
1600939746.344878000 1251649
1600939746.522341000 1253001
1600939746.522446000 1254401
1600939746.549021000 1255849
1600939746.771494000 1257201
1600939746.771603000 1258601
1600939746.860052000 1260049
1600939746.957758000 1260049
1600939746.959230000 1258601
1600939746.971434000 1261401
1600939746.971542000 1262801
1600939746.972783000 1261401
1600939746.973588000 1262801
1600939746.974298000 1264249
1600939746.976017000 1264249
1600939747.171006000 1265601
1600939747.267149000 1265601
1600939747.268183000 1267001
1600939747.321689000 1268401
1600939747.321793000 1269801
1600939747.324627000 1271249
1600939747.373710000 1272601
1600939747.373815000 1274001
1600939747.373930000 1275449
1600939747.373940000 1276897
1600939747.374465000 1278345
1600939747.375137000 1272601
1600939747.376525000 1275449
1600939747.378137000 1276897
1600939747.378286000 1279793
1600939747.378916000 1278345
1600939747.379587000 1279793
1600939747.521381000 1281001
1600939747.521489000 1282401
1600939747.571461000 1281001
1600939747.572879000 1282401
1600939747.573279000 1283849
1600939747.574779000 1283849
1600939747.921548000 1285201
1600939747.921660000 1286601
1600939747.983174000 1288049
1600939747.984814000 1288049
1600939748.122544000 1289401
1600939748.122647000 1290801
1600939748.185859000 1289401
1600939748.186125000 1290801
1600939748.187616000 1292249
1600939748.189489000 1292249
1600939748.321261000 1293601
1600939748.321365000 1295001
1600939748.394278000 1293601
1600939748.395843000 1295001
1600939748.395906000 1296449
1600939748.397571000 1296449
1600939748.470504000 1297801
1600939748.470606000 1299201
1600939748.471941000 1297801
1600939748.472708000 1299201
1600939748.473259000 1300649
1600939748.474615000 1300649
1600939748.622614000 1302001
1600939748.622722000 1303401
1600939748.698246000 1303401
1600939748.699266000 1304849
1600939748.700612000 1304849
1600939748.820609000 1306201
1600939748.820723000 1307601
1600939748.905178000 1309049
1600939748.971555000 1310401
1600939748.971660000 1311801
1600939748.975868000 1311801
1600939748.977002000 1313249
1600939749.122105000 1314601
1600939749.122210000 1316001
1600939749.209862000 1314601
1600939749.211598000 1317449
1600939749.213241000 1317449
1600939749.320471000 1318801
1600939749.320573000 1320201
1600939749.414660000 1318801
1600939749.416084000 1320201
1600939749.416391000 1321649
1600939749.470333000 1323001
1600939749.472774000 1324401
1600939749.621881000 1325801
1600939749.621985000 1327201
1600939749.720051000 1328649
1600939749.722121000 1325801
1600939749.722541000 1327201
1600939749.724149000 1328649
1600939749.820686000 1330001
1600939749.820798000 1331401
1600939749.824457000 1330001
1600939749.827142000 1332849
1600939749.970363000 1334201
1600939749.970468000 1335601
1600939750.030425000 1335601
1600939750.031498000 1337049
1600939750.032953000 1337049
1600939750.122094000 1338401
1600939750.122197000 1339801
1600939750.123512000 1338401
1600939750.124900000 1341249
1600939750.270444000 1342601
1600939750.270547000 1344001
1600939750.337060000 1342601
1600939750.337524000 1344001
1600939750.338588000 1345449
1600939750.339937000 1345449
1600939750.372706000 1346801
1600939750.372810000 1348201
1600939750.372922000 1349649
1600939750.372933000 1351097
1600939750.373417000 1352545
1600939750.373458000 1353993
1600939750.373467000 1355441
1600939750.373908000 1356889
1600939750.374831000 1346801
1600939750.377198000 1348201
1600939750.378238000 1349649
1600939750.378299000 1358337
1600939750.379804000 1351097
1600939750.379822000 1352545
1600939750.379835000 1353993
1600939750.379849000 1355441
1600939750.380391000 1356889
1600939750.380850000 1358337
1600939750.669803000 1359401
1600939750.669914000 1360801
1600939750.740051000 1362249
1600939750.746264000 1359401
1600939750.746934000 1362249
1600939750.748256000 1360801
1600939750.969886000 1363601
1600939750.969997000 1365001
1600939751.054642000 1366449
1600939751.170303000 1367801
1600939751.170409000 1369201
1600939751.257873000 1367801
1600939751.258620000 1369201
1600939751.260197000 1370649
1600939751.320297000 1372001
1600939751.320399000 1373401
1600939751.321707000 1372001
1600939751.323270000 1373401
1600939751.323420000 1374849
1600939751.324882000 1374849
1600939751.520490000 1376201
1600939751.566181000 1377601
1600939751.567567000 1377601
1600939751.719918000 1379001
1600939751.720042000 1380401
1600939751.769890000 1379001
1600939751.771493000 1380401
1600939751.771769000 1381849
1600939751.871284000 1383201
1600939751.871387000 1384601
1600939751.872711000 1383201
1600939751.873965000 1386049
1600939752.070071000 1387401
1600939752.070183000 1388801
1600939752.150051000 1390249
1600939752.179791000 1388801
1600939752.181246000 1390249
1600939752.181437000 1388801
1600939752.269645000 1391601
1600939752.269751000 1393001
1600939752.271080000 1391601
1600939752.271783000 1393001
1600939752.272631000 1394449
1600939752.274244000 1394449
1600939752.419530000 1395801
1600939752.419634000 1397201
1600939752.486658000 1395801
1600939752.488077000 1397201
1600939752.488408000 1398649
1600939752.490104000 1398649
1600939752.569882000 1400001
1600939752.569996000 1401401
1600939752.571769000 1400001
1600939752.574627000 1402849
1600939752.719555000 1404201
1600939752.719661000 1405601
1600939752.790049000 1407049
1600939752.794918000 1407049
1600939752.796290000 1405601
1600939752.797929000 1405601
1600939752.919687000 1408401
1600939752.919791000 1409801
1600939753.000789000 1411249
1600939753.069861000 1412601
1600939753.069970000 1414001
1600939753.072695000 1415449
1600939753.075759000 1414001
1600939753.077138000 1415449
1600939753.219194000 1416801
1600939753.219299000 1418201
1600939753.300050000 1419649
1600939753.371766000 1421001
1600939753.371840000 1422449
1600939753.371953000 1423897
1600939753.371963000 1425345
1600939753.372193000 1426793
1600939753.372204000 1428241
1600939753.408288000 1416801
1600939753.408545000 1418201
1600939753.409145000 1421001
1600939753.410587000 1422449
1600939753.410606000 1423897
1600939753.410619000 1425345
1600939753.410633000 1426793
1600939753.410647000 1428241
1600939753.410808000 1429689
1600939753.410818000 1431137
1600939753.411491000 1418201
1600939753.411791000 1432585
1600939753.412874000 1429689
1600939753.413493000 1431137
1600939753.414159000 1418201
1600939753.415030000 1432585
1600939753.569560000 1433601
1600939753.613079000 1433601
1600939753.614060000 1435001
1600939753.819619000 1436401
1600939753.819726000 1437801
1600939753.920049000 1439249
1600939753.920267000 1436401
1600939753.921324000 1437801
1600939753.922291000 1439249
1600939754.020230000 1440601
1600939754.020347000 1442001
1600939754.125106000 1440601
1600939754.126544000 1442001
1600939754.126829000 1443449
1600939754.269293000 1444801
1600939754.269399000 1446201
1600939754.330972000 1444801
1600939754.332543000 1446201
1600939754.332821000 1447649
1600939754.768532000 1449001
1600939754.768643000 1450401
1600939754.841843000 1449001
1600939754.843427000 1450401
1600939754.843706000 1451849
1600939755.019746000 1453201
1600939755.019855000 1454601
1600939755.047341000 1454601
1600939755.048423000 1456049
1600939755.049872000 1456049
1600939755.268670000 1457401
1600939755.268776000 1458801
1600939755.355077000 1458801
1600939755.355499000 1460249
1600939755.418826000 1461601
1600939755.418930000 1463001
1600939755.421062000 1461601
1600939755.422446000 1463001
1600939755.426585000 1464449
1600939755.427944000 1464449
1600939755.568529000 1465801
1600939755.568634000 1467201
1600939755.661107000 1465801
1600939755.663973000 1467201
1600939755.665181000 1468649
1600939755.666542000 1468649
1600939755.718380000 1470001
1600939755.718486000 1471401
1600939755.719926000 1470001
1600939755.720756000 1471401
1600939755.721351000 1472849
1600939755.722740000 1472849
1600939755.918385000 1474201
1600939755.918494000 1475601
1600939755.968416000 1474201
1600939755.969984000 1475601
1600939755.970146000 1477049
1600939755.971531000 1477049
1600939756.068323000 1478401
1600939756.068439000 1479801
1600939756.073158000 1478401
1600939756.073385000 1479801
1600939756.074915000 1481249
1600939756.076378000 1481249
1600939756.168141000 1482601
1600939756.168249000 1484001
1600939756.169684000 1482601
1600939756.173705000 1484001
1600939756.174278000 1485449
1600939756.318288000 1486801
1600939756.377918000 1486801
1600939756.379625000 1488201
1600939756.418608000 1489601
1600939756.418683000 1491049
1600939756.420118000 1489601
1600939756.420924000 1491049
1600939756.421486000 1492497
1600939756.422836000 1492497
1600939756.619532000 1493801
1600939756.619644000 1495201
1600939756.685107000 1493801
1600939756.686559000 1495201
1600939756.686737000 1496649
1600939756.688111000 1496649
1600939756.768695000 1498001
1600939756.768802000 1499401
1600939756.770293000 1498001
1600939756.772437000 1500849
1600939756.773882000 1499401
1600939756.774310000 1500849
1600939756.918052000 1502201
1600939756.918161000 1503601
1600939756.990050000 1505049
1600939756.993964000 1503601
1600939756.995413000 1505049
1600939757.119577000 1506401
1600939757.119692000 1507801
1600939757.197076000 1506401
1600939757.198286000 1507801
1600939757.199430000 1509249
1600939757.317954000 1510601
1600939757.318062000 1512001
1600939757.418228000 1513449
1600939757.418310000 1514897
1600939757.418795000 1516345
1600939757.520051000 1517793
1600939757.568003000 1519001
1600939757.568081000 1520449
1600939757.607498000 1513449
1600939757.609953000 1514897
1600939757.609971000 1516345
1600939757.609989000 1517793
1600939757.610002000 1519001
1600939757.610041000 1520449
1600939757.610256000 1512001
1600939757.610570000 1521897
1600939757.718087000 1523201
1600939757.718199000 1524601
1600939757.811492000 1523201
1600939757.813008000 1526049
1600939757.817983000 1527401
1600939757.818091000 1528801
1600939757.819436000 1527401
1600939757.820916000 1528801
1600939757.821211000 1530249
1600939757.822746000 1530249
1600939757.968323000 1531601
1600939757.968431000 1533001
1600939758.017741000 1534449
1600939758.019421000 1534449
1600939758.118912000 1535801
1600939758.119020000 1537201
1600939758.121907000 1535801
1600939758.124843000 1538649
1600939758.267805000 1540001
1600939758.324529000 1541401
1600939758.325923000 1541401
1600939758.419386000 1542801
1600939758.419494000 1544201
1600939758.420932000 1542801
1600939758.421708000 1544201
1600939758.425605000 1545649
1600939758.426978000 1545649
1600939758.567630000 1547001
1600939758.567739000 1548401
1600939758.650050000 1549849
1600939758.717684000 1551201
1600939758.717761000 1552649
1600939758.736643000 1549849
1600939758.738301000 1551201
1600939758.738318000 1552649
1600939758.738532000 1554097
1600939758.740059000 1554097
1600939758.817797000 1555401
1600939758.817908000 1556801
1600939758.821781000 1555401
1600939758.822399000 1556801
1600939758.822985000 1558249
1600939758.824387000 1558249
1600939758.967462000 1559601
1600939758.967571000 1561001
1600939759.041139000 1561001
1600939759.042215000 1562449
1600939759.118704000 1563801
1600939759.118811000 1565201
1600939759.120306000 1563801
1600939759.122027000 1565201
1600939759.122670000 1566649
1600939759.267396000 1568001
1600939759.267517000 1569401
1600939759.269388000 1568001
1600939759.270856000 1570849
1600939759.272227000 1570849
1600939759.369048000 1572201
1600939759.369155000 1573601
1600939759.370511000 1572201
1600939759.371857000 1575049
1600939759.373216000 1575049
1600939759.417487000 1576401
1600939759.417594000 1577801
1600939759.420587000 1577801
1600939759.421667000 1579249
1600939759.667174000 1580601
1600939759.667285000 1582001
1600939759.730051000 1583449
1600939759.757403000 1582001
1600939759.758855000 1583449
1600939759.817340000 1584801
1600939759.817449000 1586201
1600939759.819650000 1584801
1600939759.820572000 1586201
1600939759.821628000 1587649
1600939759.822999000 1587649
1600939760.017832000 1589001
1600939760.017941000 1590401
1600939760.065956000 1591849
1600939760.067406000 1591849
1600939760.166854000 1593201
1600939760.166958000 1594601
1600939760.168397000 1593201
1600939760.174565000 1594601
1600939760.174742000 1596049
1600939760.368202000 1597401
1600939760.473879000 1597401
1600939760.474873000 1598801
1600939760.566978000 1600201
1600939760.567086000 1601601
1600939760.568532000 1600201
1600939760.569560000 1601601
1600939760.570676000 1603049
1600939760.581180000 1603049
1600939760.716789000 1604401
1600939760.716895000 1605801
1600939760.800050000 1607249
1600939760.868048000 1608601
1600939760.868125000 1610049
1600939760.883711000 1605801
1600939760.885700000 1607249
1600939760.885717000 1608601
1600939760.885731000 1610049
1600939760.885944000 1605801
1600939760.886221000 1611497
1600939760.888176000 1605801
1600939761.017490000 1612801
1600939761.017598000 1614201
1600939761.093825000 1615649
1600939761.095715000 1615649
1600939761.216710000 1617001
1600939761.216816000 1618401
1600939761.350054000 1619849
1600939761.368044000 1621201
1600939761.368118000 1622649
1600939761.395819000 1617001
1600939761.397190000 1618401
1600939761.397207000 1619849
1600939761.397220000 1621201
1600939761.397234000 1622649
1600939761.399216000 1618401
1600939761.400497000 1624097
1600939761.517329000 1625401
1600939761.517440000 1626801
1600939761.602609000 1628249
1600939761.716527000 1629601
1600939761.716635000 1631001
1600939761.870051000 1632449
1600939761.908111000 1632449
1600939761.909436000 1631001
1600939761.916638000 1633801
1600939761.916747000 1635201
1600939761.918094000 1633801
1600939761.919355000 1635201
1600939761.919528000 1636649
1600939761.922936000 1636649
1600939762.067842000 1638001
1600939762.067951000 1639401
1600939762.112282000 1638001
1600939762.113312000 1639401
1600939762.114441000 1640849
1600939762.166466000 1642201
1600939762.166573000 1643601
1600939762.168001000 1642201
1600939762.169509000 1645049
1600939762.317106000 1646401
1600939762.317219000 1647801
1600939762.368150000 1649249
1600939762.368228000 1650697
1600939762.419942000 1647801
1600939762.420309000 1649249
1600939762.421286000 1650697
1600939762.421349000 1652145
1600939762.466189000 1653401
1600939762.466297000 1654801
1600939762.467741000 1653401
1600939762.468533000 1654801
1600939762.469348000 1656249
1600939762.470991000 1656249
1600939762.617878000 1657601
1600939762.617987000 1659001
1600939762.710049000 1660449
1600939762.727111000 1659001
1600939762.728652000 1660449
1600939762.728871000 1659001
1600939762.730630000 1659001
1600939762.867290000 1661801
1600939762.867399000 1663201
1600939762.932817000 1663201
1600939762.933450000 1664649
1600939763.066763000 1666001
1600939763.066870000 1667401
1600939763.136279000 1666001
1600939763.136729000 1667401
1600939763.137509000 1668849
1600939763.139108000 1668849
1600939763.316718000 1670201
1600939763.316823000 1671601
1600939763.440054000 1673049
1600939763.443746000 1670201
1600939763.444589000 1673049
1600939763.446082000 1671601
1600939763.516578000 1674401
1600939763.516692000 1675801
1600939763.519833000 1677249
1600939763.665991000 1678601
1600939763.666098000 1680001
1600939763.780050000 1681449
1600939763.816040000 1682801
1600939763.816115000 1684249
1600939763.853782000 1680001
1600939763.855643000 1681449
1600939763.855661000 1682801
1600939763.855674000 1684249
1600939763.855937000 1680001
1600939763.856210000 1685697
1600939763.858344000 1685697
1600939764.016357000 1687001
1600939764.016467000 1688401
1600939764.059343000 1689849
1600939764.166168000 1691201
1600939764.166274000 1692601
1600939764.264370000 1691201
1600939764.264601000 1692601
1600939764.266099000 1694049
1600939764.267693000 1694049
1600939764.367005000 1695401
1600939764.367125000 1696801
1600939764.368944000 1695401
1600939764.371028000 1696801
1600939764.372349000 1698249
1600939764.516562000 1699601
1600939764.516670000 1701001
1600939764.566344000 1702449
1600939764.566420000 1703897
1600939764.566912000 1705345
1600939764.571260000 1702449
1600939764.571768000 1703897
1600939764.571784000 1705345
1600939764.572290000 1706793
1600939764.574186000 1706793
1600939764.665703000 1708001
1600939764.671655000 1709401
1600939764.868355000 1710801
1600939764.868460000 1712201
1600939764.950050000 1713649
1600939765.065614000 1715001
1600939765.065690000 1716449
1600939765.082579000 1713649
1600939765.083067000 1715001
1600939765.083083000 1716449
1600939765.084155000 1717897
1600939765.265623000 1719201
1600939765.265731000 1720601
1600939765.288234000 1722049
1600939765.367094000 1723401
1600939765.367198000 1724801
1600939765.369319000 1724801
1600939765.369865000 1726249
1600939765.416106000 1727601
1600939765.416216000 1729001
1600939765.418477000 1729001
1600939765.418868000 1730449
1600939765.465985000 1731801
1600939765.466090000 1733201
1600939765.467883000 1731801
1600939765.468115000 1733201
1600939765.469452000 1734649
1600939765.470808000 1734649
1600939765.665345000 1736001
1600939765.665451000 1737401
1600939765.696143000 1736001
1600939765.697716000 1737401
1600939765.698868000 1738849
1600939765.867633000 1740201
1600939765.867739000 1741601
1600939765.901154000 1740201
1600939765.902723000 1741601
1600939765.902786000 1743049
1600939765.904365000 1743049
1600939766.118027000 1744401
1600939766.118132000 1745801
1600939766.190053000 1747249
1600939766.208659000 1745801
1600939766.210202000 1747249
1600939766.210391000 1745801
1600939766.316613000 1748601
1600939766.316717000 1750001
1600939766.413157000 1748601
1600939766.413580000 1750001
1600939766.415199000 1751449
1600939766.416827000 1751449
1600939766.516047000 1752801
1600939766.516159000 1754201
1600939766.517442000 1752801
1600939766.518225000 1754201
1600939766.519139000 1755649
1600939766.665500000 1757001
1600939766.665605000 1758401
1600939766.720260000 1757001
1600939766.721807000 1758401
1600939766.721868000 1759849
1600939766.724595000 1759849
1600939766.915326000 1761201
1600939767.028576000 1762601
1600939767.030040000 1762601
1600939767.116326000 1764001
1600939767.116429000 1765401
1600939767.125683000 1764001
1600939767.129739000 1766849
1600939767.131140000 1766849
1600939767.314735000 1768201
1600939767.314838000 1769601
1600939767.400053000 1771049
1600939767.437114000 1768201
1600939767.437453000 1769601
1600939767.437741000 1771049
1600939767.439364000 1769601
1600939767.440859000 1769601
1600939767.515459000 1772401
1600939767.515571000 1773801
1600939767.516886000 1772401
1600939767.517702000 1773801
1600939767.518550000 1775249
1600939767.665579000 1776601
1600939767.665686000 1778001
1600939767.744235000 1776601
1600939767.744573000 1778001
1600939767.745760000 1779449
1600939767.814951000 1780801
1600939767.815054000 1782201
1600939767.817267000 1782201
1600939767.818486000 1783649
1600939767.820276000 1783649
1600939767.964563000 1785001
1600939767.964667000 1786401
1600939768.050052000 1787849
1600939768.053421000 1786401
1600939768.054008000 1787849
1600939768.116130000 1789201
1600939768.116234000 1790601
1600939768.117538000 1789201
1600939768.118593000 1790601
1600939768.118950000 1792049
1600939768.123590000 1792049
1600939768.314586000 1793401
1600939768.314689000 1794801
1600939768.358590000 1793401
1600939768.360117000 1794801
1600939768.360270000 1796249
1600939768.361607000 1796249
1600939768.414513000 1797601
1600939768.414615000 1799001
1600939768.417258000 1800449
1600939768.418596000 1800449
1600939768.615692000 1801801
1600939768.615808000 1803201
1600939768.665958000 1801801
1600939768.666300000 1803201
1600939768.667406000 1804649
1600939768.814508000 1806001
1600939768.814613000 1807401
1600939768.870696000 1806001
1600939768.872224000 1807401
1600939768.872377000 1808849
1600939768.873718000 1808849
1600939769.014893000 1810201
1600939769.014997000 1811601
1600939769.090052000 1813049
1600939769.164326000 1814401
1600939769.164398000 1815849
1600939769.177901000 1810201
1600939769.178485000 1811601
1600939769.180177000 1813049
1600939769.180195000 1814401
1600939769.180879000 1815849
1600939769.181758000 1817297
1600939769.314266000 1818601
1600939769.383904000 1820001
1600939769.464048000 1821401
1600939769.464151000 1822801
1600939769.465468000 1821401
1600939769.469878000 1824249
1600939769.471305000 1824249
1600939769.615681000 1825601
1600939769.615805000 1827001
1600939769.691793000 1827001
1600939769.692803000 1828449
1600939769.694222000 1828449
1600939769.814055000 1829801
1600939769.814162000 1831201
1600939769.894940000 1829801
1600939769.896521000 1831201
1600939769.897023000 1832649
1600939769.898445000 1832649
1600939769.914079000 1834001
1600939769.914184000 1835401
1600939769.915440000 1834001
1600939769.916256000 1835401
1600939769.916817000 1836849
1600939769.918222000 1836849
1600939770.116533000 1838201
1600939770.116639000 1839601
1600939770.202155000 1839601
1600939770.203227000 1841049
1600939770.264363000 1842401
1600939770.264467000 1843801
1600939770.265792000 1842401
1600939770.267809000 1843801
1600939770.268115000 1845249
1600939770.270011000 1845249
1600939770.414114000 1846601
1600939770.414220000 1848001
1600939770.509023000 1846601
1600939770.510566000 1848001
1600939770.510634000 1849449
1600939770.512098000 1849449
1600939770.564465000 1850801
1600939770.564570000 1852201
1600939770.565883000 1850801
1600939770.566632000 1852201
1600939770.567187000 1853649
1600939770.568582000 1853649
1600939770.665022000 1855001
1600939770.665134000 1856401
1600939770.669559000 1857849
1600939770.670977000 1857849
1600939770.813810000 1859201
1600939770.813917000 1860601
1600939770.890052000 1862049
1600939770.918693000 1859201
1600939770.919145000 1860601
1600939770.920768000 1862049
1600939771.014467000 1863401
1600939771.014571000 1864801
1600939771.016641000 1864801
1600939771.021255000 1866249
1600939771.022753000 1866249
1600939771.213541000 1867601
1600939771.213649000 1869001
1600939771.225894000 1867601
1600939771.227382000 1869001
1600939771.227441000 1870449
1600939771.228877000 1870449
1600939771.365563000 1871801
1600939771.365674000 1873201
1600939771.365780000 1874649
1600939771.365791000 1876097
1600939771.431538000 1871801
1600939771.433204000 1874649
1600939771.434294000 1876097
1600939771.434591000 1877545
1600939771.436190000 1877545
1600939771.463627000 1878801
1600939771.463732000 1880201
1600939771.465775000 1880201
1600939771.466638000 1881649
1600939771.763372000 1883001
1600939771.763490000 1884401
1600939771.860052000 1885849
1600939771.942974000 1884401
1600939771.944369000 1885849
1600939771.963301000 1887201
1600939771.963408000 1888601
1600939771.964681000 1887201
1600939771.966013000 1890049
1600939771.967434000 1890049
1600939772.163285000 1891401
1600939772.163393000 1892801
1600939772.251031000 1891401
1600939772.252544000 1892801
1600939772.252608000 1894249
1600939772.253950000 1894249
1600939772.364603000 1895601
1600939772.364708000 1897001
1600939772.455353000 1895601
1600939772.455923000 1897001
1600939772.456521000 1898449
1600939772.465448000 1898449
1600939772.563167000 1899801
1600939772.563274000 1901201
1600939772.564958000 1899801
1600939772.566514000 1901201
1600939772.566668000 1902649
1600939772.568012000 1902649
1600939772.713106000 1904001
1600939772.713215000 1905401
1600939772.761767000 1904001
1600939772.763318000 1905401
1600939772.763473000 1906849
1600939772.764818000 1906849
1600939772.864528000 1908201
1600939772.864634000 1909601
1600939772.869295000 1911049
1600939772.870661000 1911049
1600939773.013842000 1912401
1600939773.013946000 1913801
1600939773.069816000 1913801
1600939773.070939000 1915249
1600939773.072338000 1915249
1600939773.213034000 1916601
1600939773.213136000 1918001
1600939773.273799000 1916601
1600939773.275298000 1918001
1600939773.275447000 1919449
1600939773.365577000 1920801
1600939773.365680000 1922201
1600939773.366992000 1920801
1600939773.368384000 1923649
1600939773.369738000 1923649
1600939773.462961000 1925001
1600939773.463064000 1926401
1600939773.464955000 1925001
1600939773.466489000 1926401
1600939773.466669000 1927849
1600939773.468033000 1927849
1600939773.614243000 1929201
1600939773.686661000 1930601
1600939773.813869000 1932001
1600939773.813981000 1933401
1600939773.815305000 1932001
1600939773.816117000 1933401
1600939773.817120000 1934849
1600939773.962843000 1936201
1600939773.962946000 1937601
1600939773.991031000 1937601
1600939773.992258000 1939049
1600939773.993662000 1939049
1600939774.113988000 1940401
1600939774.114090000 1941801
1600939774.190052000 1943249
1600939774.196610000 1940401
1600939774.197680000 1941801
1600939774.197698000 1943249
1600939774.312578000 1944601
1600939774.312685000 1946001
1600939774.364671000 1947449
1600939774.364749000 1948897
1600939774.365100000 1950345
1600939774.412657000 1951793
1600939774.412731000 1953241
1600939774.413082000 1954689
1600939774.500048000 1956137
1600939774.502726000 1944601
1600939774.503446000 1947449
1600939774.504476000 1948897
1600939774.504493000 1950345
1600939774.504506000 1951793
1600939774.504521000 1953241
1600939774.505415000 1954689
1600939774.505432000 1956137
1600939774.505768000 1946001
1600939774.507868000 1946001
1600939774.712431000 1957201
1600939774.712540000 1958601
1600939774.809996000 1957201
1600939774.810619000 1958601
1600939774.811828000 1960049
1600939774.962542000 1961401
1600939774.962653000 1962801
1600939775.014853000 1961401
1600939775.016266000 1962801
1600939775.016576000 1964249
1600939775.114965000 1965601
1600939775.115067000 1967001
1600939775.118454000 1965601
1600939775.120164000 1968449
1600939775.312281000 1969801
1600939775.312385000 1971201
1600939775.425243000 1969801
1600939775.426548000 1971201
1600939775.426610000 1972649
1600939775.513030000 1974001
1600939775.513138000 1975401
1600939775.514961000 1974001
1600939775.516361000 1975401
1600939775.516672000 1976849
1600939775.663310000 1978201
1600939775.663414000 1979601
1600939775.735309000 1978201
1600939775.736690000 1979601
1600939775.741743000 1981049
1600939775.812919000 1982401
1600939775.814383000 1982401
1600939775.815633000 1983801
1600939775.819886000 1983801
1600939775.962064000 1985201
1600939775.962168000 1986601
1600939776.039382000 1986601
1600939776.040440000 1988049
1600939776.041922000 1988049
1600939776.163808000 1989401
1600939776.163913000 1990801
1600939776.280051000 1992249
1600939776.312119000 1993601
1600939776.312191000 1995049
1600939776.347069000 1990801
1600939776.347515000 1992249
1600939776.348003000 1993601
1600939776.348025000 1995049
1600939776.348888000 1996497
1600939776.350430000 1996497
1600939776.463339000 1997801
1600939776.463448000 1999201
1600939776.550774000 1997801
1600939776.552271000 1999201
1600939776.552341000 2000649
1600939776.553944000 2000649
1600939776.661946000 2002001
1600939776.662053000 2003401
1600939776.810051000 2004849
1600939776.811861000 2006201
1600939776.811935000 2007649
1600939776.858091000 2002001
1600939776.859263000 2003401
1600939776.859279000 2006201
1600939776.859293000 2007649
1600939776.860340000 2003401
1600939776.860667000 2009097
1600939776.962068000 2010401
1600939776.962179000 2011801
1600939776.964333000 2010401
1600939776.965329000 2011801
1600939776.966638000 2013249
1600939776.969230000 2013249
1600939777.061931000 2014601
1600939777.062037000 2016001
1600939777.063646000 2014601
1600939777.064535000 2016001
1600939777.065357000 2017449
1600939777.066927000 2017449
1600939777.261697000 2018801
1600939777.261801000 2020201
1600939777.360051000 2021649
1600939777.363796000 2023001
1600939777.363871000 2024449
1600939777.363985000 2025897
1600939777.363995000 2027345
1600939777.364489000 2028793
1600939777.371186000 2018801
1600939777.371598000 2020201
1600939777.371814000 2021649
1600939777.372154000 2023001
1600939777.374039000 2024449
1600939777.374055000 2025897
1600939777.374069000 2027345
1600939777.374082000 2028793
1600939777.374285000 2020201
1600939777.374576000 2030241
1600939777.376005000 2020201
1600939777.376695000 2030241
1600939777.513231000 2031401
1600939777.513342000 2032801
1600939777.575239000 2031401
1600939777.576686000 2032801
1600939777.576873000 2034249
1600939777.812571000 2035601
1600939777.812678000 2037001
1600939777.881758000 2035601
1600939777.883213000 2037001
1600939777.883503000 2038449
1600939777.884964000 2038449
1600939778.012200000 2039801
1600939778.087603000 2039801
1600939778.088623000 2041201
1600939778.261534000 2042601
1600939778.261639000 2044001
1600939778.370051000 2045449
1600939778.394054000 2044001
1600939778.395909000 2044001
1600939778.411448000 2046801
1600939778.411552000 2048201
1600939778.412815000 2046801
1600939778.413605000 2048201
1600939778.414375000 2049649
1600939778.415991000 2049649
1600939778.561355000 2051001
1600939778.561460000 2052401
1600939778.670051000 2053849
1600939778.701359000 2052401
1600939778.703104000 2052401
1600939778.761346000 2055201
1600939778.761452000 2056601
1600939778.762773000 2055201
1600939778.764374000 2058049
1600939778.912097000 2059401
1600939778.912200000 2060801
1600939779.011912000 2060801
1600939779.013116000 2062249
1600939779.062124000 2063601
1600939779.062232000 2065001
1600939779.063565000 2063601
1600939779.065162000 2066449
1600939779.067824000 2066449
1600939779.261103000 2067801
1600939779.261207000 2069201
1600939779.315392000 2067801
1600939779.316960000 2069201
1600939779.317259000 2070649
1600939779.411014000 2072001
1600939779.411119000 2073401
1600939779.417328000 2074849
1600939779.418936000 2074849
1600939779.561069000 2076201
1600939779.561176000 2077601
1600939779.622615000 2076201
1600939779.624205000 2077601
1600939779.624387000 2079049
1600939779.710944000 2080401
1600939779.711049000 2081801
1600939779.713437000 2081801
1600939779.713744000 2083249
1600939779.862129000 2084601
1600939779.862234000 2086001
1600939779.929820000 2084601
1600939779.930321000 2086001
1600939779.930945000 2087449
1600939779.932371000 2087449
1600939780.060838000 2088801
1600939780.060951000 2090201
1600939780.134640000 2088801
1600939780.136051000 2090201
1600939780.136371000 2091649
1600939780.210822000 2093001
1600939780.212278000 2093001
1600939780.213403000 2094401
1600939780.215986000 2094401
1600939780.362742000 2095801
1600939780.362846000 2097201
1600939780.362961000 2098649
1600939780.362972000 2100097
1600939780.363480000 2101545
1600939780.442840000 2097201
1600939780.443422000 2098649
1600939780.443914000 2100097
1600939780.443931000 2101545
1600939780.444641000 2102993
1600939780.560565000 2104201
1600939780.560674000 2105601
1600939780.646796000 2104201
1600939780.648323000 2105601
1600939780.648506000 2107049
1600939780.760801000 2108401
1600939780.760910000 2109801
1600939780.851397000 2108401
1600939780.852814000 2111249
1600939780.854218000 2111249
1600939780.862122000 2112601
1600939780.862224000 2114001
1600939780.864840000 2115449
1600939780.866239000 2115449
1600939781.060586000 2116801
1600939781.060704000 2118201
1600939781.150051000 2119649
1600939781.158822000 2118201
1600939781.159292000 2119649
1600939781.260501000 2121001
1600939781.260610000 2122401
1600939781.262119000 2121001
1600939781.262891000 2122401
1600939781.263453000 2123849
1600939781.460549000 2125201
1600939781.460653000 2126601
1600939781.560625000 2128049
1600939781.560702000 2129497
1600939781.561047000 2130945
1600939781.568757000 2126601
1600939781.568990000 2128049
1600939781.570770000 2129497
1600939781.570787000 2130945
1600939781.570856000 2132393
1600939781.711658000 2133601
1600939781.711763000 2135001
1600939781.773105000 2133601
1600939781.777954000 2136449
1600939781.780691000 2136449
1600939781.862259000 2137801
1600939781.862362000 2139201
1600939781.864657000 2137801
1600939781.865431000 2139201
1600939781.870815000 2140649
1600939781.875768000 2140649
1600939782.060601000 2142001
1600939782.060715000 2143401
1600939782.081437000 2142001
1600939782.082510000 2143401
1600939782.087714000 2144849
1600939782.089168000 2144849
1600939782.210618000 2146201
1600939782.210725000 2147601
1600939782.320056000 2149049
1600939782.387357000 2146201
1600939782.389849000 2147601
1600939782.392591000 2149049
1600939782.396503000 2147601
1600939782.460729000 2150401
1600939782.462186000 2150401
1600939782.465933000 2151801
1600939782.467333000 2151801
1600939782.660497000 2153201
1600939782.660606000 2154601
1600939782.798599000 2153201
1600939782.799734000 2154601
1600939782.800184000 2156049
1600939782.802264000 2156049
1600939782.862050000 2157401
1600939782.862157000 2158801
1600939782.863498000 2157401
1600939782.870661000 2158801
1600939782.873542000 2160249
1600939782.878606000 2160249
1600939783.010710000 2161601
1600939783.010814000 2163001
1600939783.107611000 2161601
1600939783.125592000 2163001
1600939783.138386000 2164449
1600939783.139032000 2163001
1600939783.160356000 2165801
1600939783.160438000 2167249
1600939783.169579000 2164449
1600939783.188921000 2163001
1600939783.200847000 2165801
1600939783.219539000 2164449
1600939783.220995000 2167249
1600939783.221009000 2164449
1600939783.221021000 2167249
1600939783.221209000 2164449
1600939783.222461000 2167249
1600939783.222475000 2164449
1600939783.222661000 2167249
1600939783.223266000 2164449
1600939783.223565000 2167249
1600939783.227615000 2165801
1600939783.252344000 2164449
1600939783.258313000 2163001
1600939783.260085000 2163001
1600939783.268202000 2168697
1600939783.272734000 2168697
1600939783.308334000 2170001
1600939783.308393000 2171449
1600939783.324974000 2170001
1600939783.341986000 2171449
1600939783.357402000 2168697
1600939783.358981000 2168697
1600939783.362282000 2172897
1600939783.389606000 2172897
1600939783.401728000 2174345
1600939783.401743000 2175793
1600939783.403113000 2174345
1600939783.410595000 2177241
1600939783.417085000 2175793
1600939783.427645000 2177241
1600939783.433233000 2178689
1600939783.433247000 2180137
1600939783.434402000 2181585
1600939783.434416000 2183033
1600939783.434956000 2184481
1600939783.435198000 2178689
1600939783.441959000 2180137
1600939783.456568000 2181585
1600939783.458260000 2183033
1600939783.458281000 2184481
1600939783.458295000 2183033
1600939783.458499000 2184481
1600939783.460076000 2183033
1600939783.460094000 2184481
1600939783.461937000 2181585
1600939783.461955000 2183033
1600939783.461968000 2184481
1600939783.464449000 2185929
1600939783.470952000 2181585
1600939783.471287000 2183033
1600939783.472129000 2181585
1600939783.473509000 2183033
1600939783.474729000 2181585
1600939783.476122000 2183033
1600939783.476813000 2181585
1600939783.478208000 2183033
1600939783.481236000 2185929
1600939783.501947000 2185929
1600939783.510957000 2186801
1600939783.511065000 2188201
1600939783.515713000 2186801
1600939783.529706000 2188201
1600939783.532264000 2189649
1600939783.533659000 2189649
1600939783.659645000 2191001
1600939783.659733000 2192401
1600939783.760944000 2193849
1600939783.761021000 2195297
1600939783.821045000 2191001
1600939783.821398000 2192401
1600939783.825800000 2193849
1600939783.827436000 2195297
1600939783.827728000 2196745
1600939783.827739000 2198193
1600939783.862245000 2199401
1600939783.862350000 2200801
1600939783.866422000 2202249
1600939783.961239000 2203601
1600939783.964507000 2205001
1600939783.965975000 2205001
1600939784.060550000 2206401
1600939784.060652000 2207801
1600939784.062061000 2206401
1600939784.065792000 2207801
1600939784.066963000 2209249
1600939784.068495000 2209249
1600939784.160242000 2210601
1600939784.160358000 2212001
1600939784.162848000 2212001
1600939784.163547000 2213449
1600939784.167385000 2213449
1600939784.260428000 2214801
1600939784.260534000 2216201
1600939784.261958000 2214801
1600939784.262786000 2216201
1600939784.263422000 2217649
1600939784.264960000 2217649
1600939784.361829000 2219001
1600939784.361934000 2220401
1600939784.363351000 2219001
1600939784.364101000 2220401
1600939784.364721000 2221849
1600939784.460123000 2223201
1600939784.460229000 2224601
1600939784.461566000 2223201
1600939784.462365000 2224601
1600939784.463033000 2226049
1600939784.464744000 2226049
1600939784.661399000 2227401
1600939784.661509000 2228801
1600939784.730052000 2230249
1600939784.743154000 2228801
1600939784.744186000 2230249
1600939784.909796000 2231601
1600939784.909902000 2233001
1600939784.947339000 2231601
1600939784.947566000 2233001
1600939784.948949000 2234449
1600939785.209722000 2235801
1600939785.209833000 2237201
1600939785.254591000 2235801
1600939785.255118000 2237201
1600939785.255755000 2238649
1600939785.257178000 2238649
1600939785.559033000 2240001
1600939785.559142000 2241401
1600939785.660050000 2242849
1600939785.664650000 2240001
1600939785.665097000 2241401
1600939785.666529000 2242849
1600939785.908885000 2244201
1600939785.908991000 2245601
1600939786.040052000 2247049
1600939786.074470000 2247049
1600939786.076093000 2245601
1600939786.361094000 2248401
1600939786.361204000 2249801
1600939786.361319000 2251249
1600939786.361330000 2252697
1600939786.361844000 2254145
1600939786.381468000 2249801
1600939786.383526000 2251249
1600939786.383546000 2252697
1600939786.383560000 2254145
1600939786.383624000 2255593
1600939786.509982000 2256801
1600939786.689840000 2258201
1600939786.691298000 2258201
1600939786.758988000 2259601
1600939786.759097000 2261001
1600939786.761381000 2261001
1600939786.762667000 2262449
1600939786.958924000 2263801
1600939786.959040000 2265201
1600939787.070053000 2266649
1600939787.098223000 2265201
1600939787.099660000 2266649
1600939787.100676000 2265201
1600939787.102395000 2265201
1600939787.159072000 2268001
1600939787.159181000 2269401
1600939787.161958000 2268001
1600939787.162754000 2269401
1600939787.163643000 2270849
1600939787.309111000 2272201
1600939787.309228000 2273601
1600939787.420052000 2275049
1600939787.507552000 2272201
1600939787.509584000 2273601
1600939787.509602000 2275049
1600939787.509942000 2273601
1600939787.511518000 2273601
1600939787.558782000 2276401
1600939787.558891000 2277801
1600939787.560249000 2276401
1600939787.561247000 2277801
1600939787.561548000 2279249
1600939787.563399000 2279249
1600939787.759298000 2280601
1600939787.759405000 2282001
1600939787.814769000 2280601
1600939787.816168000 2282001
1600939787.816479000 2283449
1600939787.909543000 2284801
1600939787.909648000 2286201
1600939787.911412000 2284801
1600939787.911865000 2286201
1600939787.916559000 2287649
1600939787.918177000 2287649
1600939788.059210000 2289001
1600939788.059316000 2290401
1600939788.160052000 2291849
1600939788.227991000 2290401
1600939788.229553000 2291849
1600939788.230008000 2290401
1600939788.231607000 2290401
1600939788.258484000 2293201
1600939788.258595000 2294601
1600939788.260314000 2293201
1600939788.260809000 2294601
1600939788.261814000 2296049
1600939788.263423000 2296049
1600939788.458351000 2297401
1600939788.458464000 2298801
1600939788.531559000 2297401
1600939788.533030000 2298801
1600939788.533352000 2300249
1600939788.610152000 2301601
1600939788.610264000 2303001
1600939788.611803000 2301601
1600939788.613434000 2304449
1600939788.615060000 2304449
1600939788.708793000 2305801
1600939788.708904000 2307201
1600939788.710392000 2305801
1600939788.711144000 2307201
1600939788.712074000 2308649
1600939788.713675000 2308649
1600939788.759420000 2310001
1600939788.759526000 2311401
1600939788.762532000 2312849
1600939788.908933000 2314201
1600939788.940987000 2314201
1600939788.942092000 2315601
1600939788.943525000 2315601
1600939789.059093000 2317001
1600939789.059199000 2318401
1600939789.061102000 2317001
1600939789.061550000 2318401
1600939789.063013000 2319849
1600939789.258676000 2321201
1600939789.258781000 2322601
1600939789.320055000 2324049
1600939789.350906000 2322601
1600939789.351142000 2324049
1600939789.609467000 2325401
1600939789.609586000 2326801
1600939789.710048000 2328249
1600939789.760577000 2326801
1600939789.761933000 2328249
1600939789.808874000 2329601
1600939789.808981000 2331001
1600939789.811377000 2329601
1600939789.811606000 2331001
1600939789.812858000 2332449
1600939789.821391000 2332449
1600939790.009585000 2333801
1600939790.009693000 2335201
1600939790.068022000 2333801
1600939790.069511000 2335201
1600939790.069572000 2336649
1600939790.071068000 2336649
1600939790.408036000 2338001
1600939790.408150000 2339401
1600939790.476986000 2338001
1600939790.478395000 2340849
1600939790.479809000 2340849
1600939790.609490000 2342201
1600939790.609603000 2343601
1600939790.681959000 2342201
1600939790.683499000 2345049
1600939790.685147000 2345049
1600939790.708808000 2346401
1600939790.708915000 2347801
1600939790.710904000 2346401
1600939790.711330000 2347801
1600939790.712402000 2349249
1600939790.713789000 2349249
1600939790.859893000 2350601
1600939790.860000000 2352001
1600939790.950050000 2353449
1600939791.008456000 2354801
1600939791.092971000 2354801
1600939791.094049000 2356249
1600939791.094425000 2352001
1600939791.094969000 2357697
1600939791.097040000 2352001
1600939791.098510000 2357697
1600939791.109656000 2359001
1600939791.109766000 2360401
1600939791.112636000 2361849
1600939791.114530000 2361849
1600939791.209011000 2363201
1600939791.209120000 2364601
1600939791.211110000 2363201
1600939791.211582000 2364601
1600939791.212433000 2366049
1600939791.309113000 2367401
1600939791.310675000 2367401
1600939791.311667000 2368801
1600939791.409408000 2370201
1600939791.409523000 2371601
1600939791.459220000 2373049
1600939791.459301000 2374497
1600939791.501325000 2371601
1600939791.503037000 2373049
1600939791.503054000 2374497
1600939791.503128000 2375945
1600939791.503138000 2377393
1600939791.506038000 2377393
1600939791.609797000 2378601
1600939791.609909000 2380001
1600939791.700051000 2381449
1600939791.707511000 2380001
1600939791.708098000 2381449
1600939791.708797000 2382801
1600939791.708862000 2384249
1600939791.709594000 2385697
1600939791.711774000 2385697
1600939791.858978000 2387001
1600939791.859085000 2388401
1600939791.889728000 2387001
1600939791.891311000 2389849
1600939792.109474000 2391201
1600939792.109577000 2392601
1600939792.200049000 2394049
1600939792.218432000 2392601
1600939792.218851000 2394049
1600939792.358387000 2395401
1600939792.358491000 2396801
1600939792.422557000 2395401
1600939792.423084000 2396801
1600939792.423668000 2398249
1600939792.442031000 2399601
1600939792.442916000 2399601
1600939793.962669000 2399602
1600939793.963511000 2399602
