1600939696.164794000 0
1600939696.166846000 1
1600939696.166987000 1
1600939696.677307000 1
1600939696.679410000 1401
1600939696.680237000 2801
1600939696.681233000 4249
1600939696.683758000 5697
1600939696.984603000 7001
1600939696.984694000 8401
1600939696.987597000 9849
1600939697.086861000 11201
1600939697.087557000 12601
1600939697.090036000 14049
1600939697.292208000 15401
1600939697.292299000 16801
1600939697.296634000 18249
1600939697.496685000 19601
1600939697.496790000 21001
1600939697.499131000 22449
1600939697.804345000 23801
1600939697.804404000 25201
1600939697.806797000 26649
1600939698.008868000 28001
1600939698.008920000 29401
1600939698.012183000 30849
1600939698.213567000 32201
1600939698.213618000 33601
1600939698.216851000 35049
1600939698.286043000 36401
1600939698.286638000 37801
1600939698.288785000 39249
1600939698.521118000 40601
1600939698.521176000 43449
1600939698.521230000 42001
1600939698.587123000 44801
1600939698.587175000 46201
1600939698.592551000 47649
1600939698.827813000 49001
1600939698.827865000 50401
1600939698.830318000 51849
1600939698.836285000 53201
1600939698.838425000 54601
1600939699.032847000 56001
1600939699.032897000 57401
1600939699.036579000 58849
1600939699.237859000 60201
1600939699.237917000 63049
1600939699.237971000 61601
1600939699.289564000 64401
1600939699.290802000 65801
1600939699.291860000 67249
1600939699.387096000 68601
1600939699.387763000 70001
1600939699.389852000 71449
1600939699.485751000 72801
1600939699.486433000 74201
1600939699.488532000 75649
1600939699.749510000 77001
1600939699.749564000 78401
1600939699.751919000 79849
1600939699.954335000 81201
1600939699.954394000 82601
1600939699.956762000 84049
1600939700.036157000 85401
1600939700.036899000 86801
1600939700.038979000 88249
1600939700.261532000 89601
1600939700.261601000 91001
1600939700.263895000 92449
1600939700.466582000 93801
1600939700.466625000 96649
1600939700.466664000 95201
1600939700.539770000 98001
1600939700.539823000 99401
1600939700.542559000 100849
1600939700.640607000 102201
1600939700.641415000 103601
1600939700.643676000 105049
1600939700.735234000 106401
1600939700.737789000 107801
1600939700.979623000 109201
1600939700.979675000 110601
1600939700.982068000 112049
1600939701.184299000 113401
1600939701.184353000 114801
1600939701.186562000 116249
1600939701.285833000 117601
1600939701.286654000 119001
1600939701.288606000 120449
1600939701.490226000 121801
1600939701.490285000 123201
1600939701.492730000 124649
1600939701.585801000 126001
1600939701.585854000 127401
1600939701.591739000 128849
1600939701.797491000 130201
1600939701.797543000 131601
1600939701.800158000 133049
1600939701.886281000 134401
1600939701.887001000 135801
1600939701.889047000 137249
1600939702.104278000 138601
1600939702.105001000 140001
1600939702.107037000 141449
1600939702.311032000 142801
1600939702.311607000 144201
1600939702.313892000 145649
1600939702.386409000 147001
1600939702.387790000 148401
1600939702.388938000 149849
1600939702.435418000 151201
1600939702.435471000 152601
1600939702.438123000 154049
1600939703.028056000 155401
1600939703.028115000 158249
1600939703.028195000 162497
1600939703.028236000 156801
1600939703.028236000 159601
1600939703.032430000 156801
1600939703.084591000 163801
1600939703.087023000 165201
1600939703.437950000 166601
1600939703.438046000 169449
1600939703.438099000 168001
1600939703.438099000 170801
1600939703.441166000 168001
1600939703.441859000 173697
1600939703.538115000 175001
1600939703.538206000 176401
1600939703.541163000 177849
1600939703.743543000 179201
1600939703.743633000 180601
1600939703.746506000 182049
1600939703.948894000 183401
1600939703.948985000 184801
1600939703.951871000 186249
1600939704.152753000 187601
1600939704.152852000 189001
1600939704.185595000 190449
1600939704.234101000 191801
1600939704.234821000 193201
1600939704.237393000 194649
1600939704.461551000 196001
1600939704.461610000 197401
1600939704.464158000 198849
1600939704.535819000 200201
1600939704.535879000 201601
1600939704.538461000 203049
1600939704.771161000 204401
1600939704.771217000 205801
1600939704.774020000 207249
1600939704.972827000 208601
1600939704.972870000 210001
1600939704.973386000 211449
1600939705.035447000 212801
1600939705.035499000 214201
1600939705.038055000 215649
1600939705.278746000 217001
1600939705.281487000 218401
1600939705.388152000 219801
1600939705.388234000 221201
1600939705.388234000 225545
1600939705.391097000 226993
1600939705.689107000 228201
1600939705.689163000 231049
1600939705.689218000 229601
1600939705.995503000 232401
1600939705.995769000 233801
1600939705.998252000 235249
1600939706.085062000 236601
1600939706.086344000 238001
1600939706.088386000 239449
1600939706.303024000 240801
1600939706.303076000 242201
1600939706.305850000 243649
1600939706.384740000 245001
1600939706.385469000 246401
1600939706.387843000 247849
1600939706.713010000 249201
1600939706.713067000 252049
1600939706.713121000 250601
1600939706.733344000 253401
1600939706.734089000 254801
1600939706.736312000 256249
1600939706.917515000 257601
1600939706.917574000 259001
1600939706.920561000 260449
1600939707.122346000 261801
1600939707.122398000 263201
1600939707.125149000 264649
1600939707.184481000 266001
1600939707.185266000 267401
1600939707.187645000 268849
1600939707.429454000 270201
1600939707.429505000 271601
1600939707.430174000 273049
1600939707.633902000 274401
1600939707.636588000 275801
1600939707.684560000 277201
1600939707.684606000 278601
1600939707.687557000 280049
1600939707.941823000 281401
1600939707.941872000 284249
1600939707.941919000 282801
1600939707.982978000 285601
1600939707.983765000 287001
1600939707.985777000 288449
1600939708.146332000 289801
1600939708.146383000 291201
1600939708.149391000 292649
1600939708.352351000 294001
1600939708.352591000 295401
1600939708.355570000 296849
1600939708.384916000 298201
1600939708.385868000 299601
1600939708.386295000 301049
1600939708.388671000 302497
1600939708.390380000 305393
1600939708.390456000 303945
1600939708.433212000 306601
1600939708.433946000 308001
1600939708.437667000 309449
1600939709.068620000 310801
1600939709.068692000 313649
1600939709.068776000 312201
1600939709.068777000 315001
1600939709.072123000 317897
1600939709.272400000 319201
1600939709.274008000 320601
1600939709.275660000 322049
1600939709.350457000 323401
1600939709.350510000 324801
1600939709.359210000 326249
1600939709.579775000 327601
1600939709.582422000 329001
1600939709.784989000 330401
1600939709.785042000 331801
1600939709.787536000 333249
1600939709.990579000 334601
1600939709.990638000 336001
1600939709.993213000 337449
1600939710.082750000 338801
1600939710.083482000 340201
1600939710.085502000 341649
1600939710.297048000 343001
1600939710.297101000 344401
1600939710.299876000 345849
1600939710.501563000 347201
1600939710.501615000 348601
1600939710.504658000 350049
1600939710.706476000 351401
1600939710.706530000 352801
1600939710.709110000 354249
1600939710.782008000 355601
1600939710.782703000 357001
1600939710.784846000 358449
1600939711.014061000 359801
1600939711.014128000 362649
1600939711.014187000 361201
1600939711.218273000 364001
1600939711.218324000 365401
1600939711.226187000 366849
1600939711.281939000 368201
1600939711.284010000 369601
1600939711.285962000 371049
1600939711.386520000 372401
1600939711.386591000 373801
1600939711.393263000 379593
1600939711.628404000 380801
1600939711.628462000 383649
1600939711.628515000 382201
1600939711.934861000 385001
1600939711.940683000 386401
1600939712.032261000 387801
1600939712.036586000 389201
1600939712.039268000 390649
1600939712.242221000 392001
1600939712.242273000 393401
1600939712.245567000 394849
1600939712.550041000 396201
1600939712.550099000 399049
1600939712.550153000 397601
1600939712.583807000 400401
1600939712.584566000 401801
1600939712.586524000 403249
1600939712.754325000 404601
1600939712.754387000 406001
1600939712.757853000 407449
1600939712.959088000 408801
1600939712.959147000 410201
1600939712.961876000 411649
1600939713.164130000 413001
1600939713.164164000 414401
1600939713.166570000 415849
1600939713.231372000 417201
1600939713.235366000 418601
1600939713.236973000 420049
1600939713.471653000 421401
1600939713.471693000 424249
1600939713.471706000 422801
1600939713.474802000 422801
1600939713.531853000 425601
1600939713.532632000 427001
1600939713.535118000 428449
1600939713.880971000 429801
1600939713.881052000 432649
1600939713.881077000 431201
1600939713.884418000 434001
1600939713.885164000 431201
1600939713.885951000 436897
1600939714.085109000 438201
1600939714.087474000 439601
1600939714.181656000 441001
1600939714.182366000 442401
1600939714.188735000 443849
1600939714.494760000 445201
1600939714.496309000 446601
1600939714.497498000 456737
1600939714.497543000 448049
1600939714.498932000 457801
1600939714.499448000 459249
1600939714.503352000 460697
1600939714.503398000 448049
1600939714.905870000 462001
1600939714.905951000 463401
1600939714.908899000 464849
1600939715.109453000 466201
1600939715.109507000 467601
1600939715.112691000 469049
1600939715.315020000 470401
1600939715.315132000 471801
1600939715.330641000 473249
1600939715.431666000 474601
1600939715.432494000 476001
1600939715.437614000 477449
1600939715.623001000 478801
1600939715.623061000 480201
1600939715.625942000 481649
1600939715.681459000 483001
1600939715.681525000 484401
1600939715.684338000 485849
1600939715.928682000 487201
1600939715.928751000 488601
1600939715.931217000 490049
1600939716.134024000 491401
1600939716.134070000 492801
1600939716.136687000 494249
1600939716.230644000 495601
1600939716.236306000 497001
1600939716.433222000 498401
1600939716.433260000 499801
1600939716.435704000 501249
1600939716.748931000 502601
1600939716.748963000 505449
1600939716.748994000 504001
1600939716.830574000 506801
1600939716.831264000 508201
1600939716.834931000 509649
1600939717.055253000 511001
1600939717.055296000 512401
1600939717.057692000 513849
1600939717.180736000 515201
1600939717.181473000 516601
1600939717.183453000 518049
1600939717.362354000 519401
1600939717.362415000 520801
1600939717.365100000 522249
1600939717.381734000 523601
1600939717.382509000 525001
1600939717.384514000 526449
1600939717.572501000 527801
1600939717.572548000 529201
1600939717.575065000 530649
1600939717.874860000 532001
1600939717.874903000 534849
1600939717.874941000 533401
1600939718.079313000 536201
1600939718.079375000 537601
1600939718.081321000 539049
1600939718.082551000 540497
1600939718.083459000 543393
1600939718.283904000 544601
1600939718.283935000 546001
1600939718.329329000 547449
1600939718.389145000 548801
1600939718.433558000 550201
1600939718.591329000 551601
1600939718.591363000 553001
1600939718.637523000 554449
1600939718.681004000 555801
1600939718.682323000 558697
1600939718.682371000 557249
1600939718.898477000 560001
1600939718.898517000 561401
1600939718.941587000 562849
1600939719.031544000 564201
1600939719.031582000 565601
1600939719.079181000 567049
1600939719.181013000 568401
1600939719.195542000 569801
1600939719.225484000 571249
1600939719.410244000 572601
1600939719.410281000 574001
1600939719.459463000 575449
1600939719.580066000 576801
1600939719.584536000 578201
1600939719.625506000 579649
1600939719.730280000 581001
1600939719.731034000 582401
1600939719.773470000 583849
1600939719.980771000 585201
1600939719.981685000 586601
1600939720.026570000 588049
1600939720.639548000 589401
1600939720.639571000 592249
1600939720.639606000 590801
1600939720.639606000 593601
1600939720.642421000 596497
1600939720.843896000 597801
1600939720.843931000 599201
1600939720.889444000 600649
1600939720.979662000 602001
1600939720.980415000 603401
1600939721.026517000 604849
1600939721.078822000 606201
1600939721.122211000 607601
1600939721.229017000 609001
1600939721.229782000 610401
1600939721.273410000 611849
1600939721.381300000 613201
1600939721.381332000 614601
1600939721.428470000 616049
1600939721.531448000 617401
1600939721.531476000 618801
1600939721.577458000 620249
1600939721.765802000 621601
1600939721.765825000 623001
1600939721.809245000 624449
1600939721.881434000 625801
1600939721.881463000 627201
1600939721.925610000 628649
1600939722.029623000 630001
1600939722.030498000 631401
1600939722.074407000 632849
1600939722.278213000 634201
1600939722.278292000 635601
1600939722.281100000 637049
1600939722.328562000 638401
1600939722.329248000 639801
1600939722.331697000 641249
1600939722.428741000 642601
1600939722.429492000 644001
1600939722.431870000 645449
1600939722.687060000 646801
1600939722.687125000 648201
1600939722.689702000 649649
1600939722.778801000 651001
1600939722.779594000 652401
1600939722.782095000 653849
1600939722.879998000 655201
1600939722.881195000 656601
1600939722.882950000 658049
1600939723.096368000 659401
1600939723.098918000 660801
1600939723.129971000 662201
1600939723.130737000 663601
1600939723.133077000 665049
1600939723.228665000 666401
1600939723.229318000 667801
1600939723.231599000 669249
1600939723.379443000 670601
1600939723.380528000 672001
1600939723.382670000 673449
1600939723.428792000 674801
1600939723.430458000 676201
1600939723.432220000 677649
1600939723.711528000 679001
1600939723.711561000 681849
1600939723.711597000 680401
1600939723.778016000 683201
1600939723.778811000 684601
1600939723.826537000 686049
1600939724.018321000 687401
1600939724.018342000 688801
1600939724.061945000 690249
1600939724.179008000 691601
1600939724.179028000 693001
1600939724.201814000 694449
1600939724.428358000 695801
1600939724.428439000 697201
1600939724.428492000 698649
1600939724.430349000 700001
1600939724.431058000 701449
1600939724.477563000 702897
1600939724.741342000 704201
1600939724.741372000 705601
1600939724.750146000 707049
1600939724.829556000 708401
1600939724.830321000 709801
1600939724.877315000 711249
1600939724.980376000 712601
1600939724.981768000 714001
1600939725.027133000 715449
1600939725.079494000 716801
1600939725.125582000 718201
1600939725.179077000 719601
1600939725.179786000 721001
1600939725.184875000 722449
1600939725.451816000 723801
1600939725.451855000 725201
1600939725.497377000 726649
1600939725.629007000 728001
1600939725.630425000 729401
1600939725.673760000 730849
1600939725.779015000 732201
1600939725.779759000 733601
1600939725.825465000 735049
1600939725.928872000 736401
1600939725.930103000 737801
1600939725.973510000 739249
1600939726.078659000 740601
1600939726.079652000 742001
1600939726.122670000 743449
1600939726.475966000 744801
1600939726.476034000 746201
1600939726.479075000 747649
1600939726.885613000 749001
1600939726.885677000 750401
1600939726.888242000 751849
1600939726.929046000 753201
1600939726.929739000 754601
1600939726.931711000 756049
1600939726.980101000 757401
1600939726.980934000 758801
1600939727.026273000 760249
1600939727.030060000 761601
1600939727.069480000 764497
1600939727.130254000 765801
1600939727.131068000 767201
1600939727.173494000 768649
1600939727.279408000 770001
1600939727.282884000 771401
1600939727.499887000 772801
1600939727.499938000 774201
1600939727.502317000 775649
1600939727.704884000 777001
1600939727.704904000 778401
1600939727.749571000 779849
1600939727.826780000 781201
1600939727.827574000 782601
1600939727.869452000 784049
1600939728.114415000 785401
1600939728.114443000 786801
1600939728.149917000 788249
1600939728.177000000 789601
1600939728.177810000 791001
1600939728.221410000 792449
1600939728.401158000 793801
1600939728.401186000 795201
1600939728.407628000 796649
1600939728.625987000 798001
1600939728.627315000 799401
1600939728.630041000 800849
1600939728.676738000 802201
1600939728.677491000 803601
1600939728.680038000 805049
1600939728.934078000 806401
1600939728.934143000 809249
1600939728.934161000 807801
1600939728.938518000 807801
1600939728.976468000 810601
1600939728.977323000 812001
1600939728.979793000 813449
1600939729.240704000 814801
1600939729.240782000 816201
1600939729.243627000 817649
1600939729.277573000 819001
1600939729.278916000 820401
1600939729.280896000 821849
1600939729.378381000 823201
1600939729.380786000 824601
1600939729.548991000 826001
1600939729.549061000 827401
1600939729.551622000 828849
1600939729.753356000 830201
1600939729.753427000 831601
1600939729.756306000 833049
1600939729.957558000 834401
1600939729.957595000 835801
1600939729.960168000 837249
1600939730.162564000 838601
1600939730.162598000 840001
1600939730.189876000 841449
1600939730.276356000 842801
1600939730.277177000 844201
1600939730.321211000 845649
1600939730.427527000 847001
1600939730.428552000 848401
1600939730.473522000 849849
1600939730.576958000 851201
1600939730.576993000 852601
1600939730.621423000 854049
1600939730.677438000 855401
1600939730.679411000 856801
1600939730.681015000 858249
1600939730.879267000 859601
1600939730.879306000 861001
1600939730.881874000 862449
1600939731.084004000 863801
1600939731.084046000 865201
1600939731.086687000 866649
1600939731.178313000 868001
1600939731.178353000 869401
1600939731.180825000 870849
1600939731.392030000 872201
1600939731.392073000 873601
1600939731.399978000 875049
1600939731.526748000 876401
1600939731.527490000 877801
1600939731.569384000 879249
1600939731.902740000 880601
1600939731.925867000 882001
1600939731.926831000 883449
1600939731.928269000 884897
1600939731.946100000 886345
1600939732.078366000 887601
1600939732.078398000 889001
1600939732.080818000 890449
1600939732.180039000 891801
1600939732.180897000 893201
1600939732.182883000 894649
1600939732.415897000 896001
1600939732.415975000 897401
1600939732.415975000 901745
1600939732.418999000 903193
1600939732.619850000 904401
1600939732.619882000 905801
1600939732.623806000 907249
1600939732.675668000 908601
1600939732.676473000 910001
1600939732.725805000 911449
1600939732.825817000 912801
1600939732.827078000 914201
1600939732.869695000 915649
1600939732.977206000 917001
1600939732.977245000 918401
1600939733.021417000 919849
1600939733.126973000 921201
1600939733.127699000 922601
1600939733.133057000 924049
1600939733.440148000 925401
1600939733.440196000 928249
1600939733.440242000 926801
1600939733.527112000 929601
1600939733.527175000 931001
1600939733.529553000 932449
1600939733.848486000 933801
1600939733.851020000 935201
1600939733.926178000 936601
1600939733.926944000 938001
1600939733.969534000 939449
1600939734.156079000 940801
1600939734.156128000 942201
1600939734.172849000 943649
1600939734.360730000 945001
1600939734.360777000 946401
1600939734.363307000 947849
1600939734.565616000 949201
1600939734.565662000 950601
1600939734.568149000 952049
1600939734.627583000 953401
1600939734.628292000 954801
1600939734.630228000 956249
1600939734.726904000 957601
1600939734.726992000 959001
1600939734.729413000 960449
1600939734.826469000 961801
1600939734.827625000 963201
1600939734.829252000 964649
1600939735.077983000 966001
1600939735.078031000 968849
1600939735.078086000 967401
1600939735.127613000 970201
1600939735.128824000 971601
1600939735.130287000 973049
1600939735.227015000 974401
1600939735.227094000 975801
1600939735.229810000 977249
1600939735.487489000 978601
1600939735.487575000 981449
1600939735.487617000 980001
1600939735.487618000 982801
1600939735.490949000 980001
1600939735.491602000 985697
1600939735.691567000 987001
1600939735.692630000 988401
1600939735.697005000 989849
1600939735.896632000 991201
1600939735.905627000 992601
1600939735.976777000 994001
1600939735.976837000 995401
1600939735.980126000 996849
1600939736.204040000 998201
1600939736.204165000 999601
1600939736.206738000 1001049
1600939736.613799000 1002401
1600939736.613880000 1005249
1600939736.613926000 1003801
1600939736.616834000 1003801
1600939736.674399000 1006601
1600939736.675174000 1008001
1600939736.677996000 1009449
1600939736.921393000 1010801
1600939736.921451000 1012201
1600939736.923799000 1013649
1600939737.130891000 1015001
1600939737.130980000 1016401
1600939737.133868000 1017849
1600939737.433307000 1019201
1600939737.433397000 1020601
1600939737.437260000 1022049
1600939737.740303000 1023401
1600939737.740375000 1024801
1600939737.740376000 1026249
1600939737.740376000 1029145
1600939737.743417000 1030593
1600939737.946435000 1031801
1600939737.946478000 1033201
1600939737.949147000 1034649
1600939738.149492000 1036001
1600939738.149515000 1037401
1600939738.152109000 1038849
1600939738.228614000 1040201
1600939738.228654000 1041601
1600939738.231085000 1043049
1600939738.559251000 1044401
1600939738.561808000 1045801
1600939738.763964000 1047201
1600939738.764021000 1048601
1600939738.768016000 1050049
1600939738.825741000 1051401
1600939738.825776000 1052801
1600939738.828861000 1054249
1600939738.925522000 1055601
1600939738.925561000 1057001
1600939738.927944000 1058449
1600939739.276367000 1059801
1600939739.276409000 1062649
1600939739.276450000 1061201
1600939739.323988000 1064001
1600939739.324755000 1065401
1600939739.326645000 1066849
1600939739.596086000 1068201
1600939739.596118000 1071049
1600939739.596149000 1069601
1600939739.788216000 1072401
1600939739.788258000 1073801
1600939739.790725000 1075249
1600939739.994460000 1076601
1600939739.995042000 1078001
1600939739.997752000 1079449
1600939740.073073000 1080801
1600939740.073809000 1082201
1600939740.075842000 1083649
1600939740.310017000 1085001
1600939740.311357000 1086401
1600939740.313417000 1087849
1600939740.504698000 1089201
1600939740.504738000 1090601
1600939740.507190000 1092049
1600939740.577388000 1093401
1600939740.577425000 1094801
1600939740.579869000 1096249
1600939740.811899000 1097601
1600939740.811936000 1099001
1600939740.814400000 1100449
1600939740.822974000 1101801
1600939740.825318000 1103201
1600939741.017228000 1104601
1600939741.017268000 1106001
1600939741.019771000 1107449
1600939741.222283000 1108801
1600939741.222340000 1111649
1600939741.222405000 1110201
1600939741.273845000 1113001
1600939741.273883000 1114401
1600939741.276317000 1115849
1600939741.374246000 1117201
1600939741.375026000 1118601
1600939741.377031000 1120049
1600939741.631433000 1121401
1600939741.631494000 1124249
1600939741.631570000 1122801
1600939741.723975000 1125601
1600939741.724012000 1127001
1600939741.726460000 1128449
1600939741.938419000 1129801
1600939741.938447000 1131201
1600939741.940915000 1132649
1600939742.023239000 1134001
1600939742.026221000 1135401
1600939742.027139000 1136849
1600939742.246779000 1138201
1600939742.247308000 1139601
1600939742.249844000 1141049
1600939742.323469000 1142401
1600939742.323513000 1143801
1600939742.326215000 1145249
1600939742.552748000 1146601
1600939742.552791000 1148001
1600939742.555374000 1149449
1600939742.757344000 1150801
1600939742.757834000 1152201
1600939742.759854000 1153649
1600939742.823023000 1155001
1600939742.831382000 1156401
1600939742.973571000 1157801
1600939742.973612000 1159201
1600939742.976427000 1160649
1600939743.167207000 1162001
1600939743.167246000 1163401
1600939743.169969000 1164849
1600939743.371586000 1166201
1600939743.372824000 1167601
1600939743.374843000 1169049
1600939743.422239000 1170401
1600939743.422981000 1171801
1600939743.424958000 1173249
1600939743.679255000 1174601
1600939743.679310000 1176001
1600939743.681984000 1177449
1600939743.722123000 1178801
1600939743.722878000 1180201
1600939743.724922000 1181649
1600939743.986510000 1183001
1600939743.986540000 1184401
1600939743.989249000 1185849
1600939744.074319000 1187201
1600939744.074357000 1188601
1600939744.077553000 1190049
1600939744.293505000 1191401
1600939744.293531000 1192801
1600939744.295917000 1194249
1600939744.322647000 1195601
1600939744.324696000 1197001
1600939744.326373000 1198449
1600939744.373528000 1199801
1600939744.374310000 1201201
1600939744.376296000 1202649
1600939744.602274000 1204001
1600939744.602326000 1205401
1600939744.604701000 1206849
1600939744.785193000 1208201
1600939744.785228000 1209601
1600939744.787852000 1211049
1600939745.010156000 1212401
1600939745.012729000 1213801
1600939745.123876000 1215201
1600939745.123920000 1216601
1600939745.126669000 1218049
1600939745.221776000 1219401
1600939745.222484000 1220801
1600939745.224556000 1222249
1600939745.323815000 1223601
1600939745.324678000 1225001
1600939745.326630000 1226449
1600939745.625198000 1227801
1600939745.625278000 1230649
1600939745.625290000 1229201
1600939745.628389000 1229201
1600939745.672144000 1232001
1600939745.672787000 1233401
1600939745.675347000 1234849
1600939745.932671000 1236201
1600939745.932754000 1239049
1600939745.932776000 1237601
1600939745.935825000 1237601
1600939745.974864000 1240401
1600939745.974938000 1241801
1600939745.977680000 1243249
1600939746.136808000 1244601
1600939746.136869000 1246001
1600939746.139630000 1247449
1600939746.341157000 1248801
1600939746.342523000 1250201
1600939746.345079000 1251649
1600939746.546523000 1253001
1600939746.546591000 1254401
1600939746.549207000 1255849
1600939746.956285000 1257201
1600939746.956353000 1260049
1600939746.956374000 1258601
1600939746.959527000 1258601
1600939746.971332000 1261401
1600939746.972077000 1262801
1600939746.974597000 1264249
1600939747.265673000 1265601
1600939747.268183000 1267001
1600939747.321698000 1268401
1600939747.322397000 1269801
1600939747.324787000 1271249
1600939747.373700000 1272601
1600939747.375091000 1274001
1600939747.376676000 1276897
1600939747.377499000 1278345
1600939747.378137000 1279793
1600939747.570372000 1281001
1600939747.570488000 1282401
1600939747.573370000 1283849
1600939747.979998000 1285201
1600939747.980041000 1286601
1600939747.983389000 1288049
1600939748.184904000 1289401
1600939748.184944000 1290801
1600939748.188032000 1292249
1600939748.393203000 1293601
1600939748.393240000 1295001
1600939748.396199000 1296449
1600939748.470529000 1297801
1600939748.471254000 1299201
1600939748.473423000 1300649
1600939748.696758000 1302001
1600939748.696806000 1303401
1600939748.699256000 1304849
1600939748.902249000 1306201
1600939748.902867000 1307601
1600939748.905149000 1309049
1600939748.974485000 1310401
1600939748.974532000 1311801
1600939748.976984000 1313249
1600939749.209077000 1314601
1600939749.209135000 1316001
1600939749.211790000 1317449
1600939749.413645000 1318801
1600939749.413695000 1320201
1600939749.416368000 1321649
1600939749.470296000 1323001
1600939749.472703000 1324401
1600939749.721542000 1325801
1600939749.721595000 1328649
1600939749.721645000 1327201
1600939749.824684000 1330001
1600939749.824718000 1331401
1600939749.827130000 1332849
1600939750.027699000 1334201
1600939750.028959000 1335601
1600939750.031574000 1337049
1600939750.122075000 1338401
1600939750.122857000 1339801
1600939750.124890000 1341249
1600939750.336120000 1342601
1600939750.336156000 1344001
1600939750.338533000 1345449
1600939750.373431000 1346801
1600939750.376189000 1348201
1600939750.377341000 1351097
1600939750.377342000 1352545
1600939750.379317000 1358337
1600939750.379367000 1356889
1600939750.745539000 1359401
1600939750.745582000 1362249
1600939750.745587000 1360801
1600939750.748582000 1360801
1600939751.051969000 1363601
1600939751.052054000 1365001
1600939751.054772000 1366449
1600939751.257232000 1367801
1600939751.257295000 1369201
1600939751.260475000 1370649
1600939751.320272000 1372001
1600939751.321724000 1373401
1600939751.323479000 1374849
1600939751.563693000 1376201
1600939751.566181000 1377601
1600939751.768810000 1379001
1600939751.768901000 1380401
1600939751.771844000 1381849
1600939751.871280000 1383201
1600939751.871955000 1384601
1600939751.873913000 1386049
1600939752.178778000 1387401
1600939752.178831000 1390249
1600939752.178838000 1388801
1600939752.181615000 1388801
1600939752.269746000 1391601
1600939752.270406000 1393001
1600939752.272928000 1394449
1600939752.485672000 1395801
1600939752.485754000 1397201
1600939752.488627000 1398649
1600939752.572072000 1400001
1600939752.572140000 1401401
1600939752.574855000 1402849
1600939752.793557000 1404201
1600939752.793664000 1407049
1600939752.793701000 1405601
1600939752.798950000 1405601
1600939752.997684000 1408401
1600939752.997738000 1409801
1600939753.001157000 1411249
1600939753.069984000 1412601
1600939753.073174000 1414001
1600939753.075848000 1415449
1600939753.408254000 1416801
1600939753.408337000 1419649
1600939753.408364000 1418201
1600939753.408364000 1421001
1600939753.408454000 1422449
1600939753.408454000 1426793
1600939753.411374000 1429689
1600939753.412115000 1431137
1600939753.412982000 1432585
1600939753.413049000 1418201
1600939753.611652000 1433601
1600939753.614044000 1435001
1600939753.919161000 1436401
1600939753.919238000 1437801
1600939753.920209000 1439249
1600939754.124124000 1440601
1600939754.124198000 1442001
1600939754.126953000 1443449
1600939754.329957000 1444801
1600939754.330022000 1446201
1600939754.332972000 1447649
1600939754.840834000 1449001
1600939754.840908000 1450401
1600939754.843849000 1451849
1600939755.046044000 1453201
1600939755.046122000 1454601
1600939755.048487000 1456049
1600939755.352524000 1457401
1600939755.353614000 1458801
1600939755.355760000 1460249
1600939755.419996000 1461601
1600939755.420032000 1463001
1600939755.426647000 1464449
1600939755.662782000 1465801
1600939755.662816000 1467201
1600939755.665711000 1468649
1600939755.718607000 1470001
1600939755.719325000 1471401
1600939755.721350000 1472849
1600939755.967368000 1474201
1600939755.967445000 1475601
1600939755.970136000 1477049
1600939756.072229000 1478401
1600939756.072268000 1479801
1600939756.075006000 1481249
1600939756.168312000 1482601
1600939756.172231000 1484001
1600939756.174265000 1485449
1600939756.376434000 1486801
1600939756.379700000 1488201
1600939756.418813000 1489601
1600939756.419449000 1491049
1600939756.421434000 1492497
1600939756.684096000 1493801
1600939756.684139000 1495201
1600939756.686769000 1496649
1600939756.768884000 1498001
1600939756.772977000 1500849
1600939756.773048000 1499401
1600939756.993031000 1502201
1600939756.993070000 1505049
1600939756.993106000 1503601
1600939757.197006000 1506401
1600939757.197046000 1507801
1600939757.199477000 1509249
1600939757.606594000 1510601
1600939757.606669000 1517793
1600939757.606700000 1512001
1600939757.606701000 1513449
1600939757.606702000 1519001
1600939757.610590000 1512001
1600939757.611200000 1521897
1600939757.810503000 1523201
1600939757.810593000 1524601
1600939757.813316000 1526049
1600939757.818114000 1527401
1600939757.819549000 1528801
1600939757.821370000 1530249
1600939758.015132000 1531601
1600939758.015191000 1533001
1600939758.018105000 1534449
1600939758.122325000 1535801
1600939758.122401000 1537201
1600939758.125136000 1538649
1600939758.322027000 1540001
1600939758.324591000 1541401
1600939758.419594000 1542801
1600939758.421965000 1544201
1600939758.425674000 1545649
1600939758.735347000 1547001
1600939758.735399000 1549849
1600939758.735470000 1548401
1600939758.735471000 1551201
1600939758.738656000 1554097
1600939758.820484000 1555401
1600939758.821047000 1556801
1600939758.823126000 1558249
1600939759.039765000 1559601
1600939759.039819000 1561001
1600939759.042386000 1562449
1600939759.118940000 1563801
1600939759.120683000 1565201
1600939759.122752000 1566649
1600939759.268429000 1568001
1600939759.268466000 1569401
1600939759.270873000 1570849
1600939759.369175000 1572201
1600939759.370325000 1573601
1600939759.371871000 1575049
1600939759.419258000 1576401
1600939759.419298000 1577801
1600939759.421678000 1579249
1600939759.756371000 1580601
1600939759.756415000 1583449
1600939759.756458000 1582001
1600939759.819239000 1584801
1600939759.819277000 1586201
1600939759.821653000 1587649
1600939760.063445000 1589001
1600939760.063485000 1590401
1600939760.066081000 1591849
1600939760.167063000 1593201
1600939760.173213000 1594601
1600939760.177677000 1596049
1600939760.472436000 1597401
1600939760.474920000 1598801
1600939760.567195000 1600201
1600939760.568247000 1601601
1600939760.579910000 1603049
1600939760.882638000 1604401
1600939760.882700000 1607249
1600939760.882727000 1605801
1600939760.882727000 1608601
1600939760.887131000 1611497
1600939760.887171000 1605801
1600939761.091185000 1612801
1600939761.091250000 1614201
1600939761.094380000 1615649
1600939761.395188000 1617001
1600939761.395264000 1619849
1600939761.395319000 1618401
1600939761.395319000 1621201
1600939761.399696000 1618401
1600939761.400701000 1624097
1600939761.599332000 1625401
1600939761.599450000 1626801
1600939761.602912000 1628249
1600939761.906785000 1629601
1600939761.906836000 1632449
1600939761.906851000 1631001
1600939761.909693000 1631001
1600939761.916808000 1633801
1600939761.917962000 1635201
1600939761.921677000 1636649
1600939762.112070000 1638001
1600939762.112159000 1639401
1600939762.115322000 1640849
1600939762.166690000 1642201
1600939762.167336000 1643601
1600939762.169804000 1645049
1600939762.418630000 1646401
1600939762.418722000 1647801
1600939762.418722000 1649249
1600939762.421656000 1652145
1600939762.466455000 1653401
1600939762.467154000 1654801
1600939762.470115000 1656249
1600939762.726175000 1657601
1600939762.726213000 1660449
1600939762.726218000 1659001
1600939762.729364000 1659001
1600939762.930077000 1661801
1600939762.931331000 1663201
1600939762.933785000 1664649
1600939763.134887000 1666001
1600939763.135363000 1667401
1600939763.137793000 1668849
1600939763.443328000 1670201
1600939763.443451000 1673049
1600939763.443528000 1671601
1600939763.446393000 1671601
1600939763.516882000 1674401
1600939763.517605000 1675801
1600939763.520183000 1677249
1600939763.852667000 1678601
1600939763.852764000 1681449
1600939763.852810000 1680001
1600939763.852810000 1682801
1600939763.856268000 1680001
1600939763.856962000 1685697
1600939764.056812000 1687001
1600939764.056878000 1688401
1600939764.059760000 1689849
1600939764.263530000 1691201
1600939764.263618000 1692601
1600939764.266451000 1694049
1600939764.369731000 1695401
1600939764.369831000 1696801
1600939764.372636000 1698249
1600939764.569918000 1699601
1600939764.570019000 1701001
1600939764.570019000 1702449
1600939764.570093000 1705345
1600939764.572904000 1706793
1600939764.665911000 1708001
1600939764.672195000 1709401
1600939765.081317000 1710801
1600939765.081384000 1713649
1600939765.081494000 1712201
1600939765.081494000 1715001
1600939765.084549000 1717897
1600939765.285853000 1719201
1600939765.285904000 1720601
1600939765.288428000 1722049
1600939765.367221000 1723401
1600939765.367932000 1724801
1600939765.369892000 1726249
1600939765.416317000 1727601
1600939765.417177000 1729001
1600939765.418930000 1730449
1600939765.467094000 1731801
1600939765.467130000 1733201
1600939765.469499000 1734649
1600939765.696511000 1736001
1600939765.696555000 1737401
1600939765.699004000 1738849
1600939765.900188000 1740201
1600939765.900229000 1741601
1600939765.903133000 1743049
1600939766.207734000 1744401
1600939766.207821000 1747249
1600939766.207836000 1745801
1600939766.210609000 1745801
1600939766.412396000 1748601
1600939766.412483000 1750001
1600939766.415551000 1751449
1600939766.516164000 1752801
1600939766.516952000 1754201
1600939766.519546000 1755649
1600939766.719205000 1757001
1600939766.719286000 1758401
1600939766.723328000 1759849
1600939767.026213000 1761201
1600939767.028802000 1762601
1600939767.124786000 1764001
1600939767.124868000 1765401
1600939767.129897000 1766849
1600939767.436627000 1768201
1600939767.436695000 1771049
1600939767.436710000 1769601
1600939767.439571000 1769601
1600939767.515629000 1772401
1600939767.516398000 1773801
1600939767.518934000 1775249
1600939767.743368000 1776601
1600939767.743434000 1778001
1600939767.746141000 1779449
1600939767.815990000 1780801
1600939767.816056000 1782201
1600939767.819042000 1783649
1600939768.050236000 1785001
1600939768.052067000 1786401
1600939768.052624000 1787849
1600939768.116255000 1789201
1600939768.117387000 1790601
1600939768.122383000 1792049
1600939768.357658000 1793401
1600939768.357695000 1794801
1600939768.360397000 1796249
1600939768.414684000 1797601
1600939768.415403000 1799001
1600939768.417368000 1800449
1600939768.665090000 1801801
1600939768.665119000 1803201
1600939768.667537000 1804649
1600939768.869741000 1806001
1600939768.869775000 1807401
1600939768.872466000 1808849
1600939769.176698000 1810201
1600939769.176923000 1811601
1600939769.177404000 1813049
1600939769.177456000 1814401
1600939769.179701000 1815849
1600939769.181905000 1817297
1600939769.381459000 1818601
1600939769.384082000 1820001
1600939769.464215000 1821401
1600939769.464984000 1822801
1600939769.470007000 1824249
1600939769.690431000 1825601
1600939769.690479000 1827001
1600939769.692956000 1828449
1600939769.893594000 1829801
1600939769.895718000 1831201
1600939769.897227000 1832649
1600939769.914218000 1834001
1600939769.914915000 1835401
1600939769.917017000 1836849
1600939770.200866000 1838201
1600939770.200911000 1839601
1600939770.203449000 1841049
1600939770.264529000 1842401
1600939770.266525000 1843801
1600939770.268826000 1845249
1600939770.508055000 1846601
1600939770.508115000 1848001
1600939770.510793000 1849449
1600939770.564689000 1850801
1600939770.565365000 1852201
1600939770.567350000 1853649
1600939770.666057000 1855001
1600939770.666108000 1856401
1600939770.669705000 1857849
1600939770.918284000 1859201
1600939770.918330000 1862049
1600939770.918375000 1860601
1600939771.014634000 1863401
1600939771.015344000 1864801
1600939771.021484000 1866249
1600939771.224937000 1867601
1600939771.224974000 1869001
1600939771.227693000 1870449
1600939771.430360000 1871801
1600939771.432024000 1873201
1600939771.433050000 1876097
1600939771.434936000 1877545
1600939771.463712000 1878801
1600939771.464488000 1880201
1600939771.467895000 1881649
1600939771.942103000 1883001
1600939771.942139000 1885849
1600939771.942173000 1884401
1600939771.963471000 1887201
1600939771.964181000 1888601
1600939771.966180000 1890049
1600939772.250076000 1891401
1600939772.250139000 1892801
1600939772.252701000 1894249
1600939772.454163000 1895601
1600939772.454358000 1897001
1600939772.464217000 1898449
1600939772.564147000 1899801
1600939772.564191000 1901201
1600939772.566797000 1902649
1600939772.760879000 1904001
1600939772.760920000 1905401
1600939772.763657000 1906849
1600939772.866493000 1908201
1600939772.867850000 1909601
1600939772.869389000 1911049
1600939773.068609000 1912401
1600939773.068655000 1913801
1600939773.071115000 1915249
1600939773.272924000 1916601
1600939773.272991000 1918001
1600939773.275551000 1919449
1600939773.365777000 1920801
1600939773.366554000 1922201
1600939773.368547000 1923649
1600939773.464108000 1925001
1600939773.464141000 1926401
1600939773.466849000 1927849
1600939773.682171000 1929201
1600939773.686853000 1930601
1600939773.814058000 1932001
1600939773.814855000 1933401
1600939773.817281000 1934849
1600939773.989817000 1936201
1600939773.989846000 1937601
1600939773.992461000 1939049
1600939774.195773000 1940401
1600939774.195812000 1941801
1600939774.195954000 1943249
1600939774.502912000 1944601
1600939774.503049000 1956137
1600939774.503059000 1946001
1600939774.503059000 1947449
1600939774.503059000 1951793
1600939774.506610000 1946001
1600939774.809404000 1957201
1600939774.809514000 1958601
1600939774.812175000 1960049
1600939775.014032000 1961401
1600939775.014121000 1962801
1600939775.016833000 1964249
1600939775.117650000 1965601
1600939775.117732000 1967001
1600939775.120528000 1968449
1600939775.424262000 1969801
1600939775.424317000 1971201
1600939775.427021000 1972649
1600939775.514047000 1974001
1600939775.514125000 1975401
1600939775.516928000 1976849
1600939775.735760000 1978201
1600939775.735836000 1979601
1600939775.744497000 1981049
1600939775.813163000 1982401
1600939775.818720000 1983801
1600939776.038096000 1985201
1600939776.038157000 1986601
1600939776.040700000 1988049
1600939776.346347000 1989401
1600939776.346402000 1992249
1600939776.346486000 1990801
1600939776.346486000 1993601
1600939776.349197000 1996497
1600939776.549850000 1997801
1600939776.549884000 1999201
1600939776.553044000 2000649
1600939776.857447000 2002001
1600939776.857501000 2004849
1600939776.857522000 2003401
1600939776.857522000 2006201
1600939776.860841000 2003401
1600939776.861495000 2009097
1600939776.964189000 2010401
1600939776.964299000 2011801
1600939776.968012000 2013249
1600939777.062729000 2014601
1600939777.063268000 2016001
1600939777.065801000 2017449
1600939777.370918000 2018801
1600939777.371040000 2021649
1600939777.371051000 2020201
1600939777.371051000 2023001
1600939777.371262000 2024449
1600939777.371263000 2028793
1600939777.374823000 2020201
1600939777.375414000 2030241
1600939777.574351000 2031401
1600939777.574424000 2032801
1600939777.577504000 2034249
1600939777.880990000 2035601
1600939777.881081000 2037001
1600939777.883744000 2038449
1600939778.086396000 2039801
1600939778.088866000 2041201
1600939778.393343000 2042601
1600939778.393428000 2045449
1600939778.393456000 2044001
1600939778.396458000 2044001
1600939778.411627000 2046801
1600939778.412310000 2048201
1600939778.414840000 2049649
1600939778.700549000 2051001
1600939778.700635000 2053849
1600939778.700661000 2052401
1600939778.703453000 2052401
1600939778.761633000 2055201
1600939778.762351000 2056601
1600939778.764853000 2058049
1600939779.010620000 2059401
1600939779.010722000 2060801
1600939779.013577000 2062249
1600939779.062391000 2063601
1600939779.063153000 2065001
1600939779.066604000 2066449
1600939779.314628000 2067801
1600939779.314720000 2069201
1600939779.317647000 2070649
1600939779.411304000 2072001
1600939779.412116000 2073401
1600939779.417729000 2074849
1600939779.621806000 2076201
1600939779.621865000 2077601
1600939779.624606000 2079049
1600939779.711152000 2080401
1600939779.712240000 2081801
1600939779.713974000 2083249
1600939779.928614000 2084601
1600939779.928839000 2086001
1600939779.931200000 2087449
1600939780.133848000 2088801
1600939780.133900000 2090201
1600939780.136610000 2091649
1600939780.211121000 2093001
1600939780.214889000 2094401
1600939780.442204000 2095801
1600939780.442278000 2097201
1600939780.442365000 2101545
1600939780.444866000 2102993
1600939780.645866000 2104201
1600939780.645917000 2105601
1600939780.648762000 2107049
1600939780.850506000 2108401
1600939780.850558000 2109801
1600939780.853086000 2111249
1600939780.862292000 2112601
1600939780.863013000 2114001
1600939780.865035000 2115449
1600939781.158133000 2116801
1600939781.158177000 2119649
1600939781.158218000 2118201
1600939781.261011000 2121001
1600939781.261682000 2122401
1600939781.263637000 2123849
1600939781.568046000 2125201
1600939781.568122000 2126601
1600939781.568122000 2128049
1600939781.571139000 2132393
1600939781.775645000 2133601
1600939781.775897000 2135001
1600939781.783838000 2136449
1600939781.863509000 2137801
1600939781.869658000 2139201
1600939781.877473000 2140649
1600939782.082046000 2142001
1600939782.084948000 2143401
1600939782.088087000 2144849
1600939782.390133000 2146201
1600939782.391436000 2149049
1600939782.391523000 2147601
1600939782.397119000 2147601
1600939782.463753000 2150401
1600939782.466170000 2151801
1600939782.797818000 2153201
1600939782.797909000 2154601
1600939782.802826000 2156049
1600939782.868918000 2157401
1600939782.872187000 2158801
1600939782.883033000 2160249
1600939783.124113000 2161601
1600939783.256126000 2164449
1600939783.256204000 2165801
1600939783.266023000 2163001
1600939783.340535000 2170001
1600939783.356121000 2171449
1600939783.388139000 2168697
1600939783.400115000 2172897
1600939783.415427000 2174345
1600939783.426156000 2175793
1600939783.431844000 2177241
1600939783.440228000 2178689
1600939783.455101000 2180137
1600939783.475548000 2181585
1600939783.501775000 2185929
1600939783.524961000 2186801
1600939783.531033000 2188201
1600939783.533819000 2189649
1600939783.820345000 2191001
1600939783.820405000 2192401
1600939783.824600000 2193849
1600939783.828073000 2196745
1600939783.828829000 2198193
1600939783.862531000 2199401
1600939783.865233000 2200801
1600939783.866660000 2202249
1600939783.962241000 2203601
1600939783.964900000 2205001
1600939784.061009000 2206401
1600939784.064680000 2207801
1600939784.067340000 2209249
1600939784.160783000 2210601
1600939784.161732000 2212001
1600939784.166249000 2213449
1600939784.260881000 2214801
1600939784.261680000 2216201
1600939784.268273000 2217649
1600939784.362275000 2219001
1600939784.362936000 2220401
1600939784.365052000 2221849
1600939784.460455000 2223201
1600939784.461316000 2224601
1600939784.463643000 2226049
1600939784.741453000 2227401
1600939784.741664000 2228801
1600939784.742303000 2230249
1600939784.946664000 2231601
1600939784.946727000 2233001
1600939784.949265000 2234449
1600939785.253393000 2235801
1600939785.253613000 2237201
1600939785.256082000 2238649
1600939785.664011000 2240001
1600939785.664071000 2241401
1600939785.665376000 2242849
1600939786.073367000 2244201
1600939786.073448000 2247049
1600939786.073471000 2245601
1600939786.076737000 2245601
1600939786.380811000 2248401
1600939786.380991000 2249801
1600939786.384055000 2255593
1600939786.687512000 2256801
1600939786.690128000 2258201
1600939786.760306000 2259601
1600939786.760418000 2261001
1600939786.763139000 2262449
1600939787.097539000 2263801
1600939787.097635000 2266649
1600939787.097664000 2265201
1600939787.101322000 2265201
1600939787.160847000 2268001
1600939787.161592000 2269401
1600939787.164250000 2270849
1600939787.507099000 2272201
1600939787.507206000 2275049
1600939787.507240000 2273601
1600939787.510451000 2273601
1600939787.559073000 2276401
1600939787.560145000 2277801
1600939787.562254000 2279249
1600939787.814039000 2280601
1600939787.814131000 2282001
1600939787.816960000 2283449
1600939787.910762000 2284801
1600939787.910854000 2286201
1600939787.917113000 2287649
1600939788.227104000 2289001
1600939788.227202000 2291849
1600939788.227232000 2290401
1600939788.230554000 2290401
1600939788.259713000 2293201
1600939788.259764000 2294601
1600939788.262329000 2296049
1600939788.530820000 2297401
1600939788.530898000 2298801
1600939788.533780000 2300249
1600939788.610709000 2301601
1600939788.611457000 2303001
1600939788.613937000 2304449
1600939788.709253000 2305801
1600939788.710017000 2307201
1600939788.712573000 2308649
1600939788.759915000 2310001
1600939788.760575000 2311401
1600939788.762994000 2312849
1600939788.939835000 2314201
1600939788.942384000 2315601
1600939789.060476000 2317001
1600939789.060521000 2318401
1600939789.063297000 2319849
1600939789.350274000 2321201
1600939789.350332000 2324049
1600939789.350386000 2322601
1600939789.759438000 2325401
1600939789.759494000 2326801
1600939789.760807000 2328249
1600939789.810670000 2329601
1600939789.810707000 2331001
1600939789.820271000 2332449
1600939790.067171000 2333801
1600939790.067204000 2335201
1600939790.069914000 2336649
1600939790.476170000 2338001
1600939790.476226000 2339401
1600939790.478762000 2340849
1600939790.681228000 2342201
1600939790.681280000 2343601
1600939790.684097000 2345049
1600939790.710226000 2346401
1600939790.710254000 2347801
1600939790.712665000 2349249
1600939791.091843000 2350601
1600939791.091897000 2353449
1600939791.091918000 2352001
1600939791.091918000 2354801
1600939791.094868000 2356249
1600939791.096165000 2357697
1600939791.096215000 2352001
1600939791.109974000 2359001
1600939791.110758000 2360401
1600939791.113381000 2361849
1600939791.210494000 2363201
1600939791.210579000 2364601
1600939791.212988000 2366049
1600939791.309550000 2367401
1600939791.311931000 2368801
1600939791.500351000 2370201
1600939791.500446000 2371601
1600939791.500446000 2373049
1600939791.504205000 2375945
1600939791.504920000 2377393
1600939791.704865000 2378601
1600939791.706360000 2380001
1600939791.706905000 2381449
1600939791.709353000 2382801
1600939791.710751000 2385697
1600939791.710828000 2384249
1600939791.889054000 2387001
1600939791.889088000 2388401
1600939791.891661000 2389849
1600939792.217843000 2391201
1600939792.217898000 2394049
1600939792.217953000 2392601
1600939792.421434000 2395401
1600939792.421640000 2396801
1600939792.423944000 2398249
1600939792.441543000 2399601
1600939793.962163000 2399602
