1600940719.556184000 0
1600940719.558201000 1
1600940719.558305000 1
1600940720.273934000 1
1600940720.279184000 1401
1600940720.423758000 2801
1600940720.423881000 4201
1600940720.428858000 5649
1600940720.683583000 7001
1600940720.683681000 8401
1600940720.686553000 9849
1600940720.772569000 11201
1600940720.773548000 12601
1600940720.775679000 14049
1600940721.098754000 15401
1600940721.098863000 18249
1600940721.098925000 16801
1600940721.102612000 16801
1600940721.298074000 19601
1600940721.298174000 21001
1600940721.300995000 22449
1600940721.606757000 23801
1600940721.606890000 26649
1600940721.606955000 25201
1600940721.610724000 25201
1600940721.809983000 28001
1600940721.810096000 29401
1600940721.812720000 30849
1600940722.117179000 32201
1600940722.117277000 33601
1600940722.120269000 35049
1600940722.424726000 36401
1600940722.424833000 39249
1600940722.424880000 37801
1600940722.427774000 37801
1600940722.731455000 40601
1600940722.731561000 42001
1600940722.734575000 43449
1600940722.772671000 44801
1600940722.772781000 46201
1600940722.775313000 47649
1600940723.039137000 49001
1600940723.039237000 50401
1600940723.042139000 51849
1600940723.345560000 53201
1600940723.347610000 54601
1600940723.555150000 56001
1600940723.555251000 57401
1600940723.557812000 58849
1600940723.857839000 60201
1600940723.857949000 61601
1600940723.860289000 63049
1600940724.164965000 64401
1600940724.165027000 65801
1600940724.167756000 67249
1600940724.472313000 68601
1600940724.472346000 70001
1600940724.474475000 71449
1600940724.779866000 72801
1600940724.779927000 74201
1600940724.782442000 75649
1600940724.987177000 77001
1600940724.987233000 78401
1600940724.989236000 79849
1600940725.291628000 81201
1600940725.291687000 82601
1600940725.293676000 84049
1600940725.496153000 85401
1600940725.496217000 86801
1600940725.498278000 88249
1600940725.803795000 89601
1600940725.803856000 91001
1600940725.805848000 92449
1600940725.867402000 93801
1600940725.868106000 95201
1600940725.873510000 96649
1600940726.203754000 98001
1600940726.203819000 99401
1600940726.205820000 100849
1600940726.420772000 102201
1600940726.420843000 103601
1600940726.422872000 105049
1600940726.724562000 106401
1600940726.726682000 107801
1600940726.929920000 109201
1600940726.929982000 110601
1600940726.932330000 112049
1600940727.237168000 113401
1600940727.237232000 114801
1600940727.239569000 116249
1600940727.544336000 117601
1600940727.544399000 119001
1600940727.547037000 120449
1600940727.854808000 121801
1600940727.854886000 123201
1600940727.857805000 124649
1600940728.061249000 126001
1600940728.061308000 127401
1600940728.063915000 128849
1600940728.363303000 130201
1600940728.363366000 131601
1600940728.365977000 133049
1600940728.569144000 134401
1600940728.569452000 135801
1600940728.571277000 137249
1600940728.875697000 138601
1600940728.875755000 140001
1600940728.878142000 141449
1600940728.966501000 142801
1600940728.967373000 144201
1600940728.972285000 145649
1600940729.285095000 147001
1600940729.285145000 148401
1600940729.287303000 149849
1600940729.592352000 151201
1600940729.592394000 152601
1600940729.594512000 154049
1600940729.797018000 155401
1600940729.797069000 156801
1600940729.799246000 158249
1600940730.106017000 159601
1600940730.106069000 161001
1600940730.110043000 162449
1600940730.410919000 163801
1600940730.413152000 165201
1600940730.616270000 166601
1600940730.616330000 168001
1600940730.618502000 169449
1600940730.924696000 170801
1600940730.924753000 172201
1600940730.927031000 173649
1600940731.128426000 175001
1600940731.128486000 176401
1600940731.130709000 177849
1600940731.435064000 179201
1600940731.435305000 180601
1600940731.437556000 182049
1600940731.742607000 183401
1600940731.742659000 184801
1600940731.744809000 186249
1600940731.815639000 187601
1600940731.816384000 189001
1600940731.818424000 190449
1600940732.152868000 191801
1600940732.152913000 194649
1600940732.152955000 193201
1600940732.356551000 196001
1600940732.358476000 197401
1600940732.359749000 198849
1600940732.664380000 200201
1600940732.664438000 201601
1600940732.667078000 203049
1600940732.971369000 204401
1600940732.971430000 205801
1600940732.972439000 207249
1600940733.176622000 208601
1600940733.176674000 210001
1600940733.179385000 211449
1600940733.483615000 212801
1600940733.483667000 214201
1600940733.485802000 215649
1600940733.791071000 217001
1600940733.793688000 218401
1600940734.098142000 219801
1600940734.098199000 222649
1600940734.098250000 221201
1600940734.302285000 224001
1600940734.302864000 225401
1600940734.304982000 226849
1600940734.609847000 228201
1600940734.609899000 229601
1600940734.612525000 231049
1600940734.815259000 232401
1600940734.815319000 233801
1600940734.817888000 235249
1600940734.917352000 236601
1600940734.917405000 238001
1600940734.919944000 239449
1600940735.224258000 240801
1600940735.224317000 242201
1600940735.226868000 243649
1600940735.429201000 245001
1600940735.429253000 246401
1600940735.431760000 247849
1600940735.736214000 249201
1600940735.736288000 250601
1600940735.739979000 252049
1600940735.947167000 253401
1600940735.947218000 254801
1600940735.950532000 256249
1600940736.248198000 257601
1600940736.248249000 259001
1600940736.250880000 260449
1600940736.555971000 261801
1600940736.556005000 264649
1600940736.556040000 263201
1600940736.760281000 266001
1600940736.760337000 267401
1600940736.763673000 268849
1600940737.067471000 270201
1600940737.067503000 271601
1600940737.069970000 273049
1600940737.374145000 274401
1600940737.377198000 275801
1600940737.517296000 277201
1600940737.518158000 278601
1600940737.520535000 280049
1600940737.784668000 281401
1600940737.784727000 282801
1600940737.787168000 284249
1600940737.989760000 285601
1600940737.989808000 287001
1600940737.992596000 288449
1600940738.193894000 289801
1600940738.193933000 291201
1600940738.196498000 292649
1600940738.398605000 294001
1600940738.398650000 295401
1600940738.401086000 296849
1600940738.705757000 298201
1600940738.705803000 299601
1600940738.708870000 301049
1600940739.014827000 302401
1600940739.014869000 305249
1600940739.014907000 303801
1600940739.218730000 306601
1600940739.218797000 308001
1600940739.221306000 309449
1600940739.525016000 310801
1600940739.525053000 312201
1600940739.527719000 313649
1600940739.729770000 315001
1600940739.729822000 316401
1600940739.732472000 317849
1600940739.934905000 319201
1600940739.934942000 320601
1600940739.937657000 322049
1600940740.139365000 323401
1600940740.139436000 324801
1600940740.142056000 326249
1600940740.343737000 327601
1600940740.346314000 329001
1600940740.651393000 330401
1600940740.651449000 331801
1600940740.654072000 333249
1600940740.856195000 334601
1600940740.856250000 336001
1600940740.858899000 337449
1600940740.913550000 338801
1600940740.914306000 340201
1600940740.916238000 341649
1600940741.164399000 343001
1600940741.164449000 344401
1600940741.166939000 345849
1600940741.368307000 347201
1600940741.368360000 348601
1600940741.370846000 350049
1600940741.573134000 351401
1600940741.573190000 352801
1600940741.575899000 354249
1600940741.777843000 355601
1600940741.777894000 357001
1600940741.780603000 358449
1600940741.814150000 359801
1600940741.814200000 361201
1600940741.820091000 362649
1600940741.983058000 364001
1600940741.983116000 365401
1600940741.985708000 366849
1600940742.188231000 368201
1600940742.188292000 369601
1600940742.191167000 371049
1600940742.393050000 372401
1600940742.393116000 373801
1600940742.395616000 375249
1600940742.597897000 376601
1600940742.597938000 378001
1600940742.600390000 379449
1600940742.801858000 380801
1600940742.801914000 382201
1600940742.804685000 383649
1600940743.108737000 385001
1600940743.111331000 386401
1600940743.162294000 387801
1600940743.163055000 389201
1600940743.165577000 390649
1600940743.417320000 392001
1600940743.417360000 393401
1600940743.420016000 394849
1600940743.621192000 396201
1600940743.621235000 397601
1600940743.623689000 399049
1600940743.712275000 400401
1600940743.713119000 401801
1600940743.715113000 403249
1600940743.812124000 404601
1600940743.812966000 406001
1600940743.814986000 407449
1600940744.030195000 408801
1600940744.030893000 410201
1600940744.034039000 411649
1600940744.062205000 413001
1600940744.063012000 414401
1600940744.065040000 415849
1600940744.236624000 417201
1600940744.236670000 418601
1600940744.239522000 420049
1600940744.313671000 421401
1600940744.313719000 422801
1600940744.316107000 424249
1600940744.543095000 425601
1600940744.543151000 428449
1600940744.543157000 427001
1600940744.545840000 427001
1600940744.561955000 429801
1600940744.562768000 431201
1600940744.565320000 432649
1600940744.747399000 434001
1600940744.747495000 435401
1600940744.750142000 436849
1600940744.812755000 438201
1600940744.817685000 439601
1600940744.912950000 441001
1600940744.913688000 442401
1600940744.915842000 443849
1600940745.015059000 445201
1600940745.015146000 446601
1600940745.017884000 448049
1600940745.259859000 449401
1600940745.259955000 452249
1600940745.259984000 450801
1600940745.262851000 450801
1600940745.362927000 453601
1600940745.363663000 455001
1600940745.366171000 456449
1600940745.566727000 457801
1600940745.566826000 459201
1600940745.569399000 460649
1600940745.874359000 462001
1600940745.874453000 464849
1600940745.874482000 463401
1600940745.877730000 463401
1600940746.078760000 466201
1600940746.078870000 467601
1600940746.081550000 469049
1600940746.283400000 470401
1600940746.283489000 471801
1600940746.286397000 473249
1600940746.488199000 474601
1600940746.488288000 476001
1600940746.491350000 477449
1600940746.694163000 478801
1600940746.695970000 480201
1600940746.697776000 481649
1600940746.897846000 483001
1600940746.897939000 484401
1600940746.900936000 485849
1600940747.104072000 487201
1600940747.104141000 488601
1600940747.106830000 490049
1600940747.512551000 491401
1600940747.512587000 492801
1600940747.515129000 494249
1600940747.560992000 495601
1600940747.563555000 497001
1600940747.819527000 498401
1600940747.819580000 499801
1600940747.822106000 501249
1600940748.126793000 502601
1600940748.126847000 504001
1600940748.129429000 505449
1600940748.433782000 506801
1600940748.433818000 508201
1600940748.437556000 509649
1600940748.638811000 511001
1600940748.638853000 512401
1600940748.641348000 513849
1600940748.951378000 515201
1600940748.952023000 516601
1600940748.954882000 518049
1600940749.253852000 519401
1600940749.255615000 520801
1600940749.257296000 522249
1600940749.457972000 523601
1600940749.458024000 525001
1600940749.460610000 526449
1600940749.764828000 527801
1600940749.766527000 530649
1600940749.766595000 529201
1600940749.769339000 529201
1600940749.860018000 532001
1600940749.860725000 533401
1600940749.867889000 534849
1600940750.073257000 536201
1600940750.073388000 537601
1600940750.076016000 539049
1600940750.277102000 540401
1600940750.277186000 541801
1600940750.279960000 543249
1600940750.481740000 544601
1600940750.481848000 546001
1600940750.484738000 547449
1600940750.686362000 548801
1600940750.688857000 550201
1600940750.891457000 551601
1600940750.891548000 553001
1600940750.894254000 554449
1600940751.198351000 555801
1600940751.199308000 557201
1600940751.200042000 558649
1600940751.262753000 560001
1600940751.262811000 561401
1600940751.268381000 562849
1600940751.505959000 564201
1600940751.506012000 565601
1600940751.508529000 567049
1600940751.611884000 568401
1600940751.611997000 569801
1600940751.614535000 571249
1600940751.812649000 572601
1600940751.813342000 574001
1600940751.815884000 575449
1600940751.859667000 576801
1600940751.860500000 578201
1600940751.862762000 579649
1600940752.121139000 581001
1600940752.121187000 583849
1600940752.121197000 582401
1600940752.124602000 582401
1600940752.161046000 585201
1600940752.161117000 586601
1600940752.163998000 588049
1600940752.324625000 589401
1600940752.325947000 590801
1600940752.328555000 592249
1600940752.529797000 593601
1600940752.529908000 595001
1600940752.532677000 596449
1600940752.560438000 597801
1600940752.560513000 599201
1600940752.563176000 600649
1600940752.837145000 602001
1600940752.837212000 603401
1600940752.839974000 604849
1600940753.041482000 606201
1600940753.044138000 607601
1600940753.246686000 609001
1600940753.246733000 610401
1600940753.249610000 611849
1600940753.657210000 613201
1600940753.657266000 616049
1600940753.657319000 614601
1600940753.861010000 617401
1600940753.861057000 618801
1600940753.863488000 620249
1600940753.963470000 621601
1600940753.963513000 623001
1600940753.965962000 624449
1600940754.271115000 625801
1600940754.271160000 628649
1600940754.271207000 627201
1600940754.360546000 630001
1600940754.360576000 631401
1600940754.362980000 632849
1600940754.680989000 634201
1600940754.681027000 635601
1600940754.683706000 637049
1600940754.987482000 638401
1600940754.987533000 639801
1600940754.990375000 641249
1600940755.294839000 642601
1600940755.294890000 644001
1600940755.298346000 645449
1600940755.602257000 646801
1600940755.602321000 649649
1600940755.602385000 648201
1600940755.806794000 651001
1600940755.806836000 652401
1600940755.810913000 653849
1600940756.113486000 655201
1600940756.113709000 656601
1600940756.115959000 658049
1600940756.420789000 659401
1600940756.423277000 660801
1600940756.626222000 662201
1600940756.626274000 663601
1600940756.628724000 665049
1600940756.933401000 666401
1600940756.933457000 667801
1600940756.935981000 669249
1600940757.240314000 670601
1600940757.240368000 672001
1600940757.243015000 673449
1600940757.445141000 674801
1600940757.445202000 676201
1600940757.447848000 677649
1600940757.752747000 679001
1600940757.752798000 680401
1600940757.755321000 681849
1600940757.957096000 683201
1600940757.957144000 684601
1600940757.959673000 686049
1600940758.264194000 687401
1600940758.264244000 688801
1600940758.266917000 690249
1600940758.469161000 691601
1600940758.469185000 693001
1600940758.471630000 694449
1600940758.776363000 695801
1600940758.776414000 697201
1600940758.778880000 698649
1600940758.981224000 700001
1600940758.981277000 701401
1600940758.983724000 702849
1600940759.186353000 704201
1600940759.186394000 705601
1600940759.188958000 707049
1600940759.390690000 708401
1600940759.390742000 709801
1600940759.393237000 711249
1600940759.595110000 712601
1600940759.595686000 714001
1600940759.598092000 715449
1600940759.799834000 716801
1600940759.802424000 718201
1600940760.005083000 719601
1600940760.005125000 721001
1600940760.007641000 722449
1600940760.312446000 723801
1600940760.312491000 725201
1600940760.315163000 726649
1600940760.620131000 728001
1600940760.620182000 730849
1600940760.620229000 729401
1600940760.709036000 732201
1600940760.709088000 733601
1600940760.711627000 735049
1600940761.234450000 736401
1600940761.234509000 739249
1600940761.234563000 737801
1600940761.306714000 740601
1600940761.308353000 742001
1600940761.310047000 743449
1600940761.643944000 744801
1600940761.643996000 746201
1600940761.646518000 747649
1600940761.849565000 749001
1600940761.849611000 750401
1600940761.851898000 751849
1600940762.258855000 753201
1600940762.258907000 756049
1600940762.258954000 754601
1600940762.306454000 757401
1600940762.307220000 758801
1600940762.309292000 760249
1600940762.565314000 761601
1600940762.565366000 763001
1600940762.567886000 764449
1600940762.873002000 765801
1600940762.873058000 768649
1600940762.873109000 767201
1600940762.873236000 770001
1600940762.875708000 771449
1600940763.077147000 772801
1600940763.077206000 774201
1600940763.079914000 775649
1600940763.156416000 777001
1600940763.157146000 778401
1600940763.159111000 779849
1600940763.384383000 781201
1600940763.384448000 782601
1600940763.387108000 784049
1600940763.457213000 785401
1600940763.457260000 786801
1600940763.460106000 788249
1600940763.691658000 789601
1600940763.691716000 791001
1600940763.694370000 792449
1600940763.757825000 793801
1600940763.761449000 795201
1600940763.763530000 796649
1600940763.856523000 798001
1600940763.857472000 799401
1600940763.859498000 800849
1600940763.956456000 802201
1600940763.957171000 803601
1600940763.959108000 805049
1600940764.204040000 806401
1600940764.204112000 809249
1600940764.204123000 807801
1600940764.207130000 810601
1600940764.208210000 812049
1600940764.209299000 813497
1600940764.209381000 807801
1600940764.307372000 814801
1600940764.307477000 816201
1600940764.310577000 817649
1600940764.511443000 819001
1600940764.512810000 820401
1600940764.514955000 821849
1600940764.556686000 823201
1600940764.559749000 824601
1600940764.606930000 826001
1600940764.607528000 827401
1600940764.614322000 828849
1600940764.656398000 830201
1600940764.657186000 831601
1600940764.659788000 833049
1600940764.706483000 834401
1600940764.707266000 835801
1600940764.709325000 837249
1600940764.759294000 838601
1600940764.759354000 840001
1600940764.760589000 841449
1600940764.762460000 844345
1600940764.764781000 845793
1600940764.806982000 847001
1600940764.808622000 848401
1600940764.816869000 849849
1600940764.859854000 851201
1600940764.860466000 852601
1600940764.861634000 854049
1600940764.864524000 858393
1600940764.907722000 859601
1600940764.910915000 861001
1600940764.910915000 862449
1600940764.911309000 863897
1600940764.914319000 866793
1600940764.956922000 868001
1600940764.960445000 869401
1600940764.963061000 870849
1600940764.963723000 873745
1600940764.965712000 875193
1600940765.013289000 876401
1600940765.013959000 877801
1600940765.016652000 879249
1600940765.056397000 880601
1600940765.059854000 882001
1600940765.155692000 883401
1600940765.156494000 884801
1600940765.158950000 886249
1600940765.258068000 887601
1600940765.259480000 889001
1600940765.261484000 890449
1600940765.306790000 891801
1600940765.309986000 893201
1600940765.312024000 898993
1600940765.407385000 900201
1600940765.408114000 901601
1600940765.410294000 903049
1600940765.636689000 904401
1600940765.637297000 905801
1600940765.637934000 907249
1600940765.655596000 908601
1600940765.656438000 910001
1600940765.658476000 911449
1600940765.757198000 912801
1600940765.757973000 914201
1600940765.759987000 915649
1600940765.856946000 917001
1600940765.856999000 918401
1600940765.860277000 919849
1600940766.046849000 921201
1600940766.046889000 922601
1600940766.049556000 924049
1600940766.251962000 925401
1600940766.252004000 926801
1600940766.256326000 928249
1600940766.355651000 929601
1600940766.356442000 931001
1600940766.358461000 932449
1600940766.558406000 933801
1600940766.560622000 935201
1600940766.655340000 936601
1600940766.660213000 938001
1600940766.662695000 939449
1600940766.866007000 940801
1600940766.866074000 942201
1600940766.868546000 943649
1600940766.907515000 945001
1600940766.907578000 946401
1600940766.910054000 947849
1600940767.070914000 949201
1600940767.070978000 950601
1600940767.073696000 952049
1600940767.275395000 953401
1600940767.276788000 954801
1600940767.281661000 956249
1600940767.480312000 957601
1600940767.480364000 959001
1600940767.482314000 960449
1600940767.554933000 961801
1600940767.555730000 963201
1600940767.557932000 964649
1600940767.787072000 966001
1600940767.787764000 967401
1600940767.791560000 968849
1600940767.791561000 977537
1600940767.794371000 980433
1600940767.795105000 981881
1600940767.993275000 982801
1600940767.993319000 984201
1600940767.995750000 985649
1600940768.054681000 987001
1600940768.055594000 988401
1600940768.057629000 989849
1600940768.299143000 991201
1600940768.301803000 992601
1600940768.304706000 994001
1600940768.307799000 995449
1600940768.309264000 996897
1600940768.506105000 998201
1600940768.507343000 999601
1600940768.509127000 1001049
1600940768.606873000 1002401
1600940768.606916000 1003801
1600940768.610199000 1005249
1600940768.708795000 1006601
1600940768.708848000 1008001
1600940768.711568000 1009449
1600940768.914021000 1010801
1600940768.914046000 1012201
1600940768.932114000 1013649
1600940768.954687000 1015001
1600940768.955488000 1016449
1600940768.957487000 1017897
1600940769.118684000 1019201
1600940769.118717000 1020601
1600940769.161619000 1022049
1600940769.256919000 1023401
1600940769.256957000 1024801
1600940769.301588000 1026249
1600940769.405266000 1027601
1600940769.406045000 1029001
1600940769.408073000 1030449
1600940769.505922000 1031801
1600940769.506638000 1033201
1600940769.508664000 1034649
1600940769.733111000 1036001
1600940769.733163000 1037401
1600940769.736902000 1038849
1600940769.757043000 1040201
1600940769.757099000 1041601
1600940769.759774000 1043049
1600940769.937503000 1044401
1600940769.981598000 1045801
1600940770.055562000 1047201
1600940770.055600000 1048601
1600940770.102080000 1050049
1600940770.204777000 1051401
1600940770.205673000 1052801
1600940770.249925000 1054249
1600940770.305611000 1055601
1600940770.307294000 1057001
1600940770.351966000 1058449
1600940770.454168000 1059801
1600940770.455212000 1061201
1600940770.499426000 1062649
1600940770.605675000 1064001
1600940770.606524000 1065401
1600940770.653798000 1066849
1600940770.757685000 1068201
1600940770.758496000 1069601
1600940770.760034000 1071049
1600940770.761835000 1072497
1600940770.762868000 1078289
1600940770.762868000 1079737
1600940770.801427000 1084081
1600940770.804271000 1085001
1600940770.805409000 1086449
1600940770.847229000 1087897
1600940770.954058000 1089201
1600940770.954883000 1090601
1600940770.961794000 1092049
1600940771.167120000 1093401
1600940771.167160000 1094801
1600940771.212431000 1096249
1600940771.255864000 1097601
1600940771.256554000 1099049
1600940771.258297000 1100497
1600940771.353938000 1101801
1600940771.397666000 1103201
1600940771.453848000 1104601
1600940771.454759000 1106001
1600940771.497604000 1107449
1600940771.603968000 1108801
1600940771.604866000 1110201
1600940771.654424000 1111649
1600940771.656376000 1113097
1600940771.656376000 1114545
1600940771.883477000 1117201
1600940771.883510000 1118601
1600940771.932054000 1120049
1600940771.958245000 1121401
1600940771.965331000 1124297
1600940772.057244000 1125601
1600940772.057323000 1127001
1600940772.060157000 1128449
1600940772.154443000 1129801
1600940772.154483000 1131201
1600940772.159678000 1132649
1600940772.256339000 1134001
1600940772.256373000 1135401
1600940772.302359000 1136849
1600940772.404787000 1138201
1600940772.405606000 1139601
1600940772.408144000 1141049
1600940772.453576000 1142401
1600940772.454388000 1143801
1600940772.456663000 1145249
1600940772.703643000 1146601
1600940772.703705000 1148001
1600940772.703740000 1149449
1600940772.756416000 1150801
1600940772.756484000 1152201
1600940772.759487000 1153649
1600940772.853471000 1155001
1600940772.856258000 1156401
1600940772.953434000 1157801
1600940772.954109000 1159201
1600940772.956671000 1160649
1600940773.214306000 1162001
1600940773.214825000 1163401
1600940773.215530000 1164849
1600940773.255792000 1166201
1600940773.255875000 1167601
1600940773.258647000 1169049
1600940773.417636000 1170401
1600940773.418821000 1171801
1600940773.424084000 1173249
1600940773.453670000 1174601
1600940773.454881000 1176001
1600940773.457732000 1177449
1600940773.624453000 1178801
1600940773.624538000 1180201
1600940773.627348000 1181649
1600940773.828798000 1183001
1600940773.829037000 1184401
1600940773.831503000 1185849
1600940773.831503000 1194537
1600940773.831504000 1198881
1600940773.834441000 1203225
1600940774.033493000 1204001
1600940774.035066000 1205401
1600940774.037196000 1206849
1600940774.104651000 1208201
1600940774.104700000 1209601
1600940774.107136000 1211049
1600940774.205894000 1212401
1600940774.208425000 1213801
1600940774.444217000 1215201
1600940774.444278000 1218049
1600940774.444345000 1216601
1600940774.505839000 1219401
1600940774.505898000 1220801
1600940774.508354000 1222249
1600940774.553066000 1223601
1600940774.553817000 1225001
1600940774.556677000 1226449
1600940774.751075000 1227801
1600940774.751122000 1229201
1600940774.755178000 1230649
1600940774.757891000 1232097
1600940774.757943000 1233401
1600940774.760408000 1234849
1600940774.955471000 1236201
1600940774.955525000 1237601
1600940774.958500000 1239049
1600940775.004527000 1240401
1600940775.005535000 1241801
1600940775.007363000 1243249
1600940775.262317000 1244601
1600940775.262535000 1246001
1600940775.263237000 1247449
1600940775.263286000 1248801
1600940775.263286000 1250249
1600940775.266615000 1251697
1600940775.352906000 1253001
1600940775.353614000 1254401
1600940775.355700000 1255849
1600940775.569910000 1257201
1600940775.569953000 1258601
1600940775.575004000 1260049
1600940775.602481000 1261401
1600940775.603188000 1262801
1600940775.605310000 1264249
1600940775.702847000 1265601
1600940775.705353000 1267001
1600940775.803739000 1268401
1600940775.803778000 1269801
1600940775.806213000 1271249
1600940775.904033000 1272601
1600940775.904083000 1274001
1600940775.906741000 1275449
1600940776.081947000 1276801
1600940776.081999000 1278201
1600940776.084496000 1279649
1600940776.287059000 1281001
1600940776.287105000 1283849
1600940776.287148000 1282401
1600940776.302352000 1285201
1600940776.305600000 1288049
1600940776.305650000 1286601
1600940776.491552000 1289401
1600940776.491610000 1290801
1600940776.494293000 1292249
1600940776.697519000 1293601
1600940776.697589000 1296449
1600940776.697613000 1295001
1600940776.701061000 1295001
1600940776.703680000 1297801
1600940776.703773000 1299201
1600940776.706610000 1300649
1600940776.754498000 1302001
1600940776.755238000 1303401
1600940776.757539000 1304849
1600940776.803290000 1306201
1600940776.803377000 1307601
1600940776.806153000 1309049
1600940776.902946000 1310401
1600940776.903702000 1311801
1600940776.906298000 1313249
1600940777.106581000 1314601
1600940777.106662000 1317449
1600940777.106687000 1316001
1600940777.109948000 1316001
1600940777.202466000 1318801
1600940777.207379000 1320201
1600940777.209090000 1321649
1600940777.412658000 1323001
1600940777.415101000 1324401
1600940777.504801000 1325801
1600940777.505562000 1327201
1600940777.507853000 1328649
1600940777.720848000 1330001
1600940777.720945000 1332849
1600940777.720995000 1331401
1600940777.723960000 1331401
1600940777.801879000 1334201
1600940777.802707000 1335601
1600940777.805199000 1337049
1600940777.902399000 1338401
1600940777.903184000 1339801
1600940777.905849000 1341249
1600940778.130561000 1342601
1600940778.130678000 1345449
1600940778.130738000 1344001
1600940778.133599000 1344001
1600940778.203728000 1346801
1600940778.204297000 1348201
1600940778.206775000 1349649
1600940778.437895000 1351001
1600940778.438005000 1353849
1600940778.438051000 1352401
1600940778.441357000 1352401
1600940778.451597000 1355201
1600940778.452975000 1356601
1600940778.454816000 1358049
1600940778.642797000 1359401
1600940778.642894000 1360801
1600940778.645524000 1362249
1600940778.789483000 1363601
1600940778.789544000 1365001
1600940778.792124000 1366449
1600940778.949346000 1367801
1600940778.949422000 1369201
1600940778.951643000 1370649
1600940779.052284000 1372001
1600940779.052343000 1373401
1600940779.055570000 1374849
1600940779.153710000 1376201
1600940779.156257000 1377601
1600940779.358776000 1379001
1600940779.358829000 1380401
1600940779.361346000 1381849
1600940779.452360000 1383201
1600940779.452406000 1384601
1600940779.455126000 1386049
1600940779.552642000 1387401
1600940779.552677000 1388801
1600940779.555118000 1390249
1600940779.769632000 1391601
1600940779.772958000 1393001
1600940779.774683000 1394449
1600940779.776764000 1403137
1600940779.851092000 1404201
1600940779.851838000 1405601
1600940779.854080000 1407049
1600940780.081473000 1408401
1600940780.081524000 1409801
1600940780.082516000 1411249
1600940780.151651000 1412601
1600940780.153192000 1414001
1600940780.155267000 1415449
1600940780.252734000 1416801
1600940780.253499000 1418201
1600940780.255514000 1419649
1600940780.485434000 1421001
1600940780.485480000 1423849
1600940780.485530000 1422401
1600940780.550886000 1425201
1600940780.555119000 1426601
1600940780.558032000 1428049
1600940780.794076000 1429401
1600940780.794118000 1432249
1600940780.794155000 1430801
1600940780.800856000 1433601
1600940780.803415000 1435001
1600940780.997044000 1436401
1600940780.997093000 1437801
1600940780.999646000 1439249
1600940781.052304000 1440601
1600940781.053045000 1442001
1600940781.055109000 1443449
1600940781.304794000 1444801
1600940781.304854000 1447649
1600940781.304861000 1446201
1600940781.307894000 1446201
1600940781.350954000 1449001
1600940781.353411000 1450401
1600940781.354367000 1451849
1600940781.611564000 1453201
1600940781.611641000 1454601
1600940781.620669000 1456049
1600940781.622205000 1458945
1600940781.625160000 1460393
1600940781.701576000 1461601
1600940781.701641000 1463001
1600940781.704130000 1464449
1600940781.917121000 1465801
1600940781.917182000 1467201
1600940781.920062000 1468649
1600940782.002146000 1470001
1600940782.002874000 1471401
1600940782.005041000 1472849
1600940782.226007000 1474201
1600940782.226060000 1475601
1600940782.228867000 1477049
1600940782.256070000 1478401
1600940782.256121000 1479801
1600940782.259085000 1481249
1600940782.350400000 1482601
1600940782.351624000 1484001
1600940782.353348000 1485449
1600940782.450463000 1486801
1600940782.453073000 1488201
1600940782.550570000 1489601
1600940782.555248000 1491001
1600940782.559084000 1492449
1600940782.651039000 1493801
1600940782.651084000 1495201
1600940782.653652000 1496649
1600940782.753500000 1498001
1600940782.754542000 1499401
1600940782.756635000 1500849
1600940782.757458000 1503745
1600940782.758396000 1509537
1600940782.851105000 1510601
1600940782.851155000 1512001
1600940782.855179000 1513449
1600940783.148051000 1514801
1600940783.148096000 1517649
1600940783.148138000 1516201
1600940783.200357000 1519001
1600940783.201097000 1520401
1600940783.203118000 1521849
1600940783.300550000 1523201
1600940783.301251000 1524601
1600940783.303253000 1526049
1600940783.401536000 1527401
1600940783.401578000 1528801
1600940783.403988000 1530249
1600940783.501815000 1531601
1600940783.502589000 1533001
1600940783.504588000 1534449
1600940783.600477000 1535801
1600940783.601298000 1537201
1600940783.603325000 1538649
1600940783.700244000 1540001
1600940783.706714000 1541401
1600940783.804306000 1542801
1600940783.804353000 1544201
1600940783.806849000 1545649
1600940783.908375000 1547001
1600940783.908436000 1548401
1600940783.927427000 1549849
1600940784.001625000 1551201
1600940784.002364000 1552601
1600940784.007081000 1554049
1600940784.101012000 1555401
1600940784.101060000 1556801
1600940784.103485000 1558249
1600940784.200455000 1559601
1600940784.201245000 1561001
1600940784.203250000 1562449
1600940784.376427000 1563801
1600940784.376489000 1565201
1600940784.380512000 1566649
1600940784.580822000 1568001
1600940784.581688000 1570849
1600940784.581802000 1569401
1600940784.585845000 1569401
1600940784.600125000 1572201
1600940784.600935000 1573601
1600940784.608219000 1575049
1600940784.785861000 1576401
1600940784.785958000 1577801
1600940784.788645000 1579249
1600940784.991119000 1580601
1600940784.991215000 1583449
1600940784.991246000 1582001
1600940784.994217000 1582001
1600940785.197112000 1584801
1600940785.197182000 1586201
1600940785.200340000 1587649
1600940785.201821000 1589097
1600940785.201822000 1590545
1600940785.203092000 1591993
1600940785.503072000 1593201
1600940785.503173000 1596049
1600940785.503206000 1594601
1600940785.506441000 1594601
1600940785.549756000 1597401
1600940785.552231000 1598801
1600940785.649720000 1600201
1600940785.650448000 1601601
1600940785.652692000 1603049
1600940785.752352000 1604401
1600940785.753291000 1605801
1600940785.754069000 1607249
1600940785.756596000 1608697
1600940785.757736000 1610145
1600940785.758254000 1611593
1600940785.759019000 1615937
1600940785.759053000 1613041
1600940786.014572000 1617001
1600940786.015680000 1618401
1600940786.017566000 1619849
1600940786.219123000 1621201
1600940786.220485000 1622601
1600940786.222525000 1624049
1600940786.300282000 1625401
1600940786.300349000 1626801
1600940786.302815000 1628249
1600940786.526951000 1629601
1600940786.527049000 1631001
1600940786.529483000 1632449
1600940786.732089000 1633801
1600940786.732166000 1636649
1600940786.732176000 1635201
1600940786.735441000 1635201
1600940786.750597000 1638001
1600940786.753042000 1639401
1600940786.755092000 1640849
1600940787.039131000 1642201
1600940787.039260000 1645049
1600940787.039302000 1643601
1600940787.042499000 1643601
1600940787.049012000 1646401
1600940787.050954000 1647801
1600940787.052857000 1649249
1600940787.243479000 1650601
1600940787.246772000 1652001
1600940787.448762000 1653401
1600940787.448873000 1656249
1600940787.448915000 1654801
1600940787.451904000 1654801
1600940787.501150000 1657601
1600940787.502407000 1659001
1600940787.504385000 1660449
1600940787.756065000 1661801
1600940787.756160000 1663201
1600940787.760714000 1664649
1600940787.799120000 1666001
1600940787.799847000 1667401
1600940787.802365000 1668849
1600940787.899500000 1670201
1600940787.900268000 1671601
1600940787.902473000 1673049
1600940788.062369000 1674401
1600940788.063754000 1675801
1600940788.066188000 1677249
1600940788.268117000 1678601
1600940788.268170000 1681449
1600940788.268219000 1680001
1600940788.298797000 1682801
1600940788.299509000 1684201
1600940788.301489000 1685649
1600940788.472704000 1687001
1600940788.472745000 1688401
1600940788.475479000 1689849
1600940788.548630000 1691201
1600940788.549443000 1692601
1600940788.551578000 1694049
1600940788.780113000 1695401
1600940788.780191000 1696801
1600940788.780191000 1698249
1600940788.780192000 1701145
1600940788.781718000 1704041
1600940788.782429000 1705489
1600940788.784940000 1708385
1600940788.785633000 1709833
1600940788.798510000 1710801
1600940788.799116000 1712201
1600940788.801214000 1713649
1600940789.291936000 1715001
1600940789.291988000 1717849
1600940789.292035000 1716401
1600940789.348166000 1719201
1600940789.348889000 1720601
1600940789.350806000 1722049
1600940789.598849000 1723401
1600940789.598888000 1724801
1600940789.601548000 1726249
1600940789.700890000 1727601
1600940789.701428000 1729001
1600940789.703419000 1730449
1600940790.008371000 1731801
1600940790.008437000 1733201
1600940790.011131000 1734649
1600940790.050197000 1736001
1600940790.050696000 1737401
1600940790.052731000 1738849
1600940790.213111000 1740201
1600940790.213157000 1741601
1600940790.215660000 1743049
1600940790.349126000 1744401
1600940790.349182000 1745801
1600940790.351549000 1747249
1600940790.521114000 1748601
1600940790.521162000 1750001
1600940790.523587000 1751449
1600940790.597849000 1752801
1600940790.598531000 1754201
1600940790.600710000 1755649
1600940790.649413000 1757001
1600940790.649461000 1758401
1600940790.652349000 1759849
1600940790.749981000 1761201
1600940790.752445000 1762601
1600940790.847831000 1764001
1600940790.848632000 1765401
1600940790.851123000 1766849
1600940790.899115000 1768201
1600940790.899910000 1769601
1600940790.901902000 1771049
1600940791.000553000 1772401
1600940791.000603000 1773801
1600940791.004610000 1775249
1600940791.237644000 1776601
1600940791.237694000 1779449
1600940791.237739000 1778001
1600940791.298205000 1780801
1600940791.299943000 1782201
1600940791.301537000 1783649
1600940791.543947000 1785001
1600940791.544603000 1786401
1600940791.545342000 1787849
1600940791.598940000 1789201
1600940791.601322000 1790601
1600940791.603019000 1792049
1600940791.851890000 1793401
1600940791.851942000 1796249
1600940791.851949000 1794801
1600940791.855074000 1794801
1600940791.902015000 1797601
1600940791.914902000 1800449
1600940791.914952000 1799001
1600940792.158781000 1801801
1600940792.158863000 1803201
1600940792.161643000 1804649
1600940792.465778000 1806001
1600940792.466242000 1807401
1600940792.468684000 1808849
1600940792.670811000 1810201
1600940792.670895000 1811601
1600940792.673787000 1813049
1600940792.875540000 1814401
1600940792.875610000 1815801
1600940792.878471000 1817249
1600940792.947527000 1818601
1600940792.950812000 1820001
1600940793.182757000 1821401
1600940793.182812000 1822801
1600940793.185276000 1824249
1600940793.387589000 1825601
1600940793.387654000 1827001
1600940793.390294000 1828449
1600940793.447430000 1829801
1600940793.448159000 1831201
1600940793.450275000 1832649
1600940793.695562000 1834001
1600940793.695667000 1835401
1600940793.695667000 1836849
1600940793.698925000 1841193
1600940793.749509000 1842401
1600940793.749542000 1843801
1600940793.751889000 1845249
1600940793.797384000 1846601
1600940793.798077000 1848001
1600940793.800021000 1849449
1600940793.899603000 1850801
1600940793.899637000 1852201
1600940793.902220000 1853649
1600940794.001999000 1855001
1600940794.002063000 1856401
1600940794.004456000 1857849
1600940794.206729000 1859201
1600940794.206771000 1860601
1600940794.209782000 1862049
1600940794.411484000 1863401
1600940794.412400000 1864801
1600940794.414618000 1866249
1600940794.616224000 1867601
1600940794.616450000 1869001
1600940794.619319000 1870449
1600940794.820803000 1871801
1600940794.823260000 1873201
1600940795.128569000 1874601
1600940795.128621000 1876001
1600940795.131334000 1877449
1600940795.177664000 1878801
1600940797.553318000 1878802
1600940797.554653000 1878802
