1600940719.538234000 0
1600940719.555571000 0
1600940719.556484000 1
1600940719.556884000 1
1600940719.557614000 1
1600940719.557689000 1
1600940720.114455000 1
1600940720.273161000 1
1600940720.274372000 1401
1600940720.278470000 1401
1600940720.418089000 2801
1600940720.418206000 4201
1600940720.422659000 2801
1600940720.424081000 4201
1600940720.424363000 5649
1600940720.426785000 5649
1600940720.617925000 7001
1600940720.618054000 8401
1600940720.682477000 7001
1600940720.682834000 8401
1600940720.683729000 9849
1600940720.685800000 9849
1600940720.768948000 11201
1600940720.769058000 12601
1600940720.771837000 11201
1600940720.772500000 12601
1600940720.772867000 14049
1600940720.774968000 14049
1600940721.018051000 15401
1600940721.018161000 16801
1600940721.090051000 18249
1600940721.097108000 15401
1600940721.098519000 16801
1600940721.099419000 16801
1600940721.101868000 16801
1600940721.267989000 19601
1600940721.268096000 21001
1600940721.297014000 19601
1600940721.297354000 21001
1600940721.298152000 22449
1600940721.300278000 22449
1600940721.517884000 23801
1600940721.517993000 25201
1600940721.600055000 26649
1600940721.605204000 23801
1600940721.605438000 25201
1600940721.605976000 26649
1600940721.607511000 25201
1600940721.609996000 25201
1600940721.767844000 28001
1600940721.767954000 29401
1600940721.808786000 28001
1600940721.809212000 29401
1600940721.809894000 30849
1600940721.811979000 30849
1600940722.066390000 32201
1600940722.066496000 33601
1600940722.116199000 32201
1600940722.117371000 33601
1600940722.117438000 35049
1600940722.119509000 35049
1600940722.316308000 36401
1600940722.316416000 37801
1600940722.410048000 39249
1600940722.423104000 36401
1600940722.423531000 37801
1600940722.423956000 39249
1600940722.424911000 37801
1600940722.427101000 37801
1600940722.616208000 40601
1600940722.616327000 42001
1600940722.730471000 40601
1600940722.731646000 42001
1600940722.731716000 43449
1600940722.767760000 44801
1600940722.767865000 46201
1600940722.771500000 44801
1600940722.771926000 46201
1600940722.772551000 47649
1600940722.774553000 47649
1600940722.966107000 49001
1600940722.966212000 50401
1600940723.038088000 49001
1600940723.039303000 50401
1600940723.039381000 51849
1600940723.041416000 51849
1600940723.267376000 53201
1600940723.344886000 53201
1600940723.345433000 54601
1600940723.346896000 54601
1600940723.517250000 56001
1600940723.517357000 57401
1600940723.553993000 56001
1600940723.554227000 57401
1600940723.555027000 58849
1600940723.557052000 58849
1600940723.815854000 60201
1600940723.815968000 61601
1600940723.856805000 60201
1600940723.858002000 61601
1600940723.858071000 63049
1600940723.859563000 63049
1600940724.115779000 64401
1600940724.115902000 65801
1600940724.163879000 64401
1600940724.165207000 65801
1600940724.165280000 67249
1600940724.167020000 67249
1600940724.365664000 68601
1600940724.365775000 70001
1600940724.471102000 68601
1600940724.472193000 71449
1600940724.665603000 72801
1600940724.665713000 74201
1600940724.778802000 72801
1600940724.780134000 74201
1600940724.780206000 75649
1600940724.781697000 75649
1600940724.916209000 77001
1600940724.916323000 78401
1600940724.985938000 77001
1600940724.986385000 78401
1600940724.987101000 79849
1600940724.988489000 79849
1600940725.215420000 81201
1600940725.215523000 82601
1600940725.290449000 81201
1600940725.290876000 82601
1600940725.291551000 84049
1600940725.292954000 84049
1600940725.465383000 85401
1600940725.465493000 86801
1600940725.495051000 85401
1600940725.495393000 86801
1600940725.496085000 88249
1600940725.497528000 88249
1600940725.766898000 89601
1600940725.767022000 91001
1600940725.802639000 89601
1600940725.802995000 91001
1600940725.803733000 92449
1600940725.805114000 92449
1600940725.865275000 93801
1600940725.865382000 95201
1600940725.866728000 93801
1600940725.867596000 95201
1600940725.867905000 96649
1600940725.872753000 96649
1600940726.115198000 98001
1600940726.115304000 99401
1600940726.202413000 98001
1600940726.202978000 99401
1600940726.203679000 100849
1600940726.205072000 100849
1600940726.365107000 102201
1600940726.365214000 103601
1600940726.419553000 102201
1600940726.419985000 103601
1600940726.420712000 105049
1600940726.422125000 105049
1600940726.664995000 106401
1600940726.723891000 106401
1600940726.724489000 107801
1600940726.725915000 107801
1600940726.915606000 109201
1600940726.915717000 110601
1600940726.928695000 109201
1600940726.929144000 110601
1600940726.929965000 112049
1600940726.931603000 112049
1600940727.214807000 113401
1600940727.214912000 114801
1600940727.236421000 114801
1600940727.237094000 116249
1600940727.238824000 116249
1600940727.464774000 117601
1600940727.464883000 119001
1600940727.543265000 117601
1600940727.544707000 119001
1600940727.544775000 120449
1600940727.546270000 120449
1600940727.766014000 121801
1600940727.766121000 123201
1600940727.853638000 121801
1600940727.854061000 123201
1600940727.855045000 124649
1600940727.857050000 124649
1600940728.015932000 126001
1600940728.016044000 127401
1600940728.060182000 126001
1600940728.061613000 127401
1600940728.061679000 128849
1600940728.314496000 130201
1600940728.314599000 131601
1600940728.362257000 130201
1600940728.363677000 131601
1600940728.363741000 133049
1600940728.365236000 133049
1600940728.564441000 134401
1600940728.564551000 135801
1600940728.568645000 134401
1600940728.568887000 135801
1600940728.569168000 137249
1600940728.570578000 137249
1600940728.765947000 138601
1600940728.766055000 140001
1600940728.874584000 138601
1600940728.874928000 140001
1600940728.875771000 141449
1600940728.877383000 141449
1600940728.964288000 142801
1600940728.964397000 144201
1600940728.965743000 142801
1600940728.966695000 144201
1600940728.966974000 145649
1600940728.971564000 145649
1600940729.214217000 147001
1600940729.214323000 148401
1600940729.283904000 147001
1600940729.284325000 148401
1600940729.285162000 149849
1600940729.515482000 151201
1600940729.515591000 152601
1600940729.591207000 151201
1600940729.591441000 152601
1600940729.592388000 154049
1600940729.593770000 154049
1600940729.765417000 155401
1600940729.765521000 156801
1600940729.795832000 155401
1600940729.796252000 156801
1600940729.797083000 158249
1600940729.798483000 158249
1600940730.064020000 159601
1600940730.064134000 161001
1600940730.104977000 159601
1600940730.106326000 161001
1600940730.106612000 162449
1600940730.109291000 162449
1600940730.313935000 163801
1600940730.410302000 163801
1600940730.410971000 165201
1600940730.412389000 165201
1600940730.563827000 166601
1600940730.563934000 168001
1600940730.615158000 166601
1600940730.616348000 169449
1600940730.617751000 169449
1600940730.863692000 170801
1600940730.863802000 172201
1600940730.923569000 170801
1600940730.923914000 172201
1600940730.924777000 173649
1600940730.926299000 173649
1600940731.113616000 175001
1600940731.113726000 176401
1600940731.127269000 175001
1600940731.127511000 176401
1600940731.128497000 177849
1600940731.129971000 177849
1600940731.414206000 179201
1600940731.414314000 180601
1600940731.434291000 179201
1600940731.434995000 180601
1600940731.435274000 182049
1600940731.436842000 182049
1600940731.663892000 183401
1600940731.664006000 184801
1600940731.741505000 183401
1600940731.741858000 184801
1600940731.742663000 186249
1600940731.744111000 186249
1600940731.813450000 187601
1600940731.813553000 189001
1600940731.814907000 187601
1600940731.815724000 189001
1600940731.816041000 190449
1600940731.817675000 190449
1600940732.063321000 191801
1600940732.063432000 193201
1600940732.140057000 194649
1600940732.151372000 191801
1600940732.152111000 194649
1600940732.313299000 196001
1600940732.313407000 197401
1600940732.355874000 196001
1600940732.357405000 198849
1600940732.359011000 198849
1600940732.613188000 200201
1600940732.613299000 201601
1600940732.663458000 200201
1600940732.664763000 201601
1600940732.664831000 203049
1600940732.666340000 203049
1600940732.863088000 204401
1600940732.863192000 205801
1600940732.970051000 207249
1600940732.970318000 204401
1600940732.971404000 205801
1600940732.972239000 207249
1600940733.163033000 208601
1600940733.163160000 210001
1600940733.175366000 208601
1600940733.176986000 210001
1600940733.177063000 211449
1600940733.178632000 211449
1600940733.413578000 212801
1600940733.413685000 214201
1600940733.482929000 214201
1600940733.483681000 215649
1600940733.485071000 215649
1600940733.712801000 217001
1600940733.790423000 217001
1600940733.791552000 218401
1600940733.792978000 218401
1600940733.962738000 219801
1600940733.962842000 221201
1600940734.070053000 222649
1600940734.096690000 219801
1600940734.097528000 221201
1600940734.097546000 222649
1600940734.264022000 224001
1600940734.264132000 225401
1600940734.301488000 224001
1600940734.301829000 225401
1600940734.302871000 226849
1600940734.304260000 226849
1600940734.513950000 228201
1600940734.514058000 229601
1600940734.608681000 228201
1600940734.609106000 229601
1600940734.610327000 231049
1600940734.611780000 231049
1600940734.764127000 232401
1600940734.764232000 233801
1600940734.813501000 232401
1600940734.814460000 233801
1600940734.815731000 235249
1600940734.817120000 235249
1600940734.913668000 236601
1600940734.913775000 238001
1600940734.916166000 236601
1600940734.916586000 238001
1600940734.917805000 239449
1600940734.919188000 239449
1600940735.162444000 240801
1600940735.162556000 242201
1600940735.223104000 240801
1600940735.223342000 242201
1600940735.224717000 243649
1600940735.226135000 243649
1600940735.413044000 245001
1600940735.413150000 246401
1600940735.427980000 245001
1600940735.428416000 246401
1600940735.429641000 247849
1600940735.431032000 247849
1600940735.662351000 249201
1600940735.662458000 250601
1600940735.735130000 249201
1600940735.736545000 250601
1600940735.736829000 252049
1600940735.912837000 253401
1600940735.912942000 254801
1600940735.945966000 253401
1600940735.948037000 256249
1600940735.949803000 256249
1600940736.212088000 257601
1600940736.212206000 259001
1600940736.247060000 257601
1600940736.247416000 259001
1600940736.248654000 260449
1600940736.250124000 260449
1600940736.462047000 261801
1600940736.462152000 263201
1600940736.550052000 264649
1600940736.554565000 261801
1600940736.556464000 263201
1600940736.556482000 264649
1600940736.711973000 266001
1600940736.712081000 267401
1600940736.759624000 267401
1600940736.760707000 268849
1600940736.762968000 268849
1600940737.013153000 270201
1600940737.013260000 271601
1600940737.066456000 270201
1600940737.066801000 271601
1600940737.067849000 273049
1600940737.069348000 273049
1600940737.263139000 274401
1600940737.373501000 274401
1600940737.375014000 275801
1600940737.376473000 275801
1600940737.513030000 277201
1600940737.513137000 278601
1600940737.516651000 277201
1600940737.517497000 278601
1600940737.518518000 280049
1600940737.519899000 280049
1600940737.763214000 281401
1600940737.763319000 282801
1600940737.783587000 281401
1600940737.783823000 282801
1600940737.785109000 284249
1600940737.786505000 284249
1600940737.912274000 285601
1600940737.912381000 287001
1600940737.988641000 285601
1600940737.988996000 287001
1600940737.990236000 288449
1600940737.991865000 288449
1600940738.111545000 289801
1600940738.111649000 291201
1600940738.192801000 289801
1600940738.193167000 291201
1600940738.194304000 292649
1600940738.195764000 292649
1600940738.361427000 294001
1600940738.361537000 295401
1600940738.397518000 294001
1600940738.397752000 295401
1600940738.399037000 296849
1600940738.400427000 296849
1600940738.661353000 298201
1600940738.661463000 299601
1600940738.704673000 298201
1600940738.705093000 299601
1600940738.706200000 301049
1600940738.707594000 301049
1600940738.911946000 302401
1600940738.912052000 303801
1600940739.000049000 305249
1600940739.013284000 302401
1600940739.013698000 303801
1600940739.014048000 305249
1600940739.161212000 306601
1600940739.161316000 308001
1600940739.218029000 308001
1600940739.219172000 309449
1600940739.220592000 309449
1600940739.411819000 310801
1600940739.411928000 312201
1600940739.523990000 310801
1600940739.525433000 312201
1600940739.525591000 313649
1600940739.527004000 313649
1600940739.661128000 315001
1600940739.661234000 316401
1600940739.728708000 315001
1600940739.730151000 316401
1600940739.730438000 317849
1600940739.731811000 317849
1600940739.861100000 319201
1600940739.861204000 320601
1600940739.933944000 319201
1600940739.935434000 320601
1600940739.935588000 322049
1600940739.936992000 322049
1600940740.110932000 323401
1600940740.111040000 324801
1600940740.138616000 324801
1600940740.139872000 326249
1600940740.141318000 326249
1600940740.310917000 327601
1600940740.343070000 327601
1600940740.344148000 329001
1600940740.345568000 329001
1600940740.560799000 330401
1600940740.560904000 331801
1600940740.650397000 330401
1600940740.651889000 331801
1600940740.652046000 333249
1600940740.653425000 333249
1600940740.762296000 334601
1600940740.762400000 336001
1600940740.855075000 334601
1600940740.856505000 336001
1600940740.856798000 337449
1600940740.858174000 337449
1600940740.911383000 338801
1600940740.911486000 340201
1600940740.912830000 338801
1600940740.913633000 340201
1600940740.914184000 341649
1600940740.915565000 341649
1600940741.110644000 343001
1600940741.110750000 344401
1600940741.163141000 343001
1600940741.163650000 344401
1600940741.164840000 345849
1600940741.166317000 345849
1600940741.310754000 347201
1600940741.310856000 348601
1600940741.367157000 347201
1600940741.367583000 348601
1600940741.368781000 350049
1600940741.370213000 350049
1600940741.511923000 351401
1600940741.512040000 352801
1600940741.572050000 351401
1600940741.573489000 352801
1600940741.573775000 354249
1600940741.575167000 354249
1600940741.710524000 355601
1600940741.710630000 357001
1600940741.776757000 355601
1600940741.778200000 357001
1600940741.778483000 358449
1600940741.779864000 358449
1600940741.810921000 359801
1600940741.811024000 361201
1600940741.813080000 359801
1600940741.814618000 361201
1600940741.814772000 362649
1600940741.960487000 364001
1600940741.960591000 365401
1600940741.981953000 364001
1600940741.982403000 365401
1600940741.983661000 366849
1600940742.160395000 368201
1600940742.160501000 369601
1600940742.188705000 371049
1600940742.360675000 372401
1600940742.360786000 373801
1600940742.393527000 375249
1600940742.394911000 375249
1600940742.560296000 376601
1600940742.560402000 378001
1600940742.596690000 376601
1600940742.597148000 378001
1600940742.598328000 379449
1600940742.599711000 379449
1600940742.761526000 380801
1600940742.761630000 382201
1600940742.800696000 380801
1600940742.800931000 382201
1600940742.802530000 383649
1600940742.803948000 383649
1600940743.011844000 385001
1600940743.108058000 385001
1600940743.109177000 386401
1600940743.160212000 387801
1600940743.160315000 389201
1600940743.161602000 387801
1600940743.162379000 389201
1600940743.163453000 390649
1600940743.360149000 392001
1600940743.360252000 393401
1600940743.416286000 392001
1600940743.417724000 393401
1600940743.417880000 394849
1600940743.419269000 394849
1600940743.560144000 396201
1600940743.560256000 397601
1600940743.620048000 396201
1600940743.620473000 397601
1600940743.621627000 399049
1600940743.623042000 399049
1600940743.710151000 400401
1600940743.710255000 401801
1600940743.711612000 400401
1600940743.712404000 401801
1600940743.712996000 403249
1600940743.714383000 403249
1600940743.809988000 404601
1600940743.810135000 406001
1600940743.811467000 404601
1600940743.812280000 406001
1600940743.812845000 407449
1600940743.814275000 407449
1600940743.960138000 408801
1600940743.960242000 410201
1600940744.029532000 408801
1600940744.030212000 410201
1600940744.031993000 411649
1600940744.033394000 411649
1600940744.060129000 413001
1600940744.060235000 414401
1600940744.061528000 413001
1600940744.062332000 414401
1600940744.062965000 415849
1600940744.064363000 415849
1600940744.209963000 417201
1600940744.210099000 418601
1600940744.235522000 417201
1600940744.237094000 418601
1600940744.237161000 420049
1600940744.310050000 421401
1600940744.310154000 422801
1600940744.312436000 421401
1600940744.312898000 422801
1600940744.314080000 424249
1600940744.315485000 424249
1600940744.459942000 425601
1600940744.460086000 427001
1600940744.530052000 428449
1600940744.541503000 425601
1600940744.541922000 427001
1600940744.542364000 428449
1600940744.543544000 427001
1600940744.545076000 427001
1600940744.559915000 429801
1600940744.560039000 431201
1600940744.561314000 429801
1600940744.562056000 431201
1600940744.562942000 432649
1600940744.564586000 432649
1600940744.710087000 434001
1600940744.710191000 435401
1600940744.746283000 434001
1600940744.746638000 435401
1600940744.747859000 436849
1600940744.749500000 436849
1600940744.810164000 438201
1600940744.811638000 438201
1600940744.812892000 439601
1600940744.816944000 439601
1600940744.910772000 441001
1600940744.910876000 442401
1600940744.912252000 441001
1600940744.913014000 442401
1600940744.913562000 443849
1600940744.915189000 443849
1600940745.011926000 445201
1600940745.012027000 446601
1600940745.013865000 445201
1600940745.014284000 446601
1600940745.015474000 448049
1600940745.017128000 448049
1600940745.159482000 449401
1600940745.159586000 450801
1600940745.210048000 452249
1600940745.258358000 449401
1600940745.259242000 450801
1600940745.259262000 452249
1600940745.260730000 450801
1600940745.262162000 450801
1600940745.359724000 453601
1600940745.359838000 455001
1600940745.362998000 455001
1600940745.363828000 456449
1600940745.365473000 456449
1600940745.510822000 457801
1600940745.510938000 459201
1600940745.565711000 457801
1600940745.567238000 459201
1600940745.567306000 460649
1600940745.568708000 460649
1600940745.761369000 462001
1600940745.761478000 463401
1600940745.850050000 464849
1600940745.872737000 462001
1600940745.873167000 463401
1600940745.873603000 464849
1600940745.875422000 463401
1600940745.876994000 463401
1600940746.010862000 466201
1600940746.010968000 467601
1600940746.077671000 466201
1600940746.078119000 467601
1600940746.079226000 469049
1600940746.080899000 469049
1600940746.260546000 470401
1600940746.260649000 471801
1600940746.282313000 470401
1600940746.282655000 471801
1600940746.284005000 473249
1600940746.285647000 473249
1600940746.459206000 474601
1600940746.459312000 476001
1600940746.487093000 474601
1600940746.488515000 476001
1600940746.489114000 477449
1600940746.490623000 477449
1600940746.608911000 478801
1600940746.609030000 480201
1600940746.693487000 478801
1600940746.695330000 481649
1600940746.697042000 481649
1600940746.808858000 483001
1600940746.808963000 484401
1600940746.896801000 483001
1600940746.898403000 484401
1600940746.898685000 485849
1600940746.900223000 485849
1600940747.058959000 487201
1600940747.059076000 488601
1600940747.103065000 487201
1600940747.104596000 488601
1600940747.104772000 490049
1600940747.106161000 490049
1600940747.409504000 491401
1600940747.409618000 492801
1600940747.511512000 491401
1600940747.511853000 492801
1600940747.512950000 494249
1600940747.514359000 494249
1600940747.558825000 495601
1600940747.560313000 495601
1600940747.561411000 497001
1600940747.562816000 497001
1600940747.760057000 498401
1600940747.760174000 499801
1600940747.818388000 498401
1600940747.818624000 499801
1600940747.819973000 501249
1600940747.821393000 501249
1600940748.058469000 502601
1600940748.058575000 504001
1600940748.125628000 502601
1600940748.125862000 504001
1600940748.127244000 505449
1600940748.128699000 505449
1600940748.358425000 506801
1600940748.358530000 508201
1600940748.432775000 506801
1600940748.434299000 508201
1600940748.434453000 509649
1600940748.608329000 511001
1600940748.608442000 512401
1600940748.637627000 511001
1600940748.638074000 512401
1600940748.639222000 513849
1600940748.640611000 513849
1600940748.909058000 515201
1600940748.909163000 516601
1600940748.950790000 515201
1600940748.951334000 516601
1600940748.952670000 518049
1600940748.954138000 518049
1600940749.209306000 519401
1600940749.209411000 520801
1600940749.253248000 519401
1600940749.254876000 520801
1600940749.255158000 522249
1600940749.410187000 523601
1600940749.410293000 525001
1600940749.458490000 526449
1600940749.657936000 527801
1600940749.658049000 529201
1600940749.760048000 530649
1600940749.766963000 529201
1600940749.857815000 532001
1600940749.857921000 533401
1600940749.860052000 533401
1600940749.865537000 534849
1600940749.867204000 534849
1600940750.058006000 536201
1600940750.058109000 537601
1600940750.072566000 537601
1600940750.073785000 539049
1600940750.075291000 539049
1600940750.259410000 540401
1600940750.259513000 541801
1600940750.276353000 541801
1600940750.277574000 543249
1600940750.279215000 543249
1600940750.457820000 544601
1600940750.457924000 546001
1600940750.480737000 544601
1600940750.482304000 546001
1600940750.482581000 547449
1600940750.484092000 547449
1600940750.658038000 548801
1600940750.685634000 548801
1600940750.686725000 550201
1600940750.688130000 550201
1600940750.857656000 551601
1600940750.857766000 553001
1600940750.890341000 551601
1600940750.890696000 553001
1600940750.892129000 554449
1600940750.893509000 554449
1600940751.107601000 555801
1600940751.107705000 557201
1600940751.180049000 558649
1600940751.197614000 555801
1600940751.198690000 557201
1600940751.199359000 558649
1600940751.259341000 560001
1600940751.259443000 561401
1600940751.261728000 560001
1600940751.263278000 561401
1600940751.263430000 562849
1600940751.457864000 564201
1600940751.457972000 565601
1600940751.505252000 565601
1600940751.506404000 567049
1600940751.607871000 568401
1600940751.607977000 569801
1600940751.612401000 571249
1600940751.613786000 571249
1600940751.759255000 572601
1600940751.759371000 574001
1600940751.811993000 572601
1600940751.812659000 574001
1600940751.813254000 575449
1600940751.814641000 575449
1600940751.857525000 576801
1600940751.857629000 578201
1600940751.858978000 576801
1600940751.859796000 578201
1600940751.860683000 579649
1600940751.862083000 579649
1600940752.009288000 581001
1600940752.009394000 582401
1600940752.090051000 583849
1600940752.119408000 581001
1600940752.119856000 582401
1600940752.120437000 583849
1600940752.121814000 582401
1600940752.123857000 582401
1600940752.157563000 585201
1600940752.157668000 586601
1600940752.159882000 585201
1600940752.160363000 586601
1600940752.161620000 588049
1600940752.163265000 588049
1600940752.307436000 589401
1600940752.307561000 590801
1600940752.323912000 589401
1600940752.326190000 592249
1600940752.327858000 592249
1600940752.457662000 593601
1600940752.457771000 595001
1600940752.528802000 593601
1600940752.530249000 595001
1600940752.530536000 596449
1600940752.532036000 596449
1600940752.557490000 597801
1600940752.557595000 599201
1600940752.559268000 597801
1600940752.559720000 599201
1600940752.560806000 600649
1600940752.562475000 600649
1600940752.760813000 602001
1600940752.760943000 603401
1600940752.836093000 602001
1600940752.837562000 604849
1600940752.839235000 604849
1600940752.958188000 606201
1600940753.041997000 607601
1600940753.043431000 607601
1600940753.206994000 609001
1600940753.207106000 610401
1600940753.245585000 609001
1600940753.245926000 610401
1600940753.247403000 611849
1600940753.248891000 611849
1600940753.557054000 613201
1600940753.557174000 614601
1600940753.650052000 616049
1600940753.655928000 614601
1600940753.656453000 616049
1600940753.758110000 617401
1600940753.758227000 618801
1600940753.860432000 618801
1600940753.861410000 620249
1600940753.862815000 620249
1600940753.956819000 621601
1600940753.956933000 623001
1600940753.962225000 621601
1600940753.962749000 623001
1600940753.963874000 624449
1600940753.965288000 624449
1600940754.156791000 625801
1600940754.156903000 627201
1600940754.260050000 628649
1600940754.269623000 625801
1600940754.269977000 627201
1600940754.270438000 628649
1600940754.356578000 630001
1600940754.356691000 631401
1600940754.359363000 630001
1600940754.359807000 631401
1600940754.360909000 632849
1600940754.362289000 632849
1600940754.656453000 634201
1600940754.656569000 635601
1600940754.679982000 634201
1600940754.681505000 635601
1600940754.681657000 637049
1600940754.683036000 637049
1600940754.956362000 638401
1600940754.956479000 639801
1600940754.986338000 638401
1600940754.986572000 639801
1600940754.988198000 641249
1600940754.989653000 641249
1600940755.257614000 642601
1600940755.257728000 644001
1600940755.294143000 644001
1600940755.295318000 645449
1600940755.507637000 646801
1600940755.507749000 648201
1600940755.590050000 649649
1600940755.600723000 646801
1600940755.601144000 648201
1600940755.602576000 649649
1600940755.757581000 651001
1600940755.757695000 652401
1600940755.805709000 651001
1600940755.807265000 652401
1600940755.807418000 653849
1600940755.810240000 653849
1600940756.007371000 655201
1600940756.007486000 656601
1600940756.112816000 655201
1600940756.113321000 656601
1600940756.113908000 658049
1600940756.115295000 658049
1600940756.308112000 659401
1600940756.420104000 659401
1600940756.421221000 660801
1600940756.422623000 660801
1600940756.607184000 662201
1600940756.607331000 663601
1600940756.625048000 662201
1600940756.625472000 663601
1600940756.626661000 665049
1600940756.628043000 665049
1600940756.855798000 666401
1600940756.855915000 667801
1600940756.932296000 666401
1600940756.932671000 667801
1600940756.933855000 669249
1600940756.935240000 669249
1600940757.155860000 670601
1600940757.155975000 672001
1600940757.239184000 670601
1600940757.239423000 672001
1600940757.240798000 673449
1600940757.355659000 674801
1600940757.355770000 676201
1600940757.444138000 674801
1600940757.445532000 676201
1600940757.445825000 677649
1600940757.447215000 677649
1600940757.655586000 679001
1600940757.655699000 680401
1600940757.751579000 679001
1600940757.752025000 680401
1600940757.753200000 681849
1600940757.754585000 681849
1600940757.906137000 683201
1600940757.906248000 684601
1600940757.956448000 684601
1600940757.957531000 686049
1600940757.958920000 686049
1600940758.205398000 687401
1600940758.205515000 688801
1600940758.263177000 687401
1600940758.264717000 688801
1600940758.264870000 690249
1600940758.266254000 690249
1600940758.455350000 691601
1600940758.455464000 693001
1600940758.468462000 693001
1600940758.469527000 694449
1600940758.470911000 694449
1600940758.705246000 695801
1600940758.705359000 697201
1600940758.775238000 695801
1600940758.775593000 697201
1600940758.776804000 698649
1600940758.906023000 700001
1600940758.906159000 701401
1600940758.980550000 701401
1600940758.981676000 702849
1600940758.983060000 702849
1600940759.105333000 704201
1600940759.105450000 705601
1600940759.185776000 705601
1600940759.186768000 707049
1600940759.188219000 707049
1600940759.355377000 708401
1600940759.355494000 709801
1600940759.389552000 708401
1600940759.389930000 709801
1600940759.391129000 711249
1600940759.392547000 711249
1600940759.555514000 712601
1600940759.555628000 714001
1600940759.595121000 714001
1600940759.595968000 715449
1600940759.597361000 715449
1600940759.756584000 716801
1600940759.799255000 716801
1600940759.800316000 718201
1600940759.801723000 718201
1600940759.957342000 719601
1600940759.957453000 721001
1600940760.004004000 719601
1600940760.004281000 721001
1600940760.005510000 722449
1600940760.006901000 722449
1600940760.257443000 723801
1600940760.257561000 725201
1600940760.311256000 723801
1600940760.311752000 725201
1600940760.312949000 726649
1600940760.314400000 726649
1600940760.506282000 728001
1600940760.506407000 729401
1600940760.610053000 730849
1600940760.618452000 728001
1600940760.618894000 729401
1600940760.619350000 730849
1600940760.704673000 732201
1600940760.704786000 733601
1600940760.707845000 732201
1600940760.708289000 733601
1600940760.709580000 735049
1600940760.710978000 735049
1600940761.054581000 736401
1600940761.054693000 737801
1600940761.170057000 739249
1600940761.233335000 737801
1600940761.233571000 739249
1600940761.304463000 740601
1600940761.304579000 742001
1600940761.305978000 740601
1600940761.307639000 742001
1600940761.307919000 743449
1600940761.309308000 743449
1600940761.604319000 744801
1600940761.604434000 746201
1600940761.642413000 744801
1600940761.643219000 746201
1600940761.644386000 747649
1600940761.804572000 749001
1600940761.804684000 750401
1600940761.849843000 751849
1600940762.104235000 753201
1600940762.104342000 754601
1600940762.220056000 756049
1600940762.304329000 757401
1600940762.304446000 758801
1600940762.305782000 757401
1600940762.306567000 758801
1600940762.307166000 760249
1600940762.308565000 760249
1600940762.505614000 761601
1600940762.505724000 763001
1600940762.564146000 761601
1600940762.564380000 763001
1600940762.565751000 764449
1600940762.567150000 764449
1600940762.704341000 765801
1600940762.704448000 767201
1600940762.830049000 768649
1600940762.854404000 770001
1600940762.871814000 767201
1600940762.872262000 768649
1600940762.872884000 770001
1600940762.873597000 771449
1600940762.874973000 771449
1600940763.005603000 772801
1600940763.005713000 774201
1600940763.076029000 772801
1600940763.077453000 774201
1600940763.077866000 775649
1600940763.079298000 775649
1600940763.154237000 777001
1600940763.154347000 778401
1600940763.155678000 777001
1600940763.156481000 778401
1600940763.157042000 779849
1600940763.158445000 779849
1600940763.304356000 781201
1600940763.304467000 782601
1600940763.383327000 781201
1600940763.384869000 782601
1600940763.385021000 784049
1600940763.386454000 784049
1600940763.454159000 785401
1600940763.454265000 786801
1600940763.456073000 785401
1600940763.456304000 786801
1600940763.457708000 788249
1600940763.459366000 788249
1600940763.604112000 789601
1600940763.604220000 791001
1600940763.690425000 789601
1600940763.690897000 791001
1600940763.692229000 792449
1600940763.693625000 792449
1600940763.755622000 793801
1600940763.755730000 795201
1600940763.757082000 793801
1600940763.760842000 795201
1600940763.761399000 796649
1600940763.762784000 796649
1600940763.854322000 798001
1600940763.854428000 799401
1600940763.855772000 798001
1600940763.857367000 800849
1600940763.858747000 800849
1600940763.954251000 802201
1600940763.954359000 803601
1600940763.955704000 802201
1600940763.956534000 803601
1600940763.957063000 805049
1600940763.958443000 805049
1600940764.104016000 806401
1600940764.104121000 807801
1600940764.180052000 809249
1600940764.202499000 806401
1600940764.202927000 807801
1600940764.204348000 810601
1600940764.204424000 812049
1600940764.204555000 809249
1600940764.204775000 807801
1600940764.205516000 813497
1600940764.206485000 810601
1600940764.207489000 812049
1600940764.208298000 807801
1600940764.209704000 813497
1600940764.304095000 814801
1600940764.304202000 816201
1600940764.306241000 814801
1600940764.306474000 816201
1600940764.308194000 817649
1600940764.309834000 817649
1600940764.454112000 819001
1600940764.454219000 820401
1600940764.510760000 819001
1600940764.512142000 820401
1600940764.512422000 821849
1600940764.514207000 821849
1600940764.554218000 823201
1600940764.555964000 823201
1600940764.557351000 824601
1600940764.559045000 824601
1600940764.604245000 826001
1600940764.604350000 827401
1600940764.606852000 827401
1600940764.611855000 828849
1600940764.613590000 828849
1600940764.654226000 830201
1600940764.654333000 831601
1600940764.655669000 830201
1600940764.656443000 831601
1600940764.657418000 833049
1600940764.659055000 833049
1600940764.704361000 834401
1600940764.704466000 835801
1600940764.705806000 834401
1600940764.706573000 835801
1600940764.707189000 837249
1600940764.708578000 837249
1600940764.756154000 838601
1600940764.756258000 840001
1600940764.756374000 841449
1600940764.756384000 842897
1600940764.756905000 844345
1600940764.758195000 838601
1600940764.759174000 840001
1600940764.760748000 841449
1600940764.760766000 842897
1600940764.761361000 845793
1600940764.762144000 844345
1600940764.764028000 845793
1600940764.804773000 847001
1600940764.804880000 848401
1600940764.806215000 847001
1600940764.808017000 849849
1600940764.816210000 849849
1600940764.854751000 851201
1600940764.854859000 852601
1600940764.854972000 854049
1600940764.854982000 855497
1600940764.855505000 856945
1600940764.856375000 851201
1600940764.859819000 852601
1600940764.860873000 854049
1600940764.861582000 855497
1600940764.861599000 856945
1600940764.861889000 858393
1600940764.863773000 858393
1600940764.905559000 859601
1600940764.905667000 861001
1600940764.905780000 862449
1600940764.905790000 863897
1600940764.906312000 865345
1600940764.907008000 859601
1600940764.909798000 861001
1600940764.910303000 862449
1600940764.910453000 866793
1600940764.912173000 863897
1600940764.912191000 865345
1600940764.913565000 866793
1600940764.954701000 868001
1600940764.954808000 869401
1600940764.954920000 870849
1600940764.954931000 872297
1600940764.955455000 873745
1600940764.956184000 868001
1600940764.957480000 869401
1600940764.962388000 872297
1600940764.962667000 875193
1600940764.962910000 873745
1600940764.965021000 875193
1600940765.005667000 876401
1600940765.005771000 877801
1600940765.012575000 876401
1600940765.013344000 877801
1600940765.014344000 879249
1600940765.054264000 880601
1600940765.057685000 882001
1600940765.153509000 883401
1600940765.153613000 884801
1600940765.156837000 886249
1600940765.255792000 887601
1600940765.255908000 889001
1600940765.259374000 890449
1600940765.304675000 891801
1600940765.304783000 893201
1600940765.304898000 894649
1600940765.304909000 896097
1600940765.305431000 897545
1600940765.309670000 898993
1600940765.404159000 900201
1600940765.404266000 901601
1600940765.406658000 900201
1600940765.407451000 901601
1600940765.408001000 903049
1600940765.409537000 903049
1600940765.553552000 904401
1600940765.553662000 905801
1600940765.600050000 907249
1600940765.636623000 905801
1600940765.637225000 907249
1600940765.653438000 908601
1600940765.653545000 910001
1600940765.654881000 908601
1600940765.655667000 910001
1600940765.656356000 911449
1600940765.657747000 911449
1600940765.755010000 912801
1600940765.755116000 914201
1600940765.756465000 912801
1600940765.757271000 914201
1600940765.757870000 915649
1600940765.759249000 915649
1600940765.853530000 917001
1600940765.853636000 918401
1600940765.855866000 917001
1600940765.857281000 918401
1600940765.857935000 919849
1600940765.859523000 919849
1600940766.004912000 921201
1600940766.005019000 922601
1600940766.046174000 922601
1600940766.047509000 924049
1600940766.048891000 924049
1600940766.203200000 925401
1600940766.203304000 926801
1600940766.250419000 925401
1600940766.251282000 926801
1600940766.253759000 928249
1600940766.255586000 928249
1600940766.353510000 929601
1600940766.353622000 931001
1600940766.354897000 929601
1600940766.355772000 931001
1600940766.356339000 932449
1600940766.357734000 932449
1600940766.504708000 933801
1600940766.557747000 933801
1600940766.558572000 935201
1600940766.559989000 935201
1600940766.653153000 936601
1600940766.653260000 938001
1600940766.654604000 936601
1600940766.659430000 938001
1600940766.660625000 939449
1600940766.662011000 939449
1600940766.803153000 940801
1600940766.803259000 942201
1600940766.864859000 940801
1600940766.865283000 942201
1600940766.866418000 943649
1600940766.867799000 943649
1600940766.903985000 945001
1600940766.904092000 946401
1600940766.906332000 945001
1600940766.906753000 946401
1600940766.907939000 947849
1600940766.909318000 947849
1600940767.053002000 949201
1600940767.053108000 950601
1600940767.069911000 949201
1600940767.071436000 950601
1600940767.071586000 952049
1600940767.072966000 952049
1600940767.255834000 953401
1600940767.255941000 954801
1600940767.274658000 953401
1600940767.279564000 956249
1600940767.280999000 956249
1600940767.403523000 957601
1600940767.403645000 959001
1600940767.479228000 957601
1600940767.480050000 960449
1600940767.480809000 959001
1600940767.481623000 960449
1600940767.552745000 961801
1600940767.552855000 963201
1600940767.554198000 961801
1600940767.555055000 963201
1600940767.555618000 964649
1600940767.557225000 964649
1600940767.702623000 966001
1600940767.702732000 967401
1600940767.756033000 968849
1600940767.756110000 970297
1600940767.756226000 971745
1600940767.756237000 973193
1600940767.756456000 974641
1600940767.756467000 976089
1600940767.756833000 977537
1600940767.756843000 978985
1600940767.787034000 967401
1600940767.789584000 968849
1600940767.791538000 970297
1600940767.791556000 971745
1600940767.791570000 973193
1600940767.791583000 974641
1600940767.791597000 976089
1600940767.791610000 977537
1600940767.792020000 978985
1600940767.792091000 980433
1600940767.792101000 981881
1600940767.793604000 980433
1600940767.794290000 981881
1600940767.903416000 982801
1600940767.903526000 984201
1600940767.992643000 984201
1600940767.993665000 985649
1600940768.052552000 987001
1600940768.052661000 988401
1600940768.055487000 989849
1600940768.202423000 991201
1600940768.299654000 992601
1600940768.302686000 994001
1600940768.302758000 995449
1600940768.307153000 996897
1600940768.452884000 998201
1600940768.452998000 999601
1600940768.506762000 1001049
1600940768.508382000 1001049
1600940768.602640000 1002401
1600940768.602753000 1003801
1600940768.605755000 1002401
1600940768.606180000 1003801
1600940768.608082000 1005249
1600940768.609485000 1005249
1600940768.702382000 1006601
1600940768.702488000 1008001
1600940768.707596000 1006601
1600940768.708015000 1008001
1600940768.709429000 1009449
1600940768.710820000 1009449
1600940768.852369000 1010801
1600940768.852473000 1012201
1600940768.912832000 1010801
1600940768.913291000 1012201
1600940768.930051000 1013649
1600940768.931410000 1013649
1600940768.952556000 1015001
1600940768.952632000 1016449
1600940768.954805000 1016449
1600940768.955372000 1017897
1600940768.956781000 1017897
1600940769.102388000 1019201
1600940769.102496000 1020601
1600940769.117594000 1019201
1600940769.118037000 1020601
1600940769.159497000 1022049
1600940769.160892000 1022049
1600940769.253794000 1023401
1600940769.253899000 1024801
1600940769.255828000 1023401
1600940769.256167000 1024801
1600940769.299468000 1026249
1600940769.300861000 1026249
1600940769.403079000 1027601
1600940769.403189000 1029001
1600940769.404563000 1027601
1600940769.405359000 1029001
1600940769.405946000 1030449
1600940769.407347000 1030449
1600940769.503722000 1031801
1600940769.503827000 1033201
1600940769.505188000 1031801
1600940769.505966000 1033201
1600940769.506532000 1034649
1600940769.507910000 1034649
1600940769.652241000 1036001
1600940769.652348000 1037401
1600940769.732032000 1036001
1600940769.733463000 1037401
1600940769.733747000 1038849
1600940769.753799000 1040201
1600940769.753907000 1041601
1600940769.755853000 1040201
1600940769.756302000 1041601
1600940769.757648000 1043049
1600940769.759044000 1043049
1600940769.902766000 1044401
1600940769.936780000 1044401
1600940769.979440000 1045801
1600940769.980853000 1045801
1600940770.052091000 1047201
1600940770.052199000 1048601
1600940770.054375000 1047201
1600940770.054810000 1048601
1600940770.099932000 1050049
1600940770.101344000 1050049
1600940770.202065000 1051401
1600940770.202170000 1052801
1600940770.204072000 1051401
1600940770.204959000 1052801
1600940770.247780000 1054249
1600940770.249239000 1054249
1600940770.303473000 1055601
1600940770.303579000 1057001
1600940770.304945000 1055601
1600940770.306575000 1057001
1600940770.349858000 1058449
1600940770.452039000 1059801
1600940770.452152000 1061201
1600940770.453501000 1059801
1600940770.454590000 1061201
1600940770.496984000 1062649
1600940770.498690000 1062649
1600940770.603459000 1064001
1600940770.603569000 1065401
1600940770.604928000 1064001
1600940770.605766000 1065401
1600940770.647973000 1066849
1600940770.653038000 1066849
1600940770.755463000 1068201
1600940770.755574000 1069601
1600940770.755689000 1071049
1600940770.755700000 1072497
1600940770.755829000 1073945
1600940770.755840000 1075393
1600940770.756291000 1076841
1600940770.756301000 1078289
1600940770.756680000 1079737
1600940770.756690000 1081185
1600940770.757465000 1082633
1600940770.757703000 1068201
1600940770.758338000 1069601
1600940770.759336000 1071049
1600940770.760611000 1072497
1600940770.760844000 1073945
1600940770.761180000 1075393
1600940770.762651000 1076841
1600940770.762668000 1078289
1600940770.762682000 1079737
1600940770.762695000 1081185
1600940770.763989000 1082633
1600940770.799440000 1084081
1600940770.800690000 1084081
1600940770.802106000 1085001
1600940770.802185000 1086449
1600940770.803503000 1085001
1600940770.804312000 1086449
1600940770.845134000 1087897
1600940770.846526000 1087897
1600940770.951870000 1089201
1600940770.951975000 1090601
1600940770.953310000 1089201
1600940770.954173000 1090601
1600940770.955223000 1092049
1600940770.961124000 1092049
1600940771.101813000 1093401
1600940771.101920000 1094801
1600940771.165953000 1093401
1600940771.166294000 1094801
1600940771.210052000 1096249
1600940771.211796000 1096249
1600940771.253253000 1097601
1600940771.253324000 1099049
1600940771.255182000 1097601
1600940771.255812000 1099049
1600940771.256172000 1100497
1600940771.257557000 1100497
1600940771.351728000 1101801
1600940771.353247000 1101801
1600940771.395522000 1103201
1600940771.396955000 1103201
1600940771.451756000 1104601
1600940771.451861000 1106001
1600940771.453143000 1104601
1600940771.454027000 1106001
1600940771.495475000 1107449
1600940771.496882000 1107449
1600940771.601854000 1108801
1600940771.601965000 1110201
1600940771.603307000 1108801
1600940771.604220000 1110201
1600940771.651983000 1111649
1600940771.652061000 1113097
1600940771.652292000 1114545
1600940771.652307000 1115993
1600940771.653690000 1111649
1600940771.654815000 1113097
1600940771.655231000 1114545
1600940771.655581000 1115993
1600940771.801496000 1117201
1600940771.801602000 1118601
1600940771.929051000 1120049
1600940771.951472000 1121401
1600940771.951550000 1122849
1600940771.957040000 1121401
1600940771.957480000 1122849
1600940771.963238000 1124297
1600940771.964596000 1124297
1600940772.051567000 1125601
1600940772.051672000 1127001
1600940772.055628000 1125601
1600940772.056466000 1127001
1600940772.057918000 1128449
1600940772.059413000 1128449
1600940772.151489000 1129801
1600940772.151596000 1131201
1600940772.153400000 1129801
1600940772.154816000 1131201
1600940772.157559000 1132649
1600940772.158958000 1132649
1600940772.253255000 1134001
1600940772.253361000 1135401
1600940772.255096000 1134001
1600940772.255566000 1135401
1600940772.299726000 1136849
1600940772.301728000 1136849
1600940772.402597000 1138201
1600940772.402704000 1139601
1600940772.404042000 1138201
1600940772.404912000 1139601
1600940772.405751000 1141049
1600940772.407397000 1141049
1600940772.451383000 1142401
1600940772.451486000 1143801
1600940772.452852000 1142401
1600940772.453686000 1143801
1600940772.454517000 1145249
1600940772.455911000 1145249
1600940772.601475000 1146601
1600940772.601595000 1148001
1600940772.670052000 1149449
1600940772.701614000 1146601
1600940772.702122000 1148001
1600940772.702984000 1149449
1600940772.753079000 1150801
1600940772.753189000 1152201
1600940772.755277000 1150801
1600940772.755510000 1152201
1600940772.757034000 1153649
1600940772.851336000 1155001
1600940772.852758000 1155001
1600940772.854132000 1156401
1600940772.855510000 1156401
1600940772.951207000 1157801
1600940772.951311000 1159201
1600940772.952663000 1157801
1600940772.953405000 1159201
1600940772.954308000 1160649
1600940772.955956000 1160649
1600940773.101226000 1162001
1600940773.101333000 1163401
1600940773.160050000 1164849
1600940773.213621000 1162001
1600940773.214181000 1163401
1600940773.214897000 1164849
1600940773.252659000 1166201
1600940773.252768000 1167601
1600940773.254640000 1166201
1600940773.255079000 1167601
1600940773.256275000 1169049
1600940773.257895000 1169049
1600940773.351095000 1170401
1600940773.351201000 1171801
1600940773.416946000 1170401
1600940773.418053000 1171801
1600940773.420096000 1173249
1600940773.423418000 1173249
1600940773.451134000 1174601
1600940773.451239000 1176001
1600940773.452914000 1174601
1600940773.454189000 1176001
1600940773.455337000 1177449
1600940773.457005000 1177449
1600940773.601106000 1178801
1600940773.601220000 1180201
1600940773.623242000 1178801
1600940773.623758000 1180201
1600940773.624923000 1181649
1600940773.626582000 1181649
1600940773.754501000 1183001
1600940773.754610000 1184401
1600940773.754726000 1185849
1600940773.754737000 1187297
1600940773.754869000 1188745
1600940773.754880000 1190193
1600940773.755331000 1191641
1600940773.755341000 1193089
1600940773.755700000 1194537
1600940773.755710000 1195985
1600940773.756365000 1197433
1600940773.801098000 1198881
1600940773.801176000 1200329
1600940773.801513000 1201777
1600940773.828653000 1184401
1600940773.828994000 1185849
1600940773.830672000 1187297
1600940773.830689000 1188745
1600940773.830703000 1190193
1600940773.830717000 1191641
1600940773.830731000 1193089
1600940773.830744000 1194537
1600940773.831502000 1195985
1600940773.831523000 1197433
1600940773.831537000 1198881
1600940773.831550000 1200329
1600940773.831563000 1201777
1600940773.832025000 1203225
1600940773.833779000 1203225
1600940774.002327000 1204001
1600940774.002433000 1205401
1600940774.032776000 1204001
1600940774.034343000 1205401
1600940774.035087000 1206849
1600940774.036453000 1206849
1600940774.100878000 1208201
1600940774.100983000 1209601
1600940774.103630000 1208201
1600940774.103971000 1209601
1600940774.105070000 1211049
1600940774.106446000 1211049
1600940774.200879000 1212401
1600940774.202306000 1212401
1600940774.206317000 1213801
1600940774.207699000 1213801
1600940774.351151000 1215201
1600940774.351257000 1216601
1600940774.440048000 1218049
1600940774.502483000 1219401
1600940774.502589000 1220801
1600940774.504709000 1219401
1600940774.505062000 1220801
1600940774.506261000 1222249
1600940774.507645000 1222249
1600940774.550944000 1223601
1600940774.551049000 1225001
1600940774.552355000 1223601
1600940774.553129000 1225001
1600940774.554544000 1226449
1600940774.555944000 1226449
1600940774.701030000 1227801
1600940774.701147000 1229201
1600940774.752559000 1230649
1600940774.752613000 1232097
1600940774.752934000 1233401
1600940774.754524000 1230649
1600940774.756682000 1232097
1600940774.757161000 1233401
1600940774.758291000 1234849
1600940774.759667000 1234849
1600940774.901401000 1236201
1600940774.901510000 1237601
1600940774.954781000 1237601
1600940774.956203000 1239049
1600940774.957782000 1239049
1600940775.002371000 1240401
1600940775.002477000 1241801
1600940775.003786000 1240401
1600940775.004590000 1241801
1600940775.005240000 1243249
1600940775.006628000 1243249
1600940775.150616000 1244601
1600940775.150720000 1246001
1600940775.240063000 1247449
1600940775.252431000 1248801
1600940775.252506000 1250249
1600940775.261598000 1244601
1600940775.262170000 1246001
1600940775.262400000 1247449
1600940775.262736000 1248801
1600940775.264223000 1250249
1600940775.264422000 1251697
1600940775.265958000 1251697
1600940775.350780000 1253001
1600940775.350890000 1254401
1600940775.352213000 1253001
1600940775.353037000 1254401
1600940775.353591000 1255849
1600940775.354952000 1255849
1600940775.502266000 1257201
1600940775.502376000 1258601
1600940775.568994000 1257201
1600940775.570452000 1258601
1600940775.570736000 1260049
1600940775.574233000 1260049
1600940775.600400000 1261401
1600940775.600564000 1262801
1600940775.601806000 1261401
1600940775.602606000 1262801
1600940775.603165000 1264249
1600940775.604581000 1264249
1600940775.700755000 1265601
1600940775.702188000 1265601
1600940775.703287000 1267001
1600940775.704685000 1267001
1600940775.800679000 1268401
1600940775.800785000 1269801
1600940775.802594000 1268401
1600940775.803017000 1269801
1600940775.804130000 1271249
1600940775.805491000 1271249
1600940775.901215000 1272601
1600940775.901320000 1274001
1600940775.903022000 1272601
1600940775.904552000 1274001
1600940775.904703000 1275449
1600940776.050293000 1276801
1600940776.050401000 1278201
1600940776.081219000 1278201
1600940776.082406000 1279649
1600940776.083763000 1279649
1600940776.200314000 1281001
1600940776.200421000 1282401
1600940776.270050000 1283849
1600940776.285623000 1281001
1600940776.287010000 1282401
1600940776.300236000 1285201
1600940776.300343000 1286601
1600940776.301666000 1285201
1600940776.303080000 1288049
1600940776.304583000 1286601
1600940776.306001000 1288049
1600940776.450433000 1289401
1600940776.450539000 1290801
1600940776.490523000 1289401
1600940776.492033000 1290801
1600940776.492184000 1292249
1600940776.493538000 1292249
1600940776.600150000 1293601
1600940776.600266000 1295001
1600940776.690052000 1296449
1600940776.696003000 1293601
1600940776.697419000 1295001
1600940776.698642000 1295001
1600940776.700434000 1297801
1600940776.700543000 1299201
1600940776.700613000 1295001
1600940776.702694000 1297801
1600940776.703030000 1299201
1600940776.704318000 1300649
1600940776.705936000 1300649
1600940776.752346000 1302001
1600940776.752452000 1303401
1600940776.753775000 1302001
1600940776.754587000 1303401
1600940776.755416000 1304849
1600940776.756791000 1304849
1600940776.800352000 1306201
1600940776.800453000 1307601
1600940776.802190000 1306201
1600940776.802613000 1307601
1600940776.803873000 1309049
1600940776.805491000 1309049
1600940776.900821000 1310401
1600940776.900924000 1311801
1600940776.902256000 1310401
1600940776.903079000 1311801
1600940776.903832000 1313249
1600940776.905561000 1313249
1600940777.049871000 1314601
1600940777.049975000 1316001
1600940777.100084000 1317449
1600940777.105604000 1316001
1600940777.107183000 1317449
1600940777.107690000 1316001
1600940777.109203000 1316001
1600940777.200359000 1318801
1600940777.200469000 1320201
1600940777.206791000 1321649
1600940777.208338000 1321649
1600940777.349774000 1323001
1600940777.412041000 1323001
1600940777.413041000 1324401
1600940777.502667000 1325801
1600940777.502781000 1327201
1600940777.504121000 1325801
1600940777.504871000 1327201
1600940777.505447000 1328649
1600940777.507110000 1328649
1600940777.649874000 1330001
1600940777.649983000 1331401
1600940777.700050000 1332849
1600940777.719702000 1331401
1600940777.719937000 1332849
1600940777.721642000 1331401
1600940777.723227000 1331401
1600940777.799717000 1334201
1600940777.799831000 1335601
1600940777.801168000 1334201
1600940777.802044000 1335601
1600940777.802873000 1337049
1600940777.804487000 1337049
1600940777.900314000 1338401
1600940777.900420000 1339801
1600940777.901742000 1338401
1600940777.902558000 1339801
1600940777.903324000 1341249
1600940777.905166000 1341249
1600940778.049615000 1342601
1600940778.049719000 1344001
1600940778.100049000 1345449
1600940778.129269000 1344001
1600940778.131222000 1344001
1600940778.132864000 1344001
1600940778.199412000 1346801
1600940778.199520000 1348201
1600940778.203088000 1346801
1600940778.203729000 1348201
1600940778.204503000 1349649
1600940778.206131000 1349649
1600940778.349557000 1351001
1600940778.349661000 1352401
1600940778.420048000 1353849
1600940778.436176000 1351001
1600940778.436605000 1352401
1600940778.437148000 1353849
1600940778.439117000 1352401
1600940778.440652000 1352401
1600940778.449525000 1355201
1600940778.449628000 1356601
1600940778.450921000 1355201
1600940778.452333000 1356601
1600940778.452640000 1358049
1600940778.454173000 1358049
1600940778.599577000 1359401
1600940778.599684000 1360801
1600940778.641622000 1359401
1600940778.643204000 1362249
1600940778.751231000 1363601
1600940778.751336000 1365001
1600940778.788378000 1363601
1600940778.788609000 1365001
1600940778.789866000 1366449
1600940778.791498000 1366449
1600940778.900074000 1367801
1600940778.900189000 1369201
1600940778.948293000 1367801
1600940778.949504000 1370649
1600940778.950999000 1370649
1600940779.049366000 1372001
1600940779.049473000 1373401
1600940779.051188000 1372001
1600940779.051415000 1373401
1600940779.053267000 1374849
1600940779.149307000 1376201
1600940779.153064000 1376201
1600940779.154135000 1377601
1600940779.299320000 1379001
1600940779.299425000 1380401
1600940779.358132000 1380401
1600940779.359245000 1381849
1600940779.449136000 1383201
1600940779.449243000 1384601
1600940779.451332000 1383201
1600940779.452748000 1384601
1600940779.452946000 1386049
1600940779.454421000 1386049
1600940779.549115000 1387401
1600940779.549221000 1388801
1600940779.550559000 1387401
1600940779.551986000 1388801
1600940779.553048000 1390249
1600940779.554447000 1390249
1600940779.699200000 1391601
1600940779.699306000 1393001
1600940779.751942000 1394449
1600940779.752015000 1395897
1600940779.752133000 1397345
1600940779.752144000 1398793
1600940779.752396000 1400241
1600940779.752406000 1401689
1600940779.768963000 1391601
1600940779.772290000 1393001
1600940779.773067000 1394449
1600940779.773576000 1395897
1600940779.774165000 1397345
1600940779.774182000 1398793
1600940779.774667000 1400241
1600940779.774683000 1401689
1600940779.774742000 1403137
1600940779.776035000 1403137
1600940779.848973000 1404201
1600940779.849083000 1405601
1600940779.850411000 1404201
1600940779.851159000 1405601
1600940779.851805000 1407049
1600940779.853371000 1407049
1600940780.000736000 1408401
1600940780.000843000 1409801
1600940780.080049000 1411249
1600940780.080485000 1408401
1600940780.082020000 1409801
1600940780.082037000 1411249
1600940780.148987000 1412601
1600940780.149096000 1414001
1600940780.150993000 1412601
1600940780.152421000 1414001
1600940780.153172000 1415449
1600940780.154563000 1415449
1600940780.250642000 1416801
1600940780.250747000 1418201
1600940780.252073000 1416801
1600940780.252843000 1418201
1600940780.253412000 1419649
1600940780.399654000 1421001
1600940780.399759000 1422401
1600940780.470050000 1423849
1600940780.484056000 1421001
1600940780.484731000 1423849
1600940780.548825000 1425201
1600940780.548931000 1426601
1600940780.550294000 1425201
1600940780.551074000 1426601
1600940780.555090000 1428049
1600940780.557310000 1428049
1600940780.699173000 1429401
1600940780.699281000 1430801
1600940780.790048000 1432249
1600940780.792630000 1429401
1600940780.794032000 1430801
1600940780.798771000 1433601
1600940780.800178000 1433601
1600940780.801293000 1435001
1600940780.802703000 1435001
1600940780.949405000 1436401
1600940780.949513000 1437801
1600940780.997611000 1439249
1600940780.999063000 1439249
1600940781.050154000 1440601
1600940781.050264000 1442001
1600940781.051583000 1440601
1600940781.052384000 1442001
1600940781.052951000 1443449
1600940781.054345000 1443449
1600940781.198604000 1444801
1600940781.198711000 1446201
1600940781.280049000 1447649
1600940781.303334000 1444801
1600940781.304258000 1446201
1600940781.304275000 1447649
1600940781.305462000 1446201
1600940781.307165000 1446201
1600940781.348728000 1449001
1600940781.348835000 1450401
1600940781.350358000 1449001
1600940781.352220000 1451849
1600940781.352899000 1450401
1600940781.500386000 1453201
1600940781.500490000 1454601
1600940781.598861000 1456049
1600940781.598938000 1457497
1600940781.599171000 1458945
1600940781.610419000 1453201
1600940781.610878000 1454601
1600940781.620108000 1456049
1600940781.621506000 1457497
1600940781.621771000 1458945
1600940781.622081000 1460393
1600940781.624523000 1460393
1600940781.698606000 1461601
1600940781.698711000 1463001
1600940781.700438000 1461601
1600940781.700896000 1463001
1600940781.702076000 1464449
1600940781.703470000 1464449
1600940781.848446000 1465801
1600940781.848550000 1467201
1600940781.916095000 1465801
1600940781.917548000 1467201
1600940781.917737000 1468649
1600940781.919377000 1468649
1600940782.000014000 1470001
1600940782.000152000 1471401
1600940782.001511000 1470001
1600940782.002323000 1471401
1600940782.002944000 1472849
1600940782.004338000 1472849
1600940782.148430000 1474201
1600940782.148538000 1475601
1600940782.224932000 1474201
1600940782.226352000 1475601
1600940782.226665000 1477049
1600940782.228164000 1477049
1600940782.249987000 1478401
1600940782.250124000 1479801
1600940782.254965000 1478401
1600940782.255193000 1479801
1600940782.256559000 1481249
1600940782.258341000 1481249
1600940782.348341000 1482601
1600940782.348444000 1484001
1600940782.349772000 1482601
1600940782.351161000 1485449
1600940782.448234000 1486801
1600940782.449729000 1486801
1600940782.450931000 1488201
1600940782.452344000 1488201
1600940782.548491000 1489601
1600940782.548597000 1491001
1600940782.549928000 1489601
1600940782.554559000 1491001
1600940782.555703000 1492449
1600940782.558328000 1492449
1600940782.648175000 1493801
1600940782.648279000 1495201
1600940782.649993000 1493801
1600940782.650283000 1495201
1600940782.651476000 1496649
1600940782.652914000 1496649
1600940782.751410000 1498001
1600940782.751516000 1499401
1600940782.751628000 1500849
1600940782.751638000 1502297
1600940782.751824000 1503745
1600940782.751835000 1505193
1600940782.752190000 1506641
1600940782.752200000 1508089
1600940782.753114000 1498001
1600940782.753800000 1499401
1600940782.755572000 1500849
1600940782.756102000 1509537
1600940782.756334000 1503745
1600940782.758222000 1505193
1600940782.758239000 1506641
1600940782.758253000 1508089
1600940782.758266000 1509537
1600940782.848079000 1510601
1600940782.848192000 1512001
1600940782.850012000 1510601
1600940782.850285000 1512001
1600940782.853028000 1513449
1600940783.048043000 1514801
1600940783.048156000 1516201
1600940783.090049000 1517649
1600940783.146540000 1514801
1600940783.148680000 1516201
1600940783.148697000 1517649
1600940783.198223000 1519001
1600940783.198331000 1520401
1600940783.199657000 1519001
1600940783.201010000 1521849
1600940783.202407000 1521849
1600940783.298321000 1523201
1600940783.298424000 1524601
1600940783.299822000 1523201
1600940783.301180000 1526049
1600940783.398667000 1527401
1600940783.398772000 1528801
1600940783.400516000 1527401
1600940783.400744000 1528801
1600940783.401960000 1530249
1600940783.403366000 1530249
1600940783.499764000 1531601
1600940783.499868000 1533001
1600940783.501184000 1531601
1600940783.501992000 1533001
1600940783.502557000 1534449
1600940783.598348000 1535801
1600940783.598457000 1537201
1600940783.599792000 1535801
1600940783.600641000 1537201
1600940783.601222000 1538649
1600940783.602626000 1538649
1600940783.698012000 1540001
1600940783.699512000 1540001
1600940783.704600000 1541401
1600940783.706015000 1541401
1600940783.797924000 1542801
1600940783.798029000 1544201
1600940783.803205000 1542801
1600940783.803436000 1544201
1600940783.804746000 1545649
1600940783.806142000 1545649
1600940783.898923000 1547001
1600940783.899024000 1548401
1600940783.907247000 1547001
1600940783.907477000 1548401
1600940783.925305000 1549849
1600940783.926722000 1549849
1600940783.999551000 1551201
1600940783.999661000 1552601
1600940784.001011000 1551201
1600940784.001792000 1552601
1600940784.002361000 1554049
1600940784.006325000 1554049
1600940784.098042000 1555401
1600940784.098147000 1556801
1600940784.099974000 1555401
1600940784.101451000 1558249
1600940784.102849000 1558249
1600940784.198327000 1559601
1600940784.198431000 1561001
1600940784.199756000 1559601
1600940784.200582000 1561001
1600940784.201167000 1562449
1600940784.202566000 1562449
1600940784.347437000 1563801
1600940784.347542000 1565201
1600940784.375260000 1563801
1600940784.375695000 1565201
1600940784.378258000 1566649
1600940784.379779000 1566649
1600940784.500608000 1568001
1600940784.500714000 1569401
1600940784.560050000 1570849
1600940784.580112000 1568001
1600940784.580736000 1569401
1600940784.582152000 1570849
1600940784.582622000 1569401
1600940784.585190000 1569401
1600940784.598024000 1572201
1600940784.598131000 1573601
1600940784.599402000 1572201
1600940784.600338000 1573601
1600940784.601119000 1575049
1600940784.603171000 1575049
1600940784.748981000 1576401
1600940784.749087000 1577801
1600940784.785213000 1577801
1600940784.786385000 1579249
1600940784.787916000 1579249
1600940784.898204000 1580601
1600940784.898306000 1582001
1600940784.970049000 1583449
1600940784.989612000 1580601
1600940784.990366000 1583449
1600940784.991933000 1582001
1600940785.097504000 1584801
1600940785.097616000 1586201
1600940785.196126000 1584801
1600940785.197706000 1587649
1600940785.197782000 1589097
1600940785.197823000 1586201
1600940785.198123000 1590545
1600940785.198133000 1591993
1600940785.199610000 1587649
1600940785.201101000 1590545
1600940785.202522000 1591993
1600940785.397998000 1593201
1600940785.398103000 1594601
1600940785.490048000 1596049
1600940785.501636000 1593201
1600940785.503897000 1594601
1600940785.503915000 1596049
1600940785.504321000 1594601
1600940785.505789000 1594601
1600940785.547694000 1597401
1600940785.549121000 1597401
1600940785.550130000 1598801
1600940785.551582000 1598801
1600940785.647612000 1600201
1600940785.647716000 1601601
1600940785.649054000 1600201
1600940785.649839000 1601601
1600940785.650585000 1603049
1600940785.652008000 1603049
1600940785.750254000 1604401
1600940785.750358000 1605801
1600940785.750471000 1607249
1600940785.750482000 1608697
1600940785.750638000 1610145
1600940785.750650000 1611593
1600940785.751430000 1613041
1600940785.751463000 1614489
1600940785.751818000 1604401
1600940785.752719000 1605801
1600940785.753307000 1607249
1600940785.753909000 1615937
1600940785.755847000 1608697
1600940785.756965000 1610145
1600940785.757665000 1611593
1600940785.758313000 1613041
1600940785.759355000 1614489
1600940785.759373000 1615937
1600940785.998609000 1617001
1600940785.998718000 1618401
1600940786.013842000 1617001
1600940786.014962000 1618401
1600940786.015251000 1619849
1600940786.016845000 1619849
1600940786.197325000 1621201
1600940786.197433000 1622601
1600940786.218418000 1621201
1600940786.219784000 1622601
1600940786.220389000 1624049
1600940786.221852000 1624049
1600940786.297107000 1625401
1600940786.297210000 1626801
1600940786.299141000 1625401
1600940786.299372000 1626801
1600940786.300722000 1628249
1600940786.302133000 1628249
1600940786.498557000 1629601
1600940786.498661000 1631001
1600940786.525786000 1629601
1600940786.526019000 1631001
1600940786.527415000 1632449
1600940786.646886000 1633801
1600940786.646991000 1635201
1600940786.710048000 1636649
1600940786.730478000 1633801
1600940786.730914000 1635201
1600940786.731332000 1636649
1600940786.732906000 1635201
1600940786.734764000 1635201
1600940786.748489000 1638001
1600940786.748592000 1639401
1600940786.749930000 1638001
1600940786.752367000 1639401
1600940786.752657000 1640849
1600940786.754293000 1640849
1600940786.946858000 1642201
1600940786.946960000 1643601
1600940787.020050000 1645049
1600940787.037622000 1642201
1600940787.038066000 1643601
1600940787.039489000 1645049
1600940787.040064000 1643601
1600940787.041754000 1643601
1600940787.046896000 1646401
1600940787.046997000 1647801
1600940787.048267000 1646401
1600940787.050338000 1647801
1600940787.050628000 1649249
1600940787.052191000 1649249
1600940787.196898000 1650601
1600940787.242800000 1650601
1600940787.244495000 1652001
1600940787.246045000 1652001
1600940787.347042000 1653401
1600940787.347147000 1654801
1600940787.430049000 1656249
1600940787.447241000 1653401
1600940787.447702000 1654801
1600940787.449148000 1656249
1600940787.449574000 1654801
1600940787.451232000 1654801
1600940787.498407000 1657601
1600940787.498511000 1659001
1600940787.500401000 1657601
1600940787.502082000 1659001
1600940787.502364000 1660449
1600940787.503720000 1660449
1600940787.647720000 1661801
1600940787.647827000 1663201
1600940787.730043000 1664649
1600940787.754947000 1661801
1600940787.755332000 1663201
1600940787.759965000 1664649
1600940787.796920000 1666001
1600940787.797028000 1667401
1600940787.798447000 1666001
1600940787.799188000 1667401
1600940787.800003000 1668849
1600940787.801707000 1668849
1600940787.897331000 1670201
1600940787.897435000 1671601
1600940787.898783000 1670201
1600940787.899581000 1671601
1600940787.900176000 1673049
1600940787.901787000 1673049
1600940788.046580000 1674401
1600940788.046684000 1675801
1600940788.061700000 1674401
1600940788.063126000 1675801
1600940788.063937000 1677249
1600940788.065556000 1677249
1600940788.196516000 1678601
1600940788.196632000 1680001
1600940788.260051000 1681449
1600940788.266722000 1678601
1600940788.267067000 1680001
1600940788.267413000 1681449
1600940788.296613000 1682801
1600940788.296718000 1684201
1600940788.298064000 1682801
1600940788.298840000 1684201
1600940788.299401000 1685649
1600940788.300801000 1685649
1600940788.446517000 1687001
1600940788.446623000 1688401
1600940788.471508000 1687001
1600940788.471948000 1688401
1600940788.473347000 1689849
1600940788.474759000 1689849
1600940788.546483000 1691201
1600940788.546589000 1692601
1600940788.547920000 1691201
1600940788.548778000 1692601
1600940788.549572000 1694049
1600940788.550978000 1694049
1600940788.696307000 1695401
1600940788.696413000 1696801
1600940788.749938000 1698249
1600940788.750040000 1699697
1600940788.750226000 1701145
1600940788.750238000 1702593
1600940788.750395000 1704041
1600940788.750407000 1705489
1600940788.751074000 1706937
1600940788.778509000 1695401
1600940788.778849000 1696801
1600940788.780084000 1698249
1600940788.780101000 1699697
1600940788.780118000 1701145
1600940788.780132000 1702593
1600940788.781319000 1704041
1600940788.781911000 1705489
1600940788.782451000 1706937
1600940788.782528000 1708385
1600940788.782538000 1709833
1600940788.784294000 1708385
1600940788.784968000 1709833
1600940788.796408000 1710801
1600940788.796513000 1712201
1600940788.797787000 1710801
1600940788.798516000 1712201
1600940788.799092000 1713649
1600940788.800492000 1713649
1600940789.095905000 1715001
1600940789.096013000 1716401
1600940789.170054000 1717849
1600940789.290527000 1715001
1600940789.291305000 1716401
1600940789.291324000 1717849
1600940789.345934000 1719201
1600940789.346047000 1720601
1600940789.347465000 1719201
1600940789.348212000 1720601
1600940789.348782000 1722049
1600940789.350145000 1722049
1600940789.497742000 1723401
1600940789.497850000 1724801
1600940789.597829000 1723401
1600940789.599354000 1724801
1600940789.599511000 1726249
1600940789.600911000 1726249
1600940789.696069000 1727601
1600940789.696177000 1729001
1600940789.700264000 1727601
1600940789.700824000 1729001
1600940789.701405000 1730449
1600940789.896671000 1731801
1600940789.896780000 1733201
1600940790.007298000 1731801
1600940790.008769000 1733201
1600940790.009077000 1734649
1600940790.010440000 1734649
1600940790.045910000 1736001
1600940790.046015000 1737401
1600940790.049503000 1736001
1600940790.050109000 1737401
1600940790.050693000 1738849
1600940790.052053000 1738849
1600940790.195905000 1740201
1600940790.196008000 1741601
1600940790.212381000 1741601
1600940790.213521000 1743049
1600940790.214962000 1743049
1600940790.346132000 1744401
1600940790.346242000 1745801
1600940790.347951000 1744401
1600940790.348372000 1745801
1600940790.349561000 1747249
1600940790.350918000 1747249
1600940790.497712000 1748601
1600940790.497818000 1750001
1600940790.519948000 1748601
1600940790.520424000 1750001
1600940790.521518000 1751449
1600940790.522878000 1751449
1600940790.595659000 1752801
1600940790.595763000 1754201
1600940790.597147000 1752801
1600940790.597959000 1754201
1600940790.598658000 1755649
1600940790.600051000 1755649
1600940790.646380000 1757001
1600940790.646481000 1758401
1600940790.648318000 1757001
1600940790.649729000 1758401
1600940790.650238000 1759849
1600940790.651616000 1759849
1600940790.747457000 1761201
1600940790.749296000 1761201
1600940790.750437000 1762601
1600940790.751835000 1762601
1600940790.845673000 1764001
1600940790.845778000 1765401
1600940790.847089000 1764001
1600940790.847902000 1765401
1600940790.849059000 1766849
1600940790.850451000 1766849
1600940790.896985000 1768201
1600940790.897088000 1769601
1600940790.898411000 1768201
1600940790.899803000 1771049
1600940790.901200000 1771049
1600940790.997513000 1772401
1600940790.997616000 1773801
1600940790.999539000 1772401
1600940791.000954000 1773801
1600940791.002522000 1775249
1600940791.003883000 1775249
1600940791.145738000 1776601
1600940791.145841000 1778001
1600940791.200049000 1779449
1600940791.236533000 1778001
1600940791.236887000 1779449
1600940791.295979000 1780801
1600940791.296092000 1782201
1600940791.297485000 1780801
1600940791.298404000 1782201
1600940791.299471000 1783649
1600940791.300885000 1783649
1600940791.445654000 1785001
1600940791.445761000 1786401
1600940791.520051000 1787849
1600940791.543272000 1785001
1600940791.544011000 1786401
1600940791.544751000 1787849
1600940791.596354000 1789201
1600940791.596461000 1790601
1600940791.598213000 1789201
1600940791.600676000 1790601
1600940791.600957000 1792049
1600940791.746788000 1793401
1600940791.746893000 1794801
1600940791.840048000 1796249
1600940791.850446000 1793401
1600940791.850679000 1794801
1600940791.851171000 1796249
1600940791.852786000 1794801
1600940791.854297000 1794801
1600940791.895987000 1797601
1600940791.896093000 1799001
1600940791.901267000 1797601
1600940791.902384000 1800449
1600940791.912441000 1799001
1600940791.914142000 1800449
1600940792.145539000 1801801
1600940792.145645000 1803201
1600940792.157645000 1801801
1600940792.158065000 1803201
1600940792.159295000 1804649
1600940792.160926000 1804649
1600940792.395794000 1806001
1600940792.395901000 1807401
1600940792.465138000 1806001
1600940792.465639000 1807401
1600940792.466550000 1808849
1600940792.468024000 1808849
1600940792.595298000 1810201
1600940792.595404000 1811601
1600940792.669740000 1810201
1600940792.671177000 1811601
1600940792.671486000 1813049
1600940792.673109000 1813049
1600940792.795472000 1814401
1600940792.795581000 1815801
1600940792.874907000 1815801
1600940792.876215000 1817249
1600940792.945366000 1818601
1600940792.946824000 1818601
1600940792.948776000 1820001
1600940792.950191000 1820001
1600940793.095305000 1821401
1600940793.095406000 1822801
1600940793.181700000 1821401
1600940793.182056000 1822801
1600940793.183253000 1824249
1600940793.184615000 1824249
1600940793.345101000 1825601
1600940793.345216000 1827001
1600940793.386532000 1825601
1600940793.387923000 1827001
1600940793.388103000 1828449
1600940793.389614000 1828449
1600940793.445260000 1829801
1600940793.445364000 1831201
1600940793.446687000 1829801
1600940793.447483000 1831201
1600940793.448240000 1832649
1600940793.595198000 1834001
1600940793.595307000 1835401
1600940793.645270000 1836849
1600940793.645343000 1838297
1600940793.645685000 1839745
1600940793.693960000 1834001
1600940793.694447000 1835401
1600940793.694797000 1836849
1600940793.696607000 1838297
1600940793.696626000 1839745
1600940793.696777000 1841193
1600940793.698213000 1841193
1600940793.746600000 1842401
1600940793.746705000 1843801
1600940793.748457000 1842401
1600940793.748722000 1843801
1600940793.749888000 1845249
1600940793.751242000 1845249
1600940793.795241000 1846601
1600940793.795346000 1848001
1600940793.796674000 1846601
1600940793.797494000 1848001
1600940793.798029000 1849449
1600940793.799386000 1849449
1600940793.895736000 1850801
1600940793.895839000 1852201
1600940793.898613000 1850801
1600940793.900137000 1852201
1600940793.900202000 1853649
1600940793.901567000 1853649
1600940793.996226000 1855001
1600940793.996329000 1856401
1600940794.000928000 1855001
1600940794.001309000 1856401
1600940794.002419000 1857849
1600940794.144851000 1859201
1600940794.144955000 1860601
1600940794.205702000 1859201
1600940794.207264000 1860601
1600940794.207418000 1862049
1600940794.209054000 1862049
1600940794.344755000 1863401
1600940794.344858000 1864801
1600940794.410775000 1863401
1600940794.411670000 1864801
1600940794.412509000 1866249
1600940794.413888000 1866249
1600940794.594637000 1867601
1600940794.594745000 1869001
1600940794.615531000 1867601
1600940794.616094000 1869001
1600940794.616946000 1870449
1600940794.618577000 1870449
1600940794.794532000 1871801
1600940794.821209000 1873201
1600940794.822590000 1873201
1600940795.045927000 1874601
1600940795.046033000 1876001
1600940795.127517000 1874601
1600940795.129086000 1876001
1600940795.129243000 1877449
1600940795.130605000 1877449
1600940795.176311000 1878801
1600940797.482298000 1878802
1600940797.553035000 1878802
1600940797.553201000 1878802
1600940797.554278000 1878802
