1600943488.089591000 0
1600943488.089757000 1
1600943488.503032000 1
1600943488.503221000 1401
1600943488.652909000 2801
1600943488.652972000 4201
1600943488.653059000 5649
1600943488.860027000 7001
1600943488.860090000 8401
1600943488.860243000 9849
1600943489.109499000 11201
1600943489.109563000 12601
1600943489.109712000 14049
1600943489.311861000 15401
1600943489.311929000 16801
1600943489.312075000 18249
1600943489.508774000 19601
1600943489.508859000 21001
1600943489.508993000 22449
1600943489.758512000 23801
1600943489.758585000 25201
1600943489.758738000 26649
1600943489.908825000 28001
1600943489.908892000 29401
1600943489.909051000 30849
1600943490.108679000 32201
1600943490.108751000 33601
1600943490.108907000 35049
1600943490.258470000 36401
1600943490.258543000 37801
1600943490.258678000 39249
1600943490.358494000 40601
1600943490.358567000 42001
1600943490.358705000 43449
1600943490.559629000 44801
1600943490.559702000 46201
1600943490.559841000 47649
1600943490.658641000 49001
1600943490.658691000 50401
1600943490.658907000 51849
1600943490.811078000 53201
1600943490.811338000 54601
1600943490.908417000 56001
1600943490.908465000 57401
1600943490.908682000 58849
1600943491.059691000 60201
1600943491.059735000 61601
1600943491.059957000 63049
1600943491.208333000 64401
1600943491.208385000 65801
1600943491.208603000 67249
1600943491.309806000 68601
1600943491.309848000 70001
1600943491.310058000 71449
1600943491.358425000 72801
1600943491.358474000 74201
1600943491.358683000 75649
1600943491.609134000 77001
1600943491.609197000 78401
1600943491.609363000 79849
1600943491.809487000 81201
1600943491.809551000 82601
1600943491.809697000 84049
1600943491.958649000 85401
1600943491.958723000 86801
1600943491.958863000 88249
1600943492.158126000 89601
1600943492.158190000 91001
1600943492.158346000 92449
1600943492.309146000 93801
1600943492.309209000 95201
1600943492.309355000 96649
1600943492.458411000 98001
1600943492.458496000 99401
1600943492.458561000 100849
1600943492.657712000 102201
1600943492.657742000 103601
1600943492.657945000 105049
1600943492.810240000 106401
1600943492.810484000 107801
1600943492.958291000 109201
1600943492.958341000 110601
1600943492.958557000 112049
1600943493.107721000 113401
1600943493.107766000 114801
1600943493.107976000 116249
1600943493.257651000 117601
1600943493.257696000 119001
1600943493.257895000 120449
1600943493.407667000 121801
1600943493.407711000 123201
1600943493.407910000 124649
1600943493.508475000 126001
1600943493.508525000 127401
1600943493.508739000 128849
1600943493.707515000 130201
1600943493.707560000 131601
1600943493.707761000 133049
1600943493.858069000 134401
1600943493.858114000 135801
1600943493.858312000 137249
1600943494.007285000 138601
1600943494.007318000 140001
1600943494.007504000 141449
1600943494.157367000 142801
1600943494.157411000 144201
1600943494.157606000 145649
1600943494.309451000 147001
1600943494.309495000 148401
1600943494.309624000 149849
1600943494.309655000 151297
1600943494.309697000 152745
1600943494.309916000 154001
1600943494.359386000 155401
1600943494.359429000 156801
1600943494.359624000 158249
1600943494.657015000 159601
1600943494.657090000 161001
1600943494.657221000 162449
1600943494.907041000 163801
1600943494.907257000 165201
1600943495.106957000 166601
1600943495.107029000 168001
1600943495.107166000 169449
1600943495.308169000 170801
1600943495.308232000 172201
1600943495.308376000 173649
1600943495.457693000 175001
1600943495.457756000 176401
1600943495.457891000 177849
1600943495.606900000 179201
1600943495.606994000 180601
1600943495.607071000 182049
1600943495.756791000 183401
1600943495.756893000 184801
1600943495.756956000 186249
1600943495.957478000 187601
1600943495.957523000 189001
1600943495.957735000 190449
1600943496.107596000 191801
1600943496.107640000 193201
1600943496.107849000 194649
1600943496.256720000 196001
1600943496.256761000 197401
1600943496.256952000 198849
1600943496.406700000 200201
1600943496.406748000 201601
1600943496.406945000 203049
1600943496.606685000 204401
1600943496.606730000 205801
1600943496.606935000 207249
1600943496.756578000 208601
1600943496.756623000 210001
1600943496.756834000 211449
1600943496.907448000 212801
1600943496.907491000 214201
1600943496.907703000 215649
1600943497.106525000 217001
1600943497.106777000 218401
1600943497.256496000 219801
1600943497.256540000 221201
1600943497.256752000 222649
1600943497.308471000 224001
1600943497.308514000 225401
1600943497.308640000 226849
1600943497.308675000 228297
1600943497.308709000 229745
1600943497.308912000 231001
1600943497.557501000 232401
1600943497.557563000 233801
1600943497.557728000 235249
1600943497.856127000 236601
1600943497.856193000 238001
1600943497.856342000 239449
1600943498.057577000 240801
1600943498.057637000 242201
1600943498.057783000 243649
1600943498.206257000 245001
1600943498.206319000 246401
1600943498.206464000 247849
1600943498.405946000 249201
1600943498.406020000 250601
1600943498.406160000 252049
1600943498.557568000 253401
1600943498.557622000 254801
1600943498.557761000 256249
1600943498.756004000 257601
1600943498.756076000 259001
1600943498.756216000 260449
1600943498.906901000 261801
1600943498.906946000 263201
1600943498.907205000 264649
1600943499.105883000 266001
1600943499.105933000 267401
1600943499.106150000 268849
1600943499.255756000 270201
1600943499.255810000 271601
1600943499.256025000 273049
1600943499.405728000 274401
1600943499.405989000 275801
1600943499.605682000 277201
1600943499.605734000 278601
1600943499.605948000 280049
1600943499.755631000 281401
1600943499.755679000 282801
1600943499.755893000 284249
1600943499.956283000 285601
1600943499.956327000 287001
1600943499.956540000 288449
1600943500.105515000 289801
1600943500.105577000 291201
1600943500.105758000 292649
1600943500.205797000 294001
1600943500.205848000 295401
1600943500.206060000 296849
1600943500.307638000 298201
1600943500.307681000 299601
1600943500.307807000 301049
1600943500.307845000 302497
1600943500.307893000 303945
1600943500.308111000 305201
1600943500.405329000 306601
1600943500.405373000 308001
1600943500.405581000 309449
1600943500.755378000 310801
1600943500.755450000 312201
1600943500.755604000 313649
1600943500.955874000 315001
1600943500.955948000 316401
1600943500.956085000 317849
1600943501.155171000 319201
1600943501.155233000 320601
1600943501.155399000 322049
1600943501.357318000 323401
1600943501.357381000 324801
1600943501.357528000 326249
1600943501.505043000 327601
1600943501.505256000 329001
1600943501.705090000 330401
1600943501.705155000 331801
1600943501.705298000 333249
1600943501.854879000 334601
1600943501.854922000 336001
1600943501.855190000 337449
1600943502.005016000 338801
1600943502.005060000 340201
1600943502.005271000 341649
1600943502.155640000 343001
1600943502.155690000 344401
1600943502.155897000 345849
1600943502.306271000 347201
1600943502.306316000 348601
1600943502.306538000 350049
1600943502.504724000 351401
1600943502.504781000 352801
1600943502.504979000 354249
1600943502.605162000 355601
1600943502.605205000 357001
1600943502.605408000 358449
1600943502.754831000 359801
1600943502.754875000 361201
1600943502.755128000 362649
1600943502.955291000 364001
1600943502.955335000 365401
1600943502.955548000 366849
1600943503.204591000 368201
1600943503.204654000 369601
1600943503.204797000 371049
1600943503.306609000 372401
1600943503.306673000 373801
1600943503.306749000 375249
1600943503.306798000 376697
1600943503.306899000 378001
1600943503.306955000 379449
1600943503.404375000 380801
1600943503.404452000 382201
1600943503.404597000 383649
1600943503.754328000 385001
1600943503.754534000 386401
1600943504.004363000 387801
1600943504.004426000 389201
1600943504.004573000 390649
1600943504.154244000 392001
1600943504.154292000 393401
1600943504.154420000 394849
1600943504.305586000 396201
1600943504.305659000 397601
1600943504.305796000 399049
1600943504.504115000 400401
1600943504.504179000 401801
1600943504.504326000 403249
1600943504.654261000 404601
1600943504.654325000 406001
1600943504.654439000 407449
1600943504.854166000 408801
1600943504.854250000 410201
1600943504.854370000 411649
1600943505.004646000 413001
1600943505.004739000 414401
1600943505.004836000 415849
1600943505.153994000 417201
1600943505.154082000 418601
1600943505.154167000 420049
1600943505.305133000 421401
1600943505.305226000 422801
1600943505.305317000 424249
1600943505.454611000 425601
1600943505.454667000 427001
1600943505.454826000 428449
1600943505.654355000 429801
1600943505.654444000 431201
1600943505.654597000 432649
1600943505.805218000 434001
1600943505.805304000 435401
1600943505.805440000 436849
1600943505.954643000 438201
1600943505.954862000 439601
1600943506.153705000 441001
1600943506.153791000 442401
1600943506.153948000 443849
1600943506.305779000 445201
1600943506.305837000 446601
1600943506.305982000 448049
1600943506.306015000 449401
1600943506.306096000 450849
1600943506.306125000 452297
1600943506.353887000 453601
1600943506.353927000 455001
1600943506.354098000 456449
1600943506.603782000 457801
1600943506.603835000 459201
1600943506.603947000 460649
1600943506.853599000 462001
1600943506.853666000 463401
1600943506.853758000 464849
1600943506.954502000 466201
1600943506.954563000 467601
1600943506.954658000 469049
1600943507.103455000 470401
1600943507.103512000 471801
1600943507.103618000 473249
1600943507.305093000 474601
1600943507.305161000 476001
1600943507.305241000 477449
1600943507.554549000 478801
1600943507.554612000 480201
1600943507.554699000 481649
1600943507.753039000 483001
1600943507.753107000 484401
1600943507.753196000 485849
1600943507.953689000 487201
1600943507.953755000 488601
1600943507.953843000 490049
1600943508.153477000 491401
1600943508.153545000 492801
1600943508.153646000 494249
1600943508.253160000 495601
1600943508.253312000 497001
1600943508.403128000 498401
1600943508.403219000 499801
1600943508.403271000 501249
1600943508.555762000 502601
1600943508.555856000 504001
1600943508.555983000 505449
1600943508.653051000 506801
1600943508.653131000 508201
1600943508.653298000 509649
1600943508.755010000 511001
1600943508.755057000 512401
1600943508.755237000 513849
1600943508.854909000 515201
1600943508.855011000 516601
1600943508.855210000 518049
1600943509.002840000 519401
1600943509.002881000 520801
1600943509.003065000 522249
1600943509.253557000 523601
1600943509.253615000 525001
1600943509.253714000 526449
1600943509.354538000 527801
1600943509.354601000 529201
1600943509.354691000 530649
1600943509.556367000 532001
1600943509.556431000 533401
1600943509.556518000 534849
1600943509.752810000 536201
1600943509.752878000 537601
1600943509.752976000 539049
1600943509.902454000 540401
1600943509.902539000 541801
1600943509.902625000 543249
1600943510.152322000 544601
1600943510.152398000 546001
1600943510.152496000 547449
1600943510.352288000 548801
1600943510.352478000 550201
1600943510.652209000 551601
1600943510.652281000 553001
1600943510.652363000 554449
1600943510.852351000 555801
1600943510.852437000 557201
1600943510.852556000 558649
1600943511.002196000 560001
1600943511.002238000 561401
1600943511.002448000 562849
1600943511.152280000 564201
1600943511.152319000 565601
1600943511.152528000 567049
1600943511.303517000 568401
1600943511.303551000 569801
1600943511.303748000 571249
1600943511.452717000 572601
1600943511.452786000 574001
1600943511.452915000 575449
1600943511.486364000 575449
1600943511.602301000 576801
1600943511.602340000 578201
1600943511.602500000 579649
1600943511.752145000 581001
1600943511.752185000 582401
1600943511.752394000 583849
1600943511.902055000 585201
1600943511.902097000 586601
1600943511.902310000 588049
1600943512.053268000 589401
1600943512.053352000 590801
1600943512.086362000 592249
1600943512.201901000 593601
1600943512.201931000 595001
1600943512.243199000 596449
1600943512.303365000 597801
1600943512.303457000 599201
1600943512.347147000 600649
1600943512.452342000 602001
1600943512.452427000 603401
1600943512.495179000 604849
1600943512.651627000 606201
1600943512.695153000 607601
1600943512.851682000 609001
1600943512.851751000 610401
1600943512.895202000 611849
1600943513.001672000 613201
1600943513.001701000 614601
1600943513.043311000 616049
1600943513.201591000 617401
1600943513.201609000 618801
1600943513.228312000 620249
1600943513.351483000 621601
1600943513.351573000 623001
1600943513.395291000 624449
1600943513.501554000 625801
1600943513.501583000 627201
1600943513.547207000 628649
1600943513.701587000 630001
1600943513.701677000 631401
1600943513.743258000 632849
1600943513.851365000 634201
1600943513.851460000 635601
1600943513.895284000 637049
1600943514.052648000 638401
1600943514.052675000 639801
1600943514.095203000 641249
1600943514.201304000 642601
1600943514.201350000 644001
1600943514.201498000 645449
1600943514.401606000 646801
1600943514.401645000 648201
1600943514.401843000 649649
1600943514.553045000 651001
1600943514.553108000 652401
1600943514.553197000 653849
1600943514.701058000 655201
1600943514.701093000 656601
1600943514.701288000 658049
1600943514.851303000 659401
1600943514.851489000 660801
1600943515.001033000 662201
1600943515.001074000 663601
1600943515.001281000 665049
1600943515.150883000 666401
1600943515.150959000 667801
1600943515.151066000 669249
1600943515.303058000 670601
1600943515.303156000 672001
1600943515.303227000 673449
1600943515.303323000 674801
1600943515.303349000 676249
1600943515.303484000 677601
1600943515.351307000 679001
1600943515.351386000 680401
1600943515.351487000 681849
1600943515.552023000 683201
1600943515.552100000 684601
1600943515.552207000 686049
1600943515.802035000 687401
1600943515.802110000 688801
1600943515.802250000 690249
1600943515.951590000 691601
1600943515.951663000 693001
1600943515.951766000 694449
1600943516.100688000 695801
1600943516.100786000 697201
1600943516.100859000 698649
1600943516.252567000 700001
1600943516.252639000 701401
1600943516.252713000 702849
1600943516.453142000 704201
1600943516.453235000 705601
1600943516.453328000 707049
1600943516.553644000 708401
1600943516.553717000 709801
1600943516.553793000 711249
1600943516.750571000 712601
1600943516.750617000 714001
1600943516.750733000 715449
1600943516.900344000 716801
1600943516.900557000 718201
1600943517.150377000 719601
1600943517.150418000 721001
1600943517.150619000 722449
1600943517.400248000 723801
1600943517.400282000 725201
1600943517.400399000 726649
1600943517.650261000 728001
1600943517.650297000 729401
1600943517.650419000 730849
1600943517.801534000 732201
1600943517.801562000 733601
1600943517.801753000 735049
1600943517.951147000 736401
1600943517.951234000 737801
1600943517.951313000 739249
1600943518.100266000 740601
1600943518.100304000 742001
1600943518.100506000 743449
1600943518.301433000 744801
1600943518.301524000 746201
1600943518.301584000 747649
1600943518.450432000 749001
1600943518.450514000 750401
1600943518.450604000 751849
1600943518.486362000 751849
1600943518.650103000 753201
1600943518.650190000 754601
1600943518.650286000 756049
1600943518.849714000 757401
1600943518.849802000 758801
1600943518.849892000 760249
1600943519.001498000 761601
1600943519.001542000 763001
1600943519.001766000 764449
1600943519.149859000 765801
1600943519.149885000 767201
1600943519.150072000 768649
1600943519.349685000 770001
1600943519.349899000 771401
1600943519.499794000 772801
1600943519.499831000 774201
1600943519.500031000 775649
1600943519.649599000 777001
1600943519.649687000 778401
1600943519.649766000 779849
1600943519.800954000 781201
1600943519.800975000 782601
1600943519.836364000 784049
1600943519.950245000 785401
1600943519.950269000 786801
1600943519.986385000 788249
1600943520.149472000 789601
1600943520.149514000 791001
1600943520.191287000 792449
1600943520.300793000 793801
1600943520.300811000 795201
1600943520.343248000 796649
1600943520.450213000 798001
1600943520.450294000 799401
1600943520.450410000 800849
1600943520.599279000 802201
1600943520.599303000 803601
1600943520.643263000 805049
1600943520.800498000 806401
1600943520.800521000 807801
1600943520.843308000 809249
1600943520.949971000 810601
1600943520.950032000 812001
1600943520.991227000 813449
1600943521.099275000 814801
1600943521.099296000 816201
1600943521.147204000 817649
1600943521.249169000 819001
1600943521.249259000 820401
1600943521.288644000 821849
1600943521.301048000 823201
1600943521.301183000 824601
1600943521.301229000 826049
1600943521.301295000 827401
1600943521.301360000 828849
1600943521.550208000 830201
1600943521.550263000 831601
1600943521.550403000 833049
1600943521.800196000 834401
1600943521.800270000 835801
1600943521.800359000 837249
1600943522.050344000 838601
1600943522.050391000 840001
1600943522.050505000 841449
1600943522.198815000 842801
1600943522.198853000 844201
1600943522.198974000 845649
1600943522.348760000 847001
1600943522.348800000 848401
1600943522.349004000 849849
1600943522.498701000 851201
1600943522.498728000 852601
1600943522.498881000 854049
1600943522.698701000 855401
1600943522.698751000 856801
1600943522.698864000 858249
1600943522.898594000 859601
1600943522.898630000 861001
1600943522.898769000 862449
1600943523.049705000 863801
1600943523.049796000 865201
1600943523.086362000 866649
1600943523.248624000 868001
1600943523.248711000 869401
1600943523.291177000 870849
1600943523.398600000 872201
1600943523.398624000 873601
1600943523.439186000 875049
1600943523.549936000 876401
1600943523.549955000 877801
1600943523.591262000 879249
1600943523.698508000 880601
1600943523.698787000 882001
1600943523.848376000 883401
1600943523.848462000 884801
1600943523.848665000 886249
1600943523.998371000 887601
1600943523.998403000 889001
1600943523.998630000 890449
1600943524.148312000 891801
1600943524.148347000 893201
1600943524.148575000 894649
1600943524.300365000 896001
1600943524.300398000 897401
1600943524.300493000 898849
1600943524.300600000 901745
1600943524.300618000 900297
1600943524.300871000 903001
1600943524.348466000 904401
1600943524.348486000 905801
1600943524.395266000 907249
1600943524.597945000 908601
1600943524.597985000 910001
1600943524.630655000 911449
1600943524.847911000 912801
1600943524.848004000 914201
1600943524.848078000 915649
1600943525.097926000 917001
1600943525.097962000 918401
1600943525.098114000 919849
1600943525.299317000 921201
1600943525.299352000 922601
1600943525.299501000 924049
1600943525.448541000 925401
1600943525.448639000 926801
1600943525.448712000 928249
1600943525.597871000 929601
1600943525.597908000 931001
1600943525.598113000 932449
1600943525.747669000 933801
1600943525.747864000 935201
1600943525.948376000 936601
1600943525.948426000 938001
1600943525.948525000 939449
1600943526.097736000 940801
1600943526.097775000 942201
1600943526.097979000 943649
1600943526.247653000 945001
1600943526.247737000 946401
1600943526.247848000 947849
1600943526.398103000 949201
1600943526.398133000 950601
1600943526.398340000 952049
1600943526.597449000 953401
1600943526.597554000 954801
1600943526.597695000 956249
1600943526.747434000 957601
1600943526.747530000 959001
1600943526.747675000 960449
1600943526.897403000 961801
1600943526.897512000 963201
1600943526.897656000 964649
1600943527.048612000 966001
1600943527.048708000 967401
1600943527.048824000 968849
1600943527.247305000 970201
1600943527.247392000 971601
1600943527.247528000 973049
1600943527.299419000 974401
1600943527.299445000 975801
1600943527.299520000 977249
1600943527.299616000 980145
1600943527.299629000 978697
1600943527.299829000 981401
1600943527.447750000 982801
1600943527.447834000 984201
1600943527.448039000 985649
1600943527.747092000 987001
1600943527.747157000 988401
1600943527.747270000 989849
1600943527.997366000 991201
1600943527.997563000 992601
1600943528.147299000 994001
1600943528.147462000 995401
1600943528.147498000 996849
1600943528.299039000 998201
1600943528.299081000 999601
1600943528.299228000 1001049
1600943528.497035000 1002401
1600943528.497082000 1003801
1600943528.497207000 1005249
1600943528.646937000 1006601
1600943528.647022000 1008001
1600943528.647119000 1009449
1600943528.798249000 1010801
1600943528.798296000 1012201
1600943528.798429000 1013649
1600943528.947613000 1015001
1600943528.947678000 1016401
1600943528.947876000 1017849
1600943529.147273000 1019201
1600943529.147364000 1020601
1600943529.147461000 1022049
1600943529.298058000 1023401
1600943529.298091000 1024801
1600943529.298318000 1026249
1600943529.496697000 1027601
1600943529.496722000 1029001
1600943529.496927000 1030449
1600943529.646643000 1031801
1600943529.646726000 1033201
1600943529.646862000 1034649
1600943529.848868000 1036001
1600943529.848961000 1037401
1600943529.849087000 1038849
1600943530.048448000 1040201
1600943530.048550000 1041601
1600943530.048673000 1043049
1600943530.298090000 1044401
1600943530.298149000 1045801
1600943530.298225000 1047249
1600943530.298261000 1048697
1600943530.298410000 1050001
1600943530.596249000 1051401
1600943530.596289000 1052801
1600943530.596451000 1054249
1600943530.747236000 1055601
1600943530.747331000 1057001
1600943530.747397000 1058449
1600943530.896259000 1059801
1600943530.896296000 1061201
1600943530.896452000 1062649
1600943531.096003000 1064001
1600943531.096060000 1065401
1600943531.096164000 1066849
1600943531.297491000 1068201
1600943531.297561000 1069601
1600943531.297660000 1071049
1600943531.446631000 1072401
1600943531.446716000 1073801
1600943531.446790000 1075249
1600943531.596015000 1076601
1600943531.596060000 1078001
1600943531.596294000 1079449
1600943531.745930000 1080801
1600943531.745955000 1082201
1600943531.746173000 1083649
1600943531.895938000 1085001
1600943531.895993000 1086401
1600943531.896192000 1087849
1600943532.047181000 1089201
1600943532.047272000 1090601
1600943532.047382000 1092049
1600943532.246220000 1093401
1600943532.246303000 1094801
1600943532.246435000 1096249
1600943532.395852000 1097601
1600943532.395905000 1099001
1600943532.396142000 1100449
1600943532.547055000 1101801
1600943532.547293000 1103201
1600943532.695705000 1104601
1600943532.695734000 1106001
1600943532.695942000 1107449
1600943532.845521000 1108801
1600943532.845604000 1110201
1600943532.845744000 1111649
1600943532.995682000 1113001
1600943532.995722000 1114401
1600943532.995959000 1115849
1600943533.197633000 1117201
1600943533.197693000 1118601
1600943533.197845000 1120049
1600943533.297401000 1121401
1600943533.297500000 1122801
1600943533.297542000 1124249
1600943533.297608000 1125697
1600943533.297649000 1127145
1600943533.297795000 1128401
1600943533.395913000 1129801
1600943533.395946000 1131201
1600943533.396174000 1132649
1600943533.695340000 1134001
1600943533.695375000 1135401
1600943533.695534000 1136849
1600943533.896177000 1138201
1600943533.896214000 1139601
1600943533.896378000 1141049
1600943534.046683000 1142401
1600943534.046736000 1143801
1600943534.046841000 1145249
1600943534.195381000 1146601
1600943534.195427000 1148001
1600943534.195537000 1149449
1600943534.345267000 1150801
1600943534.345316000 1152201
1600943534.345425000 1153649
1600943534.495109000 1155001
1600943534.495313000 1156401
1600943534.645220000 1157801
1600943534.645302000 1159201
1600943534.645563000 1160649
1600943534.745335000 1162001
1600943534.745375000 1163401
1600943534.745563000 1164849
1600943534.845377000 1166201
1600943534.845476000 1167601
1600943534.845599000 1169049
1600943534.995391000 1170401
1600943534.995422000 1171801
1600943534.995650000 1173249
1600943535.095388000 1174601
1600943535.095444000 1176001
1600943535.095608000 1177449
1600943535.245523000 1178801
1600943535.245606000 1180201
1600943535.245762000 1181649
1600943535.394971000 1183001
1600943535.395006000 1184401
1600943535.395216000 1185849
1600943535.547286000 1187201
1600943535.547334000 1188601
1600943535.547528000 1190049
1600943535.694858000 1191401
1600943535.694905000 1192801
1600943535.695123000 1194249
1600943535.894908000 1195601
1600943535.894997000 1197001
1600943535.895128000 1198449
1600943536.046005000 1199801
1600943536.046063000 1201201
1600943536.046227000 1202649
1600943536.296015000 1204001
1600943536.296051000 1205401
1600943536.296165000 1206849
1600943536.444880000 1208201
1600943536.444968000 1209601
1600943536.445065000 1211049
1600943536.646069000 1212401
1600943536.646235000 1213801
1600943536.844565000 1215201
1600943536.844616000 1216601
1600943536.844746000 1218049
1600943537.045649000 1219401
1600943537.045730000 1220801
1600943537.045827000 1222249
1600943537.194381000 1223601
1600943537.194420000 1225001
1600943537.194537000 1226449
1600943537.394223000 1227801
1600943537.394265000 1229201
1600943537.394485000 1230649
1600943537.595286000 1232001
1600943537.595324000 1233401
1600943537.595520000 1234849
1600943537.744475000 1236201
1600943537.744502000 1237601
1600943537.744712000 1239049
1600943537.894136000 1240401
1600943537.894191000 1241801
1600943537.894392000 1243249
1600943538.046810000 1244601
1600943538.046898000 1246001
1600943538.047040000 1247449
1600943538.195425000 1248801
1600943538.195469000 1250201
1600943538.195677000 1251649
1600943538.297060000 1253001
1600943538.297086000 1254401
1600943538.297294000 1255849
1600943538.493761000 1257201
1600943538.493806000 1258601
1600943538.494012000 1260049
1600943538.843706000 1261401
1600943538.843762000 1262801
1600943538.843905000 1264249
1600943539.044984000 1265601
1600943539.045147000 1267001
1600943539.294843000 1268401
1600943539.294881000 1269801
1600943539.295007000 1271249
1600943539.444174000 1272601
1600943539.444229000 1274001
1600943539.444337000 1275449
1600943539.643546000 1276801
1600943539.643594000 1278201
1600943539.643705000 1279649
1600943539.843671000 1281001
1600943539.843724000 1282401
1600943539.843832000 1283849
1600943540.045072000 1285201
1600943540.045169000 1286601
1600943540.045256000 1288049
1600943540.243366000 1289401
1600943540.243414000 1290801
1600943540.243533000 1292249
1600943540.393761000 1293601
1600943540.393796000 1295001
1600943540.393969000 1296449
1600943540.544546000 1297801
1600943540.544572000 1299201
1600943540.544767000 1300649
1600943540.693519000 1302001
1600943540.693547000 1303401
1600943540.693750000 1304849
1600943540.795265000 1306201
1600943540.795299000 1307601
1600943540.795518000 1309049
1600943540.944234000 1310401
1600943540.944270000 1311801
1600943540.944502000 1313249
1600943541.093228000 1314601
1600943541.093281000 1316001
1600943541.093418000 1317449
1600943541.243421000 1318801
1600943541.243475000 1320201
1600943541.243648000 1321649
1600943541.394024000 1323001
1600943541.394270000 1324401
1600943541.545512000 1325801
1600943541.545539000 1327201
1600943541.545707000 1328649
1600943541.693657000 1330001
1600943541.693720000 1331401
1600943541.693872000 1332849
1600943541.892706000 1334201
1600943541.892777000 1335601
1600943541.892929000 1337049
1600943542.092986000 1338401
1600943542.093021000 1339801
1600943542.093201000 1341249
1600943542.243368000 1342601
1600943542.243396000 1344001
1600943542.243568000 1345449
1600943542.294389000 1346801
1600943542.294483000 1348201
1600943542.294560000 1349649
1600943542.392492000 1351001
1600943542.392529000 1352401
1600943542.392708000 1353849
1600943542.692546000 1355201
1600943542.692607000 1356601
1600943542.692718000 1358049
1600943542.842708000 1359401
1600943542.842756000 1360801
1600943542.842871000 1362249
1600943542.992559000 1363601
1600943542.992614000 1365001
1600943542.992728000 1366449
1600943543.192444000 1367801
1600943543.192505000 1369201
1600943543.192655000 1370649
1600943543.392456000 1372001
1600943543.392512000 1373401
1600943543.392627000 1374849
1600943543.492788000 1376201
1600943543.492941000 1377601
1600943543.692196000 1379001
1600943543.692259000 1380401
1600943543.692497000 1381849
1600943543.892306000 1383201
1600943543.892353000 1384601
1600943543.892555000 1386049
1600943544.044100000 1387401
1600943544.044141000 1388801
1600943544.044336000 1390249
1600943544.192226000 1391601
1600943544.192253000 1393001
1600943544.192453000 1394449
1600943544.342203000 1395801
1600943544.342230000 1397201
1600943544.342431000 1398649
1600943544.492152000 1400001
1600943544.492226000 1401401
1600943544.492382000 1402849
1600943544.642147000 1404201
1600943544.642186000 1405601
1600943544.642373000 1407049
1600943544.742139000 1408401
1600943544.742177000 1409801
1600943544.742353000 1411249
1600943544.942631000 1412601
1600943544.942659000 1414001
1600943544.942838000 1415449
1600943545.091916000 1416801
1600943545.091986000 1418201
1600943545.092133000 1419649
1600943545.241915000 1421001
1600943545.241961000 1422401
1600943545.242169000 1423849
1600943545.293844000 1425201
1600943545.293930000 1426601
1600943545.294022000 1428049
1600943545.342073000 1429401
1600943545.342113000 1430801
1600943545.342300000 1432249
1600943545.641799000 1433601
1600943545.641974000 1435001
1600943545.793236000 1436401
1600943545.793281000 1437801
1600943545.793393000 1439249
1600943545.991572000 1440601
1600943545.991608000 1442001
1600943545.991769000 1443449
1600943546.191803000 1444801
1600943546.191870000 1446201
1600943546.191958000 1447649
1600943546.341455000 1449001
1600943546.341491000 1450401
1600943546.341609000 1451849
1600943546.542825000 1453201
1600943546.542861000 1454601
1600943546.542977000 1456049
1600943546.741796000 1457401
1600943546.741829000 1458801
1600943546.742048000 1460249
1600943546.891717000 1461601
1600943546.891794000 1463001
1600943546.891950000 1464449
1600943547.091268000 1465801
1600943547.091368000 1467201
1600943547.091632000 1468649
1600943547.241229000 1470001
1600943547.241267000 1471401
1600943547.241460000 1472849
1600943547.391259000 1474201
1600943547.391349000 1475601
1600943547.391476000 1477049
1600943547.542577000 1478401
1600943547.542670000 1479801
1600943547.542756000 1481249
1600943547.741286000 1482601
1600943547.741323000 1484001
1600943547.741513000 1485449
1600943547.891063000 1486801
1600943547.891317000 1488201
1600943548.042304000 1489601
1600943548.042362000 1491001
1600943548.042555000 1492449
1600943548.240971000 1493801
1600943548.241010000 1495201
1600943548.241209000 1496649
1600943548.293027000 1498001
1600943548.293053000 1499401
1600943548.293141000 1500849
1600943548.293203000 1502297
1600943548.293238000 1503745
1600943548.293435000 1505001
1600943548.590632000 1506401
1600943548.590726000 1507801
1600943548.590790000 1509249
1600943548.840641000 1510601
1600943548.840762000 1512001
1600943548.840809000 1513449
1600943549.042370000 1514801
1600943549.042421000 1516201
1600943549.042551000 1517649
1600943549.240659000 1519001
1600943549.240706000 1520401
1600943549.240820000 1521849
1600943549.391138000 1523201
1600943549.391227000 1524601
1600943549.391305000 1526049
1600943549.519544000 1527401
1600943551.335895000 1527402
