1600943488.089074000 0
1600943488.089291000 1
1600943488.502528000 1
1600943488.502726000 1401
1600943488.652375000 2801
1600943488.652419000 4201
1600943488.652585000 5649
1600943488.859487000 7001
1600943488.859597000 8401
1600943488.859740000 9849
1600943489.108955000 11201
1600943489.109059000 12601
1600943489.109209000 14049
1600943489.311319000 15401
1600943489.311416000 16801
1600943489.311573000 18249
1600943489.508232000 19601
1600943489.508328000 21001
1600943489.508483000 22449
1600943489.757969000 23801
1600943489.758083000 25201
1600943489.758235000 26649
1600943489.908283000 28001
1600943489.908385000 29401
1600943489.908547000 30849
1600943490.108132000 32201
1600943490.108234000 33601
1600943490.108406000 35049
1600943490.257931000 36401
1600943490.258028000 37801
1600943490.258178000 39249
1600943490.357956000 40601
1600943490.358050000 42001
1600943490.358200000 43449
1600943490.559088000 44801
1600943490.559184000 46201
1600943490.559334000 47649
1600943490.658098000 49001
1600943490.658196000 50401
1600943490.658444000 51849
1600943490.810561000 53201
1600943490.810872000 54601
1600943490.907878000 56001
1600943490.907974000 57401
1600943490.908218000 58849
1600943491.059148000 60201
1600943491.059245000 61601
1600943491.059483000 63049
1600943491.207792000 64401
1600943491.207890000 65801
1600943491.208138000 67249
1600943491.309262000 68601
1600943491.309356000 70001
1600943491.309594000 71449
1600943491.357887000 72801
1600943491.357981000 74201
1600943491.358220000 75649
1600943491.608592000 77001
1600943491.608689000 78401
1600943491.608838000 79849
1600943491.808947000 81201
1600943491.809046000 82601
1600943491.809192000 84049
1600943491.958109000 85401
1600943491.958204000 86801
1600943491.958356000 88249
1600943492.157616000 89601
1600943492.157713000 91001
1600943492.157841000 92449
1600943492.308601000 93801
1600943492.308697000 95201
1600943492.308846000 96649
1600943492.457944000 98001
1600943492.458039000 99401
1600943492.458107000 100849
1600943492.657173000 102201
1600943492.657270000 103601
1600943492.657459000 105049
1600943492.809695000 106401
1600943492.810026000 107801
1600943492.957747000 109201
1600943492.957843000 110601
1600943492.958091000 112049
1600943493.107181000 113401
1600943493.107276000 114801
1600943493.107515000 116249
1600943493.257110000 117601
1600943493.257209000 119001
1600943493.257435000 120449
1600943493.407127000 121801
1600943493.407223000 123201
1600943493.407448000 124649
1600943493.507931000 126001
1600943493.508027000 127401
1600943493.508279000 128849
1600943493.706975000 130201
1600943493.707070000 131601
1600943493.707303000 133049
1600943493.857528000 134401
1600943493.857627000 135801
1600943493.857852000 137249
1600943494.006746000 138601
1600943494.006840000 140001
1600943494.007042000 141449
1600943494.156826000 142801
1600943494.156920000 144201
1600943494.157147000 145649
1600943494.308910000 147001
1600943494.309010000 148401
1600943494.309121000 149849
1600943494.309189000 151297
1600943494.309244000 152745
1600943494.309418000 154001
1600943494.358845000 155401
1600943494.358938000 156801
1600943494.359164000 158249
1600943494.656474000 159601
1600943494.656569000 161001
1600943494.656721000 162449
1600943494.906497000 163801
1600943494.906757000 165201
1600943495.106413000 166601
1600943495.106510000 168001
1600943495.106666000 169449
1600943495.307624000 170801
1600943495.307725000 172201
1600943495.307878000 173649
1600943495.457152000 175001
1600943495.457248000 176401
1600943495.457394000 177849
1600943495.606359000 179201
1600943495.606454000 180601
1600943495.606608000 182049
1600943495.756317000 183401
1600943495.756417000 184801
1600943495.756502000 186249
1600943495.956936000 187601
1600943495.957031000 189001
1600943495.957268000 190449
1600943496.107055000 191801
1600943496.107149000 193201
1600943496.107383000 194649
1600943496.256176000 196001
1600943496.256274000 197401
1600943496.256490000 198849
1600943496.406159000 200201
1600943496.406255000 201601
1600943496.406484000 203049
1600943496.606143000 204401
1600943496.606241000 205801
1600943496.606473000 207249
1600943496.756041000 208601
1600943496.756139000 210001
1600943496.756366000 211449
1600943496.906906000 212801
1600943496.907005000 214201
1600943496.907235000 215649
1600943497.105980000 217001
1600943497.106310000 218401
1600943497.255954000 219801
1600943497.256049000 221201
1600943497.256284000 222649
1600943497.307928000 224001
1600943497.308022000 225401
1600943497.308136000 226849
1600943497.308199000 228297
1600943497.308258000 229745
1600943497.308412000 231001
1600943497.556955000 232401
1600943497.557055000 233801
1600943497.557205000 235249
1600943497.855581000 236601
1600943497.855683000 238001
1600943497.855834000 239449
1600943498.057068000 240801
1600943498.057166000 242201
1600943498.057277000 243649
1600943498.205715000 245001
1600943498.205811000 246401
1600943498.205957000 247849
1600943498.405402000 249201
1600943498.405500000 250601
1600943498.405655000 252049
1600943498.557023000 253401
1600943498.557118000 254801
1600943498.557263000 256249
1600943498.755461000 257601
1600943498.755559000 259001
1600943498.755710000 260449
1600943498.906360000 261801
1600943498.906455000 263201
1600943498.906738000 264649
1600943499.105341000 266001
1600943499.105438000 267401
1600943499.105681000 268849
1600943499.255215000 270201
1600943499.255311000 271601
1600943499.255556000 273049
1600943499.405185000 274401
1600943499.405519000 275801
1600943499.605140000 277201
1600943499.605236000 278601
1600943499.605480000 280049
1600943499.755081000 281401
1600943499.755180000 282801
1600943499.755426000 284249
1600943499.955738000 285601
1600943499.955840000 287001
1600943499.956073000 288449
1600943500.105009000 289801
1600943500.105107000 291201
1600943500.105291000 292649
1600943500.205252000 294001
1600943500.205348000 295401
1600943500.205594000 296849
1600943500.307094000 298201
1600943500.307189000 299601
1600943500.307301000 301049
1600943500.307368000 302497
1600943500.307433000 303945
1600943500.307608000 305201
1600943500.404786000 306601
1600943500.404880000 308001
1600943500.405111000 309449
1600943500.754832000 310801
1600943500.754936000 312201
1600943500.755098000 313649
1600943500.955333000 315001
1600943500.955429000 316401
1600943500.955581000 317849
1600943501.154660000 319201
1600943501.154759000 320601
1600943501.154875000 322049
1600943501.356773000 323401
1600943501.356869000 324801
1600943501.357017000 326249
1600943501.504499000 327601
1600943501.504742000 329001
1600943501.704546000 330401
1600943501.704640000 331801
1600943501.704792000 333249
1600943501.854332000 334601
1600943501.854432000 336001
1600943501.854721000 337449
1600943502.004473000 338801
1600943502.004568000 340201
1600943502.004801000 341649
1600943502.155097000 343001
1600943502.155194000 344401
1600943502.155428000 345849
1600943502.305733000 347201
1600943502.305829000 348601
1600943502.306064000 350049
1600943502.504179000 351401
1600943502.504273000 352801
1600943502.504512000 354249
1600943502.604617000 355601
1600943502.604715000 357001
1600943502.604941000 358449
1600943502.754287000 359801
1600943502.754385000 361201
1600943502.754619000 362649
1600943502.954743000 364001
1600943502.954839000 365401
1600943502.955081000 366849
1600943503.204044000 368201
1600943503.204145000 369601
1600943503.204292000 371049
1600943503.306065000 372401
1600943503.306160000 373801
1600943503.306274000 375249
1600943503.306320000 376697
1600943503.306432000 378001
1600943503.306488000 379449
1600943503.403888000 380801
1600943503.403983000 382201
1600943503.404089000 383649
1600943503.753780000 385001
1600943503.754027000 386401
1600943504.003818000 387801
1600943504.003918000 389201
1600943504.004066000 390649
1600943504.153717000 392001
1600943504.153814000 393401
1600943504.153952000 394849
1600943504.305041000 396201
1600943504.305139000 397601
1600943504.305288000 399049
1600943504.503570000 400401
1600943504.503666000 401801
1600943504.503815000 403249
1600943504.653716000 404601
1600943504.653811000 406001
1600943504.653964000 407449
1600943504.853674000 408801
1600943504.853774000 410201
1600943504.853869000 411649
1600943505.004177000 413001
1600943505.004273000 414401
1600943505.004377000 415849
1600943505.153526000 417201
1600943505.153622000 418601
1600943505.153708000 420049
1600943505.304667000 421401
1600943505.304765000 422801
1600943505.304859000 424249
1600943505.454096000 425601
1600943505.454191000 427001
1600943505.454360000 428449
1600943505.653850000 429801
1600943505.653954000 431201
1600943505.654127000 432649
1600943505.804739000 434001
1600943505.804841000 435401
1600943505.804980000 436849
1600943505.954147000 438201
1600943505.954382000 439601
1600943506.153232000 441001
1600943506.153327000 442401
1600943506.153476000 443849
1600943506.305280000 445201
1600943506.305377000 446601
1600943506.305482000 448049
1600943506.305555000 449401
1600943506.305619000 450849
1600943506.305671000 452297
1600943506.353340000 453601
1600943506.353432000 455001
1600943506.353637000 456449
1600943506.603233000 457801
1600943506.603333000 459201
1600943506.603477000 460649
1600943506.853101000 462001
1600943506.853204000 463401
1600943506.853298000 464849
1600943506.954002000 466201
1600943506.954096000 467601
1600943506.954198000 469049
1600943507.102904000 470401
1600943507.103000000 471801
1600943507.103150000 473249
1600943507.304604000 474601
1600943507.304700000 476001
1600943507.304781000 477449
1600943507.554053000 478801
1600943507.554150000 480201
1600943507.554239000 481649
1600943507.752544000 483001
1600943507.752646000 484401
1600943507.752736000 485849
1600943507.953194000 487201
1600943507.953292000 488601
1600943507.953383000 490049
1600943508.152981000 491401
1600943508.153081000 492801
1600943508.153185000 494249
1600943508.252683000 495601
1600943508.252849000 497001
1600943508.402625000 498401
1600943508.402722000 499801
1600943508.402813000 501249
1600943508.555268000 502601
1600943508.555364000 504001
1600943508.555498000 505449
1600943508.652552000 506801
1600943508.652649000 508201
1600943508.652807000 509649
1600943508.754486000 511001
1600943508.754585000 512401
1600943508.754751000 513849
1600943508.854420000 515201
1600943508.854517000 516601
1600943508.854714000 518049
1600943509.002287000 519401
1600943509.002382000 520801
1600943509.002596000 522249
1600943509.253050000 523601
1600943509.253154000 525001
1600943509.253253000 526449
1600943509.354041000 527801
1600943509.354138000 529201
1600943509.354231000 530649
1600943509.555823000 532001
1600943509.555964000 533401
1600943509.556058000 534849
1600943509.752314000 536201
1600943509.752415000 537601
1600943509.752504000 539049
1600943509.901981000 540401
1600943509.902076000 541801
1600943509.902165000 543249
1600943510.151834000 544601
1600943510.151932000 546001
1600943510.152026000 547449
1600943510.351793000 548801
1600943510.351991000 550201
1600943510.651721000 551601
1600943510.651820000 553001
1600943510.651899000 554449
1600943510.851845000 555801
1600943510.851953000 557201
1600943510.852054000 558649
1600943511.001643000 560001
1600943511.001739000 561401
1600943511.001890000 562849
1600943511.151729000 564201
1600943511.151825000 565601
1600943511.151973000 567049
1600943511.302969000 568401
1600943511.303064000 569801
1600943511.303208000 571249
1600943511.452211000 572601
1600943511.452307000 574001
1600943511.452417000 575449
1600943511.485882000 575449
1600943511.601750000 576801
1600943511.601848000 578201
1600943511.601996000 579649
1600943511.751598000 581001
1600943511.751698000 582401
1600943511.751851000 583849
1600943511.901506000 585201
1600943511.901605000 586601
1600943511.901766000 588049
1600943512.052790000 589401
1600943512.052885000 590801
1600943512.085884000 592249
1600943512.201351000 593601
1600943512.201445000 595001
1600943512.242731000 596449
1600943512.302889000 597801
1600943512.302985000 599201
1600943512.346656000 600649
1600943512.451865000 602001
1600943512.451961000 603401
1600943512.494718000 604849
1600943512.651128000 606201
1600943512.694690000 607601
1600943512.851181000 609001
1600943512.851278000 610401
1600943512.894739000 611849
1600943513.001117000 613201
1600943513.001214000 614601
1600943513.042757000 616049
1600943513.201050000 617401
1600943513.201145000 618801
1600943513.227850000 620249
1600943513.350990000 621601
1600943513.351083000 623001
1600943513.394745000 624449
1600943513.501000000 625801
1600943513.501094000 627201
1600943513.546714000 628649
1600943513.701095000 630001
1600943513.701190000 631401
1600943513.742724000 632849
1600943513.850869000 634201
1600943513.850969000 635601
1600943513.894740000 637049
1600943514.052113000 638401
1600943514.052211000 639801
1600943514.094730000 641249
1600943514.200758000 642601
1600943514.200852000 644001
1600943514.200998000 645449
1600943514.401057000 646801
1600943514.401151000 648201
1600943514.401301000 649649
1600943514.552546000 651001
1600943514.552644000 652401
1600943514.552736000 653849
1600943514.700510000 655201
1600943514.700603000 656601
1600943514.700746000 658049
1600943514.850802000 659401
1600943514.850993000 660801
1600943515.000478000 662201
1600943515.000573000 663601
1600943515.000728000 665049
1600943515.150387000 666401
1600943515.150484000 667801
1600943515.150573000 669249
1600943515.302580000 670601
1600943515.302673000 672001
1600943515.302746000 673449
1600943515.302819000 674801
1600943515.302890000 676249
1600943515.303025000 677601
1600943515.350808000 679001
1600943515.350903000 680401
1600943515.350996000 681849
1600943515.551525000 683201
1600943515.551624000 684601
1600943515.551717000 686049
1600943515.801536000 687401
1600943515.801637000 688801
1600943515.801762000 690249
1600943515.951097000 691601
1600943515.951193000 693001
1600943515.951281000 694449
1600943516.100199000 695801
1600943516.100302000 697201
1600943516.100379000 698649
1600943516.252083000 700001
1600943516.252175000 701401
1600943516.252253000 702849
1600943516.452670000 704201
1600943516.452765000 705601
1600943516.452837000 707049
1600943516.553157000 708401
1600943516.553251000 709801
1600943516.553332000 711249
1600943516.750000000 712601
1600943516.750098000 714001
1600943516.750268000 715449
1600943516.899806000 716801
1600943516.900023000 718201
1600943517.149825000 719601
1600943517.149923000 721001
1600943517.150071000 722449
1600943517.399684000 723801
1600943517.399780000 725201
1600943517.399936000 726649
1600943517.649719000 728001
1600943517.649817000 729401
1600943517.649948000 730849
1600943517.800992000 732201
1600943517.801089000 733601
1600943517.801215000 735049
1600943517.950671000 736401
1600943517.950767000 737801
1600943517.950849000 739249
1600943518.099713000 740601
1600943518.099808000 742001
1600943518.099954000 743449
1600943518.300961000 744801
1600943518.301060000 746201
1600943518.301124000 747649
1600943518.449942000 749001
1600943518.450041000 750401
1600943518.450134000 751849
1600943518.485882000 751849
1600943518.649622000 753201
1600943518.649718000 754601
1600943518.649821000 756049
1600943518.849233000 757401
1600943518.849331000 758801
1600943518.849425000 760249
1600943519.000943000 761601
1600943519.001041000 763001
1600943519.001196000 764449
1600943519.149320000 765801
1600943519.149417000 767201
1600943519.149539000 768649
1600943519.349146000 770001
1600943519.349366000 771401
1600943519.499241000 772801
1600943519.499337000 774201
1600943519.499487000 775649
1600943519.649121000 777001
1600943519.649218000 778401
1600943519.649302000 779849
1600943519.800406000 781201
1600943519.800505000 782601
1600943519.835883000 784049
1600943519.949689000 785401
1600943519.949783000 786801
1600943519.985884000 788249
1600943520.148933000 789601
1600943520.149030000 791001
1600943520.190741000 792449
1600943520.300253000 793801
1600943520.300349000 795201
1600943520.342711000 796649
1600943520.449724000 798001
1600943520.449817000 799401
1600943520.449924000 800849
1600943520.598723000 802201
1600943520.598817000 803601
1600943520.642717000 805049
1600943520.799949000 806401
1600943520.800045000 807801
1600943520.842752000 809249
1600943520.949432000 810601
1600943520.949529000 812001
1600943520.990728000 813449
1600943521.098732000 814801
1600943521.098832000 816201
1600943521.146728000 817649
1600943521.248690000 819001
1600943521.248790000 820401
1600943521.288178000 821849
1600943521.300578000 823201
1600943521.300719000 824601
1600943521.300769000 826049
1600943521.300833000 827401
1600943521.300899000 828849
1600943521.549656000 830201
1600943521.549752000 831601
1600943521.549911000 833049
1600943521.799687000 834401
1600943521.799785000 835801
1600943521.799879000 837249
1600943522.049779000 838601
1600943522.049880000 840001
1600943522.050039000 841449
1600943522.198263000 842801
1600943522.198356000 844201
1600943522.198502000 845649
1600943522.348208000 847001
1600943522.348303000 848401
1600943522.348460000 849849
1600943522.498162000 851201
1600943522.498256000 852601
1600943522.498382000 854049
1600943522.698151000 855401
1600943522.698245000 856801
1600943522.698387000 858249
1600943522.898054000 859601
1600943522.898151000 861001
1600943522.898284000 862449
1600943523.049227000 863801
1600943523.049326000 865201
1600943523.085883000 866649
1600943523.248148000 868001
1600943523.248242000 869401
1600943523.290677000 870849
1600943523.398049000 872201
1600943523.398145000 873601
1600943523.438695000 875049
1600943523.549394000 876401
1600943523.549490000 877801
1600943523.590719000 879249
1600943523.697952000 880601
1600943523.698298000 882001
1600943523.847897000 883401
1600943523.847991000 884801
1600943523.848197000 886249
1600943523.997821000 887601
1600943523.997919000 889001
1600943523.998114000 890449
1600943524.147763000 891801
1600943524.147857000 893201
1600943524.148061000 894649
1600943524.299817000 896001
1600943524.299910000 897401
1600943524.300024000 898849
1600943524.300087000 900297
1600943524.300134000 901745
1600943524.300323000 903001
1600943524.347923000 904401
1600943524.348017000 905801
1600943524.394722000 907249
1600943524.597409000 908601
1600943524.597508000 910001
1600943524.630182000 911449
1600943524.847431000 912801
1600943524.847533000 914201
1600943524.847612000 915649
1600943525.097390000 917001
1600943525.097490000 918401
1600943525.097617000 919849
1600943525.298777000 921201
1600943525.298871000 922601
1600943525.299005000 924049
1600943525.448059000 925401
1600943525.448157000 926801
1600943525.448246000 928249
1600943525.597321000 929601
1600943525.597414000 931001
1600943525.597560000 932449
1600943525.747154000 933801
1600943525.747355000 935201
1600943525.947827000 936601
1600943525.947923000 938001
1600943525.948060000 939449
1600943526.097194000 940801
1600943526.097291000 942201
1600943526.097475000 943649
1600943526.247174000 945001
1600943526.247267000 946401
1600943526.247385000 947849
1600943526.397558000 949201
1600943526.397651000 950601
1600943526.397829000 952049
1600943526.596966000 953401
1600943526.597069000 954801
1600943526.597225000 956249
1600943526.746954000 957601
1600943526.747054000 959001
1600943526.747180000 960449
1600943526.896920000 961801
1600943526.897018000 963201
1600943526.897129000 964649
1600943527.048134000 966001
1600943527.048234000 967401
1600943527.048357000 968849
1600943527.246826000 970201
1600943527.246920000 971601
1600943527.247061000 973049
1600943527.298879000 974401
1600943527.298974000 975801
1600943527.299045000 977249
1600943527.299109000 978697
1600943527.299159000 980145
1600943527.299327000 981401
1600943527.447270000 982801
1600943527.447363000 984201
1600943527.447573000 985649
1600943527.746557000 987001
1600943527.746661000 988401
1600943527.746792000 989849
1600943527.996835000 991201
1600943527.997059000 992601
1600943528.146812000 994001
1600943528.146907000 995401
1600943528.147006000 996849
1600943528.298512000 998201
1600943528.298608000 999601
1600943528.298725000 1001049
1600943528.496487000 1002401
1600943528.496581000 1003801
1600943528.496721000 1005249
1600943528.646457000 1006601
1600943528.646551000 1008001
1600943528.646650000 1009449
1600943528.797699000 1010801
1600943528.797799000 1012201
1600943528.797937000 1013649
1600943528.947099000 1015001
1600943528.947195000 1016401
1600943528.947371000 1017849
1600943529.146799000 1019201
1600943529.146899000 1020601
1600943529.146994000 1022049
1600943529.297525000 1023401
1600943529.297620000 1024801
1600943529.297801000 1026249
1600943529.496157000 1027601
1600943529.496252000 1029001
1600943529.496422000 1030449
1600943529.646161000 1031801
1600943529.646256000 1033201
1600943529.646396000 1034649
1600943529.848388000 1036001
1600943529.848489000 1037401
1600943529.848619000 1038849
1600943530.047965000 1040201
1600943530.048075000 1041601
1600943530.048206000 1043049
1600943530.297563000 1044401
1600943530.297679000 1045801
1600943530.297743000 1047249
1600943530.297792000 1048697
1600943530.297925000 1050001
1600943530.595703000 1051401
1600943530.595804000 1052801
1600943530.595936000 1054249
1600943530.746725000 1055601
1600943530.746825000 1057001
1600943530.746933000 1058449
1600943530.895718000 1059801
1600943530.895827000 1061201
1600943530.895945000 1062649
1600943531.095492000 1064001
1600943531.095590000 1065401
1600943531.095699000 1066849
1600943531.296993000 1068201
1600943531.297095000 1069601
1600943531.297183000 1071049
1600943531.446154000 1072401
1600943531.446249000 1073801
1600943531.446326000 1075249
1600943531.595466000 1076601
1600943531.595561000 1078001
1600943531.595792000 1079449
1600943531.745386000 1080801
1600943531.745491000 1082201
1600943531.745670000 1083649
1600943531.895396000 1085001
1600943531.895510000 1086401
1600943531.895691000 1087849
1600943532.046705000 1089201
1600943532.046801000 1090601
1600943532.046918000 1092049
1600943532.245736000 1093401
1600943532.245833000 1094801
1600943532.245969000 1096249
1600943532.395316000 1097601
1600943532.395412000 1099001
1600943532.395631000 1100449
1600943532.546466000 1101801
1600943532.546824000 1103201
1600943532.695160000 1104601
1600943532.695258000 1106001
1600943532.695440000 1107449
1600943532.845039000 1108801
1600943532.845137000 1110201
1600943532.845280000 1111649
1600943532.995130000 1113001
1600943532.995227000 1114401
1600943532.995441000 1115849
1600943533.197123000 1117201
1600943533.197220000 1118601
1600943533.197377000 1120049
1600943533.296904000 1121401
1600943533.297003000 1122801
1600943533.297072000 1124249
1600943533.297138000 1125697
1600943533.297181000 1127145
1600943533.297323000 1128401
1600943533.395363000 1129801
1600943533.395458000 1131201
1600943533.395658000 1132649
1600943533.694799000 1134001
1600943533.694895000 1135401
1600943533.695023000 1136849
1600943533.895634000 1138201
1600943533.895747000 1139601
1600943533.895878000 1141049
1600943534.046174000 1142401
1600943534.046270000 1143801
1600943534.046376000 1145249
1600943534.194832000 1146601
1600943534.194928000 1148001
1600943534.195069000 1149449
1600943534.344715000 1150801
1600943534.344812000 1152201
1600943534.344957000 1153649
1600943534.494630000 1155001
1600943534.494798000 1156401
1600943534.644735000 1157801
1600943534.644828000 1159201
1600943534.645091000 1160649
1600943534.744783000 1162001
1600943534.744884000 1163401
1600943534.745080000 1164849
1600943534.844890000 1166201
1600943534.844989000 1167601
1600943534.845128000 1169049
1600943534.994843000 1170401
1600943534.994943000 1171801
1600943534.995131000 1173249
1600943535.094881000 1174601
1600943535.094977000 1176001
1600943535.095123000 1177449
1600943535.245034000 1178801
1600943535.245134000 1180201
1600943535.245294000 1181649
1600943535.394410000 1183001
1600943535.394507000 1184401
1600943535.394713000 1185849
1600943535.546773000 1187201
1600943535.546867000 1188601
1600943535.547057000 1190049
1600943535.694301000 1191401
1600943535.694394000 1192801
1600943535.694656000 1194249
1600943535.894411000 1195601
1600943535.894527000 1197001
1600943535.894624000 1198449
1600943536.045497000 1199801
1600943536.045592000 1201201
1600943536.045759000 1202649
1600943536.295474000 1204001
1600943536.295574000 1205401
1600943536.295698000 1206849
1600943536.444373000 1208201
1600943536.444468000 1209601
1600943536.444597000 1211049
1600943536.645589000 1212401
1600943536.645767000 1213801
1600943536.844013000 1215201
1600943536.844111000 1216601
1600943536.844254000 1218049
1600943537.045163000 1219401
1600943537.045265000 1220801
1600943537.045360000 1222249
1600943537.193857000 1223601
1600943537.193954000 1225001
1600943537.194065000 1226449
1600943537.393669000 1227801
1600943537.393769000 1229201
1600943537.393976000 1230649
1600943537.594732000 1232001
1600943537.594828000 1233401
1600943537.595048000 1234849
1600943537.743932000 1236201
1600943537.744029000 1237601
1600943537.744208000 1239049
1600943537.893594000 1240401
1600943537.893704000 1241801
1600943537.893890000 1243249
1600943538.046328000 1244601
1600943538.046425000 1246001
1600943538.046571000 1247449
1600943538.194875000 1248801
1600943538.194973000 1250201
1600943538.195208000 1251649
1600943538.296520000 1253001
1600943538.296614000 1254401
1600943538.296787000 1255849
1600943538.493204000 1257201
1600943538.493300000 1258601
1600943538.493540000 1260049
1600943538.843147000 1261401
1600943538.843249000 1262801
1600943538.843401000 1264249
1600943539.044497000 1265601
1600943539.044678000 1267001
1600943539.294302000 1268401
1600943539.294399000 1269801
1600943539.294525000 1271249
1600943539.443618000 1272601
1600943539.443714000 1274001
1600943539.443864000 1275449
1600943539.642996000 1276801
1600943539.643093000 1278201
1600943539.643234000 1279649
1600943539.843116000 1281001
1600943539.843213000 1282401
1600943539.843360000 1283849
1600943540.044588000 1285201
1600943540.044685000 1286601
1600943540.044786000 1288049
1600943540.242814000 1289401
1600943540.242908000 1290801
1600943540.243056000 1292249
1600943540.393210000 1293601
1600943540.393307000 1295001
1600943540.393499000 1296449
1600943540.544005000 1297801
1600943540.544102000 1299201
1600943540.544263000 1300649
1600943540.692976000 1302001
1600943540.693074000 1303401
1600943540.693245000 1304849
1600943540.794718000 1306201
1600943540.794815000 1307601
1600943540.795006000 1309049
1600943540.943684000 1310401
1600943540.943781000 1311801
1600943540.943979000 1313249
1600943541.092717000 1314601
1600943541.092813000 1316001
1600943541.092935000 1317449
1600943541.242867000 1318801
1600943541.242965000 1320201
1600943541.243168000 1321649
1600943541.393480000 1323001
1600943541.393756000 1324401
1600943541.544971000 1325801
1600943541.545069000 1327201
1600943541.545229000 1328649
1600943541.693147000 1330001
1600943541.693242000 1331401
1600943541.693403000 1332849
1600943541.892197000 1334201
1600943541.892304000 1335601
1600943541.892450000 1337049
1600943542.092436000 1338401
1600943542.092540000 1339801
1600943542.092728000 1341249
1600943542.242825000 1342601
1600943542.242921000 1344001
1600943542.243089000 1345449
1600943542.293920000 1346801
1600943542.294016000 1348201
1600943542.294097000 1349649
1600943542.391941000 1351001
1600943542.392036000 1352401
1600943542.392236000 1353849
1600943542.691989000 1355201
1600943542.692087000 1356601
1600943542.692241000 1358049
1600943542.842156000 1359401
1600943542.842253000 1360801
1600943542.842396000 1362249
1600943542.992004000 1363601
1600943542.992099000 1365001
1600943542.992248000 1366449
1600943543.191936000 1367801
1600943543.192034000 1369201
1600943543.192134000 1370649
1600943543.391902000 1372001
1600943543.391999000 1373401
1600943543.392147000 1374849
1600943543.492242000 1376201
1600943543.492469000 1377601
1600943543.691689000 1379001
1600943543.691786000 1380401
1600943543.691995000 1381849
1600943543.891736000 1383201
1600943543.891844000 1384601
1600943543.892077000 1386049
1600943544.043542000 1387401
1600943544.043637000 1388801
1600943544.043856000 1390249
1600943544.191684000 1391601
1600943544.191782000 1393001
1600943544.191948000 1394449
1600943544.341662000 1395801
1600943544.341755000 1397201
1600943544.341922000 1398649
1600943544.491641000 1400001
1600943544.491737000 1401401
1600943544.491911000 1402849
1600943544.641592000 1404201
1600943544.641687000 1405601
1600943544.641894000 1407049
1600943544.741586000 1408401
1600943544.741682000 1409801
1600943544.741881000 1411249
1600943544.942090000 1412601
1600943544.942184000 1414001
1600943544.942348000 1415449
1600943545.091414000 1416801
1600943545.091511000 1418201
1600943545.091633000 1419649
1600943545.241364000 1421001
1600943545.241460000 1422401
1600943545.241688000 1423849
1600943545.293369000 1425201
1600943545.293463000 1426601
1600943545.293556000 1428049
1600943545.341516000 1429401
1600943545.341612000 1430801
1600943545.341823000 1432249
1600943545.641251000 1433601
1600943545.641487000 1435001
1600943545.792690000 1436401
1600943545.792789000 1437801
1600943545.792924000 1439249
1600943545.991032000 1440601
1600943545.991129000 1442001
1600943545.991251000 1443449
1600943546.191295000 1444801
1600943546.191392000 1446201
1600943546.191493000 1447649
1600943546.340913000 1449001
1600943546.341009000 1450401
1600943546.341138000 1451849
1600943546.542283000 1453201
1600943546.542381000 1454601
1600943546.542507000 1456049
1600943546.741253000 1457401
1600943546.741355000 1458801
1600943546.741537000 1460249
1600943546.891210000 1461601
1600943546.891320000 1463001
1600943546.891450000 1464449
1600943547.090759000 1465801
1600943547.090860000 1467201
1600943547.091151000 1468649
1600943547.240676000 1470001
1600943547.240773000 1471401
1600943547.240979000 1472849
1600943547.390780000 1474201
1600943547.390881000 1475601
1600943547.391012000 1477049
1600943547.542105000 1478401
1600943547.542203000 1479801
1600943547.542283000 1481249
1600943547.740731000 1482601
1600943547.740828000 1484001
1600943547.741043000 1485449
1600943547.890575000 1486801
1600943547.890849000 1488201
1600943548.041779000 1489601
1600943548.041876000 1491001
1600943548.042060000 1492449
1600943548.240413000 1493801
1600943548.240507000 1495201
1600943548.240740000 1496649
1600943548.292486000 1498001
1600943548.292587000 1499401
1600943548.292659000 1500849
1600943548.292721000 1502297
1600943548.292768000 1503745
1600943548.292931000 1505001
1600943548.590159000 1506401
1600943548.590259000 1507801
1600943548.590326000 1509249
1600943548.840167000 1510601
1600943548.840268000 1512001
1600943548.840342000 1513449
1600943549.041815000 1514801
1600943549.041912000 1516201
1600943549.042061000 1517649
1600943549.240110000 1519001
1600943549.240205000 1520401
1600943549.240345000 1521849
1600943549.390658000 1523201
1600943549.390758000 1524601
1600943549.390841000 1526049
1600943549.519073000 1527401
1600943551.335463000 1527402
